------------------------------------------------
15.12.2024 г. 12:13:14 ч.
Azure.RequestFailedException: The specified blob already exists.
RequestId:0140d544-a01e-0009-3ad9-4e7fe2000000
Time:2024-12-15T10:13:12.1350247Z
Status: 409 (The specified blob already exists.)
ErrorCode: BlobAlreadyExists

Content:
<?xml version="1.0" encoding="utf-8"?><Error><Code>BlobAlreadyExists</Code><Message>The specified blob already exists.
RequestId:0140d544-a01e-0009-3ad9-4e7fe2000000
Time:2024-12-15T10:13:12.1350247Z</Message></Error>

Headers:
Server: Windows-Azure-Blob/1.0,Microsoft-HTTPAPI/2.0
x-ms-request-id: 0140d544-a01e-0009-3ad9-4e7fe2000000
x-ms-client-request-id: 86984515-d792-408e-a8c8-5e5a357e7251
x-ms-version: 2021-10-04
x-ms-error-code: BlobAlreadyExists
Date: Sun, 15 Dec 2024 10:13:11 GMT
Content-Length: 220
Content-Type: application/xml

   at Azure.Storage.Blobs.BlockBlobRestClient.UploadAsync(Int64 contentLength, Stream body, Nullable`1 timeout, Byte[] transactionalContentMD5, String blobContentType, String blobContentEncoding, String blobContentLanguage, Byte[] blobContentMD5, String blobCacheControl, IDictionary`2 metadata, String leaseId, String blobContentDisposition, String encryptionKey, String encryptionKeySha256, Nullable`1 encryptionAlgorithm, String encryptionScope, Nullable`1 tier, Nullable`1 ifModifiedSince, Nullable`1 ifUnmodifiedSince, String ifMatch, String ifNoneMatch, String ifTags, String blobTagsString, Nullable`1 immutabilityPolicyExpiry, Nullable`1 immutabilityPolicyMode, Nullable`1 legalHold, Byte[] transactionalContentCrc64, CancellationToken cancellationToken)
   at Azure.Storage.Blobs.Specialized.BlockBlobClient.UploadInternal(Stream content, BlobHttpHeaders blobHttpHeaders, IDictionary`2 metadata, IDictionary`2 tags, BlobRequestConditions conditions, Nullable`1 accessTier, BlobImmutabilityPolicy immutabilityPolicy, Nullable`1 legalHold, IProgress`1 progressHandler, UploadTransferValidationOptions transferValidationOverride, String operationName, Boolean async, CancellationToken cancellationToken)
   at Azure.Storage.Blobs.Specialized.BlockBlobClient.<>c__DisplayClass64_0.<<GetPartitionedUploaderBehaviors>b__0>d.MoveNext()
--- End of stack trace from previous location ---
   at Azure.Storage.PartitionedUploader`2.UploadInternal(Stream content, Nullable`1 expectedContentLength, TServiceSpecificData args, IProgress`1 progressHandler, Boolean async, CancellationToken cancellationToken)
   at Azure.Storage.Blobs.BlobClient.StagedUploadInternal(Stream content, BlobUploadOptions options, Boolean async, CancellationToken cancellationToken)
   at Azure.Storage.Blobs.BlobClient.UploadAsync(Stream content)
   at RentACar.Application.Services.StorageService.Upload(FileModel fileModel) in D:\SoftUni\RentACar_Angular\server_ASP.NET\RentACar.Core\Services\StorageService.cs:line 39
   at RentACar.WebApi.Controllers.BlobStorageController.Upload(FileModel model) in D:\SoftUni\RentACar_Angular\server_ASP.NET\RentACar.WebApi\Controllers\BlobStorageController.cs:line 42
   at Microsoft.AspNetCore.Mvc.Infrastructure.ActionMethodExecutor.TaskOfIActionResultExecutor.Execute(IActionResultTypeMapper mapper, ObjectMethodExecutor executor, Object controller, Object[] arguments)
   at Microsoft.AspNetCore.Mvc.Infrastructure.ControllerActionInvoker.<InvokeActionMethodAsync>g__Awaited|12_0(ControllerActionInvoker invoker, ValueTask`1 actionResultValueTask)
   at Microsoft.AspNetCore.Mvc.Infrastructure.ControllerActionInvoker.<InvokeNextActionFilterAsync>g__Awaited|10_0(ControllerActionInvoker invoker, Task lastTask, State next, Scope scope, Object state, Boolean isCompleted)
   at Microsoft.AspNetCore.Mvc.Infrastructure.ControllerActionInvoker.Rethrow(ActionExecutedContextSealed context)
   at Microsoft.AspNetCore.Mvc.Infrastructure.ControllerActionInvoker.Next(State& next, Scope& scope, Object& state, Boolean& isCompleted)
   at Microsoft.AspNetCore.Mvc.Infrastructure.ControllerActionInvoker.<InvokeInnerFilterAsync>g__Awaited|13_0(ControllerActionInvoker invoker, Task lastTask, State next, Scope scope, Object state, Boolean isCompleted)
   at Microsoft.AspNetCore.Mvc.Infrastructure.ResourceInvoker.<InvokeFilterPipelineAsync>g__Awaited|20_0(ResourceInvoker invoker, Task lastTask, State next, Scope scope, Object state, Boolean isCompleted)
   at Microsoft.AspNetCore.Mvc.Infrastructure.ResourceInvoker.<InvokeAsync>g__Awaited|17_0(ResourceInvoker invoker, Task task, IDisposable scope)
   at Microsoft.AspNetCore.Mvc.Infrastructure.ResourceInvoker.<InvokeAsync>g__Awaited|17_0(ResourceInvoker invoker, Task task, IDisposable scope)
   at Microsoft.AspNetCore.Routing.EndpointMiddleware.<Invoke>g__AwaitRequestTask|6_0(Endpoint endpoint, Task requestTask, ILogger logger)
   at Microsoft.AspNetCore.Authorization.AuthorizationMiddleware.Invoke(HttpContext context)
   at Microsoft.AspNetCore.Authentication.AuthenticationMiddleware.Invoke(HttpContext context)
   at RentACar.WebApi.Middleware.ExceptionMiddleware.InvokeAsync(HttpContext context) in D:\SoftUni\RentACar_Angular\server_ASP.NET\RentACar.WebApi\Middleware\ExceptionMiddleware.cs:line 34
