[Info]20:21 ч. Request Sent
[Info]20:21 ч. Response Sent
[Info]20:21 ч. Request Sent
[Info]20:21 ч. Request Sent
[Info]20:21 ч. Response Sent
[Info]20:22 ч. Request Sent
[Info]20:22 ч. Response Sent
[Info]20:22 ч. Request Sent
[Info]20:22 ч. Retrieving the list of cars
[Info]20:22 ч. There are 15 cars in the fleet
[Info]20:22 ч. Response Sent
[Info]20:22 ч. Request Sent
[Info]20:22 ч. Response Sent
[Info]20:22 ч. Request Sent
[Info]20:22 ч. Retrieving the list of cars
[Info]20:22 ч. There are 1 cars in the fleet
[Info]20:22 ч. Response Sent
[Info]20:22 ч. Request Sent
[Info]20:22 ч. Response Sent
[Info]20:22 ч. Request Sent
[Info]20:22 ч. Retrieving the list of categories
[Info]20:22 ч. There are 7 categories in the fleet
[Info]20:22 ч. Response Sent
[Info]20:23 ч. Request Sent
[Info]20:23 ч. Response Sent
[Info]20:23 ч. Request Sent
[Info]20:23 ч. Response Sent
[Info]20:23 ч. Request Sent
[Info]20:23 ч. Honda Civic was created  at 20:23:28.4005029
[Info]20:23 ч. Response Sent
[Info]20:23 ч. Request Sent
[Info]20:23 ч. Response Sent
[Info]20:23 ч. Request Sent
[Info]20:23 ч. Retrieving the list of cars
[Info]20:23 ч. There are 2 cars in the fleet
[Info]20:23 ч. Response Sent
[Info]20:23 ч. Request Sent
[Info]20:23 ч. Response Sent
[Info]20:23 ч. Request Sent
[Info]20:23 ч. Retrieving the renter by Id
[Info]20:23 ч. Response Sent
[Info]20:23 ч. Request Sent
[Info]20:23 ч. Retrieving the renter by Id
[Info]20:23 ч. Response Sent
[Info]20:23 ч. Request Sent
[Info]20:23 ч. Response Sent
[Info]20:23 ч. Request Sent
[Info]20:23 ч. Response Sent
[Info]20:23 ч. Request Sent
[Info]20:23 ч. Response Sent
[Info]20:23 ч. Request Sent
[Info]20:23 ч. Retrieving the renter by Id
[Info]20:23 ч. Response Sent
[Info]20:24 ч. Request Sent
[Info]20:24 ч. Response Sent
[Info]20:24 ч. Request Sent
[Info]20:24 ч. Retrieving the renter by Id
[Info]20:24 ч. Response Sent
[Info]20:26 ч. Request Sent
[Info]20:26 ч. Response Sent
[Info]20:26 ч. Request Sent
[Info]20:26 ч. Retrieving the renter by Id
[Info]20:26 ч. Response Sent
[Info]20:26 ч. Request Sent
[Info]20:26 ч. Response Sent
[Info]20:26 ч. Request Sent
[Info]20:26 ч. Retrieving the renter by Id
[Info]20:26 ч. Response Sent
[Info]20:26 ч. Request Sent
[Info]20:26 ч. Response Sent
[Info]20:26 ч. Request Sent
[Info]20:26 ч. Retrieving the list of cars
[Info]20:26 ч. There are 2 cars in the fleet
[Info]20:26 ч. Response Sent
[Info]20:26 ч. Request Sent
[Info]20:26 ч. Response Sent
[Info]20:26 ч. Request Sent
[Info]20:26 ч. Retrieving the list of categories
[Info]20:26 ч. There are 7 categories in the fleet
[Info]20:26 ч. Response Sent
[Info]20:27 ч. Request Sent
[Info]20:27 ч. Response Sent
[Info]20:27 ч. Request Sent
[Info]20:27 ч. Response Sent
[Info]20:27 ч. Request Sent
[Info]20:27 ч. Honda Civic was created  at 20:27:51.9339799
[Info]20:27 ч. Response Sent
[Info]20:27 ч. Request Sent
[Info]20:27 ч. Response Sent
[Info]20:27 ч. Request Sent
[Info]20:27 ч. Retrieving the list of cars
[Info]20:27 ч. There are 3 cars in the fleet
[Info]20:27 ч. Response Sent
[Info]20:31 ч. Request Sent
[Info]20:31 ч. Response Sent
[Info]20:31 ч. Request Sent
[Info]20:31 ч. Retrieving the list of cars
[Info]20:31 ч. There are 3 cars in the fleet
[Info]20:31 ч. Response Sent
[Info]20:32 ч. Request Sent
[Info]20:32 ч. Response Sent
[Info]20:32 ч. Request Sent
[Info]20:32 ч. Retrieving the list of categories
[Info]20:32 ч. There are 7 categories in the fleet
[Info]20:32 ч. Response Sent
[Info]20:33 ч. Request Sent
[Info]20:33 ч. Response Sent
[Info]20:34 ч. Request Sent
[Info]20:34 ч. Response Sent
[Info]20:34 ч. Request Sent
[Info]20:34 ч. Peugeot 5008 was created  at 20:34:12.7662383
[Info]20:34 ч. Response Sent
[Info]20:34 ч. Request Sent
[Info]20:34 ч. Response Sent
[Info]20:34 ч. Request Sent
[Info]20:34 ч. Retrieving the list of cars
[Info]20:34 ч. There are 4 cars in the fleet
[Info]20:34 ч. Response Sent
[Info]20:34 ч. Request Sent
[Info]20:34 ч. Response Sent
[Info]20:34 ч. Request Sent
[Info]20:34 ч. Retrieving the list of cars
[Info]20:34 ч. There are 4 cars in the fleet
[Info]20:34 ч. Response Sent
[Info]20:34 ч. Request Sent
[Info]20:34 ч. Response Sent
[Info]20:34 ч. Request Sent
[Info]20:34 ч. Retrieving the list of cars
[Info]20:34 ч. There are 4 cars in the fleet
[Info]20:34 ч. Response Sent
[Info]20:37 ч. Request Sent
[Info]20:37 ч. Response Sent
[Info]20:37 ч. Request Sent
[Info]20:37 ч. Retrieving the list of cars
[Info]20:37 ч. There are 4 cars in the fleet
[Info]20:37 ч. Response Sent
[Info]20:38 ч. Request Sent
[Info]20:38 ч. Response Sent
[Info]20:38 ч. Request Sent
[Info]20:38 ч. Retrieving the list of cars
[Info]20:38 ч. There are 4 cars in the fleet
[Info]20:38 ч. Response Sent
[Info]20:38 ч. Request Sent
[Info]20:38 ч. Response Sent
[Info]20:38 ч. Request Sent
[Info]20:38 ч. Retrieving the list of cars
[Info]20:38 ч. There are 4 cars in the fleet
[Info]20:38 ч. Response Sent
[Info]20:38 ч. Request Sent
[Info]20:38 ч. Response Sent
[Info]20:38 ч. Request Sent
[Info]20:38 ч. Retrieving the list of categories
[Info]20:38 ч. There are 7 categories in the fleet
[Info]20:38 ч. Response Sent
[Info]20:41 ч. Request Sent
[Info]20:41 ч. Response Sent
[Info]20:41 ч. Request Sent
[Info]20:41 ч. Retrieving the list of categories
[Info]20:41 ч. There are 7 categories in the fleet
[Info]20:41 ч. Response Sent
[Info]20:45 ч. Request Sent
[Info]20:45 ч. Response Sent
[Info]20:45 ч. Request Sent
[Info]20:45 ч. Retrieving the list of categories
[Info]20:45 ч. There are 7 categories in the fleet
[Info]20:45 ч. Response Sent
[Info]20:45 ч. Request Sent
[Info]20:45 ч. Retrieving the list of categories
[Info]20:45 ч. There are 7 categories in the fleet
[Info]20:45 ч. Response Sent
[Info]20:45 ч. Request Sent
[Info]20:45 ч. Response Sent
[Info]20:45 ч. Request Sent
[Info]20:45 ч. Retrieving the list of categories
[Info]20:45 ч. There are 7 categories in the fleet
[Info]20:45 ч. Response Sent
[Info]20:46 ч. Request Sent
[Info]20:46 ч. Response Sent
[Info]20:46 ч. Request Sent
[Info]20:46 ч. Retrieving the list of categories
[Info]20:46 ч. There are 7 categories in the fleet
[Info]20:46 ч. Response Sent
[Info]20:47 ч. Request Sent
[Info]20:47 ч. Response Sent
[Info]20:47 ч. Request Sent
[Info]20:47 ч. Retrieving the list of cars
[Info]20:47 ч. There are 18 cars in the fleet
[Info]20:47 ч. Response Sent
[Info]20:47 ч. Request Sent
[Info]20:47 ч. Response Sent
[Info]20:47 ч. Request Sent
[Info]20:47 ч. Response Sent
[Info]20:47 ч. Request Sent
[Info]20:47 ч. Request Sent
[Info]20:47 ч. Retrieving the car by Id
[Info]20:47 ч. Retrieving the ratings by carId
[Info]20:47 ч. Response Sent
[Info]20:47 ч. Response Sent
[Info]20:47 ч. Request Sent
[Info]20:47 ч. Response Sent
[Info]20:47 ч. Request Sent
[Info]20:47 ч. Retrieving the list of cars
[Info]20:47 ч. There are 18 cars in the fleet
[Info]20:47 ч. Response Sent
[Info]20:47 ч. Request Sent
[Info]20:47 ч. Response Sent
[Info]20:47 ч. Request Sent
[Info]20:47 ч. Response Sent
[Info]20:47 ч. Request Sent
[Info]20:47 ч. Retrieving the car by Id
[Info]20:47 ч. Request Sent
[Info]20:47 ч. Retrieving the ratings by carId
[Info]20:47 ч. Response Sent
[Info]20:47 ч. Response Sent
[Info]20:47 ч. Request Sent
[Info]20:47 ч. Retrieving the list of cars
[Info]20:47 ч. There are 18 cars in the fleet
[Info]20:47 ч. Response Sent
[Info]20:48 ч. Request Sent
[Info]20:48 ч. Response Sent
[Info]20:48 ч. Request Sent
[Info]20:48 ч. Response Sent
[Info]20:48 ч. Request Sent
[Info]20:48 ч. Retrieving the car by Id
[Info]20:48 ч. Request Sent
[Info]20:48 ч. Retrieving the ratings by carId
[Info]20:48 ч. Response Sent
[Info]20:48 ч. Request Sent
[Info]20:48 ч. Response Sent
[Info]20:48 ч. Request Sent
[Info]20:48 ч. Retrieving the list of cars
[Info]20:48 ч. There are 18 cars in the fleet
[Info]20:48 ч. Response Sent
[Info]20:48 ч. Request Sent
[Info]20:48 ч. Response Sent
[Info]20:48 ч. Request Sent
[Info]20:48 ч. Response Sent
[Info]20:48 ч. Request Sent
[Info]20:48 ч. Request Sent
[Info]20:48 ч. Retrieving the car by Id
[Info]20:48 ч. Retrieving the ratings by carId
[Info]20:48 ч. Response Sent
[Info]20:48 ч. Response Sent
[Info]20:48 ч. Request Sent
[Info]20:48 ч. Response Sent
[Info]20:48 ч. Request Sent
[Info]20:48 ч. User logged out the system.
[Info]20:48 ч. Response Sent
[Info]20:48 ч. Request Sent
[Info]20:48 ч. Response Sent
[Info]20:48 ч. Request Sent
[Info]20:48 ч. Response Sent
[Info]20:48 ч. Request Sent
[Info]20:48 ч. Response Sent
[Info]20:48 ч. Request Sent
[Info]20:48 ч. Retrieving the list of cars
[Info]20:48 ч. There are 18 cars in the fleet
[Info]20:48 ч. Response Sent
[Info]20:48 ч. Request Sent
[Info]20:48 ч. Response Sent
[Info]20:48 ч. Request Sent
[Info]20:48 ч. Response Sent
[Info]20:48 ч. Request Sent
[Info]20:48 ч. Request Sent
[Info]20:48 ч. Retrieving the car by Id
[Info]20:48 ч. Retrieving the ratings by carId
[Info]20:48 ч. Response Sent
[Info]20:48 ч. Response Sent
[Info]20:48 ч. Request Sent
[Info]20:48 ч. Retrieving the list of cars
[Info]20:48 ч. There are 18 cars in the fleet
[Info]20:48 ч. Response Sent
[Info]20:49 ч. Request Sent
[Info]20:49 ч. Response Sent
[Info]20:49 ч. Request Sent
[Info]20:49 ч. Response Sent
[Info]20:49 ч. Request Sent
[Info]20:49 ч. Retrieving the ratings by carId
[Info]20:49 ч. Retrieving the car by Id
[Info]20:49 ч. Response Sent
[Info]20:49 ч. Response Sent
[Info]20:49 ч. Request Sent
[Info]20:49 ч. Response Sent
[Info]20:49 ч. Request Sent
[Info]20:49 ч. Retrieving the list of cars
[Info]20:49 ч. There are 18 cars in the fleet
[Info]20:49 ч. Response Sent
[Info]20:49 ч. Request Sent
[Info]20:49 ч. Response Sent
[Info]20:49 ч. Request Sent
[Info]20:49 ч. Retrieving the list of bookings
[Info]20:49 ч. There are 1 bookings in the fleet
[Info]20:49 ч. Response Sent
[Info]20:49 ч. Request Sent
[Info]20:49 ч. Response Sent
[Info]20:49 ч. Request Sent
[Info]20:49 ч. Retrieving the list of cars
[Info]20:49 ч. There are 18 cars in the fleet
[Info]20:49 ч. Response Sent
[Info]20:49 ч. Request Sent
[Info]20:49 ч. Response Sent
[Info]20:49 ч. Request Sent
[Info]20:49 ч. Response Sent
[Info]20:49 ч. Request Sent
[Info]20:49 ч. Request Sent
[Info]20:49 ч. Retrieving the ratings by carId
[Info]20:49 ч. Response Sent
[Info]20:49 ч. Response Sent
[Info]20:49 ч. Request Sent
[Info]20:49 ч. Response Sent
[Info]20:49 ч. Request Sent
[Info]20:49 ч. Retrieving the list of locations
[Info]20:49 ч. There are 5 locations in the fleet
[Info]20:49 ч. Response Sent
[Info]20:49 ч. Request Sent
[Info]20:49 ч. Response Sent
[Info]20:49 ч. Request Sent
[Info]20:49 ч. A new booking was created  at 20:49:46.5200353
[Info]20:49 ч. Response Sent
[Info]20:49 ч. Request Sent
[Info]20:49 ч. Response Sent
[Info]20:49 ч. Request Sent
[Info]20:49 ч. Retrieving the list of bookings
[Info]20:49 ч. There are 2 bookings in the fleet
[Info]20:49 ч. Response Sent
[Info]20:49 ч. Request Sent
[Info]20:49 ч. Response Sent
[Info]20:49 ч. Request Sent
[Info]20:49 ч. A booking was deleted from the list
[Info]20:49 ч. Response Sent
[Info]20:49 ч. Request Sent
[Info]20:49 ч. Response Sent
[Info]20:49 ч. Request Sent
[Info]20:49 ч. Retrieving the list of bookings
[Info]20:49 ч. There are 1 bookings in the fleet
[Info]20:49 ч. Response Sent
[Info]20:50 ч. Request Sent
[Info]20:50 ч. Response Sent
[Info]20:50 ч. Request Sent
[Info]20:50 ч. Retrieving the list of cars
[Info]20:50 ч. There are 18 cars in the fleet
[Info]20:50 ч. Response Sent
[Info]20:50 ч. Request Sent
[Info]20:50 ч. Response Sent
[Info]20:50 ч. Request Sent
[Info]20:50 ч. Retrieving the car by Id
[Info]20:50 ч. Response Sent
[Info]20:50 ч. Request Sent
[Info]20:50 ч. Retrieving the ratings by carId
[Info]20:50 ч. Response Sent
[Info]20:50 ч. Response Sent
[Info]20:50 ч. Request Sent
[Info]20:50 ч. Response Sent
[Info]20:50 ч. Request Sent
[Info]20:50 ч. Retrieving the list of locations
[Info]20:50 ч. There are 5 locations in the fleet
[Info]20:50 ч. Response Sent
[Info]20:50 ч. Request Sent
[Info]20:50 ч. Response Sent
[Info]20:50 ч. Request Sent
[Info]20:50 ч. A new booking was created  at 20:50:25.4396712
[Info]20:50 ч. Response Sent
[Info]20:50 ч. Request Sent
[Info]20:50 ч. Response Sent
[Info]20:50 ч. Request Sent
[Info]20:50 ч. Retrieving the list of bookings
[Info]20:50 ч. There are 2 bookings in the fleet
[Info]20:50 ч. Response Sent
[Info]20:50 ч. Request Sent
[Info]20:50 ч. Response Sent
[Info]20:50 ч. Request Sent
[Info]20:50 ч. Retrieving the renter by Id
[Info]20:50 ч. Response Sent
[Info]20:51 ч. Request Sent
[Info]20:51 ч. Response Sent
[Info]20:51 ч. Request Sent
[Info]20:51 ч. Retrieving the renter by Id
[Info]20:51 ч. Response Sent
[Info]20:51 ч. Request Sent
[Info]20:51 ч. Response Sent
[Info]20:51 ч. Request Sent
[Info]20:51 ч. Retrieving the renter by Id
[Info]20:51 ч. Response Sent
[Info]20:51 ч. Request Sent
[Info]20:51 ч. Response Sent
[Info]20:51 ч. Request Sent
[Info]20:51 ч. Retrieving the list of bookings
[Info]20:51 ч. There are 2 bookings in the fleet
[Info]20:51 ч. Response Sent
[Info]20:53 ч. Request Sent
[Info]20:53 ч. Response Sent
[Info]20:53 ч. Request Sent
[Info]20:53 ч. Retrieving the list of bookings
[Info]20:53 ч. There are 2 bookings in the fleet
[Info]20:53 ч. Response Sent
[Info]20:53 ч. Request Sent
[Info]20:53 ч. Response Sent
[Info]20:53 ч. Request Sent
[Info]20:53 ч. Retrieving the list of cars
[Info]20:53 ч. There are 18 cars in the fleet
[Info]20:53 ч. Response Sent
[Info]20:53 ч. Request Sent
[Info]20:53 ч. Response Sent
[Info]20:53 ч. Request Sent
[Info]20:53 ч. Retrieving the list of bookings
[Info]20:53 ч. There are 2 bookings in the fleet
[Info]20:53 ч. Response Sent
[Info]20:53 ч. Request Sent
[Info]20:53 ч. Response Sent
[Info]20:53 ч. Request Sent
[Info]20:53 ч. Retrieving the renter by Id
[Info]20:53 ч. Response Sent
[Info]20:53 ч. Request Sent
[Info]20:53 ч. Retrieving the renter by Id
[Info]20:53 ч. Response Sent
[Info]20:54 ч. Request Sent
[Info]20:54 ч. Response Sent
[Info]20:54 ч. Request Sent
[Info]20:54 ч. Response Sent
[Info]20:54 ч. Request Sent
[Info]20:54 ч. Response Sent
[Info]20:54 ч. Request Sent
[Info]20:54 ч. Retrieving the renter by Id
[Info]20:54 ч. Response Sent
[Info]20:54 ч. Request Sent
[Info]20:54 ч. Response Sent
[Info]20:54 ч. Request Sent
[Info]20:54 ч. User logged out the system.
[Info]20:54 ч. Response Sent
[Info]20:54 ч. Request Sent
[Info]20:54 ч. Retrieving the list of cars
[Info]20:54 ч. There are 18 cars in the fleet
[Info]20:54 ч. Response Sent
[Info]20:55 ч. Request Sent
[Info]20:55 ч. Retrieving the car by Id
[Info]20:55 ч. Request Sent
[Info]20:55 ч. Retrieving the ratings by carId
[Info]20:55 ч. Response Sent
[Info]20:55 ч. Response Sent
[Info]20:55 ч. Request Sent
[Info]20:55 ч. Retrieving the list of cars
[Info]20:55 ч. There are 18 cars in the fleet
[Info]20:55 ч. Response Sent
[Info]20:55 ч. Request Sent
[Info]20:55 ч. Retrieving the car by Id
[Info]20:55 ч. Request Sent
[Info]20:55 ч. Retrieving the ratings by carId
[Info]20:55 ч. Response Sent
[Info]20:55 ч. Response Sent
[Info]20:55 ч. Request Sent
[Info]20:55 ч. Retrieving the list of cars
[Info]20:55 ч. There are 18 cars in the fleet
[Info]20:55 ч. Response Sent
[Info]20:56 ч. Request Sent
[Info]20:56 ч. Response Sent
[Info]20:56 ч. Request Sent
[Info]20:56 ч. Response Sent
[Info]20:56 ч. Request Sent
[Info]20:56 ч. Response Sent
[Info]20:56 ч. Request Sent
[Info]20:56 ч. Retrieving the list of cars
[Info]20:56 ч. There are 18 cars in the fleet
[Info]20:56 ч. Response Sent
[Info]20:56 ч. Request Sent
[Info]20:56 ч. Response Sent
[Info]20:56 ч. Request Sent
[Info]20:56 ч. Response Sent
[Info]20:56 ч. Request Sent
[Info]20:56 ч. Request Sent
[Info]20:56 ч. Retrieving the car by Id
[Info]20:56 ч. Retrieving the ratings by carId
[Info]20:56 ч. Response Sent
[Info]20:56 ч. Response Sent
[Info]20:56 ч. Request Sent
[Info]20:56 ч. Response Sent
[Info]20:56 ч. Request Sent
[Info]20:56 ч. Retrieving the list of cars
[Info]20:56 ч. There are 18 cars in the fleet
[Info]20:56 ч. Response Sent
[Info]20:56 ч. Request Sent
[Info]20:56 ч. Request Sent
[Info]20:56 ч. Response Sent
[Info]20:56 ч. Response Sent
[Info]20:56 ч. Request Sent
[Info]20:56 ч. Retrieving the ratings by carId
[Info]20:56 ч. Request Sent
[Info]20:56 ч. Retrieving the car by Id
[Info]20:56 ч. Response Sent
[Info]20:56 ч. Response Sent
[Info]20:56 ч. Request Sent
[Info]20:56 ч. Retrieving the list of cars
[Info]20:56 ч. There are 18 cars in the fleet
[Info]20:56 ч. Response Sent
[Info]20:56 ч. Request Sent
[Info]20:56 ч. Response Sent
[Info]20:56 ч. Request Sent
[Info]20:56 ч. Response Sent
[Info]20:56 ч. Request Sent
[Info]20:56 ч. Request Sent
[Info]20:56 ч. Retrieving the car by Id
[Info]20:56 ч. Response Sent
[Info]20:56 ч. Response Sent
[Info]20:56 ч. Request Sent
[Info]20:56 ч. Response Sent
[Info]20:56 ч. Request Sent
[Info]20:56 ч. Retrieving the list of cars
[Info]20:56 ч. There are 4 cars in the fleet
[Info]20:56 ч. Response Sent
[Info]20:56 ч. Request Sent
[Info]20:56 ч. Response Sent
[Info]20:56 ч. Request Sent
[Info]20:56 ч. Retrieving the list of categories
[Info]20:56 ч. There are 7 categories in the fleet
[Info]20:56 ч. Response Sent
[Info]20:58 ч. Request Sent
[Info]20:58 ч. Request Sent
[Info]20:58 ч. Response Sent
[Info]20:58 ч. Request Sent
[Info]20:58 ч. Honda Civic was created  at 20:58:09.0299907
[Info]20:58 ч. Response Sent
[Info]20:58 ч. Response Sent
[Info]20:58 ч. Request Sent
[Info]20:58 ч. Response Sent
[Info]20:58 ч. Request Sent
[Info]20:58 ч. Retrieving the list of cars
[Info]20:58 ч. There are 5 cars in the fleet
[Info]20:58 ч. Response Sent
[Info]20:58 ч. Request Sent
[Info]20:58 ч. Response Sent
[Info]20:58 ч. Request Sent
[Info]20:58 ч. Retrieving the list of categories
[Info]20:58 ч. There are 7 categories in the fleet
[Info]20:58 ч. Response Sent
[Info]20:58 ч. Request Sent
[Info]20:58 ч. Response Sent
[Info]20:58 ч. Request Sent
[Info]20:58 ч. Retrieving the list of cars
[Info]20:58 ч. There are 5 cars in the fleet
[Info]20:58 ч. Response Sent
[Info]20:58 ч. Request Sent
[Info]20:58 ч. Response Sent
[Info]20:58 ч. Request Sent
[Info]20:58 ч. Retrieving the renter by Id
[Info]20:58 ч. Response Sent
[Info]20:58 ч. Request Sent
[Info]20:58 ч. Retrieving the renter by Id
[Info]20:58 ч. Response Sent
[Info]20:58 ч. Request Sent
[Info]20:58 ч. Response Sent
[Info]20:58 ч. Request Sent
[Info]20:58 ч. Response Sent
[Info]20:58 ч. Request Sent
[Info]20:58 ч. Response Sent
[Info]20:58 ч. Request Sent
[Info]20:58 ч. Retrieving the renter by Id
[Info]20:58 ч. Response Sent
[Info]20:58 ч. Request Sent
[Info]20:58 ч. Response Sent
[Info]20:58 ч. Request Sent
[Info]20:58 ч. User logged out the system.
[Info]20:58 ч. Response Sent
[Info]20:58 ч. Request Sent
[Info]20:58 ч. Response Sent
[Info]20:58 ч. Request Sent
[Info]20:58 ч. Response Sent
[Info]20:58 ч. Request Sent
[Info]20:58 ч. Request Sent
[Info]20:58 ч. Response Sent
[Info]20:58 ч. Request Sent
[Info]20:58 ч. Retrieving the list of bookings
[Info]20:58 ч. There are 2 bookings in the fleet
[Info]20:58 ч. Response Sent
[Info]20:58 ч. Request Sent
[Info]20:58 ч. Retrieving the list of bookings
[Info]20:58 ч. There are 2 bookings in the fleet
[Info]20:58 ч. Response Sent
[Info]20:58 ч. Request Sent
[Info]20:58 ч. Response Sent
[Info]20:58 ч. Request Sent
[Info]20:58 ч. Retrieving the list of cars
[Info]20:58 ч. There are 19 cars in the fleet
[Info]20:58 ч. Response Sent
[Info]20:59 ч. Request Sent
[Info]20:59 ч. Response Sent
[Info]20:59 ч. Request Sent
[Info]20:59 ч. Request Sent
[Info]20:59 ч. Retrieving the car by Id
[Info]20:59 ч. Request Sent
[Info]20:59 ч. Retrieving the ratings by carId
[Info]20:59 ч. Response Sent
[Info]20:59 ч. Response Sent
[Info]20:59 ч. Request Sent
[Info]20:59 ч. Response Sent
[Info]20:59 ч. Request Sent
[Info]20:59 ч. Retrieving the list of cars
[Info]20:59 ч. There are 19 cars in the fleet
[Info]20:59 ч. Response Sent
[Info]20:59 ч. Request Sent
[Info]20:59 ч. Response Sent
[Info]20:59 ч. Request Sent
[Info]20:59 ч. Response Sent
[Info]20:59 ч. Request Sent
[Info]20:59 ч. Retrieving the ratings by carId
[Info]20:59 ч. Response Sent
[Info]20:59 ч. Response Sent
[Info]20:59 ч. Request Sent
[Info]20:59 ч. Response Sent
[Info]20:59 ч. Request Sent
[Info]20:59 ч. Retrieving the list of locations
[Info]20:59 ч. There are 5 locations in the fleet
[Info]20:59 ч. Response Sent
[Info]20:59 ч. Request Sent
[Info]20:59 ч. Response Sent
[Info]20:59 ч. Request Sent
[Info]20:59 ч. A new booking was created  at 20:59:40.0279964
[Info]20:59 ч. Response Sent
[Info]20:59 ч. Request Sent
[Info]20:59 ч. Response Sent
[Info]20:59 ч. Request Sent
[Info]20:59 ч. Retrieving the list of bookings
[Info]20:59 ч. There are 3 bookings in the fleet
[Info]20:59 ч. Response Sent
[Info]20:59 ч. Request Sent
[Info]20:59 ч. Response Sent
[Info]20:59 ч. Request Sent
[Info]20:59 ч. A booking was deleted from the list
[Info]20:59 ч. Response Sent
[Info]20:59 ч. Request Sent
[Info]20:59 ч. Response Sent
[Info]20:59 ч. Request Sent
[Info]20:59 ч. Retrieving the list of bookings
[Info]20:59 ч. There are 2 bookings in the fleet
[Info]20:59 ч. Response Sent
[Info]21:00 ч. Request Sent
[Info]21:00 ч. Response Sent
[Info]21:00 ч. Request Sent
[Info]21:00 ч. Retrieving the list of cars
[Info]21:00 ч. There are 19 cars in the fleet
[Info]21:00 ч. Response Sent
[Info]21:00 ч. Request Sent
[Info]21:00 ч. Response Sent
[Info]21:00 ч. Request Sent
[Info]21:00 ч. Retrieving the ratings by carId
[Info]21:00 ч. Response Sent
[Info]21:00 ч. Request Sent
[Info]21:00 ч. Retrieving the car by Id
[Info]21:00 ч. Response Sent
[Info]21:00 ч. Response Sent
[Info]21:00 ч. Request Sent
[Info]21:00 ч. Response Sent
[Info]21:00 ч. Request Sent
[Info]21:00 ч. Retrieving the list of locations
[Info]21:00 ч. There are 5 locations in the fleet
[Info]21:00 ч. Response Sent
[Info]21:00 ч. Request Sent
[Info]21:00 ч. Response Sent
[Info]21:00 ч. Request Sent
[Info]21:00 ч. Retrieving the list of bookings
[Info]21:00 ч. There are 2 bookings in the fleet
[Info]21:00 ч. Response Sent
[Info]21:00 ч. Request Sent
[Info]21:00 ч. Response Sent
[Info]21:00 ч. Request Sent
[Info]21:00 ч. Retrieving the renter by Id
[Info]21:00 ч. Response Sent
[Info]21:00 ч. Request Sent
[Info]21:00 ч. Retrieving the renter by Id
[Info]21:00 ч. Response Sent
[Info]21:06 ч. Request Sent
[Info]21:06 ч. Response Sent
[Info]21:06 ч. Request Sent
[Info]21:06 ч. Retrieving the list of cars
[Info]21:06 ч. There are 19 cars in the fleet
[Info]21:06 ч. Response Sent
[Info]21:09 ч. Request Sent
[Info]21:09 ч. Response Sent
[Info]21:09 ч. Request Sent
[Info]21:09 ч. Retrieving the list of cars
[Info]21:09 ч. There are 19 cars in the fleet
[Info]21:09 ч. Response Sent
[Info]21:09 ч. Request Sent
[Info]21:09 ч. Response Sent
[Info]21:09 ч. Request Sent
[Info]21:09 ч. Retrieving the list of cars
[Info]21:09 ч. There are 19 cars in the fleet
[Info]21:09 ч. Response Sent
[Info]21:09 ч. Request Sent
[Info]21:09 ч. Response Sent
[Info]21:09 ч. Request Sent
[Info]21:09 ч. Retrieving the list of cars
[Info]21:09 ч. There are 19 cars in the fleet
[Info]21:09 ч. Response Sent
[Info]21:10 ч. Request Sent
[Info]21:10 ч. Response Sent
[Info]21:10 ч. Request Sent
[Info]21:10 ч. Retrieving the list of cars
[Info]21:10 ч. There are 19 cars in the fleet
[Info]21:10 ч. Response Sent
[Info]21:10 ч. Request Sent
[Info]21:10 ч. Response Sent
[Info]21:10 ч. Request Sent
[Info]21:10 ч. Retrieving the list of cars
[Info]21:10 ч. There are 19 cars in the fleet
[Info]21:10 ч. Response Sent
[Info]21:10 ч. Request Sent
[Info]21:10 ч. Response Sent
[Info]21:10 ч. Request Sent
[Info]21:10 ч. Retrieving the list of cars
[Info]21:10 ч. There are 19 cars in the fleet
[Info]21:10 ч. Response Sent
[Info]21:11 ч. Request Sent
[Info]21:11 ч. Response Sent
[Info]21:11 ч. Request Sent
[Info]21:11 ч. Retrieving the list of cars
[Info]21:11 ч. There are 19 cars in the fleet
[Info]21:11 ч. Response Sent
[Info]21:11 ч. Request Sent
[Info]21:11 ч. Response Sent
[Info]21:11 ч. Request Sent
[Info]21:11 ч. Retrieving the list of cars
[Info]21:11 ч. There are 19 cars in the fleet
[Info]21:11 ч. Response Sent
[Info]21:11 ч. Request Sent
[Info]21:11 ч. Response Sent
[Info]21:11 ч. Request Sent
[Info]21:11 ч. Retrieving the list of cars
[Info]21:11 ч. There are 19 cars in the fleet
[Info]21:11 ч. Response Sent
[Info]21:12 ч. Request Sent
[Info]21:12 ч. Response Sent
[Info]21:12 ч. Request Sent
[Info]21:12 ч. Retrieving the list of cars
[Info]21:12 ч. There are 19 cars in the fleet
[Info]21:12 ч. Response Sent
[Info]21:12 ч. Request Sent
[Info]21:12 ч. Response Sent
[Info]21:12 ч. Request Sent
[Info]21:12 ч. Retrieving the list of cars
[Info]21:12 ч. There are 19 cars in the fleet
[Info]21:12 ч. Response Sent
[Info]21:13 ч. Request Sent
[Info]21:13 ч. Response Sent
[Info]21:13 ч. Request Sent
[Info]21:13 ч. Retrieving the list of cars
[Info]21:13 ч. There are 19 cars in the fleet
[Info]21:13 ч. Response Sent
[Info]21:13 ч. Request Sent
[Info]21:13 ч. Response Sent
[Info]21:13 ч. Request Sent
[Info]21:13 ч. Retrieving the list of cars
[Info]21:13 ч. There are 19 cars in the fleet
[Info]21:13 ч. Response Sent
[Info]21:14 ч. Request Sent
[Info]21:14 ч. Response Sent
[Info]21:14 ч. Request Sent
[Info]21:14 ч. Retrieving the list of cars
[Info]21:14 ч. There are 19 cars in the fleet
[Info]21:14 ч. Response Sent
[Info]21:17 ч. Request Sent
[Info]21:17 ч. Response Sent
[Info]21:17 ч. Request Sent
[Info]21:17 ч. Retrieving the list of cars
[Info]21:17 ч. There are 19 cars in the fleet
[Info]21:17 ч. Response Sent
[Info]21:18 ч. Request Sent
[Info]21:18 ч. Response Sent
[Info]21:18 ч. Request Sent
[Info]21:18 ч. Retrieving the list of cars
[Info]21:18 ч. There are 19 cars in the fleet
[Info]21:18 ч. Response Sent
