[Info]00:06 ч. Retrieving the car by Id
[Info]00:08 ч. Retrieving the list of bookings
[Info]00:08 ч. There are 3 bookings in the fleet
[Info]00:08 ч. Retrieving the list of cars
[Info]00:08 ч. There are 5 cars in the fleet
[Info]00:08 ч. Retrieving the list of cars
[Info]00:08 ч. There are 5 cars in the fleet
[Info]00:08 ч. Retrieving the ratings by carId
[Info]00:08 ч. Retrieving the ratings by carId
[Info]00:08 ч. Retrieving the ratings by carId
[Info]00:08 ч. Retrieving the ratings by carId
[Info]00:08 ч. Retrieving the ratings by carId
[Info]00:08 ч. Retrieving the ratings by carId
[Info]00:08 ч. Retrieving the ratings by carId
[Info]00:08 ч. Retrieving the ratings by carId
[Info]00:08 ч. Retrieving the ratings by carId
[Info]00:08 ч. Retrieving the list of cars
[Info]00:08 ч. There are 5 cars in the fleet
[Info]00:08 ч. Retrieving the ratings by carId
[Info]00:08 ч. Retrieving the ratings by carId
[Info]00:08 ч. Retrieving the ratings by carId
[Info]00:08 ч. Retrieving the ratings by carId
[Info]00:08 ч. Retrieving the ratings by carId
[Info]00:08 ч. Retrieving the ratings by carId
[Info]00:08 ч. Retrieving the ratings by carId
[Info]00:09 ч. Retrieving the car by Id
[Info]00:09 ч. Retrieving the list of cars
[Info]00:09 ч. There are 5 cars in the fleet
[Info]00:09 ч. Retrieving the car by Id
[Info]00:23 ч. Retrieving the list of cars
[Info]00:23 ч. There are 5 cars in the fleet
[Info]00:23 ч. Retrieving the ratings by carId
[Info]00:23 ч. Retrieving the ratings by carId
[Info]00:23 ч. Retrieving the ratings by carId
[Info]00:23 ч. Retrieving the ratings by carId
[Info]00:23 ч. Retrieving the ratings by carId
[Info]00:23 ч. Retrieving the ratings by carId
[Info]00:23 ч. Retrieving the ratings by carId
[Info]00:23 ч. Retrieving the ratings by carId
[Info]00:23 ч. Retrieving the ratings by carId
[Info]01:12 ч. Retrieving the list of cars
[Info]01:12 ч. There are 5 cars in the fleet
[Info]01:12 ч. Retrieving the car by Id
[Info]01:12 ч. Retrieving the list of cars
[Info]01:12 ч. There are 5 cars in the fleet
[Info]01:12 ч. Retrieving the ratings by carId
[Info]01:12 ч. Retrieving the ratings by carId
[Info]01:12 ч. Retrieving the ratings by carId
[Info]01:12 ч. Retrieving the ratings by carId
[Info]01:12 ч. Retrieving the ratings by carId
[Info]01:12 ч. Retrieving the ratings by carId
[Info]01:12 ч. Retrieving the ratings by carId
[Info]01:12 ч. Retrieving the ratings by carId
[Info]01:12 ч. Retrieving the ratings by carId
[Info]01:12 ч. Retrieving the list of cars
[Info]01:12 ч. There are 5 cars in the fleet
[Info]01:12 ч. Retrieving the ratings by carId
[Info]01:12 ч. Retrieving the ratings by carId
[Info]01:12 ч. Retrieving the ratings by carId
[Info]01:12 ч. Retrieving the ratings by carId
[Info]01:12 ч. Retrieving the ratings by carId
[Info]01:12 ч. Retrieving the ratings by carId
[Info]01:12 ч. Retrieving the ratings by carId
[Info]01:12 ч. Retrieving the ratings by carId
[Info]01:12 ч. Retrieving the ratings by carId
[Info]01:13 ч. Retrieving the list of cars
[Info]01:13 ч. There are 5 cars in the fleet
[Info]01:13 ч. Retrieving the car by Id
[Info]01:16 ч. Retrieving the list of cars
[Info]01:16 ч. There are 5 cars in the fleet
[Info]01:17 ч. Retrieving the list of categories
[Info]01:17 ч. There are 3 categories in the fleet
[Info]01:17 ч. Retrieving the list of cars
[Info]01:17 ч. There are 6 cars in the fleet
[Info]01:20 ч. Retrieving the list of cars
[Info]01:20 ч. There are 6 cars in the fleet
[Info]01:21 ч. Car with ID 2004 was deleted
[Info]01:21 ч. Retrieving the list of cars
[Info]01:21 ч. There are 5 cars in the fleet
[Info]01:21 ч. Retrieving the list of cars
[Info]01:21 ч. There are 5 cars in the fleet
[Info]01:21 ч. Car with ID 2003 was deleted
[Info]01:21 ч. Retrieving the list of cars
[Info]01:21 ч. There are 4 cars in the fleet
[Info]01:24 ч. Retrieving the list of cars
[Info]01:24 ч. There are 7 cars in the fleet
[Info]01:27 ч. Retrieving the list of cars
[Info]01:27 ч. There are 7 cars in the fleet
[Info]01:27 ч. Car with ID 2005 was deleted
[Info]01:27 ч. Retrieving the list of cars
[Info]01:27 ч. There are 6 cars in the fleet
[Info]01:27 ч. Retrieving the list of cars
[Info]01:27 ч. There are 6 cars in the fleet
[Info]01:27 ч. Retrieving the list of cars
[Info]01:27 ч. There are 6 cars in the fleet
[Info]01:27 ч. Car with ID 2004 was deleted
[Info]01:27 ч. Retrieving the list of cars
[Info]01:27 ч. There are 5 cars in the fleet
[Info]18:16 ч. Retrieving the list of cars
[Info]18:16 ч. There are 6 cars in the fleet
[Info]18:17 ч. Retrieving the car by Id
[Info]18:18 ч. Retrieving the car by Id
[Info]18:18 ч. Retrieving the car by Id
[Info]18:20 ч. Retrieving the car by Id
[Info]18:21 ч. Retrieving the car by Id
[Info]18:24 ч. Retrieving the car by Id
[Info]18:25 ч. Retrieving the car by Id
[Info]18:26 ч. Retrieving the car by Id
[Info]18:27 ч. Retrieving the car by Id
[Info]18:28 ч. Retrieving the car by Id
[Info]18:37 ч. Retrieving the car by Id
[Info]18:39 ч. Retrieving the list of cars
[Info]18:39 ч. There are 6 cars in the fleet
[Info]18:39 ч. Retrieving the list of cars
[Info]18:39 ч. There are 6 cars in the fleet
[Info]18:39 ч. Retrieving the ratings by carId
[Info]18:39 ч. Retrieving the ratings by carId
[Info]18:39 ч. Retrieving the ratings by carId
[Info]18:39 ч. Retrieving the ratings by carId
[Info]18:39 ч. Retrieving the ratings by carId
[Info]18:39 ч. Retrieving the ratings by carId
[Info]18:39 ч. Retrieving the ratings by carId
[Info]18:39 ч. Retrieving the ratings by carId
[Info]18:39 ч. Retrieving the ratings by carId
[Info]18:39 ч. Retrieving the ratings by carId
[Info]18:39 ч. Retrieving the ratings by carId
[Info]18:39 ч. Retrieving the ratings by carId
[Info]18:40 ч. Retrieving the list of cars
[Info]18:40 ч. There are 6 cars in the fleet
[Info]18:41 ч. Retrieving the car by Id
[Info]18:41 ч. Retrieving the list of cars
[Info]18:41 ч. There are 6 cars in the fleet
[Info]18:41 ч. Retrieving the ratings by carId
[Info]18:41 ч. Retrieving the ratings by carId
[Info]18:41 ч. Retrieving the ratings by carId
[Info]18:41 ч. Retrieving the ratings by carId
[Info]18:41 ч. Retrieving the ratings by carId
[Info]18:41 ч. Retrieving the ratings by carId
[Info]18:41 ч. Retrieving the ratings by carId
[Info]18:41 ч. Retrieving the ratings by carId
[Info]18:41 ч. Retrieving the ratings by carId
[Info]18:41 ч. Retrieving the ratings by carId
[Info]18:42 ч. Retrieving the car by Id
[Info]18:50 ч. Retrieving the car by Id
[Info]18:51 ч. Retrieving the car by Id
[Info]18:54 ч. Retrieving the car by Id
[Info]18:54 ч. Retrieving the car by Id
[Info]18:55 ч. Retrieving the car by Id
[Info]18:55 ч. Retrieving the car by Id
[Info]18:56 ч. Retrieving the car by Id
[Info]18:57 ч. Retrieving the car by Id
[Info]18:57 ч. Retrieving the car by Id
[Info]19:00 ч. Retrieving the car by Id
[Info]19:00 ч. Retrieving the list of cars
[Info]19:00 ч. There are 6 cars in the fleet
[Info]19:08 ч. Retrieving the car by Id
[Info]19:08 ч. Retrieving the list of cars
[Info]19:08 ч. There are 6 cars in the fleet
[Info]19:08 ч. Retrieving the ratings by carId
[Info]19:08 ч. Retrieving the ratings by carId
[Info]19:08 ч. Retrieving the ratings by carId
[Info]19:08 ч. Retrieving the ratings by carId
[Info]19:08 ч. Retrieving the ratings by carId
[Info]19:08 ч. Retrieving the ratings by carId
[Info]19:08 ч. Retrieving the ratings by carId
[Info]19:08 ч. Retrieving the ratings by carId
[Info]19:08 ч. Retrieving the ratings by carId
[Info]19:08 ч. Retrieving the ratings by carId
[Info]19:08 ч. Retrieving the ratings by carId
[Info]19:08 ч. Retrieving the ratings by carId
[Info]19:09 ч. Retrieving the list of cars
[Info]19:09 ч. There are 6 cars in the fleet
[Info]19:09 ч. Retrieving the ratings by carId
[Info]19:09 ч. Retrieving the ratings by carId
[Info]19:09 ч. Retrieving the ratings by carId
[Info]19:09 ч. Retrieving the ratings by carId
[Info]19:09 ч. Retrieving the ratings by carId
[Info]19:09 ч. Retrieving the ratings by carId
[Info]19:09 ч. Retrieving the ratings by carId
[Info]19:09 ч. Retrieving the ratings by carId
[Info]19:09 ч. Retrieving the ratings by carId
[Info]19:09 ч. Retrieving the car by Id
[Info]19:11 ч. Retrieving the car by Id
[Info]19:11 ч. Retrieving the list of cars
[Info]19:11 ч. There are 6 cars in the fleet
[Info]19:11 ч. Retrieving the ratings by carId
[Info]19:11 ч. Retrieving the ratings by carId
[Info]19:11 ч. Retrieving the ratings by carId
[Info]19:11 ч. Retrieving the ratings by carId
[Info]19:11 ч. Retrieving the ratings by carId
[Info]19:11 ч. Retrieving the ratings by carId
[Info]19:11 ч. Retrieving the ratings by carId
[Info]19:11 ч. Retrieving the ratings by carId
[Info]19:11 ч. Retrieving the ratings by carId
[Info]19:11 ч. Retrieving the list of cars
[Info]19:11 ч. There are 6 cars in the fleet
[Info]19:11 ч. Retrieving the car by Id
[Info]19:11 ч. Retrieving the list of categories
[Info]19:11 ч. There are 3 categories in the fleet
[Info]19:11 ч. Retrieving the list of cars
[Info]19:11 ч. There are 7 cars in the fleet
[Info]19:11 ч. Retrieving the list of cars
[Info]19:11 ч. There are 6 cars in the fleet
[Info]19:11 ч. Retrieving the ratings by carId
[Info]19:11 ч. Retrieving the ratings by carId
[Info]19:11 ч. Retrieving the ratings by carId
[Info]19:11 ч. Retrieving the ratings by carId
[Info]19:11 ч. Retrieving the ratings by carId
[Info]19:11 ч. Retrieving the ratings by carId
[Info]19:11 ч. Retrieving the ratings by carId
[Info]19:11 ч. Retrieving the ratings by carId
[Info]19:11 ч. Retrieving the ratings by carId
[Info]19:11 ч. Retrieving the ratings by carId
[Info]19:11 ч. Retrieving the ratings by carId
[Info]19:11 ч. Retrieving the ratings by carId
[Info]19:12 ч. Retrieving the car by Id
[Info]19:12 ч. Retrieving the car by Id
[Info]19:12 ч. Retrieving the car by Id
[Info]19:12 ч. Retrieving the car by Id
[Info]19:13 ч. Retrieving the car by Id
[Info]19:13 ч. Retrieving the car by Id
[Info]19:13 ч. Retrieving the list of cars
[Info]19:13 ч. There are 6 cars in the fleet
[Info]19:13 ч. Retrieving the ratings by carId
[Info]19:13 ч. Retrieving the ratings by carId
[Info]19:13 ч. Retrieving the ratings by carId
[Info]19:13 ч. Retrieving the ratings by carId
[Info]19:13 ч. Retrieving the ratings by carId
[Info]19:13 ч. Retrieving the ratings by carId
[Info]19:13 ч. Retrieving the ratings by carId
[Info]19:13 ч. Retrieving the ratings by carId
[Info]19:13 ч. Retrieving the ratings by carId
[Info]19:15 ч. Retrieving the list of cars
[Info]19:15 ч. There are 6 cars in the fleet
[Info]19:15 ч. Retrieving the ratings by carId
[Info]19:15 ч. Retrieving the ratings by carId
[Info]19:15 ч. Retrieving the ratings by carId
[Info]19:15 ч. Retrieving the ratings by carId
[Info]19:15 ч. Retrieving the ratings by carId
[Info]19:15 ч. Retrieving the ratings by carId
[Info]19:15 ч. Retrieving the ratings by carId
[Info]19:15 ч. Retrieving the ratings by carId
[Info]19:15 ч. Retrieving the ratings by carId
[Info]19:16 ч. Retrieving the car by Id
[Info]19:16 ч. Retrieving the car by Id
[Info]19:17 ч. Retrieving the car by Id
[Info]19:17 ч. Retrieving the car by Id
[Info]19:17 ч. Retrieving the car by Id
[Info]19:18 ч. Retrieving the list of cars
[Info]19:18 ч. There are 6 cars in the fleet
[Info]19:18 ч. Retrieving the ratings by carId
[Info]19:18 ч. Retrieving the ratings by carId
[Info]19:18 ч. Retrieving the ratings by carId
[Info]19:18 ч. Retrieving the ratings by carId
[Info]19:18 ч. Retrieving the ratings by carId
[Info]19:18 ч. Retrieving the ratings by carId
[Info]19:18 ч. Retrieving the ratings by carId
[Info]19:18 ч. Retrieving the ratings by carId
[Info]19:18 ч. Retrieving the ratings by carId
[Info]19:18 ч. Retrieving the ratings by carId
[Info]19:18 ч. Retrieving the ratings by carId
[Info]19:20 ч. Retrieving the list of cars
[Info]19:20 ч. There are 6 cars in the fleet
[Info]19:20 ч. Retrieving the ratings by carId
[Info]19:20 ч. Retrieving the ratings by carId
[Info]19:20 ч. Retrieving the ratings by carId
[Info]19:20 ч. Retrieving the ratings by carId
[Info]19:20 ч. Retrieving the ratings by carId
[Info]19:20 ч. Retrieving the ratings by carId
[Info]19:20 ч. Retrieving the ratings by carId
[Info]19:20 ч. Retrieving the ratings by carId
[Info]19:20 ч. Retrieving the ratings by carId
[Info]19:20 ч. Retrieving the ratings by carId
[Info]19:20 ч. Retrieving the ratings by carId
[Info]19:20 ч. Retrieving the list of cars
[Info]19:20 ч. There are 6 cars in the fleet
[Info]19:20 ч. Retrieving the car by Id
[Info]19:21 ч. Retrieving the car by Id
[Info]19:22 ч. Retrieving the car by Id
[Info]19:22 ч. Retrieving the car by Id
[Info]19:23 ч. Retrieving the car by Id
[Info]19:23 ч. Retrieving the car by Id
[Info]19:27 ч. Retrieving the list of cars
[Info]19:27 ч. There are 6 cars in the fleet
[Info]19:27 ч. Retrieving the ratings by carId
[Info]19:27 ч. Retrieving the ratings by carId
[Info]19:27 ч. Retrieving the ratings by carId
[Info]19:27 ч. Retrieving the ratings by carId
[Info]19:27 ч. Retrieving the ratings by carId
[Info]19:27 ч. Retrieving the ratings by carId
[Info]19:27 ч. Retrieving the ratings by carId
[Info]19:27 ч. Retrieving the ratings by carId
[Info]19:27 ч. Retrieving the ratings by carId
[Info]19:27 ч. Retrieving the ratings by carId
[Info]19:32 ч. Retrieving the list of cars
[Info]19:32 ч. There are 6 cars in the fleet
[Info]19:32 ч. Retrieving the ratings by carId
[Info]19:32 ч. Retrieving the ratings by carId
[Info]19:32 ч. Retrieving the ratings by carId
[Info]19:32 ч. Retrieving the ratings by carId
[Info]19:32 ч. Retrieving the ratings by carId
[Info]19:32 ч. Retrieving the ratings by carId
[Info]19:32 ч. Retrieving the ratings by carId
[Info]19:32 ч. Retrieving the ratings by carId
[Info]19:32 ч. Retrieving the ratings by carId
[Info]19:32 ч. Retrieving the ratings by carId
[Info]19:32 ч. Retrieving the car by Id
[Info]19:32 ч. Retrieving the list of cars
[Info]19:32 ч. There are 6 cars in the fleet
[Info]19:32 ч. Retrieving the ratings by carId
[Info]19:32 ч. Retrieving the ratings by carId
[Info]19:32 ч. Retrieving the ratings by carId
[Info]19:32 ч. Retrieving the ratings by carId
[Info]19:32 ч. Retrieving the ratings by carId
[Info]19:32 ч. Retrieving the ratings by carId
[Info]19:32 ч. Retrieving the ratings by carId
[Info]19:32 ч. Retrieving the ratings by carId
[Info]19:32 ч. Retrieving the ratings by carId
[Info]19:32 ч. Retrieving the ratings by carId
[Info]19:32 ч. Retrieving the ratings by carId
[Info]19:32 ч. Retrieving the ratings by carId
[Info]19:37 ч. Retrieving the list of cars
[Info]19:37 ч. There are 6 cars in the fleet
[Info]19:37 ч. Retrieving the ratings by carId
[Info]19:37 ч. Retrieving the ratings by carId
[Info]19:37 ч. Retrieving the ratings by carId
[Info]19:37 ч. Retrieving the ratings by carId
[Info]19:37 ч. Retrieving the ratings by carId
[Info]19:37 ч. Retrieving the ratings by carId
[Info]19:37 ч. Retrieving the ratings by carId
[Info]19:37 ч. Retrieving the ratings by carId
[Info]19:37 ч. Retrieving the ratings by carId
[Info]19:37 ч. Retrieving the ratings by carId
[Info]19:37 ч. Retrieving the ratings by carId
[Info]19:37 ч. Retrieving the ratings by carId
[Info]19:37 ч. Retrieving the car by Id
[Info]19:38 ч. Retrieving the list of cars
[Info]19:38 ч. There are 6 cars in the fleet
[Info]19:38 ч. Retrieving the ratings by carId
[Info]19:38 ч. Retrieving the ratings by carId
[Info]19:38 ч. Retrieving the ratings by carId
[Info]19:38 ч. Retrieving the ratings by carId
[Info]19:38 ч. Retrieving the ratings by carId
[Info]19:38 ч. Retrieving the ratings by carId
[Info]19:38 ч. Retrieving the ratings by carId
[Info]19:38 ч. Retrieving the ratings by carId
[Info]19:38 ч. Retrieving the ratings by carId
[Info]19:38 ч. Retrieving the ratings by carId
[Info]19:38 ч. Retrieving the ratings by carId
[Info]19:38 ч. Retrieving the ratings by carId
[Info]19:38 ч. Retrieving the list of cars
[Info]19:38 ч. There are 6 cars in the fleet
[Info]19:38 ч. Retrieving the car by Id
[Info]19:46 ч. Retrieving the list of categories
[Info]19:46 ч. There are 3 categories in the fleet
[Info]19:47 ч. Retrieving the list of categories
[Info]19:47 ч. There are 3 categories in the fleet
[Info]19:47 ч. Retrieving the list of categories
[Info]19:47 ч. There are 3 categories in the fleet
[Info]19:47 ч. Retrieving the list of categories
[Info]19:47 ч. There are 3 categories in the fleet
[Info]19:48 ч. Retrieving the list of categories
[Info]19:48 ч. There are 3 categories in the fleet
[Info]19:48 ч. Retrieving the list of categories
[Info]19:48 ч. There are 3 categories in the fleet
[Info]19:48 ч. Retrieving the list of categories
[Info]19:48 ч. There are 3 categories in the fleet
[Info]19:49 ч. Retrieving the list of categories
[Info]19:49 ч. There are 3 categories in the fleet
[Info]19:49 ч. Retrieving the list of categories
[Info]19:49 ч. There are 3 categories in the fleet
[Info]19:50 ч. Retrieving the list of categories
[Info]19:50 ч. There are 3 categories in the fleet
[Info]19:50 ч. Retrieving the list of categories
[Info]19:50 ч. There are 3 categories in the fleet
[Info]19:50 ч. Retrieving the list of categories
[Info]19:50 ч. There are 3 categories in the fleet
[Info]19:50 ч. Retrieving the list of categories
[Info]19:50 ч. There are 3 categories in the fleet
[Info]19:50 ч. Retrieving the list of categories
[Info]19:50 ч. There are 3 categories in the fleet
[Info]19:51 ч. Retrieving the list of cars
[Info]19:51 ч. There are 6 cars in the fleet
[Info]19:51 ч. Retrieving the car by Id
[Info]19:51 ч. Retrieving the list of cars
[Info]19:51 ч. There are 6 cars in the fleet
[Info]19:51 ч. Retrieving the ratings by carId
[Info]19:51 ч. Retrieving the ratings by carId
[Info]19:51 ч. Retrieving the ratings by carId
[Info]19:51 ч. Retrieving the ratings by carId
[Info]19:51 ч. Retrieving the ratings by carId
[Info]19:51 ч. Retrieving the ratings by carId
[Info]19:51 ч. Retrieving the ratings by carId
[Info]19:51 ч. Retrieving the ratings by carId
[Info]19:51 ч. Retrieving the ratings by carId
[Info]19:51 ч. Retrieving the ratings by carId
[Info]19:51 ч. Retrieving the ratings by carId
[Info]19:51 ч. Retrieving the list of cars
[Info]19:51 ч. There are 6 cars in the fleet
[Info]19:51 ч. Retrieving the ratings by carId
[Info]19:51 ч. Retrieving the ratings by carId
[Info]19:51 ч. Retrieving the ratings by carId
[Info]19:51 ч. Retrieving the ratings by carId
[Info]19:51 ч. Retrieving the ratings by carId
[Info]19:51 ч. Retrieving the ratings by carId
[Info]19:51 ч. Retrieving the ratings by carId
[Info]19:51 ч. Retrieving the ratings by carId
[Info]19:51 ч. Retrieving the ratings by carId
[Info]19:51 ч. Retrieving the ratings by carId
[Info]19:51 ч. Retrieving the ratings by carId
[Info]19:51 ч. Retrieving the list of cars
[Info]19:51 ч. There are 6 cars in the fleet
[Info]19:51 ч. Retrieving the ratings by carId
[Info]19:51 ч. Retrieving the ratings by carId
[Info]19:51 ч. Retrieving the ratings by carId
[Info]19:51 ч. Retrieving the ratings by carId
[Info]19:51 ч. Retrieving the ratings by carId
[Info]19:51 ч. Retrieving the ratings by carId
[Info]19:51 ч. Retrieving the ratings by carId
[Info]19:51 ч. Retrieving the list of cars
[Info]19:51 ч. There are 6 cars in the fleet
[Info]19:51 ч. Retrieving the ratings by carId
[Info]19:51 ч. Retrieving the ratings by carId
[Info]19:51 ч. Retrieving the ratings by carId
[Info]19:51 ч. Retrieving the ratings by carId
[Info]19:51 ч. Retrieving the ratings by carId
[Info]19:51 ч. Retrieving the ratings by carId
[Info]19:51 ч. Retrieving the ratings by carId
[Info]19:51 ч. Retrieving the ratings by carId
[Info]19:51 ч. Retrieving the ratings by carId
[Info]19:51 ч. Retrieving the ratings by carId
[Info]19:51 ч. Retrieving the ratings by carId
[Info]19:51 ч. Retrieving the car by Id
[Info]19:51 ч. Retrieving the list of locations
[Info]19:51 ч. There are 3 locations in the fleet
[Info]19:51 ч. Retrieving the list of cars
[Info]19:51 ч. There are 6 cars in the fleet
[Info]19:51 ч. Retrieving the list of cars
[Info]19:51 ч. There are 6 cars in the fleet
[Info]19:51 ч. Retrieving the ratings by carId
[Info]19:51 ч. Retrieving the ratings by carId
[Info]19:51 ч. Retrieving the ratings by carId
[Info]19:51 ч. Retrieving the ratings by carId
[Info]19:51 ч. Retrieving the ratings by carId
[Info]19:51 ч. Retrieving the ratings by carId
[Info]19:51 ч. Retrieving the ratings by carId
[Info]19:51 ч. Retrieving the ratings by carId
[Info]19:51 ч. Retrieving the ratings by carId
[Info]19:51 ч. Retrieving the ratings by carId
[Info]19:51 ч. Retrieving the ratings by carId
[Info]19:58 ч. Retrieving the list of cars
[Info]19:58 ч. There are 6 cars in the fleet
[Info]19:58 ч. Retrieving the ratings by carId
[Info]19:58 ч. Retrieving the ratings by carId
[Info]19:58 ч. Retrieving the ratings by carId
[Info]19:58 ч. Retrieving the ratings by carId
[Info]19:58 ч. Retrieving the ratings by carId
[Info]19:58 ч. Retrieving the ratings by carId
[Info]19:58 ч. Retrieving the ratings by carId
[Info]19:58 ч. Retrieving the ratings by carId
[Info]19:58 ч. Retrieving the ratings by carId
[Info]19:58 ч. Retrieving the ratings by carId
[Info]19:58 ч. Retrieving the ratings by carId
[Info]19:58 ч. Retrieving the car by Id
[Info]19:58 ч. Retrieving the list of cars
[Info]19:58 ч. There are 6 cars in the fleet
[Info]19:58 ч. Retrieving the list of bookings
[Info]19:58 ч. There are 3 bookings in the fleet
[Info]19:58 ч. Retrieving the list of cars
[Info]19:58 ч. There are 6 cars in the fleet
[Info]19:58 ч. Retrieving the car by Id
[Info]19:58 ч. Retrieving the list of locations
[Info]19:58 ч. There are 3 locations in the fleet
[Info]19:59 ч. Retrieving the list of locations
[Info]19:59 ч. There are 3 locations in the fleet
[Info]19:59 ч. Retrieving the list of locations
[Info]19:59 ч. There are 3 locations in the fleet
[Info]19:59 ч. Retrieving the list of locations
[Info]19:59 ч. There are 3 locations in the fleet
[Info]19:59 ч. Retrieving the list of cars
[Info]19:59 ч. There are 6 cars in the fleet
[Info]19:59 ч. Retrieving the ratings by carId
[Info]19:59 ч. Retrieving the ratings by carId
[Info]19:59 ч. Retrieving the ratings by carId
[Info]19:59 ч. Retrieving the ratings by carId
[Info]19:59 ч. Retrieving the ratings by carId
[Info]19:59 ч. Retrieving the ratings by carId
[Info]19:59 ч. Retrieving the ratings by carId
[Info]19:59 ч. Retrieving the ratings by carId
[Info]19:59 ч. Retrieving the ratings by carId
[Info]19:59 ч. Retrieving the ratings by carId
[Info]19:59 ч. Retrieving the ratings by carId
[Info]19:59 ч. Retrieving the ratings by carId
[Info]20:36 ч. Retrieving the list of cars
[Info]20:36 ч. There are 6 cars in the fleet
[Info]20:36 ч. Retrieving the ratings by carId
[Info]20:36 ч. Retrieving the ratings by carId
[Info]20:36 ч. Retrieving the ratings by carId
[Info]20:36 ч. Retrieving the ratings by carId
[Info]20:36 ч. Retrieving the ratings by carId
[Info]20:36 ч. Retrieving the ratings by carId
[Info]20:36 ч. Retrieving the ratings by carId
[Info]20:36 ч. Retrieving the ratings by carId
[Info]20:36 ч. Retrieving the ratings by carId
[Info]20:36 ч. Retrieving the ratings by carId
[Info]20:36 ч. Retrieving the ratings by carId
[Info]20:36 ч. Retrieving the car by Id
[Info]20:36 ч. Retrieving the car by Id
[Info]20:39 ч. Retrieving the car by Id
[Info]20:39 ч. Retrieving the car by Id
[Info]20:39 ч. Retrieving the car by Id
[Info]20:39 ч. Retrieving the car by Id
[Info]20:40 ч. Retrieving the car by Id
[Info]20:40 ч. Retrieving the car by Id
[Info]20:43 ч. Retrieving the list of cars
[Info]20:43 ч. There are 6 cars in the fleet
[Info]20:43 ч. Retrieving the ratings by carId
[Info]20:43 ч. Retrieving the ratings by carId
[Info]20:43 ч. Retrieving the ratings by carId
[Info]20:43 ч. Retrieving the ratings by carId
[Info]20:43 ч. Retrieving the ratings by carId
[Info]20:43 ч. Retrieving the ratings by carId
[Info]20:43 ч. Retrieving the ratings by carId
[Info]20:43 ч. Retrieving the ratings by carId
[Info]20:43 ч. Retrieving the ratings by carId
[Info]20:43 ч. Retrieving the list of cars
[Info]20:43 ч. There are 6 cars in the fleet
[Info]20:43 ч. Retrieving the ratings by carId
[Info]20:43 ч. Retrieving the ratings by carId
[Info]20:43 ч. Retrieving the ratings by carId
[Info]20:43 ч. Retrieving the ratings by carId
[Info]20:43 ч. Retrieving the ratings by carId
[Info]20:43 ч. Retrieving the ratings by carId
[Info]20:43 ч. Retrieving the ratings by carId
[Info]20:43 ч. Retrieving the ratings by carId
[Info]20:43 ч. Retrieving the ratings by carId
[Info]20:43 ч. Retrieving the ratings by carId
[Info]20:43 ч. Retrieving the ratings by carId
[Info]20:43 ч. Retrieving the car by Id
[Info]20:43 ч. Retrieving the list of cars
[Info]20:43 ч. There are 6 cars in the fleet
[Info]20:43 ч. Retrieving the ratings by carId
[Info]20:43 ч. Retrieving the ratings by carId
[Info]20:43 ч. Retrieving the ratings by carId
[Info]20:43 ч. Retrieving the ratings by carId
[Info]20:43 ч. Retrieving the ratings by carId
[Info]20:43 ч. Retrieving the ratings by carId
[Info]20:43 ч. Retrieving the ratings by carId
[Info]20:43 ч. Retrieving the ratings by carId
[Info]20:43 ч. Retrieving the ratings by carId
[Info]20:43 ч. Retrieving the ratings by carId
[Info]20:43 ч. Retrieving the ratings by carId
[Info]20:43 ч. Retrieving the list of cars
[Info]20:43 ч. There are 6 cars in the fleet
[Info]20:43 ч. Retrieving the ratings by carId
[Info]20:43 ч. Retrieving the ratings by carId
[Info]20:43 ч. Retrieving the ratings by carId
[Info]20:43 ч. Retrieving the ratings by carId
[Info]20:43 ч. Retrieving the ratings by carId
[Info]20:43 ч. Retrieving the ratings by carId
[Info]20:43 ч. Retrieving the ratings by carId
[Info]20:43 ч. Retrieving the ratings by carId
[Info]20:43 ч. Retrieving the ratings by carId
[Info]20:43 ч. Retrieving the ratings by carId
[Info]20:43 ч. Retrieving the car by Id
[Info]20:44 ч. Retrieving the list of cars
[Info]20:44 ч. There are 6 cars in the fleet
[Info]20:48 ч. Retrieving the car by Id
[Info]20:52 ч. Retrieving the list of cars
[Info]20:52 ч. There are 6 cars in the fleet
[Info]20:52 ч. Retrieving the ratings by carId
[Info]20:52 ч. Retrieving the ratings by carId
[Info]20:52 ч. Retrieving the ratings by carId
[Info]20:52 ч. Retrieving the ratings by carId
[Info]20:52 ч. Retrieving the ratings by carId
[Info]20:52 ч. Retrieving the ratings by carId
[Info]20:52 ч. Retrieving the ratings by carId
[Info]20:52 ч. Retrieving the ratings by carId
[Info]20:52 ч. Retrieving the ratings by carId
[Info]20:52 ч. Retrieving the ratings by carId
[Info]20:52 ч. Retrieving the car by Id
[Info]20:52 ч. Retrieving the car by Id
[Info]20:52 ч. Retrieving the list of cars
[Info]20:52 ч. There are 6 cars in the fleet
[Info]20:52 ч. Retrieving the ratings by carId
[Info]20:52 ч. Retrieving the ratings by carId
[Info]20:52 ч. Retrieving the ratings by carId
[Info]20:52 ч. Retrieving the ratings by carId
[Info]20:52 ч. Retrieving the ratings by carId
[Info]20:52 ч. Retrieving the ratings by carId
[Info]20:52 ч. Retrieving the ratings by carId
[Info]20:52 ч. Retrieving the ratings by carId
[Info]20:53 ч. Retrieving the ratings by carId
[Info]20:53 ч. Retrieving the ratings by carId
[Info]20:53 ч. Retrieving the ratings by carId
[Info]20:53 ч. Retrieving the ratings by carId
[Info]20:53 ч. Retrieving the car by Id
[Info]20:56 ч. Retrieving the list of cars
[Info]20:56 ч. There are 6 cars in the fleet
[Info]20:56 ч. Retrieving the list of cars
[Info]20:56 ч. There are 6 cars in the fleet
[Info]20:56 ч. Retrieving the ratings by carId
[Info]20:56 ч. Retrieving the ratings by carId
[Info]20:56 ч. Retrieving the ratings by carId
[Info]20:56 ч. Retrieving the ratings by carId
[Info]20:56 ч. Retrieving the ratings by carId
[Info]20:56 ч. Retrieving the ratings by carId
[Info]20:56 ч. Retrieving the ratings by carId
[Info]20:56 ч. Retrieving the ratings by carId
[Info]20:56 ч. Retrieving the ratings by carId
[Info]20:56 ч. Retrieving the ratings by carId
[Info]20:56 ч. Retrieving the ratings by carId
[Info]20:56 ч. Retrieving the list of cars
[Info]20:56 ч. There are 6 cars in the fleet
[Info]20:56 ч. Retrieving the ratings by carId
[Info]20:56 ч. Retrieving the ratings by carId
[Info]20:56 ч. Retrieving the ratings by carId
[Info]20:56 ч. Retrieving the ratings by carId
[Info]20:56 ч. Retrieving the ratings by carId
[Info]20:56 ч. Retrieving the ratings by carId
[Info]20:56 ч. Retrieving the ratings by carId
[Info]20:56 ч. Retrieving the ratings by carId
[Info]20:56 ч. Retrieving the ratings by carId
[Info]20:56 ч. Retrieving the ratings by carId
[Info]20:56 ч. Retrieving the list of cars
[Info]20:56 ч. There are 6 cars in the fleet
[Info]20:56 ч. Retrieving the ratings by carId
[Info]20:56 ч. Retrieving the ratings by carId
[Info]20:56 ч. Retrieving the ratings by carId
[Info]20:56 ч. Retrieving the ratings by carId
[Info]20:56 ч. Retrieving the ratings by carId
[Info]20:56 ч. Retrieving the ratings by carId
[Info]20:56 ч. Retrieving the ratings by carId
[Info]20:56 ч. Retrieving the ratings by carId
[Info]20:56 ч. Retrieving the ratings by carId
[Info]20:56 ч. Retrieving the list of cars
[Info]20:56 ч. There are 6 cars in the fleet
[Info]20:56 ч. Retrieving the ratings by carId
[Info]20:56 ч. Retrieving the ratings by carId
[Info]20:56 ч. Retrieving the ratings by carId
[Info]20:56 ч. Retrieving the ratings by carId
[Info]20:56 ч. Retrieving the ratings by carId
[Info]20:56 ч. Retrieving the ratings by carId
[Info]20:56 ч. Retrieving the ratings by carId
[Info]20:56 ч. Retrieving the ratings by carId
[Info]20:56 ч. Retrieving the ratings by carId
[Info]20:57 ч. Retrieving the list of cars
[Info]20:57 ч. There are 6 cars in the fleet
[Info]20:57 ч. Retrieving the ratings by carId
[Info]20:57 ч. Retrieving the ratings by carId
[Info]20:57 ч. Retrieving the ratings by carId
[Info]20:57 ч. Retrieving the ratings by carId
[Info]20:57 ч. Retrieving the ratings by carId
[Info]20:57 ч. Retrieving the ratings by carId
[Info]20:57 ч. Retrieving the ratings by carId
[Info]20:57 ч. Retrieving the ratings by carId
[Info]20:57 ч. Retrieving the ratings by carId
[Info]20:57 ч. Retrieving the ratings by carId
[Info]21:04 ч. Retrieving the car by Id
[Info]21:04 ч. 0 was given  at 21:04:41.8867407
[Info]21:04 ч. Retrieving the list of cars
[Info]21:04 ч. There are 6 cars in the fleet
[Info]21:04 ч. Retrieving the ratings by carId
[Info]21:04 ч. Retrieving the ratings by carId
[Info]21:04 ч. Retrieving the ratings by carId
[Info]21:04 ч. Retrieving the ratings by carId
[Info]21:04 ч. Retrieving the ratings by carId
[Info]21:04 ч. Retrieving the ratings by carId
[Info]21:04 ч. Retrieving the ratings by carId
[Info]21:04 ч. Retrieving the ratings by carId
[Info]21:04 ч. Retrieving the ratings by carId
[Info]21:04 ч. Retrieving the ratings by carId
[Info]21:04 ч. Retrieving the car by Id
[Info]21:07 ч. Retrieving the car by Id
[Info]21:07 ч. Retrieving the car by Id
[Info]21:08 ч. Retrieving the list of cars
[Info]21:08 ч. There are 6 cars in the fleet
[Info]21:08 ч. Retrieving the ratings by carId
[Info]21:08 ч. Retrieving the ratings by carId
[Info]21:08 ч. Retrieving the ratings by carId
[Info]21:08 ч. Retrieving the ratings by carId
[Info]21:08 ч. Retrieving the ratings by carId
[Info]21:08 ч. Retrieving the ratings by carId
[Info]21:08 ч. Retrieving the ratings by carId
[Info]21:08 ч. Retrieving the ratings by carId
[Info]21:08 ч. Retrieving the ratings by carId
[Info]21:08 ч. Retrieving the ratings by carId
[Info]21:08 ч. Retrieving the ratings by carId
[Info]21:09 ч. Retrieving the list of cars
[Info]21:09 ч. There are 6 cars in the fleet
[Info]21:09 ч. Retrieving the car by Id
[Info]21:14 ч. Retrieving the car by Id
[Info]21:15 ч. Retrieving the car by Id
[Info]21:16 ч. Retrieving the car by Id
[Info]21:16 ч. Retrieving the list of cars
[Info]21:16 ч. There are 6 cars in the fleet
[Info]21:16 ч. Retrieving the ratings by carId
[Info]21:16 ч. Retrieving the ratings by carId
[Info]21:16 ч. Retrieving the ratings by carId
[Info]21:16 ч. Retrieving the ratings by carId
[Info]21:16 ч. Retrieving the ratings by carId
[Info]21:16 ч. Retrieving the ratings by carId
[Info]21:16 ч. Retrieving the ratings by carId
[Info]21:16 ч. Retrieving the ratings by carId
[Info]21:16 ч. Retrieving the ratings by carId
[Info]21:16 ч. Retrieving the ratings by carId
[Info]21:16 ч. Retrieving the list of bookings
[Info]21:16 ч. There are 3 bookings in the fleet
[Info]21:16 ч. Retrieving the list of cars
[Info]21:16 ч. There are 6 cars in the fleet
[Info]21:17 ч. Retrieving the car by Id
[Info]21:19 ч. Retrieving the car by Id
[Info]21:22 ч. Retrieving the car by Id
[Info]21:23 ч. Retrieving the car by Id
[Info]21:25 ч. Retrieving the car by Id
[Info]21:33 ч. Retrieving the list of cars
[Info]21:33 ч. There are 6 cars in the fleet
[Info]21:33 ч. Retrieving the car by Id
[Info]21:52 ч. Retrieving the list of locations
[Info]21:52 ч. There are 3 locations in the fleet
[Info]21:52 ч. Retrieving the car by Id
[Info]21:55 ч. Retrieving the list of locations
[Info]21:55 ч. There are 3 locations in the fleet
[Info]21:55 ч. Retrieving the list of bookings
[Info]21:55 ч. There are 3 bookings in the fleet
[Info]21:55 ч. Retrieving the list of cars
[Info]21:55 ч. There are 6 cars in the fleet
[Info]21:55 ч. Retrieving the car by Id
[Info]21:55 ч. Retrieving the list of cars
[Info]21:55 ч. There are 6 cars in the fleet
[Info]21:55 ч. Retrieving the list of cars
[Info]21:55 ч. There are 6 cars in the fleet
[Info]21:55 ч. Retrieving the ratings by carId
[Info]21:55 ч. Retrieving the ratings by carId
[Info]21:55 ч. Retrieving the ratings by carId
[Info]21:55 ч. Retrieving the ratings by carId
[Info]21:55 ч. Retrieving the ratings by carId
[Info]21:55 ч. Retrieving the ratings by carId
[Info]21:55 ч. Retrieving the ratings by carId
[Info]21:55 ч. Retrieving the ratings by carId
[Info]21:55 ч. Retrieving the ratings by carId
[Info]21:55 ч. Retrieving the ratings by carId
[Info]21:56 ч. Retrieving the list of bookings
[Info]21:56 ч. There are 3 bookings in the fleet
[Info]21:57 ч. Retrieving the list of bookings
[Info]21:57 ч. There are 3 bookings in the fleet
[Info]21:57 ч. Retrieving the list of cars
[Info]21:57 ч. There are 6 cars in the fleet
[Info]21:57 ч. Retrieving the ratings by carId
[Info]21:57 ч. Retrieving the ratings by carId
[Info]21:57 ч. Retrieving the ratings by carId
[Info]21:57 ч. Retrieving the ratings by carId
[Info]21:57 ч. Retrieving the ratings by carId
[Info]21:57 ч. Retrieving the ratings by carId
[Info]21:57 ч. Retrieving the ratings by carId
[Info]21:57 ч. Retrieving the ratings by carId
[Info]21:57 ч. Retrieving the ratings by carId
[Info]21:57 ч. Retrieving the ratings by carId
[Info]21:57 ч. Retrieving the list of cars
[Info]21:57 ч. There are 6 cars in the fleet
[Info]21:57 ч. Retrieving the ratings by carId
[Info]21:57 ч. Retrieving the ratings by carId
[Info]21:57 ч. Retrieving the ratings by carId
[Info]21:57 ч. Retrieving the ratings by carId
[Info]21:57 ч. Retrieving the ratings by carId
[Info]21:57 ч. Retrieving the ratings by carId
[Info]21:57 ч. Retrieving the ratings by carId
[Info]21:57 ч. Retrieving the ratings by carId
[Info]21:57 ч. Retrieving the ratings by carId
[Info]21:57 ч. Retrieving the ratings by carId
[Info]21:57 ч. Retrieving the ratings by carId
[Info]21:57 ч. Retrieving the list of cars
[Info]21:57 ч. There are 6 cars in the fleet
[Info]21:57 ч. Retrieving the car by Id
[Info]21:57 ч. Retrieving the list of cars
[Info]21:57 ч. There are 7 cars in the fleet
[Info]21:57 ч. Retrieving the list of cars
[Info]21:57 ч. There are 6 cars in the fleet
[Info]21:58 ч. Retrieving the list of cars
[Info]21:58 ч. There are 6 cars in the fleet
[Info]21:58 ч. Retrieving the list of cars
[Info]21:58 ч. There are 7 cars in the fleet
[Info]21:58 ч. Retrieving the list of cars
[Info]21:58 ч. There are 6 cars in the fleet
[Info]21:59 ч. Retrieving the list of categories
[Info]21:59 ч. There are 3 categories in the fleet
[Info]21:59 ч. Retrieving the list of cars
[Info]21:59 ч. There are 6 cars in the fleet
[Info]21:59 ч. Retrieving the ratings by carId
[Info]21:59 ч. Retrieving the ratings by carId
[Info]21:59 ч. Retrieving the ratings by carId
[Info]21:59 ч. Retrieving the ratings by carId
[Info]21:59 ч. Retrieving the ratings by carId
[Info]21:59 ч. Retrieving the ratings by carId
[Info]21:59 ч. Retrieving the ratings by carId
[Info]21:59 ч. Retrieving the ratings by carId
[Info]21:59 ч. Retrieving the ratings by carId
[Info]21:59 ч. Retrieving the ratings by carId
[Info]21:59 ч. Retrieving the ratings by carId
[Info]21:59 ч. Retrieving the ratings by carId
[Info]21:59 ч. Retrieving the list of cars
[Info]21:59 ч. There are 6 cars in the fleet
[Info]21:59 ч. Retrieving the ratings by carId
[Info]21:59 ч. Retrieving the ratings by carId
[Info]21:59 ч. Retrieving the ratings by carId
[Info]21:59 ч. Retrieving the ratings by carId
[Info]21:59 ч. Retrieving the ratings by carId
[Info]21:59 ч. Retrieving the ratings by carId
[Info]21:59 ч. Retrieving the ratings by carId
[Info]21:59 ч. Retrieving the list of bookings
[Info]21:59 ч. There are 3 bookings in the fleet
[Info]21:59 ч. Retrieving the list of cars
[Info]21:59 ч. There are 6 cars in the fleet
[Info]21:59 ч. Retrieving the list of bookings
[Info]21:59 ч. There are 3 bookings in the fleet
[Info]22:00 ч. Retrieving the list of cars
[Info]22:00 ч. There are 6 cars in the fleet
[Info]22:00 ч. Retrieving the list of bookings
[Info]22:00 ч. There are 3 bookings in the fleet
[Info]22:00 ч. Retrieving the list of cars
[Info]22:00 ч. There are 6 cars in the fleet
[Info]22:00 ч. Retrieving the list of bookings
[Info]22:00 ч. There are 3 bookings in the fleet
[Info]22:00 ч. Retrieving the list of cars
[Info]22:00 ч. There are 6 cars in the fleet
[Info]22:01 ч. Retrieving the list of bookings
[Info]22:01 ч. There are 3 bookings in the fleet
[Info]22:01 ч. Retrieving the list of cars
[Info]22:01 ч. There are 6 cars in the fleet
[Info]22:01 ч. Retrieving the ratings by carId
[Info]22:01 ч. Retrieving the ratings by carId
[Info]22:01 ч. Retrieving the ratings by carId
[Info]22:01 ч. Retrieving the ratings by carId
[Info]22:01 ч. Retrieving the ratings by carId
[Info]22:01 ч. Retrieving the ratings by carId
[Info]22:01 ч. Retrieving the ratings by carId
[Info]22:01 ч. Retrieving the ratings by carId
[Info]22:01 ч. Retrieving the ratings by carId
[Info]22:01 ч. Retrieving the ratings by carId
[Info]22:01 ч. Retrieving the list of cars
[Info]22:01 ч. There are 6 cars in the fleet
[Info]22:01 ч. Retrieving the ratings by carId
[Info]22:01 ч. Retrieving the ratings by carId
[Info]22:01 ч. Retrieving the ratings by carId
[Info]22:01 ч. Retrieving the ratings by carId
[Info]22:01 ч. Retrieving the ratings by carId
[Info]22:01 ч. Retrieving the ratings by carId
[Info]22:01 ч. Retrieving the ratings by carId
[Info]22:01 ч. Retrieving the ratings by carId
[Info]22:01 ч. Retrieving the list of categories
[Info]22:01 ч. There are 3 categories in the fleet
[Info]22:01 ч. Retrieving the list of cars
[Info]22:01 ч. There are 7 cars in the fleet
[Info]22:01 ч. Retrieving the list of cars
[Info]22:01 ч. There are 6 cars in the fleet
[Info]22:01 ч. Retrieving the list of cars
[Info]22:01 ч. There are 6 cars in the fleet
[Info]22:02 ч. Retrieving the car by Id
[Info]22:02 ч. Retrieving the list of cars
[Info]22:02 ч. There are 6 cars in the fleet
[Info]22:02 ч. Retrieving the ratings by carId
[Info]22:02 ч. Retrieving the ratings by carId
[Info]22:02 ч. Retrieving the ratings by carId
[Info]22:02 ч. Retrieving the ratings by carId
[Info]22:02 ч. Retrieving the ratings by carId
[Info]22:02 ч. Retrieving the ratings by carId
[Info]22:02 ч. Retrieving the ratings by carId
[Info]22:02 ч. Retrieving the ratings by carId
[Info]22:02 ч. Retrieving the ratings by carId
[Info]22:02 ч. Retrieving the ratings by carId
[Info]22:02 ч. Retrieving the ratings by carId
[Info]22:02 ч. Retrieving the ratings by carId
[Info]22:02 ч. Retrieving the list of categories
[Info]22:02 ч. There are 3 categories in the fleet
[Info]22:02 ч. Retrieving the list of cars
[Info]22:02 ч. There are 7 cars in the fleet
[Info]23:01 ч. Retrieving the list of cars
[Info]23:01 ч. There are 6 cars in the fleet
[Info]23:01 ч. Retrieving the ratings by carId
[Info]23:01 ч. Retrieving the ratings by carId
[Info]23:01 ч. Retrieving the ratings by carId
[Info]23:01 ч. Retrieving the ratings by carId
[Info]23:01 ч. Retrieving the ratings by carId
[Info]23:01 ч. Retrieving the ratings by carId
[Info]23:01 ч. Retrieving the ratings by carId
[Info]23:01 ч. Retrieving the ratings by carId
[Info]23:01 ч. Retrieving the ratings by carId
[Info]23:01 ч. Retrieving the ratings by carId
[Info]23:02 ч. Retrieving the list of cars
[Info]23:02 ч. There are 6 cars in the fleet
[Info]23:02 ч. Retrieving the ratings by carId
[Info]23:02 ч. Retrieving the ratings by carId
[Info]23:02 ч. Retrieving the ratings by carId
[Info]23:02 ч. Retrieving the ratings by carId
[Info]23:02 ч. Retrieving the ratings by carId
[Info]23:02 ч. Retrieving the ratings by carId
[Info]23:02 ч. Retrieving the ratings by carId
[Info]23:02 ч. Retrieving the ratings by carId
[Info]23:02 ч. Retrieving the ratings by carId
[Info]23:02 ч. Retrieving the ratings by carId
[Info]23:17 ч. Retrieving the list of cars
[Info]23:17 ч. There are 6 cars in the fleet
[Info]23:17 ч. Retrieving the ratings by carId
[Info]23:17 ч. Retrieving the ratings by carId
[Info]23:17 ч. Retrieving the ratings by carId
[Info]23:17 ч. Retrieving the ratings by carId
[Info]23:17 ч. Retrieving the ratings by carId
[Info]23:17 ч. Retrieving the ratings by carId
[Info]23:17 ч. Retrieving the ratings by carId
[Info]23:17 ч. Retrieving the ratings by carId
[Info]23:17 ч. Retrieving the ratings by carId
[Info]23:17 ч. Retrieving the ratings by carId
[Info]23:17 ч. Retrieving the ratings by carId
[Info]23:20 ч. Retrieving the list of cars
[Info]23:20 ч. There are 6 cars in the fleet
[Info]23:20 ч. Retrieving the ratings by carId
[Info]23:20 ч. Retrieving the ratings by carId
[Info]23:20 ч. Retrieving the ratings by carId
[Info]23:20 ч. Retrieving the ratings by carId
[Info]23:20 ч. Retrieving the ratings by carId
[Info]23:20 ч. Retrieving the ratings by carId
[Info]23:20 ч. Retrieving the ratings by carId
[Info]23:20 ч. Retrieving the ratings by carId
[Info]23:20 ч. Retrieving the ratings by carId
[Info]23:22 ч. Retrieving the list of cars
[Info]23:22 ч. There are 6 cars in the fleet
[Info]23:22 ч. Retrieving the car by Id
[Info]23:23 ч. Retrieving the list of cars
[Info]23:23 ч. There are 6 cars in the fleet
[Info]23:23 ч. Retrieving the list of cars
[Info]23:23 ч. There are 7 cars in the fleet
[Info]23:28 ч. Retrieving the list of cars
[Info]23:28 ч. There are 6 cars in the fleet
[Info]23:28 ч. Retrieving the car by Id
[Info]23:35 ч. Retrieving the car by Id
[Info]23:38 ч. Retrieving the list of cars
[Info]23:38 ч. There are 6 cars in the fleet
[Info]23:38 ч. Retrieving the ratings by carId
[Info]23:38 ч. Retrieving the ratings by carId
[Info]23:38 ч. Retrieving the ratings by carId
[Info]23:38 ч. Retrieving the ratings by carId
[Info]23:38 ч. Retrieving the ratings by carId
[Info]23:38 ч. Retrieving the ratings by carId
[Info]23:38 ч. Retrieving the ratings by carId
[Info]23:38 ч. Retrieving the car by Id
[Info]23:38 ч. Retrieving the list of cars
[Info]23:38 ч. There are 6 cars in the fleet
[Info]23:38 ч. Retrieving the ratings by carId
[Info]23:38 ч. Retrieving the ratings by carId
[Info]23:38 ч. Retrieving the ratings by carId
[Info]23:38 ч. Retrieving the ratings by carId
[Info]23:38 ч. Retrieving the ratings by carId
[Info]23:38 ч. Retrieving the ratings by carId
[Info]23:38 ч. Retrieving the ratings by carId
[Info]23:38 ч. Retrieving the ratings by carId
[Info]23:38 ч. Retrieving the ratings by carId
[Info]23:38 ч. Retrieving the ratings by carId
[Info]23:38 ч. Retrieving the ratings by carId
[Info]23:38 ч. Retrieving the list of cars
[Info]23:38 ч. There are 6 cars in the fleet
[Info]23:38 ч. Retrieving the car by Id
[Info]23:38 ч. Retrieving the list of bookings
[Info]23:38 ч. There are 3 bookings in the fleet
[Info]23:38 ч. Retrieving the list of cars
[Info]23:38 ч. There are 6 cars in the fleet
[Info]23:38 ч. Retrieving the list of cars
[Info]23:38 ч. There are 6 cars in the fleet
[Info]23:38 ч. Retrieving the ratings by carId
[Info]23:38 ч. Retrieving the ratings by carId
[Info]23:38 ч. Retrieving the ratings by carId
[Info]23:38 ч. Retrieving the ratings by carId
[Info]23:38 ч. Retrieving the ratings by carId
[Info]23:38 ч. Retrieving the ratings by carId
[Info]23:38 ч. Retrieving the ratings by carId
[Info]23:38 ч. Retrieving the ratings by carId
[Info]23:44 ч. Retrieving the list of cars
[Info]23:44 ч. There are 6 cars in the fleet
[Info]23:44 ч. Retrieving the ratings by carId
[Info]23:44 ч. Retrieving the ratings by carId
[Info]23:44 ч. Retrieving the ratings by carId
[Info]23:44 ч. Retrieving the ratings by carId
[Info]23:44 ч. Retrieving the ratings by carId
[Info]23:44 ч. Retrieving the ratings by carId
[Info]23:44 ч. Retrieving the ratings by carId
[Info]23:44 ч. Retrieving the ratings by carId
[Info]23:44 ч. Retrieving the ratings by carId
[Info]23:44 ч. Retrieving the ratings by carId
[Info]23:44 ч. Retrieving the ratings by carId
[Info]23:44 ч. Retrieving the list of cars
[Info]23:44 ч. There are 6 cars in the fleet
[Info]23:44 ч. Retrieving the car by Id
[Info]23:44 ч. Retrieving the list of cars
[Info]23:44 ч. There are 7 cars in the fleet
[Info]23:52 ч. Retrieving the list of cars
[Info]23:52 ч. There are 7 cars in the fleet
[Info]23:57 ч. Retrieving the list of categories
[Info]23:57 ч. There are 3 categories in the fleet
[Info]23:57 ч. Retrieving the list of categories
[Info]23:57 ч. There are 3 categories in the fleet
[Info]23:58 ч. Retrieving the list of categories
[Info]23:58 ч. There are 3 categories in the fleet
[Info]23:58 ч. Retrieving the list of categories
[Info]23:58 ч. There are 3 categories in the fleet
[Info]23:58 ч. Retrieving the list of categories
[Info]23:58 ч. There are 3 categories in the fleet
[Info]23:58 ч. Retrieving the list of cars
[Info]23:58 ч. There are 6 cars in the fleet
[Info]23:58 ч. Retrieving the list of cars
[Info]23:58 ч. There are 6 cars in the fleet
[Info]23:58 ч. Retrieving the ratings by carId
[Info]23:58 ч. Retrieving the ratings by carId
[Info]23:58 ч. Retrieving the ratings by carId
[Info]23:58 ч. Retrieving the ratings by carId
[Info]23:58 ч. Retrieving the ratings by carId
[Info]23:58 ч. Retrieving the ratings by carId
[Info]23:58 ч. Retrieving the ratings by carId
[Info]23:58 ч. Retrieving the ratings by carId
[Info]23:58 ч. Retrieving the ratings by carId
[Info]23:58 ч. Retrieving the ratings by carId
[Info]23:58 ч. Retrieving the ratings by carId
[Info]23:58 ч. Retrieving the ratings by carId
[Info]23:58 ч. Retrieving the list of categories
[Info]23:58 ч. There are 3 categories in the fleet
[Info]23:58 ч. Retrieving the list of cars
[Info]23:58 ч. There are 7 cars in the fleet
[Info]23:58 ч. Retrieving the list of categories
[Info]23:58 ч. There are 3 categories in the fleet
[Info]23:58 ч. Retrieving the list of cars
[Info]23:58 ч. There are 6 cars in the fleet
[Info]23:58 ч. Retrieving the ratings by carId
[Info]23:58 ч. Retrieving the ratings by carId
[Info]23:58 ч. Retrieving the ratings by carId
[Info]23:58 ч. Retrieving the ratings by carId
[Info]23:58 ч. Retrieving the ratings by carId
[Info]23:58 ч. Retrieving the ratings by carId
[Info]23:58 ч. Retrieving the ratings by carId
[Info]23:58 ч. Retrieving the ratings by carId
[Info]23:58 ч. Retrieving the ratings by carId
[Info]23:58 ч. Retrieving the ratings by carId
