[Info]10:15 ч. Retrieving the list of categories
[Info]10:15 ч. There are 3 categories in the fleet
[Info]10:16 ч. Retrieving the list of categories
[Info]10:16 ч. There are 3 categories in the fleet
[Info]10:16 ч. Retrieving the list of categories
[Info]10:16 ч. There are 3 categories in the fleet
[Info]10:18 ч. Retrieving the list of categories
[Info]10:18 ч. There are 3 categories in the fleet
[Info]10:18 ч. Retrieving the list of categories
[Info]10:18 ч. There are 3 categories in the fleet
[Info]10:22 ч. Retrieving the list of categories
[Info]10:22 ч. There are 3 categories in the fleet
[Info]10:22 ч. Retrieving the list of categories
[Info]10:22 ч. There are 3 categories in the fleet
[Info]10:22 ч. Retrieving the list of categories
[Info]10:22 ч. There are 3 categories in the fleet
[Info]10:23 ч. Retrieving the list of categories
[Info]10:23 ч. There are 3 categories in the fleet
[Info]10:23 ч. Retrieving the list of categories
[Info]10:23 ч. There are 3 categories in the fleet
[Info]10:23 ч. Retrieving the list of categories
[Info]10:23 ч. There are 3 categories in the fleet
[Info]10:23 ч. Retrieving the list of categories
[Info]10:23 ч. There are 3 categories in the fleet
[Info]10:23 ч. Retrieving the list of categories
[Info]10:23 ч. There are 3 categories in the fleet
[Info]10:23 ч. Retrieving the list of categories
[Info]10:23 ч. There are 3 categories in the fleet
[Info]10:23 ч. Retrieving the list of categories
[Info]10:23 ч. There are 3 categories in the fleet
[Info]10:23 ч. Retrieving the list of categories
[Info]10:23 ч. There are 3 categories in the fleet
[Info]10:24 ч. Retrieving the list of categories
[Info]10:24 ч. There are 3 categories in the fleet
[Info]10:24 ч. Retrieving the list of categories
[Info]10:24 ч. There are 3 categories in the fleet
[Info]10:25 ч. Retrieving the list of categories
[Info]10:25 ч. There are 3 categories in the fleet
[Info]10:25 ч. Retrieving the list of categories
[Info]10:25 ч. There are 3 categories in the fleet
[Info]10:25 ч. Retrieving the list of categories
[Info]10:25 ч. There are 3 categories in the fleet
[Info]10:26 ч. Retrieving the list of categories
[Info]10:26 ч. There are 3 categories in the fleet
[Info]10:26 ч. Retrieving the list of categories
[Info]10:26 ч. There are 3 categories in the fleet
[Info]10:45 ч. Retrieving the list of categories
[Info]10:45 ч. There are 3 categories in the fleet
[Info]10:46 ч. Retrieving the list of categories
[Info]10:46 ч. There are 3 categories in the fleet
[Info]10:46 ч. Retrieving the list of categories
[Info]10:46 ч. There are 3 categories in the fleet
[Info]10:46 ч. Retrieving the list of categories
[Info]10:46 ч. There are 3 categories in the fleet
[Info]10:46 ч. Retrieving the list of categories
[Info]10:46 ч. There are 3 categories in the fleet
[Info]10:47 ч. Retrieving the list of categories
[Info]10:47 ч. There are 3 categories in the fleet
[Info]10:47 ч. Retrieving the list of categories
[Info]10:47 ч. There are 3 categories in the fleet
[Info]10:48 ч. Retrieving the list of categories
[Info]10:48 ч. There are 3 categories in the fleet
[Info]10:48 ч. Retrieving the list of categories
[Info]10:48 ч. There are 3 categories in the fleet
[Info]10:49 ч. Retrieving the list of categories
[Info]10:49 ч. There are 3 categories in the fleet
[Info]10:49 ч. Retrieving the list of categories
[Info]10:49 ч. There are 3 categories in the fleet
[Info]10:50 ч. Retrieving the list of categories
[Info]10:50 ч. There are 3 categories in the fleet
[Info]10:50 ч. Retrieving the list of categories
[Info]10:50 ч. There are 3 categories in the fleet
[Info]10:50 ч. Retrieving the list of categories
[Info]10:50 ч. There are 3 categories in the fleet
[Info]10:51 ч. Retrieving the list of categories
[Info]10:51 ч. There are 3 categories in the fleet
[Info]10:51 ч. Retrieving the list of categories
[Info]10:51 ч. There are 3 categories in the fleet
[Info]10:52 ч. Retrieving the list of categories
[Info]10:52 ч. There are 3 categories in the fleet
[Info]10:52 ч. Retrieving the list of categories
[Info]10:52 ч. There are 3 categories in the fleet
[Info]10:52 ч. Retrieving the list of categories
[Info]10:52 ч. There are 3 categories in the fleet
[Info]10:52 ч. Retrieving the list of categories
[Info]10:52 ч. There are 3 categories in the fleet
[Info]10:53 ч. Retrieving the list of categories
[Info]10:53 ч. There are 3 categories in the fleet
[Info]10:53 ч. Retrieving the list of categories
[Info]10:53 ч. There are 3 categories in the fleet
[Info]10:53 ч. Retrieving the list of categories
[Info]10:53 ч. There are 3 categories in the fleet
[Info]10:53 ч. Retrieving the list of categories
[Info]10:53 ч. There are 3 categories in the fleet
[Info]10:53 ч. Retrieving the list of categories
[Info]10:53 ч. There are 3 categories in the fleet
[Info]10:54 ч. Retrieving the list of categories
[Info]10:54 ч. There are 3 categories in the fleet
[Info]10:54 ч. Retrieving the list of categories
[Info]10:54 ч. There are 3 categories in the fleet
[Info]10:55 ч. Retrieving the list of categories
[Info]10:55 ч. There are 3 categories in the fleet
[Info]10:55 ч. Retrieving the list of categories
[Info]10:55 ч. There are 3 categories in the fleet
[Info]10:55 ч. Retrieving the list of categories
[Info]10:55 ч. There are 3 categories in the fleet
[Info]10:56 ч. Retrieving the list of categories
[Info]10:56 ч. There are 3 categories in the fleet
[Info]10:56 ч. Retrieving the list of categories
[Info]10:56 ч. There are 3 categories in the fleet
[Info]10:56 ч. Retrieving the list of categories
[Info]10:56 ч. There are 3 categories in the fleet
[Info]10:56 ч. Retrieving the list of categories
[Info]10:56 ч. There are 3 categories in the fleet
[Info]10:57 ч. Retrieving the list of categories
[Info]10:57 ч. There are 3 categories in the fleet
[Info]10:57 ч. Retrieving the list of categories
[Info]10:57 ч. There are 3 categories in the fleet
[Info]10:57 ч. Retrieving the list of categories
[Info]10:57 ч. There are 3 categories in the fleet
[Info]10:57 ч. Retrieving the list of categories
[Info]10:57 ч. There are 3 categories in the fleet
[Info]10:59 ч. Retrieving the list of categories
[Info]10:59 ч. There are 3 categories in the fleet
[Info]11:00 ч. Retrieving the list of categories
[Info]11:00 ч. There are 3 categories in the fleet
[Info]11:00 ч. Retrieving the list of categories
[Info]11:00 ч. There are 3 categories in the fleet
[Info]11:00 ч. Retrieving the list of categories
[Info]11:00 ч. There are 3 categories in the fleet
[Info]11:00 ч. Retrieving the list of categories
[Info]11:00 ч. There are 3 categories in the fleet
[Info]11:00 ч. Retrieving the list of categories
[Info]11:00 ч. There are 3 categories in the fleet
[Info]11:00 ч. Retrieving the list of categories
[Info]11:00 ч. There are 3 categories in the fleet
[Info]11:00 ч. Retrieving the list of categories
[Info]11:00 ч. There are 3 categories in the fleet
[Info]11:01 ч. Retrieving the list of categories
[Info]11:01 ч. There are 3 categories in the fleet
[Info]11:01 ч. Retrieving the list of categories
[Info]11:01 ч. There are 3 categories in the fleet
[Info]11:01 ч. Retrieving the list of categories
[Info]11:01 ч. There are 3 categories in the fleet
[Info]11:01 ч. Retrieving the list of categories
[Info]11:01 ч. There are 3 categories in the fleet
[Info]11:01 ч. Retrieving the list of categories
[Info]11:01 ч. There are 3 categories in the fleet
[Info]11:02 ч. Retrieving the list of categories
[Info]11:02 ч. There are 3 categories in the fleet
[Info]11:03 ч. Retrieving the list of categories
[Info]11:03 ч. There are 3 categories in the fleet
[Info]11:04 ч. Retrieving the list of categories
[Info]11:04 ч. There are 3 categories in the fleet
[Info]11:04 ч. Retrieving the list of categories
[Info]11:04 ч. There are 3 categories in the fleet
[Info]11:05 ч. Retrieving the list of categories
[Info]11:05 ч. There are 3 categories in the fleet
[Info]11:07 ч. Retrieving the list of categories
[Info]11:07 ч. There are 3 categories in the fleet
[Info]11:07 ч. Retrieving the list of categories
[Info]11:07 ч. There are 3 categories in the fleet
[Info]11:08 ч. Retrieving the list of categories
[Info]11:08 ч. There are 3 categories in the fleet
[Info]11:08 ч. Retrieving the list of categories
[Info]11:08 ч. There are 3 categories in the fleet
[Info]11:09 ч. Retrieving the list of categories
[Info]11:09 ч. There are 3 categories in the fleet
[Info]11:09 ч. Retrieving the list of categories
[Info]11:09 ч. There are 3 categories in the fleet
[Info]11:09 ч. Retrieving the list of categories
[Info]11:09 ч. There are 3 categories in the fleet
[Info]11:09 ч. Retrieving the list of categories
[Info]11:09 ч. There are 3 categories in the fleet
[Info]11:09 ч. Retrieving the list of categories
[Info]11:09 ч. There are 3 categories in the fleet
[Info]11:09 ч. Retrieving the list of categories
[Info]11:09 ч. There are 3 categories in the fleet
[Info]11:10 ч. Retrieving the list of categories
[Info]11:10 ч. There are 3 categories in the fleet
[Info]11:10 ч. Retrieving the list of categories
[Info]11:10 ч. There are 3 categories in the fleet
[Info]11:10 ч. Retrieving the list of categories
[Info]11:10 ч. There are 3 categories in the fleet
[Info]11:11 ч. Retrieving the list of categories
[Info]11:11 ч. There are 3 categories in the fleet
[Info]11:11 ч. Retrieving the list of categories
[Info]11:11 ч. There are 3 categories in the fleet
[Info]11:12 ч. Retrieving the list of categories
[Info]11:12 ч. There are 3 categories in the fleet
[Info]11:12 ч. Retrieving the list of categories
[Info]11:12 ч. There are 3 categories in the fleet
[Info]11:13 ч. Retrieving the list of categories
[Info]11:13 ч. There are 3 categories in the fleet
[Info]11:13 ч. Retrieving the list of categories
[Info]11:13 ч. There are 3 categories in the fleet
[Info]11:13 ч. Retrieving the list of categories
[Info]11:13 ч. There are 3 categories in the fleet
[Info]11:22 ч. Retrieving the list of categories
[Info]11:22 ч. There are 3 categories in the fleet
[Info]11:22 ч. Retrieving the list of categories
[Info]11:22 ч. There are 3 categories in the fleet
[Info]11:22 ч. Retrieving the list of categories
[Info]11:22 ч. There are 3 categories in the fleet
[Info]11:23 ч. Retrieving the list of categories
[Info]11:23 ч. There are 3 categories in the fleet
[Info]11:25 ч. Retrieving the list of categories
[Info]11:25 ч. There are 3 categories in the fleet
[Info]11:25 ч. Retrieving the list of categories
[Info]11:25 ч. There are 3 categories in the fleet
[Info]11:25 ч. Retrieving the list of categories
[Info]11:25 ч. There are 3 categories in the fleet
[Info]11:25 ч. Retrieving the list of categories
[Info]11:25 ч. There are 3 categories in the fleet
[Info]11:26 ч. Retrieving the list of categories
[Info]11:26 ч. There are 3 categories in the fleet
[Info]11:26 ч. Retrieving the list of categories
[Info]11:26 ч. There are 3 categories in the fleet
[Info]11:27 ч. Retrieving the list of categories
[Info]11:27 ч. There are 3 categories in the fleet
[Info]11:27 ч. Retrieving the list of categories
[Info]11:27 ч. There are 3 categories in the fleet
[Info]11:30 ч. Retrieving the list of categories
[Info]11:30 ч. There are 3 categories in the fleet
[Info]11:30 ч. Retrieving the list of categories
[Info]11:30 ч. There are 3 categories in the fleet
[Info]11:31 ч. Retrieving the list of categories
[Info]11:31 ч. There are 3 categories in the fleet
[Info]11:31 ч. Retrieving the list of categories
[Info]11:31 ч. There are 3 categories in the fleet
[Info]12:34 ч. Retrieving the list of categories
[Info]12:34 ч. There are 3 categories in the fleet
[Info]12:34 ч. Retrieving the list of categories
[Info]12:34 ч. There are 3 categories in the fleet
[Info]12:34 ч. Retrieving the list of categories
[Info]12:34 ч. There are 3 categories in the fleet
[Info]12:34 ч. Retrieving the list of categories
[Info]12:34 ч. There are 3 categories in the fleet
[Info]12:35 ч. Retrieving the list of categories
[Info]12:35 ч. There are 3 categories in the fleet
[Info]12:35 ч. Retrieving the list of categories
[Info]12:35 ч. There are 3 categories in the fleet
[Info]12:36 ч. Retrieving the list of categories
[Info]12:36 ч. There are 3 categories in the fleet
[Info]12:36 ч. Retrieving the list of categories
[Info]12:36 ч. There are 3 categories in the fleet
[Info]12:36 ч. Retrieving the list of categories
[Info]12:36 ч. There are 3 categories in the fleet
[Info]12:36 ч. Retrieving the list of categories
[Info]12:36 ч. There are 3 categories in the fleet
[Info]12:36 ч. Retrieving the list of categories
[Info]12:36 ч. There are 3 categories in the fleet
[Info]12:36 ч. Retrieving the list of categories
[Info]12:36 ч. There are 3 categories in the fleet
[Info]12:37 ч. Retrieving the list of categories
[Info]12:37 ч. There are 3 categories in the fleet
[Info]12:37 ч. Retrieving the list of categories
[Info]12:37 ч. There are 3 categories in the fleet
[Info]12:39 ч. Retrieving the list of categories
[Info]12:39 ч. There are 3 categories in the fleet
[Info]12:39 ч. Retrieving the list of categories
[Info]12:39 ч. There are 3 categories in the fleet
[Info]12:39 ч. Retrieving the list of categories
[Info]12:39 ч. There are 3 categories in the fleet
[Info]12:41 ч. Retrieving the list of categories
[Info]12:41 ч. There are 3 categories in the fleet
[Info]12:41 ч. Retrieving the list of categories
[Info]12:41 ч. There are 3 categories in the fleet
[Info]12:41 ч. Retrieving the list of categories
[Info]12:41 ч. There are 3 categories in the fleet
[Info]12:42 ч. Retrieving the list of categories
[Info]12:42 ч. There are 3 categories in the fleet
[Info]12:42 ч. Retrieving the list of categories
[Info]12:42 ч. There are 3 categories in the fleet
[Info]12:43 ч. Retrieving the list of categories
[Info]12:43 ч. There are 3 categories in the fleet
[Info]12:44 ч. Retrieving the list of categories
[Info]12:44 ч. There are 3 categories in the fleet
[Info]12:44 ч. Retrieving the list of categories
[Info]12:44 ч. There are 3 categories in the fleet
[Info]12:44 ч. Retrieving the list of categories
[Info]12:44 ч. There are 3 categories in the fleet
[Info]12:45 ч. Retrieving the list of categories
[Info]12:45 ч. There are 3 categories in the fleet
[Info]12:45 ч. Retrieving the list of categories
[Info]12:45 ч. There are 3 categories in the fleet
[Info]12:45 ч. Retrieving the list of categories
[Info]12:45 ч. There are 3 categories in the fleet
[Info]12:45 ч. Retrieving the list of cars
[Info]12:45 ч. There are 2 cars in the fleet
[Info]12:46 ч. Retrieving the list of categories
[Info]12:46 ч. There are 3 categories in the fleet
[Info]12:47 ч. Retrieving the list of categories
[Info]12:47 ч. There are 3 categories in the fleet
[Info]12:47 ч. Retrieving the list of cars
[Info]12:47 ч. There are 2 cars in the fleet
[Info]12:51 ч. Toyota Auris was created  at 12:51:17.0876868
[Info]12:52 ч. Retrieving the list of categories
[Info]12:52 ч. There are 3 categories in the fleet
[Info]12:52 ч. Retrieving the list of categories
[Info]12:52 ч. There are 3 categories in the fleet
[Info]12:52 ч. Retrieving the list of categories
[Info]12:52 ч. There are 3 categories in the fleet
[Info]12:53 ч. Retrieving the list of cars
[Info]12:53 ч. There are 3 cars in the fleet
[Info]12:57 ч. Retrieving the list of categories
[Info]12:57 ч. There are 3 categories in the fleet
[Info]12:57 ч. Retrieving the list of categories
[Info]12:57 ч. There are 3 categories in the fleet
[Info]12:58 ч. Retrieving the list of categories
[Info]12:58 ч. There are 3 categories in the fleet
[Info]12:59 ч. Retrieving the list of categories
[Info]12:59 ч. There are 3 categories in the fleet
[Info]13:00 ч. Retrieving the list of categories
[Info]13:00 ч. There are 3 categories in the fleet
[Info]13:01 ч. Retrieving the list of categories
[Info]13:01 ч. There are 3 categories in the fleet
[Info]13:02 ч. Retrieving the list of categories
[Info]13:02 ч. There are 3 categories in the fleet
[Info]13:02 ч. Retrieving the list of categories
[Info]13:02 ч. There are 3 categories in the fleet
[Info]13:02 ч. Retrieving the list of categories
[Info]13:02 ч. There are 3 categories in the fleet
[Info]13:02 ч. Retrieving the list of categories
[Info]13:02 ч. There are 3 categories in the fleet
[Info]13:03 ч. Retrieving the list of categories
[Info]13:03 ч. There are 3 categories in the fleet
[Info]13:03 ч. Retrieving the list of categories
[Info]13:03 ч. There are 3 categories in the fleet
[Info]13:04 ч. Retrieving the list of categories
[Info]13:04 ч. There are 3 categories in the fleet
[Info]13:04 ч. Retrieving the list of categories
[Info]13:04 ч. There are 3 categories in the fleet
[Info]13:04 ч. Retrieving the list of categories
[Info]13:04 ч. There are 3 categories in the fleet
[Info]13:04 ч. Retrieving the list of cars
[Info]13:04 ч. There are 3 cars in the fleet
[Info]13:05 ч. Retrieving the list of categories
[Info]13:05 ч. There are 3 categories in the fleet
[Info]13:05 ч. Retrieving the list of categories
[Info]13:05 ч. There are 3 categories in the fleet
[Info]13:05 ч. Retrieving the list of categories
[Info]13:05 ч. There are 3 categories in the fleet
[Info]13:06 ч. Retrieving the list of categories
[Info]13:06 ч. There are 3 categories in the fleet
[Info]13:06 ч. Retrieving the list of cars
[Info]13:06 ч. There are 3 cars in the fleet
[Info]13:07 ч. Retrieving the list of categories
[Info]13:07 ч. There are 3 categories in the fleet
[Info]13:07 ч. Retrieving the list of categories
[Info]13:07 ч. There are 3 categories in the fleet
[Info]13:08 ч. Retrieving the list of cars
[Info]13:08 ч. There are 3 cars in the fleet
[Info]13:12 ч. Retrieving the list of categories
[Info]13:12 ч. There are 3 categories in the fleet
[Info]13:12 ч. Retrieving the list of cars
[Info]13:12 ч. There are 3 cars in the fleet
[Info]13:13 ч. Retrieving the list of categories
[Info]13:13 ч. There are 3 categories in the fleet
[Info]13:13 ч. Retrieving the list of categories
[Info]13:13 ч. There are 3 categories in the fleet
[Info]13:14 ч. Retrieving the list of categories
[Info]13:14 ч. There are 3 categories in the fleet
[Info]13:15 ч. Retrieving the list of categories
[Info]13:15 ч. There are 3 categories in the fleet
[Info]13:15 ч. Retrieving the list of categories
[Info]13:15 ч. There are 3 categories in the fleet
[Info]13:16 ч. Retrieving the list of categories
[Info]13:16 ч. There are 3 categories in the fleet
[Info]13:16 ч. Retrieving the list of categories
[Info]13:16 ч. There are 3 categories in the fleet
[Info]13:16 ч. Retrieving the list of cars
[Info]13:16 ч. There are 3 cars in the fleet
[Info]13:17 ч. Retrieving the list of categories
[Info]13:17 ч. There are 3 categories in the fleet
[Info]13:17 ч. Retrieving the list of categories
[Info]13:17 ч. There are 3 categories in the fleet
[Info]13:18 ч. Retrieving the list of cars
[Info]13:18 ч. There are 3 cars in the fleet
[Info]13:19 ч. Retrieving the list of categories
[Info]13:19 ч. There are 3 categories in the fleet
[Info]13:19 ч. Retrieving the list of categories
[Info]13:19 ч. There are 3 categories in the fleet
[Info]13:19 ч. Retrieving the list of categories
[Info]13:19 ч. There are 3 categories in the fleet
[Info]13:20 ч. Retrieving the list of cars
[Info]13:20 ч. There are 3 cars in the fleet
[Info]13:21 ч. Retrieving the list of cars
[Info]13:21 ч. There are 3 cars in the fleet
[Info]13:23 ч. Retrieving the list of categories
[Info]13:23 ч. There are 3 categories in the fleet
[Info]13:24 ч. Retrieving the list of cars
[Info]13:24 ч. There are 3 cars in the fleet
[Info]13:27 ч. Retrieving the list of cars
[Info]13:27 ч. There are 4 cars in the fleet
[Info]13:27 ч. Retrieving the list of categories
[Info]13:27 ч. There are 3 categories in the fleet
[Info]13:28 ч. Retrieving the list of cars
[Info]13:28 ч. There are 3 cars in the fleet
[Info]13:29 ч. Retrieving the list of cars
[Info]13:29 ч. There are 3 cars in the fleet
[Info]13:31 ч. Retrieving the list of categories
[Info]13:31 ч. There are 3 categories in the fleet
[Info]13:38 ч. Retrieving the list of categories
[Info]13:38 ч. There are 3 categories in the fleet
[Info]13:49 ч. Retrieving the list of categories
[Info]13:49 ч. There are 3 categories in the fleet
[Info]13:52 ч. Retrieving the list of categories
[Info]13:52 ч. There are 3 categories in the fleet
[Info]13:52 ч. Retrieving the list of categories
[Info]13:52 ч. There are 3 categories in the fleet
[Info]13:52 ч. Retrieving the list of categories
[Info]13:52 ч. There are 3 categories in the fleet
[Info]13:52 ч. Retrieving the list of categories
[Info]13:52 ч. There are 3 categories in the fleet
[Info]13:52 ч. Retrieving the list of categories
[Info]13:52 ч. There are 3 categories in the fleet
[Info]13:52 ч. Retrieving the list of categories
[Info]13:52 ч. There are 3 categories in the fleet
[Info]13:54 ч. Retrieving the list of categories
[Info]13:54 ч. There are 3 categories in the fleet
[Info]13:54 ч. Retrieving the list of categories
[Info]13:54 ч. There are 3 categories in the fleet
[Info]13:54 ч. Retrieving the list of categories
[Info]13:54 ч. There are 3 categories in the fleet
[Info]13:55 ч. Retrieving the list of categories
[Info]13:55 ч. There are 3 categories in the fleet
[Info]13:57 ч. Retrieving the list of categories
[Info]13:57 ч. There are 3 categories in the fleet
[Info]13:57 ч. Retrieving the list of categories
[Info]13:57 ч. There are 3 categories in the fleet
[Info]13:57 ч. Retrieving the list of categories
[Info]13:57 ч. There are 3 categories in the fleet
[Info]13:57 ч. Retrieving the list of categories
[Info]13:57 ч. There are 3 categories in the fleet
[Info]13:58 ч. Toyota Auris was created  at 13:58:40.5121959
[Info]13:59 ч. Retrieving the list of categories
[Info]13:59 ч. There are 3 categories in the fleet
[Info]13:59 ч. Retrieving the list of categories
[Info]13:59 ч. There are 3 categories in the fleet
[Info]14:00 ч. Retrieving the list of categories
[Info]14:00 ч. There are 3 categories in the fleet
[Info]14:00 ч. Retrieving the list of categories
[Info]14:00 ч. There are 3 categories in the fleet
[Info]14:00 ч. Retrieving the list of categories
[Info]14:00 ч. There are 3 categories in the fleet
[Info]14:00 ч. Retrieving the list of categories
[Info]14:00 ч. There are 3 categories in the fleet
[Info]14:05 ч. Retrieving the list of categories
[Info]14:05 ч. There are 3 categories in the fleet
[Info]14:07 ч. Retrieving the list of categories
[Info]14:07 ч. There are 3 categories in the fleet
[Info]14:07 ч. Retrieving the list of categories
[Info]14:07 ч. There are 3 categories in the fleet
[Info]14:07 ч. Retrieving the list of categories
[Info]14:07 ч. There are 3 categories in the fleet
[Info]14:08 ч. Retrieving the list of categories
[Info]14:08 ч. There are 3 categories in the fleet
[Info]14:08 ч. Retrieving the list of categories
[Info]14:08 ч. There are 3 categories in the fleet
[Info]14:09 ч. Retrieving the list of cars
[Info]14:09 ч. There are 4 cars in the fleet
[Info]14:09 ч. Retrieving the list of cars
[Info]14:09 ч. There are 4 cars in the fleet
[Info]14:09 ч. Retrieving the list of categories
[Info]14:09 ч. There are 3 categories in the fleet
[Info]14:10 ч. Retrieving the list of categories
[Info]14:10 ч. There are 3 categories in the fleet
[Info]14:11 ч. Retrieving the list of categories
[Info]14:11 ч. There are 3 categories in the fleet
[Info]14:11 ч. Retrieving the list of categories
[Info]14:11 ч. There are 3 categories in the fleet
[Info]14:11 ч. Retrieving the list of categories
[Info]14:11 ч. There are 3 categories in the fleet
[Info]14:12 ч. Retrieving the list of categories
[Info]14:12 ч. There are 3 categories in the fleet
[Info]14:12 ч. Retrieving the list of categories
[Info]14:12 ч. There are 3 categories in the fleet
[Info]14:14 ч. Retrieving the list of categories
[Info]14:14 ч. There are 3 categories in the fleet
[Info]14:14 ч. Retrieving the list of categories
[Info]14:14 ч. There are 3 categories in the fleet
[Info]14:14 ч. Retrieving the list of categories
[Info]14:14 ч. There are 3 categories in the fleet
[Info]14:15 ч. Retrieving the list of categories
[Info]14:15 ч. There are 3 categories in the fleet
[Info]14:15 ч. Retrieving the list of categories
[Info]14:15 ч. There are 3 categories in the fleet
[Info]14:15 ч. Retrieving the list of categories
[Info]14:15 ч. There are 3 categories in the fleet
[Info]14:17 ч. Retrieving the list of categories
[Info]14:17 ч. There are 3 categories in the fleet
[Info]14:17 ч. Retrieving the list of categories
[Info]14:17 ч. There are 3 categories in the fleet
[Info]14:17 ч. Retrieving the list of categories
[Info]14:17 ч. There are 3 categories in the fleet
[Info]14:17 ч. Retrieving the list of categories
[Info]14:17 ч. There are 3 categories in the fleet
[Info]14:17 ч. Retrieving the list of categories
[Info]14:17 ч. There are 3 categories in the fleet
[Info]14:17 ч. Retrieving the list of categories
[Info]14:17 ч. There are 3 categories in the fleet
[Info]14:17 ч. Retrieving the list of categories
[Info]14:17 ч. There are 3 categories in the fleet
[Info]14:18 ч. Retrieving the list of categories
[Info]14:18 ч. There are 3 categories in the fleet
[Info]14:18 ч. Retrieving the list of categories
[Info]14:18 ч. There are 3 categories in the fleet
[Info]14:18 ч. Retrieving the list of categories
[Info]14:18 ч. There are 3 categories in the fleet
[Info]14:19 ч. Retrieving the list of categories
[Info]14:19 ч. There are 3 categories in the fleet
[Info]14:19 ч. Retrieving the list of categories
[Info]14:19 ч. There are 3 categories in the fleet
[Info]14:19 ч. Retrieving the list of categories
[Info]14:19 ч. There are 3 categories in the fleet
[Info]14:19 ч. Retrieving the list of categories
[Info]14:19 ч. There are 3 categories in the fleet
[Info]14:21 ч. Retrieving the list of categories
[Info]14:21 ч. There are 3 categories in the fleet
[Info]14:23 ч. Retrieving the list of categories
[Info]14:23 ч. There are 3 categories in the fleet
[Info]14:24 ч. Retrieving the list of categories
[Info]14:24 ч. There are 3 categories in the fleet
[Info]14:24 ч. Retrieving the list of categories
[Info]14:24 ч. There are 3 categories in the fleet
[Info]14:25 ч. Retrieving the list of categories
[Info]14:25 ч. There are 3 categories in the fleet
[Info]14:25 ч. Retrieving the list of categories
[Info]14:25 ч. There are 3 categories in the fleet
[Info]14:27 ч. Retrieving the list of categories
[Info]14:27 ч. There are 3 categories in the fleet
[Info]14:27 ч. Retrieving the list of categories
[Info]14:27 ч. There are 3 categories in the fleet
[Info]14:28 ч. Retrieving the list of categories
[Info]14:28 ч. There are 3 categories in the fleet
[Info]14:28 ч. Retrieving the list of categories
[Info]14:28 ч. There are 3 categories in the fleet
[Info]14:28 ч. Retrieving the list of categories
[Info]14:28 ч. There are 3 categories in the fleet
[Info]14:35 ч. Retrieving the list of categories
[Info]14:35 ч. There are 3 categories in the fleet
[Info]14:36 ч. Retrieving the list of categories
[Info]14:36 ч. There are 3 categories in the fleet
[Info]14:36 ч. Retrieving the list of categories
[Info]14:36 ч. There are 3 categories in the fleet
[Info]14:37 ч. Retrieving the list of categories
[Info]14:37 ч. There are 3 categories in the fleet
[Info]14:37 ч. Retrieving the list of categories
[Info]14:37 ч. There are 3 categories in the fleet
[Info]14:38 ч. Retrieving the list of categories
[Info]14:38 ч. There are 3 categories in the fleet
[Info]14:39 ч. Retrieving the list of categories
[Info]14:39 ч. There are 3 categories in the fleet
[Info]14:52 ч. Retrieving the list of categories
[Info]14:52 ч. There are 3 categories in the fleet
[Info]14:52 ч. Retrieving the list of categories
[Info]14:52 ч. There are 3 categories in the fleet
[Info]14:53 ч. Retrieving the list of categories
[Info]14:53 ч. There are 3 categories in the fleet
[Info]14:53 ч. Retrieving the list of categories
[Info]14:53 ч. There are 3 categories in the fleet
[Info]14:53 ч. Retrieving the list of categories
[Info]14:53 ч. There are 3 categories in the fleet
[Info]14:53 ч. Retrieving the list of categories
[Info]14:53 ч. There are 3 categories in the fleet
[Info]14:53 ч. Retrieving the list of categories
[Info]14:53 ч. There are 3 categories in the fleet
[Info]14:54 ч. Retrieving the list of categories
[Info]14:54 ч. There are 3 categories in the fleet
[Info]14:55 ч. Retrieving the list of categories
[Info]14:55 ч. There are 3 categories in the fleet
[Info]14:55 ч. Retrieving the list of categories
[Info]14:55 ч. There are 3 categories in the fleet
[Info]14:55 ч. Retrieving the list of categories
[Info]14:55 ч. There are 3 categories in the fleet
[Info]14:56 ч. Retrieving the list of categories
[Info]14:56 ч. There are 3 categories in the fleet
[Info]14:57 ч. Retrieving the list of categories
[Info]14:57 ч. There are 3 categories in the fleet
[Info]14:57 ч. Retrieving the list of categories
[Info]14:57 ч. There are 3 categories in the fleet
[Info]14:57 ч. Retrieving the list of categories
[Info]14:57 ч. There are 3 categories in the fleet
[Info]14:58 ч. Retrieving the list of categories
[Info]14:58 ч. There are 3 categories in the fleet
[Info]14:58 ч. Retrieving the list of categories
[Info]14:58 ч. There are 3 categories in the fleet
[Info]14:58 ч. Retrieving the list of categories
[Info]14:58 ч. There are 3 categories in the fleet
[Info]14:59 ч. Retrieving the list of categories
[Info]14:59 ч. There are 3 categories in the fleet
[Info]15:00 ч. Retrieving the list of categories
[Info]15:00 ч. There are 3 categories in the fleet
[Info]15:00 ч. Retrieving the list of categories
[Info]15:00 ч. There are 3 categories in the fleet
[Info]15:01 ч. Retrieving the list of categories
[Info]15:01 ч. There are 3 categories in the fleet
[Info]15:02 ч. Retrieving the list of categories
[Info]15:02 ч. There are 3 categories in the fleet
[Info]15:02 ч. Retrieving the list of categories
[Info]15:02 ч. There are 3 categories in the fleet
[Info]15:02 ч. Retrieving the list of categories
[Info]15:02 ч. There are 3 categories in the fleet
[Info]15:02 ч. Retrieving the list of categories
[Info]15:02 ч. There are 3 categories in the fleet
[Info]15:03 ч. Retrieving the list of categories
[Info]15:03 ч. There are 3 categories in the fleet
[Info]15:03 ч. Retrieving the list of categories
[Info]15:03 ч. There are 3 categories in the fleet
[Info]15:18 ч. Retrieving the list of categories
[Info]15:18 ч. There are 3 categories in the fleet
[Info]15:21 ч. Retrieving the list of categories
[Info]15:21 ч. There are 3 categories in the fleet
[Info]15:22 ч. Retrieving the list of categories
[Info]15:22 ч. There are 3 categories in the fleet
[Info]15:22 ч. Retrieving the list of categories
[Info]15:22 ч. There are 3 categories in the fleet
[Info]15:22 ч. Retrieving the list of cars
[Info]15:22 ч. There are 4 cars in the fleet
[Info]15:22 ч. Retrieving the list of categories
[Info]15:22 ч. There are 3 categories in the fleet
[Info]15:22 ч. Retrieving the list of cars
[Info]15:22 ч. There are 4 cars in the fleet
[Info]15:22 ч. Retrieving the list of categories
[Info]15:22 ч. There are 3 categories in the fleet
[Info]15:23 ч. Retrieving the list of cars
[Info]15:23 ч. There are 4 cars in the fleet
[Info]15:23 ч. Retrieving the list of categories
[Info]15:23 ч. There are 3 categories in the fleet
[Info]15:24 ч. Retrieving the list of categories
[Info]15:24 ч. There are 3 categories in the fleet
[Info]15:44 ч. Retrieving the list of categories
[Info]15:44 ч. There are 3 categories in the fleet
[Info]15:44 ч. Retrieving the list of categories
[Info]15:44 ч. There are 3 categories in the fleet
[Info]15:44 ч. Retrieving the list of categories
[Info]15:44 ч. There are 3 categories in the fleet
[Info]15:50 ч. Retrieving the list of categories
[Info]15:50 ч. There are 3 categories in the fleet
[Info]15:50 ч. Retrieving the list of categories
[Info]15:50 ч. There are 3 categories in the fleet
[Info]15:51 ч. Retrieving the list of categories
[Info]15:51 ч. There are 3 categories in the fleet
[Info]15:51 ч. Retrieving the list of categories
[Info]15:51 ч. There are 3 categories in the fleet
[Info]15:53 ч. Retrieving the list of categories
[Info]15:53 ч. There are 3 categories in the fleet
[Info]15:53 ч. Retrieving the list of categories
[Info]15:53 ч. There are 3 categories in the fleet
[Info]15:54 ч. Retrieving the list of categories
[Info]15:54 ч. There are 3 categories in the fleet
[Info]15:55 ч. Retrieving the list of categories
[Info]15:55 ч. There are 3 categories in the fleet
[Info]15:55 ч. Retrieving the list of categories
[Info]15:55 ч. There are 3 categories in the fleet
[Info]15:56 ч. Retrieving the list of categories
[Info]15:56 ч. There are 3 categories in the fleet
[Info]15:56 ч. Retrieving the list of categories
[Info]15:56 ч. There are 3 categories in the fleet
[Info]15:56 ч. Retrieving the list of categories
[Info]15:56 ч. There are 3 categories in the fleet
[Info]15:57 ч. Retrieving the list of categories
[Info]15:57 ч. There are 3 categories in the fleet
[Info]15:58 ч. Retrieving the list of categories
[Info]15:58 ч. There are 3 categories in the fleet
[Info]16:05 ч. Retrieving the list of categories
[Info]16:05 ч. There are 3 categories in the fleet
[Info]16:06 ч. Retrieving the list of categories
[Info]16:06 ч. There are 3 categories in the fleet
[Info]16:07 ч. Retrieving the list of categories
[Info]16:07 ч. Retrieving the list of categories
[Info]16:07 ч. There are 3 categories in the fleet
[Info]16:07 ч. Retrieving the list of categories
[Info]16:07 ч. There are 3 categories in the fleet
[Info]16:08 ч. Retrieving the list of categories
[Info]16:08 ч. There are 3 categories in the fleet
[Info]16:09 ч. Toyota Auris was created  at 16:09:15.9413252
[Info]16:09 ч. Retrieving the list of categories
[Info]16:09 ч. There are 3 categories in the fleet
[Info]16:10 ч. Retrieving the list of categories
[Info]16:16 ч. Retrieving the list of categories
[Info]16:16 ч. Retrieving the list of categories
[Info]16:16 ч. There are 3 categories in the fleet
[Info]16:16 ч. Retrieving the list of categories
[Info]16:16 ч. There are 3 categories in the fleet
[Info]16:17 ч. Renault Clio was created  at 16:17:10.5417992
[Info]16:17 ч. Retrieving the list of cars
[Info]16:17 ч. There are 6 cars in the fleet
[Info]16:17 ч. Retrieving the car by Id
[Info]16:18 ч. Retrieving the car by Id
[Info]17:59 ч. Retrieving the list of cars
[Info]17:59 ч. There are 6 cars in the fleet
[Info]17:59 ч. Retrieving the ratings by carId
[Info]17:59 ч. Retrieving the ratings by carId
[Info]17:59 ч. Retrieving the ratings by carId
[Info]17:59 ч. Retrieving the ratings by carId
[Info]18:10 ч. Retrieving the list of cars
[Info]18:10 ч. There are 6 cars in the fleet
[Info]18:13 ч. Retrieving the list of cars
[Info]18:13 ч. There are 6 cars in the fleet
[Info]18:13 ч. Retrieving the car by Id
[Info]18:15 ч. Retrieving the car by Id
[Info]18:15 ч. Retrieving the car by Id
[Info]18:15 ч. Retrieving the car by Id
[Info]18:15 ч. Retrieving the car by Id
[Info]18:16 ч. Retrieving the car by Id
[Info]18:16 ч. Retrieving the car by Id
[Info]18:16 ч. Retrieving the car by Id
[Info]18:16 ч. Retrieving the car by Id
[Info]18:18 ч. Retrieving the car by Id
[Info]18:18 ч. Retrieving the car by Id
[Info]18:18 ч. Retrieving the list of categories
[Info]18:18 ч. There are 3 categories in the fleet
[Info]18:18 ч. Retrieving the car by Id
[Info]18:18 ч. Retrieving the car by Id
[Info]18:19 ч. Retrieving the car by Id
[Info]18:19 ч. Retrieving the car by Id
[Info]18:20 ч. Retrieving the car by Id
[Info]18:21 ч. Retrieving the car by Id
[Info]18:21 ч. Retrieving the car by Id
[Info]18:21 ч. Retrieving the car by Id
[Info]18:21 ч. Retrieving the car by Id
[Info]18:21 ч. Retrieving the car by Id
[Info]18:21 ч. Retrieving the list of categories
[Info]18:21 ч. There are 3 categories in the fleet
[Info]18:21 ч. Retrieving the car by Id
[Info]18:24 ч. Retrieving the car by Id
[Info]18:25 ч. Retrieving the car by Id
[Info]18:25 ч. Retrieving the car by Id
[Info]18:25 ч. Retrieving the car by Id
[Info]18:26 ч. Retrieving the list of cars
[Info]18:26 ч. There are 6 cars in the fleet
[Info]18:26 ч. Retrieving the ratings by carId
[Info]18:26 ч. Retrieving the ratings by carId
[Info]18:26 ч. Retrieving the ratings by carId
[Info]18:26 ч. Retrieving the ratings by carId
[Info]18:26 ч. Retrieving the ratings by carId
[Info]18:26 ч. Retrieving the ratings by carId
[Info]18:26 ч. Retrieving the ratings by carId
[Info]18:26 ч. Retrieving the ratings by carId
[Info]18:26 ч. Retrieving the ratings by carId
[Info]18:26 ч. Retrieving the ratings by carId
[Info]18:26 ч. Retrieving the ratings by carId
[Info]18:26 ч. Retrieving the ratings by carId
[Info]18:29 ч. Retrieving the ratings by carId
[Info]18:29 ч. Retrieving the ratings by carId
[Info]18:29 ч. Retrieving the ratings by carId
[Info]18:29 ч. Retrieving the ratings by carId
[Info]18:29 ч. Retrieving the ratings by carId
[Info]18:29 ч. Retrieving the list of cars
[Info]18:29 ч. There are 6 cars in the fleet
[Info]18:29 ч. Retrieving the ratings by carId
[Info]18:29 ч. Retrieving the ratings by carId
[Info]18:29 ч. Retrieving the ratings by carId
[Info]18:29 ч. Retrieving the ratings by carId
[Info]18:29 ч. Retrieving the ratings by carId
[Info]18:29 ч. Retrieving the ratings by carId
[Info]18:29 ч. Retrieving the ratings by carId
[Info]18:29 ч. Retrieving the ratings by carId
[Info]18:29 ч. Retrieving the ratings by carId
[Info]18:30 ч. Retrieving the ratings by carId
[Info]18:30 ч. Retrieving the ratings by carId
[Info]18:30 ч. Retrieving the ratings by carId
[Info]18:30 ч. Retrieving the ratings by carId
[Info]18:30 ч. Retrieving the ratings by carId
[Info]18:30 ч. Retrieving the ratings by carId
[Info]18:31 ч. Retrieving the ratings by carId
[Info]18:31 ч. Retrieving the ratings by carId
[Info]18:31 ч. Retrieving the ratings by carId
[Info]18:31 ч. Retrieving the ratings by carId
[Info]18:32 ч. Retrieving the ratings by carId
[Info]18:32 ч. Retrieving the ratings by carId
[Info]18:32 ч. Retrieving the ratings by carId
[Info]18:32 ч. Retrieving the ratings by carId
[Info]18:32 ч. Retrieving the ratings by carId
[Info]18:32 ч. Retrieving the ratings by carId
[Info]18:34 ч. Retrieving the ratings by carId
[Info]18:34 ч. Retrieving the ratings by carId
[Info]18:34 ч. Retrieving the ratings by carId
[Info]18:34 ч. Retrieving the ratings by carId
[Info]18:34 ч. Retrieving the ratings by carId
[Info]18:34 ч. Retrieving the ratings by carId
[Info]18:40 ч. Retrieving the ratings by carId
[Info]18:40 ч. Retrieving the ratings by carId
[Info]18:40 ч. Retrieving the ratings by carId
[Info]18:40 ч. Retrieving the ratings by carId
[Info]18:40 ч. Retrieving the ratings by carId
[Info]19:18 ч. Retrieving the ratings by carId
[Info]19:18 ч. Retrieving the ratings by carId
[Info]19:18 ч. Retrieving the ratings by carId
[Info]19:18 ч. Retrieving the ratings by carId
[Info]19:18 ч. Retrieving the ratings by carId
[Info]19:19 ч. Retrieving the ratings by carId
[Info]19:19 ч. Retrieving the ratings by carId
[Info]19:19 ч. Retrieving the ratings by carId
[Info]19:19 ч. Retrieving the ratings by carId
[Info]19:19 ч. Retrieving the ratings by carId
[Info]19:19 ч. Retrieving the ratings by carId
[Info]19:19 ч. Retrieving the list of cars
[Info]19:19 ч. There are 6 cars in the fleet
[Info]19:19 ч. Retrieving the ratings by carId
[Info]19:19 ч. Retrieving the ratings by carId
[Info]19:19 ч. Retrieving the ratings by carId
[Info]19:19 ч. Retrieving the ratings by carId
[Info]19:19 ч. Retrieving the ratings by carId
[Info]19:19 ч. Retrieving the ratings by carId
[Info]19:19 ч. Retrieving the ratings by carId
[Info]19:19 ч. Retrieving the ratings by carId
[Info]19:19 ч. Retrieving the ratings by carId
[Info]19:19 ч. Retrieving the ratings by carId
[Info]19:19 ч. Retrieving the ratings by carId
[Info]19:20 ч. Retrieving the ratings by carId
[Info]19:20 ч. Retrieving the ratings by carId
[Info]19:21 ч. Retrieving the list of cars
[Info]19:21 ч. There are 6 cars in the fleet
[Info]19:21 ч. Retrieving the ratings by carId
[Info]19:21 ч. Retrieving the ratings by carId
[Info]19:21 ч. Retrieving the ratings by carId
[Info]19:21 ч. Retrieving the ratings by carId
[Info]19:21 ч. Retrieving the ratings by carId
[Info]19:21 ч. Retrieving the ratings by carId
[Info]19:21 ч. Retrieving the ratings by carId
[Info]19:21 ч. Retrieving the ratings by carId
[Info]19:21 ч. Retrieving the ratings by carId
[Info]19:21 ч. Retrieving the list of cars
[Info]19:21 ч. There are 6 cars in the fleet
[Info]19:21 ч. Retrieving the ratings by carId
[Info]19:21 ч. Retrieving the ratings by carId
[Info]19:21 ч. Retrieving the ratings by carId
[Info]19:21 ч. Retrieving the ratings by carId
[Info]19:21 ч. Retrieving the ratings by carId
[Info]19:21 ч. Retrieving the ratings by carId
[Info]19:21 ч. Retrieving the ratings by carId
[Info]20:07 ч. Retrieving the list of cars
[Info]20:07 ч. There are 6 cars in the fleet
[Info]20:07 ч. Retrieving the ratings by carId
[Info]20:07 ч. Retrieving the ratings by carId
[Info]20:07 ч. Retrieving the ratings by carId
[Info]20:07 ч. Retrieving the ratings by carId
[Info]20:07 ч. Retrieving the ratings by carId
[Info]20:07 ч. Retrieving the ratings by carId
[Info]20:07 ч. Retrieving the ratings by carId
[Info]20:07 ч. Retrieving the ratings by carId
[Info]20:07 ч. Retrieving the ratings by carId
[Info]20:07 ч. Retrieving the ratings by carId
[Info]20:07 ч. Retrieving the list of cars
[Info]20:07 ч. There are 6 cars in the fleet
[Info]20:07 ч. Retrieving the ratings by carId
[Info]20:07 ч. Retrieving the ratings by carId
[Info]20:07 ч. Retrieving the ratings by carId
[Info]20:07 ч. Retrieving the ratings by carId
[Info]20:07 ч. Retrieving the ratings by carId
[Info]20:07 ч. Retrieving the ratings by carId
[Info]20:07 ч. Retrieving the ratings by carId
[Info]20:07 ч. Retrieving the ratings by carId
[Info]20:07 ч. Retrieving the ratings by carId
[Info]20:07 ч. Retrieving the ratings by carId
[Info]20:07 ч. Retrieving the ratings by carId
[Info]20:08 ч. Retrieving the list of cars
[Info]20:08 ч. There are 6 cars in the fleet
[Info]20:08 ч. Retrieving the ratings by carId
[Info]20:08 ч. Retrieving the ratings by carId
[Info]20:08 ч. Retrieving the ratings by carId
[Info]20:08 ч. Retrieving the ratings by carId
[Info]20:08 ч. Retrieving the ratings by carId
[Info]20:08 ч. Retrieving the ratings by carId
[Info]20:08 ч. Retrieving the ratings by carId
[Info]20:08 ч. Retrieving the ratings by carId
[Info]20:08 ч. Retrieving the ratings by carId
[Info]20:08 ч. Retrieving the list of cars
[Info]20:08 ч. There are 6 cars in the fleet
[Info]20:08 ч. Retrieving the ratings by carId
[Info]20:08 ч. Retrieving the ratings by carId
[Info]20:08 ч. Retrieving the ratings by carId
[Info]20:08 ч. Retrieving the ratings by carId
[Info]20:08 ч. Retrieving the ratings by carId
[Info]20:08 ч. Retrieving the ratings by carId
[Info]20:08 ч. Retrieving the ratings by carId
[Info]20:08 ч. Retrieving the ratings by carId
[Info]20:08 ч. Retrieving the ratings by carId
[Info]20:15 ч. Retrieving the list of cars
[Info]20:15 ч. There are 6 cars in the fleet
[Info]20:15 ч. Retrieving the list of cars
[Info]20:15 ч. There are 6 cars in the fleet
[Info]20:15 ч. Retrieving the list of cars
[Info]20:15 ч. There are 6 cars in the fleet
[Info]20:15 ч. Retrieving the ratings by carId
[Info]20:15 ч. Retrieving the ratings by carId
[Info]20:15 ч. Retrieving the ratings by carId
[Info]20:15 ч. Retrieving the ratings by carId
[Info]20:15 ч. Retrieving the ratings by carId
[Info]20:15 ч. Retrieving the ratings by carId
[Info]20:15 ч. Retrieving the ratings by carId
[Info]20:15 ч. Retrieving the ratings by carId
[Info]20:15 ч. Retrieving the ratings by carId
[Info]20:15 ч. Retrieving the ratings by carId
[Info]20:15 ч. Retrieving the ratings by carId
[Info]20:21 ч. Retrieving the list of cars
[Info]20:21 ч. There are 6 cars in the fleet
[Info]20:21 ч. Retrieving the ratings by carId
[Info]20:21 ч. Retrieving the ratings by carId
[Info]20:21 ч. Retrieving the ratings by carId
[Info]20:21 ч. Retrieving the ratings by carId
[Info]20:21 ч. Retrieving the ratings by carId
[Info]20:21 ч. Retrieving the ratings by carId
[Info]20:21 ч. Retrieving the ratings by carId
[Info]20:21 ч. Retrieving the ratings by carId
[Info]20:21 ч. Retrieving the ratings by carId
[Info]20:21 ч. Retrieving the ratings by carId
[Info]20:22 ч. Retrieving the list of cars
[Info]20:22 ч. There are 6 cars in the fleet
[Info]20:22 ч. Retrieving the ratings by carId
[Info]20:22 ч. Retrieving the ratings by carId
[Info]20:22 ч. Retrieving the ratings by carId
[Info]20:22 ч. Retrieving the ratings by carId
[Info]20:22 ч. Retrieving the ratings by carId
[Info]20:22 ч. Retrieving the ratings by carId
[Info]20:22 ч. Retrieving the ratings by carId
[Info]20:22 ч. Retrieving the ratings by carId
[Info]20:22 ч. Retrieving the car by Id
[Info]20:22 ч. Retrieving the list of cars
[Info]20:22 ч. There are 6 cars in the fleet
[Info]20:22 ч. Retrieving the ratings by carId
[Info]20:22 ч. Retrieving the ratings by carId
[Info]20:22 ч. Retrieving the ratings by carId
[Info]20:22 ч. Retrieving the ratings by carId
[Info]20:22 ч. Retrieving the ratings by carId
[Info]20:22 ч. Retrieving the ratings by carId
[Info]20:22 ч. Retrieving the ratings by carId
[Info]20:22 ч. Retrieving the ratings by carId
[Info]20:22 ч. Retrieving the ratings by carId
[Info]20:22 ч. Retrieving the list of cars
[Info]20:22 ч. There are 6 cars in the fleet
[Info]20:22 ч. Retrieving the car by Id
[Info]20:22 ч. Retrieving the list of cars
[Info]20:22 ч. There are 6 cars in the fleet
[Info]20:22 ч. Retrieving the car by Id
[Info]20:22 ч. Retrieving the list of cars
[Info]20:22 ч. There are 6 cars in the fleet
[Info]20:23 ч. Retrieving the list of cars
[Info]20:23 ч. There are 6 cars in the fleet
[Info]20:23 ч. Retrieving the car by Id
[Info]20:23 ч. Retrieving the list of cars
[Info]20:23 ч. There are 6 cars in the fleet
[Info]20:24 ч. Retrieving the list of cars
[Info]20:24 ч. There are 6 cars in the fleet
[Info]20:24 ч. Retrieving the list of cars
[Info]20:24 ч. There are 6 cars in the fleet
[Info]20:24 ч. Retrieving the list of cars
[Info]20:24 ч. There are 6 cars in the fleet
[Info]20:25 ч. Retrieving the list of cars
[Info]20:25 ч. There are 6 cars in the fleet
[Info]20:25 ч. Retrieving the list of cars
[Info]20:25 ч. There are 6 cars in the fleet
[Info]20:25 ч. Retrieving the ratings by carId
[Info]20:25 ч. Retrieving the ratings by carId
[Info]20:25 ч. Retrieving the ratings by carId
[Info]20:25 ч. Retrieving the ratings by carId
[Info]20:25 ч. Retrieving the ratings by carId
[Info]20:25 ч. Retrieving the ratings by carId
[Info]20:25 ч. Retrieving the ratings by carId
[Info]20:25 ч. Retrieving the ratings by carId
[Info]20:25 ч. Retrieving the ratings by carId
[Info]20:25 ч. Retrieving the ratings by carId
[Info]20:25 ч. Retrieving the ratings by carId
[Info]20:25 ч. Retrieving the ratings by carId
[Info]20:25 ч. Retrieving the car by Id
[Info]20:25 ч. Retrieving the list of cars
[Info]20:25 ч. There are 6 cars in the fleet
[Info]20:25 ч. Retrieving the ratings by carId
[Info]20:25 ч. Retrieving the ratings by carId
[Info]20:25 ч. Retrieving the ratings by carId
[Info]20:25 ч. Retrieving the ratings by carId
[Info]20:25 ч. Retrieving the ratings by carId
[Info]20:25 ч. Retrieving the ratings by carId
[Info]20:25 ч. Retrieving the ratings by carId
[Info]20:25 ч. Retrieving the ratings by carId
[Info]20:25 ч. Retrieving the ratings by carId
[Info]20:25 ч. Retrieving the list of cars
[Info]20:25 ч. There are 6 cars in the fleet
[Info]20:25 ч. Retrieving the ratings by carId
[Info]20:25 ч. Retrieving the ratings by carId
[Info]20:25 ч. Retrieving the ratings by carId
[Info]20:25 ч. Retrieving the ratings by carId
[Info]20:25 ч. Retrieving the ratings by carId
[Info]20:25 ч. Retrieving the ratings by carId
[Info]20:25 ч. Retrieving the ratings by carId
[Info]20:25 ч. Retrieving the ratings by carId
[Info]20:25 ч. Retrieving the ratings by carId
[Info]20:25 ч. Retrieving the ratings by carId
[Info]20:25 ч. Retrieving the ratings by carId
[Info]20:25 ч. Retrieving the ratings by carId
[Info]20:25 ч. Retrieving the list of cars
[Info]20:25 ч. There are 6 cars in the fleet
[Info]20:25 ч. Retrieving the ratings by carId
[Info]20:25 ч. Retrieving the ratings by carId
[Info]20:25 ч. Retrieving the ratings by carId
[Info]20:25 ч. Retrieving the ratings by carId
[Info]20:25 ч. Retrieving the ratings by carId
[Info]20:25 ч. Retrieving the ratings by carId
[Info]20:25 ч. Retrieving the ratings by carId
[Info]20:25 ч. Retrieving the ratings by carId
[Info]20:25 ч. Retrieving the ratings by carId
[Info]20:26 ч. Retrieving the list of cars
[Info]20:26 ч. There are 6 cars in the fleet
[Info]20:26 ч. Retrieving the ratings by carId
[Info]20:26 ч. Retrieving the ratings by carId
[Info]20:26 ч. Retrieving the ratings by carId
[Info]20:26 ч. Retrieving the ratings by carId
[Info]20:26 ч. Retrieving the ratings by carId
[Info]20:26 ч. Retrieving the ratings by carId
[Info]20:26 ч. Retrieving the ratings by carId
[Info]20:26 ч. Retrieving the ratings by carId
[Info]20:26 ч. Retrieving the ratings by carId
[Info]20:26 ч. Retrieving the ratings by carId
[Info]20:26 ч. Retrieving the ratings by carId
[Info]21:36 ч. Retrieving the list of cars
[Info]21:36 ч. There are 6 cars in the fleet
[Info]21:36 ч. Retrieving the ratings by carId
[Info]21:36 ч. Retrieving the ratings by carId
[Info]21:36 ч. Retrieving the ratings by carId
[Info]21:36 ч. Retrieving the ratings by carId
[Info]21:36 ч. Retrieving the ratings by carId
[Info]21:36 ч. Retrieving the ratings by carId
[Info]21:36 ч. Retrieving the ratings by carId
[Info]21:36 ч. Retrieving the ratings by carId
[Info]21:36 ч. Retrieving the ratings by carId
[Info]21:36 ч. Retrieving the ratings by carId
[Info]21:36 ч. Retrieving the list of cars
[Info]21:36 ч. There are 6 cars in the fleet
[Info]21:36 ч. Retrieving the car by Id
