[Info]14:26 ч. Request Sent
[Info]14:26 ч. Retrieving the list of cars
[Info]14:26 ч. There are 9 cars in the fleet
[Info]14:26 ч. Response Sent
[Info]14:26 ч. Request Sent
[Info]14:26 ч. Retrieving the ratings by carId
[Info]14:26 ч. Request Sent
[Info]14:26 ч. Retrieving the ratings by carId
[Info]14:26 ч. Request Sent
[Info]14:26 ч. Request Sent
[Info]14:26 ч. Retrieving the ratings by carId
[Info]14:26 ч. Request Sent
[Info]14:26 ч. Retrieving the ratings by carId
[Info]14:26 ч. Request Sent
[Info]14:26 ч. Retrieving the ratings by carId
[Info]14:26 ч. Response Sent
[Info]14:26 ч. Response Sent
[Info]14:26 ч. Request Sent
[Info]14:26 ч. Request Sent
[Info]14:26 ч. Retrieving the ratings by carId
[Info]14:26 ч. Retrieving the ratings by carId
[Info]14:26 ч. Response Sent
[Info]14:26 ч. Response Sent
[Info]14:26 ч. Response Sent
[Info]14:26 ч. Response Sent
[Info]14:26 ч. Request Sent
[Info]14:26 ч. Retrieving the ratings by carId
[Info]14:26 ч. Request Sent
[Info]14:26 ч. Retrieving the ratings by carId
[Info]14:26 ч. Retrieving the ratings by carId
[Info]14:26 ч. Response Sent
[Info]14:26 ч. Response Sent
[Info]14:26 ч. Response Sent
[Info]14:26 ч. Response Sent
[Info]14:26 ч. Request Sent
[Info]14:26 ч. Retrieving the ratings by carId
[Info]14:26 ч. Response Sent
