[Info]13:39 ч. Retrieving the ratings by carId
[Info]13:39 ч. Retrieving the ratings by carId
[Info]13:39 ч. Retrieving the ratings by carId
[Info]13:39 ч. Retrieving the list of bookings
[Info]13:39 ч. There are 2 bookings in the fleet
[Info]13:39 ч. Retrieving the ratings by carId
[Info]13:39 ч. Retrieving the ratings by carId
[Info]13:45 ч. Retrieving the list of cars
[Info]13:45 ч. There are 2 cars in the fleet
[Info]13:45 ч. Retrieving the ratings by carId
[Info]13:45 ч. Retrieving the ratings by carId
[Info]13:53 ч. Retrieving the ratings by carId
[Info]13:53 ч. Retrieving the ratings by carId
[Info]13:53 ч. Retrieving the ratings by carId
[Info]13:53 ч. Retrieving the ratings by carId
[Info]13:54 ч. Retrieving the list of cars
[Info]13:54 ч. There are 2 cars in the fleet
[Info]13:54 ч. Retrieving the ratings by carId
[Info]13:54 ч. Retrieving the ratings by carId
[Info]14:00 ч. Retrieving the ratings by carId
[Info]14:01 ч. Retrieving the list of bookings
[Info]14:01 ч. There are 2 bookings in the fleet
[Info]14:04 ч. Retrieving the ratings by carId
[Info]14:04 ч. Retrieving the ratings by carId
[Info]14:04 ч. Retrieving the ratings by carId
[Info]14:04 ч. Retrieving the ratings by carId
[Info]14:31 ч. Retrieving the list of categories
[Info]14:31 ч. There are 3 categories in the fleet
[Info]15:00 ч. Retrieving the list of categories
[Info]15:00 ч. Retrieving the list of cars
[Info]15:00 ч. Retrieving the list of cars
[Info]15:00 ч. There are 3 categories in the fleet
[Info]15:00 ч. Retrieving the list of categories
[Info]15:00 ч. There are 3 categories in the fleet
[Info]15:00 ч. There are 2 cars in the fleet
[Info]15:00 ч. Retrieving the list of categories
[Info]15:00 ч. There are 3 categories in the fleet
[Info]15:03 ч. Retrieving the list of categories
[Info]15:03 ч. There are 3 categories in the fleet
[Info]15:04 ч. Retrieving the list of categories
[Info]15:04 ч. There are 3 categories in the fleet
[Info]15:04 ч. Retrieving the list of categories
[Info]15:04 ч. There are 3 categories in the fleet
[Info]15:05 ч. Retrieving the list of categories
[Info]15:05 ч. There are 3 categories in the fleet
[Info]15:05 ч. Retrieving the list of categories
[Info]15:05 ч. Retrieving the list of cars
[Info]15:05 ч. There are 3 categories in the fleet
[Info]15:05 ч. Retrieving the list of cars
[Info]15:05 ч. There are 2 cars in the fleet
[Info]15:05 ч. There are 2 cars in the fleet
[Info]15:05 ч. Retrieving the list of categories
[Info]15:05 ч. There are 3 categories in the fleet
[Info]15:08 ч. Retrieving the list of categories
[Info]15:08 ч. Retrieving the list of categories
[Info]15:08 ч. Retrieving the list of cars
[Info]15:08 ч. Retrieving the list of cars
[Info]15:08 ч. There are 3 categories in the fleet
[Info]15:08 ч. There are 2 cars in the fleet
[Info]15:11 ч. Retrieving the list of categories
[Info]15:11 ч. There are 3 categories in the fleet
[Info]15:11 ч. Retrieving the list of categories
[Info]15:11 ч. There are 3 categories in the fleet
[Info]15:12 ч. Retrieving the list of categories
[Info]15:12 ч. There are 3 categories in the fleet
[Info]15:13 ч. Retrieving the list of categories
[Info]15:13 ч. There are 3 categories in the fleet
[Info]15:13 ч. Retrieving the list of categories
[Info]15:13 ч. There are 3 categories in the fleet
[Info]15:14 ч. Retrieving the list of categories
[Info]15:14 ч. There are 3 categories in the fleet
[Info]15:14 ч. Retrieving the list of categories
[Info]15:14 ч. There are 3 categories in the fleet
[Info]15:16 ч. Retrieving the list of categories
[Info]15:16 ч. There are 3 categories in the fleet
[Info]15:16 ч. Retrieving the list of categories
[Info]15:16 ч. There are 3 categories in the fleet
[Info]15:17 ч. Retrieving the list of categories
[Info]15:17 ч. Retrieving the list of cars
[Info]15:17 ч. There are 3 categories in the fleet
[Info]15:17 ч. There are 2 cars in the fleet
[Info]15:17 ч. There are 2 cars in the fleet
[Info]15:17 ч. Retrieving the list of categories
[Info]15:17 ч. There are 3 categories in the fleet
[Info]15:18 ч. Retrieving the list of categories
[Info]15:18 ч. There are 3 categories in the fleet
[Info]15:18 ч. Retrieving the list of categories
[Info]15:18 ч. Retrieving the list of cars
[Info]15:18 ч. There are 3 categories in the fleet
[Info]15:18 ч. There are 2 cars in the fleet
[Info]15:18 ч. There are 2 cars in the fleet
[Info]15:18 ч. Retrieving the list of categories
[Info]15:18 ч. There are 3 categories in the fleet
[Info]15:18 ч. Retrieving the list of categories
[Info]15:18 ч. There are 3 categories in the fleet
[Info]15:18 ч. Retrieving the list of categories
[Info]15:18 ч. There are 3 categories in the fleet
[Info]15:18 ч. Retrieving the list of categories
[Info]15:18 ч. There are 3 categories in the fleet
[Info]15:19 ч. Retrieving the list of categories
[Info]15:19 ч. There are 3 categories in the fleet
[Info]15:19 ч. Retrieving the list of categories
[Info]15:19 ч. There are 3 categories in the fleet
[Info]15:20 ч. Retrieving the list of categories
[Info]15:20 ч. There are 3 categories in the fleet
[Info]15:28 ч. Retrieving the list of categories
[Info]15:28 ч. There are 3 categories in the fleet
[Info]15:28 ч. Retrieving the booking by Id
[Info]15:28 ч. Retrieving the list of cars
[Info]15:28 ч. There are 2 cars in the fleet
[Info]15:28 ч. There are 2 cars in the fleet
[Info]15:28 ч. Retrieving the booking by Id
[Info]15:29 ч. Retrieving the booking by Id
[Info]15:35 ч. Retrieving the list of categories
[Info]15:35 ч. There are 3 categories in the fleet
[Info]15:35 ч. Retrieving the list of categories
[Info]15:35 ч. There are 3 categories in the fleet
[Info]18:30 ч. Retrieving the ratings by carId
[Info]18:30 ч. Retrieving the list of cars
[Info]18:30 ч. Retrieving the list of cars
[Info]18:30 ч. There are 2 cars in the fleet
[Info]18:30 ч. There are 2 cars in the fleet
[Info]18:30 ч. Retrieving the ratings by carId
[Info]18:30 ч. Retrieving the ratings by carId
[Info]18:30 ч. Retrieving the ratings by carId
[Info]18:42 ч. Retrieving the list of cars
[Info]18:42 ч. Retrieving the list of cars
[Info]18:42 ч. There are 2 cars in the fleet
[Info]18:42 ч. There are 2 cars in the fleet
[Info]18:42 ч. Retrieving the ratings by carId
[Info]18:42 ч. Retrieving the ratings by carId
[Info]18:42 ч. Retrieving the ratings by carId
[Info]18:44 ч. Retrieving the list of cars
[Info]18:44 ч. There are 2 cars in the fleet
[Info]18:44 ч. Retrieving the list of cars
[Info]18:44 ч. There are 2 cars in the fleet
[Info]18:44 ч. Retrieving the list of cars
[Info]18:44 ч. There are 2 cars in the fleet
[Info]18:44 ч. Retrieving the list of cars
[Info]18:44 ч. There are 2 cars in the fleet
[Info]18:44 ч. Retrieving the ratings by carId
[Info]18:44 ч. Retrieving the ratings by carId
[Info]18:44 ч. Retrieving the ratings by carId
[Info]18:44 ч. Retrieving the ratings by carId
[Info]18:44 ч. Retrieving the ratings by carId
[Info]18:44 ч. Retrieving the ratings by carId
[Info]18:44 ч. Retrieving the ratings by carId
[Info]18:47 ч. Retrieving the ratings by carId
[Info]18:47 ч. Retrieving the ratings by carId
[Info]18:47 ч. Retrieving the ratings by carId
[Info]18:47 ч. Retrieving the ratings by carId
[Info]18:47 ч. Retrieving the ratings by carId
[Info]18:47 ч. Retrieving the ratings by carId
[Info]18:47 ч. Retrieving the ratings by carId
[Info]18:47 ч. Retrieving the ratings by carId
[Info]18:47 ч. Retrieving the ratings by carId
[Info]18:47 ч. Retrieving the ratings by carId
[Info]18:50 ч. Retrieving the list of cars
[Info]18:50 ч. There are 2 cars in the fleet
[Info]18:50 ч. Retrieving the ratings by carId
[Info]18:50 ч. Retrieving the ratings by carId
[Info]18:50 ч. Retrieving the ratings by carId
[Info]18:50 ч. Retrieving the ratings by carId
[Info]18:50 ч. Retrieving the ratings by carId
[Info]18:50 ч. Retrieving the ratings by carId
[Info]18:50 ч. Retrieving the ratings by carId
[Info]18:50 ч. Retrieving the ratings by carId
[Info]18:51 ч. Retrieving the ratings by carId
[Info]18:51 ч. Retrieving the ratings by carId
[Info]18:51 ч. Retrieving the ratings by carId
[Info]18:51 ч. Retrieving the ratings by carId
[Info]18:51 ч. Retrieving the ratings by carId
[Info]18:51 ч. Retrieving the ratings by carId
[Info]18:51 ч. Retrieving the ratings by carId
[Info]18:53 ч. Retrieving the list of cars
[Info]18:53 ч. There are 2 cars in the fleet
[Info]18:53 ч. There are 2 cars in the fleet
[Info]18:54 ч. Retrieving the list of cars
[Info]18:54 ч. There are 2 cars in the fleet
[Info]18:54 ч. Retrieving the list of cars
[Info]18:54 ч. There are 2 cars in the fleet
[Info]18:55 ч. Retrieving the list of cars
[Info]18:55 ч. Retrieving the list of cars
[Info]18:55 ч. There are 2 cars in the fleet
[Info]18:55 ч. There are 2 cars in the fleet
[Info]18:55 ч. Retrieving the list of cars
[Info]18:55 ч. Retrieving the list of cars
[Info]18:55 ч. There are 2 cars in the fleet
[Info]18:55 ч. There are 2 cars in the fleet
[Info]18:55 ч. Retrieving the list of cars
[Info]18:55 ч. There are 2 cars in the fleet
[Info]18:55 ч. There are 2 cars in the fleet
[Info]18:56 ч. Retrieving the list of cars
[Info]18:56 ч. Retrieving the list of cars
[Info]18:56 ч. There are 2 cars in the fleet
[Info]18:59 ч. Retrieving the ratings by carId
[Info]18:59 ч. Retrieving the ratings by carId
[Info]18:59 ч. Retrieving the ratings by carId
[Info]18:59 ч. Retrieving the ratings by carId
[Info]19:11 ч. Retrieving the ratings by carId
[Info]19:11 ч. Retrieving the ratings by carId
[Info]19:15 ч. Retrieving the list of cars
[Info]19:15 ч. There are 2 cars in the fleet
[Info]19:15 ч. Retrieving the ratings by carId
[Info]19:15 ч. Retrieving the ratings by carId
[Info]19:15 ч. Retrieving the ratings by carId
[Info]19:19 ч. Retrieving the ratings by carId
[Info]19:19 ч. Retrieving the ratings by carId
[Info]19:21 ч. Retrieving the list of cars
[Info]19:21 ч. Retrieving the list of cars
[Info]19:21 ч. There are 2 cars in the fleet
[Info]19:21 ч. Retrieving the ratings by carId
[Info]19:21 ч. Retrieving the ratings by carId
[Info]19:21 ч. Retrieving the ratings by carId
[Info]19:21 ч. Retrieving the ratings by carId
[Info]19:26 ч. Retrieving the ratings by carId
[Info]19:26 ч. Retrieving the ratings by carId
[Info]19:26 ч. Retrieving the ratings by carId
[Info]19:26 ч. Retrieving the ratings by carId
[Info]19:26 ч. Retrieving the ratings by carId
[Info]19:26 ч. Retrieving the ratings by carId
[Info]19:27 ч. Retrieving the ratings by carId
[Info]19:27 ч. Retrieving the ratings by carId
[Info]19:27 ч. Retrieving the ratings by carId
[Info]21:51 ч. Retrieving the ratings by carId
[Info]21:52 ч. Retrieving the list of cars
[Info]21:52 ч. There are 2 cars in the fleet
[Info]21:52 ч. There are 2 cars in the fleet
[Info]21:52 ч. Retrieving the ratings by carId
[Info]21:52 ч. Retrieving the ratings by carId
[Info]21:52 ч. Retrieving the ratings by carId
[Info]21:52 ч. Retrieving the ratings by carId
[Info]21:52 ч. Retrieving the ratings by carId
[Info]21:52 ч. Retrieving the ratings by carId
[Info]21:52 ч. Retrieving the ratings by carId
[Info]21:52 ч. Retrieving the list of cars
[Info]21:52 ч. Retrieving the list of cars
[Info]21:52 ч. There are 2 cars in the fleet
[Info]21:52 ч. There are 2 cars in the fleet
[Info]21:52 ч. Retrieving the ratings by carId
[Info]21:52 ч. Retrieving the ratings by carId
[Info]21:52 ч. Retrieving the ratings by carId
[Info]21:52 ч. Retrieving the ratings by carId
[Info]21:52 ч. Retrieving the ratings by carId
[Info]21:52 ч. Retrieving the ratings by carId
[Info]21:52 ч. Retrieving the ratings by carId
[Info]21:52 ч. Retrieving the ratings by carId
[Info]21:56 ч. Retrieving the ratings by carId
[Info]21:56 ч. Retrieving the ratings by carId
[Info]21:56 ч. Retrieving the ratings by carId
[Info]21:56 ч. Retrieving the ratings by carId
[Info]21:56 ч. Retrieving the ratings by carId
[Info]21:57 ч. Retrieving the list of cars
[Info]21:57 ч. There are 2 cars in the fleet
[Info]21:57 ч. There are 2 cars in the fleet
[Info]21:57 ч. Retrieving the ratings by carId
[Info]21:57 ч. Retrieving the ratings by carId
[Info]21:57 ч. Retrieving the ratings by carId
[Info]21:57 ч. Retrieving the ratings by carId
[Info]21:57 ч. Retrieving the ratings by carId
[Info]21:57 ч. Retrieving the ratings by carId
[Info]21:57 ч. Retrieving the ratings by carId
[Info]21:57 ч. Retrieving the ratings by carId
[Info]21:57 ч. Retrieving the ratings by carId
[Info]21:58 ч. Retrieving the list of cars
[Info]21:58 ч. Retrieving the list of cars
[Info]21:58 ч. There are 2 cars in the fleet
[Info]21:58 ч. There are 2 cars in the fleet
[Info]21:58 ч. Retrieving the ratings by carId
[Info]21:58 ч. Retrieving the ratings by carId
[Info]21:58 ч. Retrieving the ratings by carId
[Info]21:58 ч. Retrieving the ratings by carId
[Info]21:58 ч. Retrieving the ratings by carId
[Info]22:04 ч. Retrieving the ratings by carId
[Info]22:04 ч. Retrieving the list of cars
[Info]22:04 ч. There are 2 cars in the fleet
[Info]22:04 ч. Retrieving the ratings by carId
[Info]22:04 ч. Retrieving the ratings by carId
[Info]22:04 ч. Retrieving the ratings by carId
[Info]22:04 ч. Retrieving the ratings by carId
[Info]22:07 ч. Retrieving the ratings by carId
[Info]22:07 ч. Retrieving the ratings by carId
[Info]22:07 ч. Retrieving the list of cars
[Info]22:07 ч. Retrieving the list of cars
[Info]22:07 ч. There are 2 cars in the fleet
[Info]22:07 ч. There are 2 cars in the fleet
[Info]22:07 ч. Retrieving the ratings by carId
[Info]22:07 ч. Retrieving the ratings by carId
[Info]22:07 ч. Retrieving the ratings by carId
[Info]22:07 ч. Retrieving the ratings by carId
[Info]22:10 ч. Retrieving the ratings by carId
[Info]22:10 ч. Retrieving the ratings by carId
[Info]22:12 ч. Retrieving the list of cars
[Info]22:12 ч. Retrieving the list of cars
[Info]22:12 ч. There are 2 cars in the fleet
[Info]22:12 ч. There are 2 cars in the fleet
[Info]22:12 ч. Retrieving the ratings by carId
[Info]22:12 ч. Retrieving the ratings by carId
[Info]22:12 ч. Retrieving the ratings by carId
[Info]22:12 ч. Retrieving the ratings by carId
[Info]22:14 ч. Retrieving the list of cars
[Info]22:14 ч. Retrieving the list of cars
[Info]22:14 ч. There are 2 cars in the fleet
[Info]22:14 ч. Retrieving the ratings by carId
[Info]22:14 ч. Retrieving the ratings by carId
[Info]22:14 ч. Retrieving the ratings by carId
[Info]22:14 ч. Retrieving the ratings by carId
[Info]22:14 ч. Retrieving the ratings by carId
[Info]22:14 ч. Retrieving the ratings by carId
[Info]22:15 ч. Retrieving the list of cars
[Info]22:15 ч. Retrieving the list of cars
[Info]22:15 ч. There are 2 cars in the fleet
[Info]22:15 ч. There are 2 cars in the fleet
[Info]22:15 ч. Retrieving the ratings by carId
[Info]22:15 ч. Retrieving the ratings by carId
[Info]22:15 ч. Retrieving the ratings by carId
[Info]22:17 ч. Retrieving the list of cars
[Info]22:17 ч. Retrieving the list of cars
[Info]22:17 ч. There are 2 cars in the fleet
[Info]22:17 ч. There are 2 cars in the fleet
[Info]22:17 ч. Retrieving the ratings by carId
[Info]22:17 ч. Retrieving the ratings by carId
[Info]22:17 ч. Retrieving the ratings by carId
[Info]22:17 ч. Retrieving the ratings by carId
[Info]23:35 ч. Retrieving the list of cars
[Info]23:35 ч. There are 2 cars in the fleet
[Info]23:35 ч. Retrieving the list of cars
[Info]23:35 ч. There are 2 cars in the fleet
[Info]23:35 ч. Retrieving the ratings by carId
[Info]23:35 ч. Retrieving the ratings by carId
[Info]23:44 ч. Retrieving the ratings by carId
[Info]23:44 ч. Retrieving the ratings by carId
[Info]23:44 ч. Retrieving the ratings by carId
[Info]23:44 ч. Retrieving the ratings by carId
[Info]23:44 ч. Retrieving the ratings by carId
[Info]23:44 ч. Retrieving the ratings by carId
[Info]23:44 ч. Retrieving the ratings by carId
[Info]23:45 ч. Retrieving the ratings by carId
[Info]23:45 ч. Retrieving the ratings by carId
[Info]23:45 ч. Retrieving the ratings by carId
[Info]23:45 ч. Retrieving the ratings by carId
[Info]23:45 ч. Retrieving the ratings by carId
[Info]23:45 ч. Retrieving the ratings by carId
[Info]23:45 ч. Retrieving the ratings by carId
[Info]23:45 ч. Retrieving the ratings by carId
