[Info]09:34 ч. Request Sent
[Info]09:34 ч. Response Sent
[Info]09:34 ч. Request Sent
[Info]09:34 ч. User logged out the system.
[Info]09:34 ч. Response Sent
[Info]09:34 ч. Request Sent
[Info]09:34 ч. Response Sent
[Info]09:34 ч. Request Sent
[Info]09:34 ч. Response Sent
[Info]09:47 ч. Request Sent
[Info]09:47 ч. Response Sent
[Info]09:47 ч. Request Sent
[Info]09:47 ч. User logged out the system.
[Info]09:47 ч. Response Sent
[Info]09:48 ч. Request Sent
[Info]09:48 ч. Response Sent
[Info]09:48 ч. Request Sent
[Info]09:48 ч. Response Sent
[Info]09:49 ч. Request Sent
[Info]09:49 ч. Response Sent
[Info]09:49 ч. Request Sent
[Info]09:49 ч. User logged out the system.
[Info]09:49 ч. Response Sent
[Info]09:49 ч. Request Sent
[Info]09:49 ч. Response Sent
[Info]09:49 ч. Request Sent
[Info]09:49 ч. Response Sent
[Info]09:49 ч. Request Sent
[Info]09:49 ч. Response Sent
[Info]09:49 ч. Request Sent
[Info]09:49 ч. User logged out the system.
[Info]09:49 ч. Response Sent
[Info]09:49 ч. Request Sent
[Info]09:49 ч. Response Sent
[Info]09:49 ч. Request Sent
[Info]09:49 ч. Response Sent
[Info]09:53 ч. Request Sent
[Info]09:53 ч. Retrieving the list of cars
[Info]09:53 ч. There are 9 cars in the fleet
[Info]09:53 ч. Response Sent
[Info]09:53 ч. Request Sent
[Info]09:53 ч. Request Sent
[Info]09:53 ч. Retrieving the ratings by carId
[Info]09:53 ч. Retrieving the ratings by carId
[Info]09:53 ч. Request Sent
[Info]09:53 ч. Request Sent
[Info]09:53 ч. Retrieving the ratings by carId
[Info]09:53 ч. Retrieving the ratings by carId
[Info]09:53 ч. Retrieving the ratings by carId
[Info]09:53 ч. Retrieving the ratings by carId
[Info]09:53 ч. Response Sent
[Info]09:53 ч. Response Sent
[Info]09:53 ч. Request Sent
[Info]09:53 ч. Retrieving the ratings by carId
[Info]09:53 ч. Response Sent
[Info]09:53 ч. Request Sent
[Info]09:53 ч. Retrieving the ratings by carId
[Info]09:53 ч. Response Sent
[Info]09:53 ч. Request Sent
[Info]09:53 ч. Retrieving the ratings by carId
[Info]09:53 ч. Request Sent
[Info]09:53 ч. Retrieving the ratings by carId
[Info]09:53 ч. Response Sent
[Info]09:53 ч. Request Sent
[Info]09:53 ч. Retrieving the ratings by carId
[Info]09:53 ч. Response Sent
[Info]09:53 ч. Response Sent
[Info]09:53 ч. Response Sent
[Info]09:53 ч. Response Sent
[Info]09:53 ч. Retrieving the ratings by carId
[Info]09:53 ч. Response Sent
[Info]09:53 ч. Response Sent
[Info]09:53 ч. Request Sent
[Info]09:53 ч. Retrieving the ratings by carId
[Info]09:53 ч. Request Sent
[Info]09:53 ч. Retrieving the ratings by carId
[Info]09:53 ч. Retrieving the ratings by carId
[Info]09:53 ч. Response Sent
[Info]09:53 ч. Request Sent
[Info]09:53 ч. Retrieving the ratings by carId
[Info]09:53 ч. Response Sent
[Info]09:53 ч. Request Sent
[Info]09:53 ч. Response Sent
[Info]09:53 ч. Request Sent
[Info]09:53 ч. Retrieving the ratings by carId
[Info]09:53 ч. Response Sent
[Info]09:53 ч. Response Sent
[Info]09:53 ч. Response Sent
[Info]09:53 ч. Request Sent
[Info]09:53 ч. Response Sent
[Info]09:53 ч. Request Sent
[Info]09:53 ч. User logged out the system.
[Info]09:53 ч. Response Sent
[Info]09:53 ч. Request Sent
[Info]09:53 ч. Response Sent
[Info]09:53 ч. Request Sent
[Info]09:53 ч. Response Sent
[Info]09:53 ч. Request Sent
[Info]09:53 ч. Retrieving the list of cars
[Info]09:53 ч. There are 9 cars in the fleet
[Info]09:53 ч. Response Sent
[Info]09:53 ч. Request Sent
[Info]09:53 ч. Request Sent
[Info]09:53 ч. Retrieving the ratings by carId
[Info]09:53 ч. Request Sent
[Info]09:53 ч. Request Sent
[Info]09:53 ч. Retrieving the ratings by carId
[Info]09:53 ч. Retrieving the ratings by carId
[Info]09:53 ч. Retrieving the ratings by carId
[Info]09:53 ч. Response Sent
[Info]09:53 ч. Response Sent
[Info]09:53 ч. Response Sent
[Info]09:53 ч. Response Sent
[Info]09:53 ч. Request Sent
[Info]09:53 ч. Retrieving the ratings by carId
[Info]09:53 ч. Request Sent
[Info]09:53 ч. Retrieving the ratings by carId
[Info]09:53 ч. Response Sent
[Info]09:53 ч. Retrieving the ratings by carId
[Info]09:53 ч. Retrieving the ratings by carId
[Info]09:53 ч. Request Sent
[Info]09:53 ч. Request Sent
[Info]09:53 ч. Retrieving the ratings by carId
[Info]09:53 ч. Response Sent
[Info]09:53 ч. Retrieving the ratings by carId
[Info]09:53 ч. Response Sent
[Info]09:53 ч. Response Sent
[Info]09:53 ч. Response Sent
[Info]09:53 ч. Response Sent
[Info]09:53 ч. Response Sent
[Info]09:53 ч. Request Sent
[Info]09:53 ч. Response Sent
[Info]09:53 ч. Request Sent
[Info]09:53 ч. User logged out the system.
[Info]09:53 ч. Response Sent
[Info]09:53 ч. Request Sent
[Info]09:53 ч. Response Sent
[Info]09:53 ч. Request Sent
[Info]09:53 ч. Response Sent
[Info]10:49 ч. Request Sent
[Info]10:49 ч. Response Sent
[Info]10:49 ч. Request Sent
[Info]10:49 ч. Response Sent
[Info]10:49 ч. Request Sent
[Info]10:49 ч. Retrieving the renter by Id
[Info]10:50 ч. Request Sent
[Info]10:50 ч. Retrieving the renter by Id
[Info]10:50 ч. Request Sent
[Info]10:50 ч. Request Sent
[Info]10:50 ч. Response Sent
[Info]10:50 ч. Response Sent
[Info]10:50 ч. Request Sent
[Info]10:50 ч. Retrieving the renter by Id
[Info]10:50 ч. Request Sent
[Info]10:50 ч. Retrieving the renter by Id
[Info]10:52 ч. Request Sent
[Info]10:52 ч. Response Sent
[Info]10:52 ч. Request Sent
[Info]10:52 ч. Response Sent
[Info]10:52 ч. Request Sent
[Info]10:52 ч. Retrieving the renter by Id
[Info]10:52 ч. Request Sent
[Info]10:52 ч. Retrieving the renter by Id
[Info]10:53 ч. Request Sent
[Info]10:53 ч. Response Sent
[Info]10:53 ч. Request Sent
[Info]10:53 ч. Retrieving the renter by Id
[Info]10:55 ч. Request Sent
[Info]10:55 ч. Response Sent
[Info]10:55 ч. Request Sent
[Info]10:55 ч. Retrieving the renter by Id
[Info]10:55 ч. Request Sent
[Info]10:55 ч. Request Sent
[Info]10:55 ч. Response Sent
[Info]10:55 ч. Response Sent
[Info]10:55 ч. Request Sent
[Info]10:55 ч. Retrieving the renter by Id
[Info]10:55 ч. Request Sent
[Info]10:55 ч. Retrieving the renter by Id
[Info]10:56 ч. Request Sent
[Info]10:56 ч. Response Sent
[Info]10:56 ч. Request Sent
[Info]10:56 ч. Retrieving the renter by Id
[Info]10:56 ч. Request Sent
[Info]10:56 ч. Response Sent
[Info]10:56 ч. Request Sent
[Info]10:56 ч. Response Sent
[Info]10:56 ч. Request Sent
[Info]10:56 ч. Retrieving the renter by Id
[Info]10:56 ч. Request Sent
[Info]10:56 ч. Retrieving the renter by Id
[Info]10:56 ч. Request Sent
[Info]10:56 ч. Retrieving the renter by Id
[Info]10:57 ч. Request Sent
[Info]10:57 ч. Response Sent
[Info]10:57 ч. Request Sent
[Info]10:57 ч. Retrieving the renter by Id
[Info]12:22 ч. Request Sent
[Info]12:22 ч. Response Sent
[Info]12:22 ч. Request Sent
[Info]12:22 ч. Retrieving the renter by Id
[Info]12:22 ч. Request Sent
[Info]12:22 ч. Request Sent
[Info]12:22 ч. Response Sent
[Info]12:22 ч. Request Sent
[Info]12:22 ч. Retrieving the renter by Id
[Info]12:22 ч. Request Sent
[Info]12:22 ч. Retrieving the renter by Id
[Info]12:22 ч. Response Sent
[Info]12:22 ч. Response Sent
[Info]12:28 ч. Request Sent
[Info]12:28 ч. Response Sent
[Info]12:28 ч. Request Sent
[Info]12:28 ч. User logged out the system.
[Info]12:28 ч. Response Sent
[Info]12:28 ч. Request Sent
[Info]12:28 ч. Response Sent
[Info]12:28 ч. Request Sent
[Info]12:28 ч. Response Sent
[Info]12:35 ч. Request Sent
[Info]12:35 ч. Response Sent
[Info]12:35 ч. Request Sent
[Info]12:35 ч. Response Sent
[Info]12:35 ч. Request Sent
[Info]12:35 ч. Retrieving the renter by Id
[Info]12:35 ч. Response Sent
[Info]12:35 ч. Request Sent
[Info]12:35 ч. Retrieving the renter by Id
[Info]12:35 ч. Response Sent
[Info]12:36 ч. Request Sent
[Info]12:36 ч. Response Sent
[Info]12:36 ч. Request Sent
[Info]12:36 ч. Response Sent
[Info]12:36 ч. Request Sent
[Info]12:36 ч. Retrieving the renter by Id
[Info]12:36 ч. Response Sent
[Info]12:36 ч. Request Sent
[Info]12:36 ч. Retrieving the renter by Id
[Info]12:36 ч. Response Sent
[Info]12:36 ч. Request Sent
[Info]12:36 ч. Response Sent
[Info]12:36 ч. Request Sent
[Info]12:36 ч. User logged out the system.
[Info]12:36 ч. Response Sent
[Info]12:36 ч. Request Sent
[Info]12:36 ч. Response Sent
[Info]12:36 ч. Request Sent
[Info]12:36 ч. Response Sent
[Info]13:01 ч. Request Sent
[Info]13:01 ч. Response Sent
[Info]13:01 ч. Request Sent
[Info]13:01 ч. Retrieving the renter by Id
[Info]13:01 ч. Response Sent
[Info]13:01 ч. Request Sent
[Info]13:01 ч. Retrieving the renter by Id
[Info]13:01 ч. Response Sent
[Info]13:01 ч. Request Sent
[Info]13:01 ч. Retrieving the list of cars
[Info]13:01 ч. There are 9 cars in the fleet
[Info]13:01 ч. Response Sent
[Info]13:01 ч. Request Sent
[Info]13:01 ч. Request Sent
[Info]13:01 ч. Request Sent
[Info]13:01 ч. Request Sent
[Info]13:01 ч. Retrieving the ratings by carId
[Info]13:01 ч. Retrieving the ratings by carId
[Info]13:01 ч. Retrieving the ratings by carId
[Info]13:01 ч. Retrieving the ratings by carId
[Info]13:01 ч. Response Sent
[Info]13:01 ч. Response Sent
[Info]13:01 ч. Request Sent
[Info]13:01 ч. Retrieving the ratings by carId
[Info]13:01 ч. Response Sent
[Info]13:01 ч. Response Sent
[Info]13:01 ч. Request Sent
[Info]13:01 ч. Retrieving the ratings by carId
[Info]13:01 ч. Request Sent
[Info]13:01 ч. Retrieving the ratings by carId
[Info]13:01 ч. Retrieving the ratings by carId
[Info]13:01 ч. Retrieving the ratings by carId
[Info]13:01 ч. Retrieving the ratings by carId
[Info]13:01 ч. Response Sent
[Info]13:01 ч. Response Sent
[Info]13:01 ч. Response Sent
[Info]13:01 ч. Response Sent
[Info]13:01 ч. Request Sent
[Info]13:01 ч. Retrieving the list of cars
[Info]13:01 ч. There are 9 cars in the fleet
[Info]13:01 ч. Response Sent
[Info]13:01 ч. Request Sent
[Info]13:01 ч. Retrieving the ratings by carId
[Info]13:01 ч. Request Sent
[Info]13:01 ч. Retrieving the ratings by carId
[Info]13:01 ч. Request Sent
[Info]13:01 ч. Retrieving the ratings by carId
[Info]13:01 ч. Request Sent
[Info]13:01 ч. Retrieving the ratings by carId
[Info]13:01 ч. Request Sent
[Info]13:01 ч. Retrieving the ratings by carId
[Info]13:01 ч. Response Sent
[Info]13:01 ч. Request Sent
[Info]13:01 ч. Retrieving the ratings by carId
[Info]13:01 ч. Response Sent
[Info]13:01 ч. Response Sent
[Info]13:01 ч. Response Sent
[Info]13:01 ч. Request Sent
[Info]13:01 ч. Retrieving the ratings by carId
[Info]13:01 ч. Request Sent
[Info]13:01 ч. Retrieving the ratings by carId
[Info]13:01 ч. Request Sent
[Info]13:01 ч. Retrieving the ratings by carId
[Info]13:01 ч. Request Sent
[Info]13:01 ч. Retrieving the ratings by carId
[Info]13:01 ч. Retrieving the ratings by carId
[Info]13:01 ч. Request Sent
[Info]13:01 ч. Response Sent
[Info]13:01 ч. Retrieving the ratings by carId
[Info]13:01 ч. Response Sent
[Info]13:01 ч. Response Sent
[Info]13:01 ч. Response Sent
[Info]13:48 ч. Request Sent
[Info]13:48 ч. Retrieving the list of categories
[Info]13:48 ч. There are 7 categories in the fleet
[Info]13:48 ч. Response Sent
[Info]13:49 ч. Request Sent
[Info]13:49 ч. Retrieving the list of categories
[Info]13:49 ч. There are 7 categories in the fleet
[Info]13:49 ч. Response Sent
[Info]13:49 ч. Request Sent
[Info]13:49 ч. Retrieving the list of categories
[Info]13:49 ч. There are 7 categories in the fleet
[Info]13:49 ч. Response Sent
[Info]13:50 ч. Request Sent
[Info]13:50 ч. Retrieving the list of categories
[Info]13:50 ч. There are 7 categories in the fleet
[Info]13:50 ч. Response Sent
[Info]13:50 ч. Request Sent
[Info]13:50 ч. Retrieving the list of categories
[Info]13:50 ч. There are 7 categories in the fleet
[Info]13:50 ч. Response Sent
[Info]13:50 ч. Request Sent
[Info]13:50 ч. Retrieving the list of categories
[Info]13:50 ч. There are 7 categories in the fleet
[Info]13:50 ч. Response Sent
[Info]13:51 ч. Request Sent
[Info]13:51 ч. Retrieving the list of categories
[Info]13:51 ч. There are 7 categories in the fleet
[Info]13:51 ч. Response Sent
[Info]13:52 ч. Request Sent
[Info]13:52 ч. Retrieving the list of categories
[Info]13:52 ч. There are 7 categories in the fleet
[Info]13:52 ч. Response Sent
[Info]13:52 ч. Request Sent
[Info]13:52 ч. Retrieving the list of categories
[Info]13:52 ч. There are 7 categories in the fleet
[Info]13:52 ч. Response Sent
[Info]13:52 ч. Request Sent
[Info]13:52 ч. Retrieving the list of categories
[Info]13:52 ч. There are 7 categories in the fleet
[Info]13:52 ч. Response Sent
[Info]13:52 ч. Request Sent
[Info]13:52 ч. Retrieving the list of categories
[Info]13:52 ч. There are 7 categories in the fleet
[Info]13:52 ч. Response Sent
[Info]13:53 ч. Request Sent
[Info]13:53 ч. Retrieving the list of categories
[Info]13:53 ч. There are 7 categories in the fleet
[Info]13:53 ч. Response Sent
[Info]13:53 ч. Request Sent
[Info]13:53 ч. Retrieving the list of categories
[Info]13:53 ч. There are 7 categories in the fleet
[Info]13:53 ч. Response Sent
[Info]13:53 ч. Request Sent
[Info]13:53 ч. Retrieving the list of categories
[Info]13:53 ч. There are 7 categories in the fleet
[Info]13:53 ч. Response Sent
[Info]13:53 ч. Request Sent
[Info]13:53 ч. Retrieving the list of categories
[Info]13:53 ч. There are 7 categories in the fleet
[Info]13:53 ч. Response Sent
[Info]13:53 ч. Request Sent
[Info]13:53 ч. Retrieving the list of categories
[Info]13:53 ч. There are 7 categories in the fleet
[Info]13:53 ч. Response Sent
[Info]13:53 ч. Request Sent
[Info]13:53 ч. Retrieving the list of categories
[Info]13:53 ч. There are 7 categories in the fleet
[Info]13:53 ч. Response Sent
[Info]13:53 ч. Request Sent
[Info]13:53 ч. Response Sent
[Info]13:53 ч. Request Sent
[Info]13:53 ч. Response Sent
[Info]13:54 ч. Request Sent
[Info]13:54 ч. Retrieving the list of categories
[Info]13:54 ч. There are 7 categories in the fleet
[Info]13:54 ч. Response Sent
[Info]13:54 ч. Request Sent
[Info]13:54 ч. Retrieving the list of categories
[Info]13:54 ч. There are 7 categories in the fleet
[Info]13:54 ч. Response Sent
[Info]13:54 ч. Request Sent
[Info]13:54 ч. Retrieving the list of categories
[Info]13:54 ч. There are 7 categories in the fleet
[Info]13:54 ч. Response Sent
[Info]13:54 ч. Request Sent
[Info]13:54 ч. Retrieving the list of categories
[Info]13:54 ч. There are 7 categories in the fleet
[Info]13:54 ч. Response Sent
[Info]13:54 ч. Request Sent
[Info]13:54 ч. Retrieving the list of categories
[Info]13:54 ч. There are 7 categories in the fleet
[Info]13:54 ч. Response Sent
[Info]13:54 ч. Request Sent
[Info]13:54 ч. Retrieving the list of categories
[Info]13:54 ч. There are 7 categories in the fleet
[Info]13:54 ч. Response Sent
[Info]13:54 ч. Request Sent
[Info]13:54 ч. Retrieving the list of categories
[Info]13:54 ч. There are 7 categories in the fleet
[Info]13:54 ч. Response Sent
[Info]13:54 ч. Request Sent
[Info]13:54 ч. Retrieving the list of categories
[Info]13:54 ч. There are 7 categories in the fleet
[Info]13:54 ч. Response Sent
[Info]13:55 ч. Request Sent
[Info]13:55 ч. Retrieving the list of categories
[Info]13:55 ч. There are 7 categories in the fleet
[Info]13:55 ч. Response Sent
[Info]13:55 ч. Request Sent
[Info]13:55 ч. Retrieving the list of categories
[Info]13:55 ч. There are 7 categories in the fleet
[Info]13:55 ч. Response Sent
[Info]13:55 ч. Request Sent
[Info]13:55 ч. Retrieving the list of categories
[Info]13:55 ч. There are 7 categories in the fleet
[Info]13:55 ч. Response Sent
[Info]13:55 ч. Request Sent
[Info]13:55 ч. Retrieving the list of categories
[Info]13:55 ч. There are 7 categories in the fleet
[Info]13:55 ч. Response Sent
[Info]13:55 ч. Request Sent
[Info]13:55 ч. Retrieving the list of categories
[Info]13:55 ч. There are 7 categories in the fleet
[Info]13:55 ч. Response Sent
[Info]13:55 ч. Request Sent
[Info]13:55 ч. Retrieving the list of categories
[Info]13:55 ч. There are 7 categories in the fleet
[Info]13:55 ч. Response Sent
[Info]13:55 ч. Request Sent
[Info]13:55 ч. Retrieving the list of categories
[Info]13:55 ч. There are 7 categories in the fleet
[Info]13:55 ч. Response Sent
[Info]13:55 ч. Request Sent
[Info]13:55 ч. Retrieving the list of categories
[Info]13:55 ч. There are 7 categories in the fleet
[Info]13:55 ч. Response Sent
[Info]13:56 ч. Request Sent
[Info]13:56 ч. Retrieving the list of categories
[Info]13:56 ч. There are 7 categories in the fleet
[Info]13:56 ч. Response Sent
[Info]13:56 ч. Request Sent
[Info]13:56 ч. Retrieving the list of categories
[Info]13:56 ч. There are 7 categories in the fleet
[Info]13:56 ч. Response Sent
[Info]13:56 ч. Request Sent
[Info]13:56 ч. Retrieving the list of categories
[Info]13:56 ч. There are 7 categories in the fleet
[Info]13:56 ч. Response Sent
[Info]13:56 ч. Request Sent
[Info]13:56 ч. Retrieving the list of categories
[Info]13:56 ч. There are 7 categories in the fleet
[Info]13:56 ч. Response Sent
[Info]13:56 ч. Request Sent
[Info]13:56 ч. Retrieving the list of categories
[Info]13:56 ч. There are 7 categories in the fleet
[Info]13:56 ч. Response Sent
[Info]13:56 ч. Request Sent
[Info]13:56 ч. Retrieving the list of categories
[Info]13:56 ч. There are 7 categories in the fleet
[Info]13:56 ч. Response Sent
[Info]13:57 ч. Request Sent
[Info]13:57 ч. Retrieving the list of categories
[Info]13:57 ч. There are 7 categories in the fleet
[Info]13:57 ч. Response Sent
[Info]13:57 ч. Request Sent
[Info]13:57 ч. Retrieving the list of categories
[Info]13:57 ч. There are 7 categories in the fleet
[Info]13:57 ч. Response Sent
[Info]13:59 ч. Request Sent
[Info]13:59 ч. Retrieving the list of cars
[Info]13:59 ч. There are 9 cars in the fleet
[Info]13:59 ч. Response Sent
[Info]13:59 ч. Request Sent
[Info]13:59 ч. Request Sent
[Info]13:59 ч. Retrieving the ratings by carId
[Info]13:59 ч. Retrieving the ratings by carId
[Info]13:59 ч. Request Sent
[Info]13:59 ч. Retrieving the ratings by carId
[Info]13:59 ч. Retrieving the ratings by carId
[Info]13:59 ч. Request Sent
[Info]13:59 ч. Retrieving the ratings by carId
[Info]13:59 ч. Retrieving the ratings by carId
[Info]13:59 ч. Response Sent
[Info]13:59 ч. Request Sent
[Info]13:59 ч. Response Sent
[Info]13:59 ч. Retrieving the ratings by carId
[Info]13:59 ч. Retrieving the ratings by carId
[Info]13:59 ч. Response Sent
[Info]13:59 ч. Request Sent
[Info]13:59 ч. Retrieving the ratings by carId
[Info]13:59 ч. Request Sent
[Info]13:59 ч. Retrieving the ratings by carId
[Info]13:59 ч. Response Sent
[Info]13:59 ч. Response Sent
[Info]13:59 ч. Response Sent
[Info]13:59 ч. Request Sent
[Info]13:59 ч. Retrieving the ratings by carId
[Info]13:59 ч. Response Sent
[Info]13:59 ч. Response Sent
[Info]13:59 ч. Response Sent
[Info]13:59 ч. Response Sent
[Info]13:59 ч. Response Sent
[Info]13:59 ч. Request Sent
[Info]13:59 ч. Retrieving the list of categories
[Info]13:59 ч. There are 7 categories in the fleet
[Info]13:59 ч. Response Sent
[Info]13:59 ч. Request Sent
[Info]13:59 ч. Retrieving the list of categories
[Info]13:59 ч. There are 7 categories in the fleet
[Info]13:59 ч. Response Sent
[Info]13:59 ч. Request Sent
[Info]13:59 ч. Retrieving the list of cars
[Info]13:59 ч. There are 9 cars in the fleet
[Info]13:59 ч. Response Sent
[Info]13:59 ч. Request Sent
[Info]13:59 ч. Retrieving the ratings by carId
[Info]13:59 ч. Request Sent
[Info]13:59 ч. Request Sent
[Info]13:59 ч. Retrieving the ratings by carId
[Info]13:59 ч. Retrieving the ratings by carId
[Info]13:59 ч. Request Sent
[Info]13:59 ч. Retrieving the ratings by carId
[Info]13:59 ч. Request Sent
[Info]13:59 ч. Retrieving the ratings by carId
[Info]13:59 ч. Request Sent
[Info]13:59 ч. Retrieving the ratings by carId
[Info]13:59 ч. Response Sent
[Info]13:59 ч. Response Sent
[Info]13:59 ч. Response Sent
[Info]13:59 ч. Response Sent
[Info]13:59 ч. Request Sent
[Info]13:59 ч. Response Sent
[Info]13:59 ч. Request Sent
[Info]13:59 ч. Retrieving the ratings by carId
[Info]13:59 ч. Request Sent
[Info]13:59 ч. Retrieving the ratings by carId
[Info]13:59 ч. Retrieving the ratings by carId
[Info]13:59 ч. Retrieving the ratings by carId
[Info]13:59 ч. Response Sent
[Info]13:59 ч. Response Sent
[Info]13:59 ч. Response Sent
[Info]13:59 ч. Response Sent
[Info]13:59 ч. Response Sent
[Info]14:02 ч. Request Sent
[Info]14:02 ч. Retrieving the list of cars
[Info]14:02 ч. There are 9 cars in the fleet
[Info]14:02 ч. Response Sent
[Info]14:04 ч. Request Sent
[Info]14:04 ч. Retrieving the list of cars
[Info]14:04 ч. There are 9 cars in the fleet
[Info]14:04 ч. Response Sent
[Info]14:05 ч. Request Sent
[Info]14:05 ч. Retrieving the list of cars
[Info]14:05 ч. There are 9 cars in the fleet
[Info]14:05 ч. Response Sent
[Info]14:06 ч. Request Sent
[Info]14:06 ч. Retrieving the list of cars
[Info]14:06 ч. There are 9 cars in the fleet
[Info]14:06 ч. Response Sent
[Info]14:06 ч. Request Sent
[Info]14:06 ч. Retrieving the list of cars
[Info]14:06 ч. There are 9 cars in the fleet
[Info]14:06 ч. Response Sent
[Info]14:07 ч. Request Sent
[Info]14:07 ч. Retrieving the list of cars
[Info]14:07 ч. There are 9 cars in the fleet
[Info]14:07 ч. Response Sent
[Info]14:08 ч. Request Sent
[Info]14:08 ч. Retrieving the list of cars
[Info]14:08 ч. There are 9 cars in the fleet
[Info]14:08 ч. Response Sent
[Info]14:08 ч. Request Sent
[Info]14:08 ч. Retrieving the list of cars
[Info]14:08 ч. There are 9 cars in the fleet
[Info]14:08 ч. Response Sent
[Info]14:09 ч. Request Sent
[Info]14:09 ч. Retrieving the list of cars
[Info]14:09 ч. There are 9 cars in the fleet
[Info]14:09 ч. Response Sent
[Info]14:09 ч. Request Sent
[Info]14:09 ч. Retrieving the list of categories
[Info]14:09 ч. There are 7 categories in the fleet
[Info]14:09 ч. Response Sent
[Info]14:10 ч. Request Sent
[Info]14:10 ч. Retrieving the list of cars
[Info]14:10 ч. There are 9 cars in the fleet
[Info]14:10 ч. Response Sent
[Info]14:10 ч. Request Sent
[Info]14:10 ч. Request Sent
[Info]14:10 ч. Retrieving the ratings by carId
[Info]14:10 ч. Request Sent
[Info]14:10 ч. Retrieving the ratings by carId
[Info]14:10 ч. Retrieving the ratings by carId
[Info]14:10 ч. Request Sent
[Info]14:10 ч. Retrieving the ratings by carId
[Info]14:10 ч. Request Sent
[Info]14:10 ч. Retrieving the ratings by carId
[Info]14:10 ч. Response Sent
[Info]14:10 ч. Response Sent
[Info]14:10 ч. Response Sent
[Info]14:10 ч. Request Sent
[Info]14:10 ч. Retrieving the ratings by carId
[Info]14:10 ч. Request Sent
[Info]14:10 ч. Retrieving the ratings by carId
[Info]14:10 ч. Retrieving the ratings by carId
[Info]14:10 ч. Response Sent
[Info]14:10 ч. Response Sent
[Info]14:10 ч. Response Sent
[Info]14:10 ч. Response Sent
[Info]14:10 ч. Request Sent
[Info]14:10 ч. Retrieving the ratings by carId
[Info]14:10 ч. Response Sent
[Info]14:10 ч. Response Sent
[Info]14:10 ч. Request Sent
[Info]14:10 ч. Retrieving the ratings by carId
[Info]14:10 ч. Request Sent
[Info]14:10 ч. Response Sent
[Info]14:10 ч. Response Sent
[Info]14:10 ч. Response Sent
[Info]14:10 ч. Request Sent
[Info]14:10 ч. Retrieving the list of categories
[Info]14:10 ч. There are 7 categories in the fleet
[Info]14:10 ч. Response Sent
[Info]14:10 ч. Request Sent
[Info]14:10 ч. Retrieving the list of cars
[Info]14:10 ч. There are 9 cars in the fleet
[Info]14:10 ч. Response Sent
[Info]14:10 ч. Request Sent
[Info]14:10 ч. Retrieving the list of cars
[Info]14:10 ч. There are 9 cars in the fleet
[Info]14:10 ч. Response Sent
[Info]14:10 ч. Request Sent
[Info]14:10 ч. Retrieving the list of cars
[Info]14:10 ч. There are 9 cars in the fleet
[Info]14:10 ч. Response Sent
[Info]14:11 ч. Request Sent
[Info]14:11 ч. Retrieving the list of cars
[Info]14:11 ч. There are 9 cars in the fleet
[Info]14:11 ч. Response Sent
[Info]14:11 ч. Request Sent
[Info]14:11 ч. Retrieving the list of cars
[Info]14:11 ч. There are 9 cars in the fleet
[Info]14:11 ч. Response Sent
[Info]14:11 ч. Request Sent
[Info]14:11 ч. Retrieving the list of cars
[Info]14:11 ч. There are 9 cars in the fleet
[Info]14:11 ч. Response Sent
[Info]14:12 ч. Request Sent
[Info]14:12 ч. Retrieving the list of cars
[Info]14:12 ч. There are 9 cars in the fleet
[Info]14:12 ч. Response Sent
[Info]14:12 ч. Request Sent
[Info]14:12 ч. Retrieving the list of cars
[Info]14:12 ч. There are 9 cars in the fleet
[Info]14:12 ч. Response Sent
[Info]14:12 ч. Request Sent
[Info]14:12 ч. Retrieving the list of cars
[Info]14:12 ч. There are 9 cars in the fleet
[Info]14:12 ч. Response Sent
[Info]14:17 ч. Request Sent
[Info]14:17 ч. Retrieving the list of cars
[Info]14:17 ч. There are 9 cars in the fleet
[Info]14:17 ч. Response Sent
[Info]14:17 ч. Request Sent
[Info]14:17 ч. Retrieving the ratings by carId
[Info]14:17 ч. Request Sent
[Info]14:17 ч. Retrieving the ratings by carId
[Info]14:17 ч. Request Sent
[Info]14:17 ч. Request Sent
[Info]14:17 ч. Retrieving the ratings by carId
[Info]14:17 ч. Retrieving the ratings by carId
[Info]14:17 ч. Request Sent
[Info]14:17 ч. Request Sent
[Info]14:17 ч. Response Sent
[Info]14:17 ч. Retrieving the ratings by carId
[Info]14:17 ч. Request Sent
[Info]14:17 ч. Retrieving the ratings by carId
[Info]14:17 ч. Response Sent
[Info]14:17 ч. Response Sent
[Info]14:17 ч. Request Sent
[Info]14:17 ч. Retrieving the ratings by carId
[Info]14:17 ч. Response Sent
[Info]14:17 ч. Response Sent
[Info]14:17 ч. Request Sent
[Info]14:17 ч. Response Sent
[Info]14:17 ч. Retrieving the ratings by carId
[Info]14:17 ч. Request Sent
[Info]14:17 ч. Retrieving the ratings by carId
[Info]14:17 ч. Request Sent
[Info]14:17 ч. Retrieving the ratings by carId
[Info]14:17 ч. Response Sent
[Info]14:17 ч. Response Sent
[Info]14:17 ч. Response Sent
[Info]14:17 ч. Response Sent
[Info]14:17 ч. Response Sent
[Info]14:17 ч. Request Sent
[Info]14:17 ч. Response Sent
[Info]14:17 ч. Request Sent
[Info]14:17 ч. User logged out the system.
[Info]14:17 ч. Response Sent
[Info]14:17 ч. Request Sent
[Info]14:17 ч. Retrieving the list of cars
[Info]14:17 ч. There are 9 cars in the fleet
[Info]14:17 ч. Response Sent
[Info]14:17 ч. Request Sent
[Info]14:17 ч. Retrieving the ratings by carId
[Info]14:17 ч. Request Sent
[Info]14:17 ч. Retrieving the ratings by carId
[Info]14:17 ч. Request Sent
[Info]14:17 ч. Retrieving the ratings by carId
[Info]14:17 ч. Request Sent
[Info]14:17 ч. Retrieving the ratings by carId
[Info]14:17 ч. Response Sent
[Info]14:17 ч. Retrieving the ratings by carId
[Info]14:17 ч. Response Sent
[Info]14:17 ч. Retrieving the ratings by carId
[Info]14:17 ч. Request Sent
[Info]14:17 ч. Retrieving the ratings by carId
[Info]14:17 ч. Retrieving the ratings by carId
[Info]14:17 ч. Response Sent
[Info]14:17 ч. Response Sent
[Info]14:17 ч. Response Sent
[Info]14:17 ч. Request Sent
[Info]14:17 ч. Retrieving the ratings by carId
[Info]14:17 ч. Request Sent
[Info]14:17 ч. Retrieving the ratings by carId
[Info]14:17 ч. Response Sent
[Info]14:17 ч. Response Sent
[Info]14:17 ч. Retrieving the ratings by carId
[Info]14:17 ч. Request Sent
[Info]14:17 ч. Retrieving the ratings by carId
[Info]14:17 ч. Response Sent
[Info]14:17 ч. Response Sent
[Info]14:17 ч. Response Sent
[Info]14:17 ч. Response Sent
[Info]14:17 ч. Request Sent
[Info]14:17 ч. Response Sent
[Info]14:17 ч. Request Sent
[Info]14:17 ч. Response Sent
[Info]14:17 ч. Request Sent
[Info]14:17 ч. Retrieving the list of categories
[Info]14:17 ч. There are 7 categories in the fleet
[Info]14:17 ч. Response Sent
[Info]14:17 ч. Request Sent
[Info]14:17 ч. Retrieving the list of cars
[Info]14:17 ч. There are 9 cars in the fleet
[Info]14:17 ч. Response Sent
[Info]14:18 ч. Request Sent
[Info]14:18 ч. Retrieving the list of cars
[Info]14:18 ч. There are 9 cars in the fleet
[Info]14:18 ч. Response Sent
[Info]14:18 ч. Request Sent
[Info]14:18 ч. Request Sent
[Info]14:18 ч. Retrieving the ratings by carId
[Info]14:18 ч. Request Sent
[Info]14:18 ч. Retrieving the ratings by carId
[Info]14:18 ч. Request Sent
[Info]14:18 ч. Request Sent
[Info]14:18 ч. Retrieving the ratings by carId
[Info]14:18 ч. Retrieving the ratings by carId
[Info]14:18 ч. Request Sent
[Info]14:18 ч. Response Sent
[Info]14:18 ч. Retrieving the ratings by carId
[Info]14:18 ч. Response Sent
[Info]14:18 ч. Request Sent
[Info]14:18 ч. Response Sent
[Info]14:18 ч. Response Sent
[Info]14:18 ч. Retrieving the ratings by carId
[Info]14:18 ч. Request Sent
[Info]14:18 ч. Retrieving the ratings by carId
[Info]14:18 ч. Retrieving the ratings by carId
[Info]14:18 ч. Response Sent
[Info]14:18 ч. Response Sent
[Info]14:18 ч. Response Sent
[Info]14:18 ч. Request Sent
[Info]14:18 ч. Retrieving the ratings by carId
[Info]14:18 ч. Retrieving the ratings by carId
[Info]14:18 ч. Response Sent
[Info]14:18 ч. Response Sent
[Info]14:18 ч. Response Sent
[Info]14:18 ч. Response Sent
[Info]14:18 ч. Request Sent
[Info]14:18 ч. Retrieving the car by Id
[Info]14:18 ч. Response Sent
[Info]14:19 ч. Request Sent
[Info]14:19 ч. Retrieving the car by Id
[Info]14:19 ч. Response Sent
[Info]14:29 ч. Request Sent
[Info]14:29 ч. Retrieving the car by Id
[Info]14:29 ч. Response Sent
[Info]14:29 ч. Request Sent
[Info]14:29 ч. Retrieving the car by Id
[Info]14:29 ч. Response Sent
[Info]14:30 ч. Request Sent
[Info]14:30 ч. Retrieving the car by Id
[Info]14:30 ч. Response Sent
[Info]14:30 ч. Request Sent
[Info]14:30 ч. Retrieving the list of cars
[Info]14:30 ч. There are 9 cars in the fleet
[Info]14:30 ч. Response Sent
[Info]14:30 ч. Request Sent
[Info]14:30 ч. Retrieving the list of categories
[Info]14:30 ч. There are 7 categories in the fleet
[Info]14:30 ч. Response Sent
[Info]14:31 ч. Request Sent
[Info]14:31 ч. Retrieving the list of cars
[Info]14:31 ч. There are 9 cars in the fleet
[Info]14:31 ч. Response Sent
[Info]14:31 ч. Request Sent
[Info]14:31 ч. Retrieving the ratings by carId
[Info]14:31 ч. Request Sent
[Info]14:31 ч. Request Sent
[Info]14:31 ч. Retrieving the ratings by carId
[Info]14:31 ч. Retrieving the ratings by carId
[Info]14:31 ч. Request Sent
[Info]14:31 ч. Retrieving the ratings by carId
[Info]14:31 ч. Request Sent
[Info]14:31 ч. Retrieving the ratings by carId
[Info]14:31 ч. Request Sent
[Info]14:31 ч. Retrieving the ratings by carId
[Info]14:31 ч. Retrieving the ratings by carId
[Info]14:31 ч. Response Sent
[Info]14:31 ч. Response Sent
[Info]14:31 ч. Request Sent
[Info]14:31 ч. Retrieving the ratings by carId
[Info]14:31 ч. Response Sent
[Info]14:31 ч. Response Sent
[Info]14:31 ч. Request Sent
[Info]14:31 ч. Retrieving the ratings by carId
[Info]14:31 ч. Retrieving the ratings by carId
[Info]14:31 ч. Response Sent
[Info]14:31 ч. Response Sent
[Info]14:31 ч. Response Sent
[Info]14:31 ч. Request Sent
[Info]14:31 ч. Retrieving the ratings by carId
[Info]14:31 ч. Retrieving the ratings by carId
[Info]14:31 ч. Response Sent
[Info]14:31 ч. Response Sent
[Info]14:31 ч. Response Sent
[Info]14:31 ч. Response Sent
[Info]14:31 ч. Response Sent
[Info]14:31 ч. Request Sent
[Info]14:31 ч. Retrieving the list of cars
[Info]14:31 ч. There are 9 cars in the fleet
[Info]14:31 ч. Response Sent
[Info]14:31 ч. Request Sent
[Info]14:31 ч. Retrieving the list of cars
[Info]14:31 ч. There are 9 cars in the fleet
[Info]14:31 ч. Response Sent
[Info]14:32 ч. Request Sent
[Info]14:32 ч. Retrieving the list of categories
[Info]14:32 ч. There are 7 categories in the fleet
[Info]14:32 ч. Response Sent
[Info]14:32 ч. Request Sent
[Info]14:32 ч. Retrieving the list of cars
[Info]14:32 ч. There are 9 cars in the fleet
[Info]14:32 ч. Response Sent
[Info]14:32 ч. Request Sent
[Info]14:32 ч. Request Sent
[Info]14:32 ч. Retrieving the ratings by carId
[Info]14:32 ч. Request Sent
[Info]14:32 ч. Retrieving the ratings by carId
[Info]14:32 ч. Retrieving the ratings by carId
[Info]14:32 ч. Retrieving the ratings by carId
[Info]14:32 ч. Retrieving the ratings by carId
[Info]14:32 ч. Response Sent
[Info]14:32 ч. Request Sent
[Info]14:32 ч. Retrieving the ratings by carId
[Info]14:32 ч. Response Sent
[Info]14:32 ч. Request Sent
[Info]14:32 ч. Retrieving the ratings by carId
[Info]14:32 ч. Request Sent
[Info]14:32 ч. Response Sent
[Info]14:32 ч. Retrieving the ratings by carId
[Info]14:32 ч. Request Sent
[Info]14:32 ч. Retrieving the ratings by carId
[Info]14:32 ч. Response Sent
[Info]14:32 ч. Request Sent
[Info]14:32 ч. Response Sent
[Info]14:32 ч. Retrieving the ratings by carId
[Info]14:32 ч. Response Sent
[Info]14:32 ч. Response Sent
[Info]14:32 ч. Request Sent
[Info]14:32 ч. Retrieving the ratings by carId
[Info]14:32 ч. Response Sent
[Info]14:32 ч. Response Sent
[Info]14:32 ч. Response Sent
[Info]14:32 ч. Request Sent
[Info]14:32 ч. Retrieving the car by Id
[Info]14:32 ч. Response Sent
[Info]14:36 ч. Request Sent
[Info]14:36 ч. Retrieving the list of cars
[Info]14:36 ч. There are 9 cars in the fleet
[Info]14:36 ч. Response Sent
[Info]14:36 ч. Request Sent
[Info]14:36 ч. Retrieving the list of categories
[Info]14:36 ч. There are 7 categories in the fleet
[Info]14:36 ч. Response Sent
[Info]14:36 ч. Request Sent
[Info]14:36 ч. Retrieving the list of cars
[Info]14:36 ч. There are 9 cars in the fleet
[Info]14:36 ч. Response Sent
[Info]14:36 ч. Request Sent
[Info]14:36 ч. Retrieving the ratings by carId
[Info]14:36 ч. Request Sent
[Info]14:36 ч. Retrieving the ratings by carId
[Info]14:36 ч. Retrieving the ratings by carId
[Info]14:36 ч. Request Sent
[Info]14:36 ч. Request Sent
[Info]14:36 ч. Retrieving the ratings by carId
[Info]14:36 ч. Retrieving the ratings by carId
[Info]14:36 ч. Request Sent
[Info]14:36 ч. Retrieving the ratings by carId
[Info]14:36 ч. Response Sent
[Info]14:36 ч. Request Sent
[Info]14:36 ч. Retrieving the ratings by carId
[Info]14:36 ч. Response Sent
[Info]14:36 ч. Request Sent
[Info]14:36 ч. Retrieving the ratings by carId
[Info]14:36 ч. Request Sent
[Info]14:36 ч. Retrieving the ratings by carId
[Info]14:36 ч. Response Sent
[Info]14:36 ч. Response Sent
[Info]14:36 ч. Request Sent
[Info]14:36 ч. Retrieving the ratings by carId
[Info]14:36 ч. Response Sent
[Info]14:36 ч. Response Sent
[Info]14:36 ч. Request Sent
[Info]14:36 ч. Response Sent
[Info]14:36 ч. Retrieving the ratings by carId
[Info]14:36 ч. Retrieving the ratings by carId
[Info]14:36 ч. Response Sent
[Info]14:36 ч. Response Sent
[Info]14:36 ч. Request Sent
[Info]14:36 ч. Retrieving the list of cars
[Info]14:36 ч. There are 9 cars in the fleet
[Info]14:36 ч. Response Sent
[Info]14:36 ч. Request Sent
[Info]14:36 ч. Request Sent
[Info]14:36 ч. Retrieving the ratings by carId
[Info]14:36 ч. Request Sent
[Info]14:36 ч. Retrieving the ratings by carId
[Info]14:36 ч. Request Sent
[Info]14:36 ч. Retrieving the ratings by carId
[Info]14:36 ч. Request Sent
[Info]14:36 ч. Request Sent
[Info]14:36 ч. Retrieving the ratings by carId
[Info]14:36 ч. Retrieving the ratings by carId
[Info]14:36 ч. Request Sent
[Info]14:36 ч. Response Sent
[Info]14:36 ч. Response Sent
[Info]14:36 ч. Response Sent
[Info]14:36 ч. Retrieving the ratings by carId
[Info]14:36 ч. Request Sent
[Info]14:36 ч. Response Sent
[Info]14:36 ч. Response Sent
[Info]14:36 ч. Response Sent
[Info]14:36 ч. Request Sent
[Info]14:36 ч. Retrieving the ratings by carId
[Info]14:36 ч. Retrieving the ratings by carId
[Info]14:36 ч. Retrieving the ratings by carId
[Info]14:36 ч. Response Sent
[Info]14:36 ч. Response Sent
[Info]14:36 ч. Response Sent
[Info]14:36 ч. Response Sent
[Info]14:36 ч. Request Sent
[Info]14:36 ч. Retrieving the list of cars
[Info]14:36 ч. There are 9 cars in the fleet
[Info]14:36 ч. Response Sent
[Info]14:48 ч. Request Sent
[Info]14:48 ч. Retrieving the list of cars
[Info]14:48 ч. There are 9 cars in the fleet
[Info]14:48 ч. Response Sent
[Info]14:49 ч. Request Sent
[Info]14:49 ч. Retrieving the list of cars
[Info]14:49 ч. There are 9 cars in the fleet
[Info]14:49 ч. Response Sent
[Info]14:50 ч. Request Sent
[Info]14:50 ч. Retrieving the list of cars
[Info]14:50 ч. There are 9 cars in the fleet
[Info]14:50 ч. Response Sent
[Info]14:51 ч. Request Sent
[Info]14:51 ч. Retrieving the list of cars
[Info]14:51 ч. There are 9 cars in the fleet
[Info]14:51 ч. Response Sent
[Info]14:51 ч. Request Sent
[Info]14:51 ч. Retrieving the ratings by carId
[Info]14:51 ч. Request Sent
[Info]14:51 ч. Request Sent
[Info]14:51 ч. Retrieving the ratings by carId
[Info]14:51 ч. Request Sent
[Info]14:51 ч. Retrieving the ratings by carId
[Info]14:51 ч. Request Sent
[Info]14:51 ч. Request Sent
[Info]14:51 ч. Retrieving the ratings by carId
[Info]14:51 ч. Response Sent
[Info]14:51 ч. Request Sent
[Info]14:51 ч. Retrieving the ratings by carId
[Info]14:51 ч. Retrieving the ratings by carId
[Info]14:51 ч. Response Sent
[Info]14:51 ч. Request Sent
[Info]14:51 ч. Retrieving the ratings by carId
[Info]14:51 ч. Response Sent
[Info]14:51 ч. Response Sent
[Info]14:51 ч. Response Sent
[Info]14:51 ч. Request Sent
[Info]14:51 ч. Retrieving the ratings by carId
[Info]14:51 ч. Request Sent
[Info]14:51 ч. Retrieving the ratings by carId
[Info]14:51 ч. Response Sent
[Info]14:51 ч. Response Sent
[Info]14:51 ч. Response Sent
[Info]14:51 ч. Response Sent
[Info]14:51 ч. Request Sent
[Info]14:51 ч. Retrieving the ratings by carId
[Info]14:51 ч. Response Sent
[Info]14:51 ч. Response Sent
[Info]14:57 ч. Request Sent
[Info]14:57 ч. Retrieving the list of categories
[Info]14:57 ч. There are 7 categories in the fleet
[Info]14:57 ч. Response Sent
[Info]14:57 ч. Request Sent
[Info]14:57 ч. Retrieving the list of cars
[Info]14:57 ч. There are 9 cars in the fleet
[Info]14:57 ч. Response Sent
[Info]15:12 ч. Request Sent
[Info]15:12 ч. Response Sent
[Info]15:12 ч. Request Sent
[Info]15:12 ч. User logged out the system.
[Info]15:12 ч. Response Sent
[Info]15:12 ч. Request Sent
[Info]15:12 ч. Response Sent
[Info]15:12 ч. Request Sent
[Info]15:12 ч. Response Sent
[Info]15:12 ч. Request Sent
[Info]15:12 ч. Response Sent
[Info]15:12 ч. Request Sent
[Info]15:12 ч. User logged out the system.
[Info]15:12 ч. Response Sent
[Info]15:12 ч. Request Sent
[Info]15:12 ч. Response Sent
[Info]15:12 ч. Request Sent
[Info]15:12 ч. Response Sent
[Info]15:12 ч. Request Sent
[Info]15:12 ч. Retrieving the list of cars
[Info]15:12 ч. There are 9 cars in the fleet
[Info]15:12 ч. Response Sent
[Info]15:12 ч. Request Sent
[Info]15:12 ч. Request Sent
[Info]15:12 ч. Retrieving the ratings by carId
[Info]15:12 ч. Retrieving the ratings by carId
[Info]15:12 ч. Request Sent
[Info]15:12 ч. Retrieving the ratings by carId
[Info]15:12 ч. Retrieving the ratings by carId
[Info]15:12 ч. Retrieving the ratings by carId
[Info]15:12 ч. Response Sent
[Info]15:12 ч. Request Sent
[Info]15:12 ч. Request Sent
[Info]15:12 ч. Retrieving the ratings by carId
[Info]15:12 ч. Retrieving the ratings by carId
[Info]15:12 ч. Response Sent
[Info]15:12 ч. Request Sent
[Info]15:12 ч. Retrieving the ratings by carId
[Info]15:12 ч. Response Sent
[Info]15:12 ч. Request Sent
[Info]15:12 ч. Request Sent
[Info]15:12 ч. Retrieving the ratings by carId
[Info]15:12 ч. Response Sent
[Info]15:12 ч. Request Sent
[Info]15:12 ч. Retrieving the ratings by carId
[Info]15:12 ч. Response Sent
[Info]15:12 ч. Response Sent
[Info]15:12 ч. Response Sent
[Info]15:12 ч. Response Sent
[Info]15:12 ч. Request Sent
[Info]15:12 ч. Retrieving the ratings by carId
[Info]15:12 ч. Response Sent
[Info]15:12 ч. Response Sent
[Info]15:12 ч. Response Sent
[Info]15:12 ч. Request Sent
[Info]15:12 ч. Response Sent
[Info]15:12 ч. Request Sent
[Info]15:12 ч. User logged out the system.
[Info]15:12 ч. Response Sent
[Info]15:12 ч. Request Sent
[Info]15:12 ч. Response Sent
[Info]15:12 ч. Request Sent
[Info]15:12 ч. Response Sent
[Info]15:39 ч. Request Sent
[Info]15:39 ч. Retrieving the list of categories
[Info]15:39 ч. There are 7 categories in the fleet
[Info]15:39 ч. Response Sent
[Info]15:39 ч. Request Sent
[Info]15:39 ч. Retrieving the list of cars
[Info]15:39 ч. There are 9 cars in the fleet
[Info]15:39 ч. Response Sent
[Info]15:39 ч. Request Sent
[Info]15:39 ч. Retrieving the list of cars
[Info]15:39 ч. There are 9 cars in the fleet
[Info]15:39 ч. Response Sent
[Info]15:39 ч. Request Sent
[Info]15:39 ч. Retrieving the ratings by carId
[Info]15:39 ч. Request Sent
[Info]15:39 ч. Retrieving the ratings by carId
[Info]15:39 ч. Request Sent
[Info]15:39 ч. Retrieving the ratings by carId
[Info]15:39 ч. Request Sent
[Info]15:39 ч. Retrieving the ratings by carId
[Info]15:39 ч. Request Sent
[Info]15:39 ч. Response Sent
[Info]15:39 ч. Retrieving the ratings by carId
[Info]15:39 ч. Request Sent
[Info]15:39 ч. Retrieving the ratings by carId
[Info]15:39 ч. Retrieving the ratings by carId
[Info]15:39 ч. Response Sent
[Info]15:39 ч. Request Sent
[Info]15:39 ч. Retrieving the ratings by carId
[Info]15:39 ч. Response Sent
[Info]15:39 ч. Request Sent
[Info]15:39 ч. Retrieving the ratings by carId
[Info]15:39 ч. Response Sent
[Info]15:39 ч. Response Sent
[Info]15:39 ч. Request Sent
[Info]15:39 ч. Retrieving the ratings by carId
[Info]15:39 ч. Response Sent
[Info]15:39 ч. Response Sent
[Info]15:39 ч. Response Sent
[Info]15:39 ч. Request Sent
[Info]15:39 ч. Response Sent
[Info]15:39 ч. Request Sent
[Info]15:39 ч. Retrieving the ratings by carId
[Info]15:39 ч. Response Sent
[Info]15:39 ч. Response Sent
[Info]15:39 ч. Response Sent
[Info]15:40 ч. Request Sent
[Info]15:40 ч. Retrieving the car by Id
[Info]15:40 ч. Response Sent
[Info]15:47 ч. Request Sent
[Info]15:47 ч. Response Sent
[Info]15:47 ч. Request Sent
[Info]15:47 ч. User logged out the system.
[Info]15:47 ч. Response Sent
[Info]15:47 ч. Request Sent
[Info]15:47 ч. Response Sent
[Info]15:47 ч. Request Sent
[Info]15:47 ч. Response Sent
[Info]15:47 ч. Request Sent
[Info]15:47 ч. Retrieving the list of cars
[Info]15:47 ч. There are 9 cars in the fleet
[Info]15:47 ч. Response Sent
[Info]15:47 ч. Request Sent
[Info]15:47 ч. Retrieving the ratings by carId
[Info]15:47 ч. Request Sent
[Info]15:47 ч. Retrieving the ratings by carId
[Info]15:47 ч. Request Sent
[Info]15:47 ч. Retrieving the ratings by carId
[Info]15:47 ч. Retrieving the ratings by carId
[Info]15:47 ч. Request Sent
[Info]15:47 ч. Retrieving the ratings by carId
[Info]15:47 ч. Request Sent
[Info]15:47 ч. Retrieving the ratings by carId
[Info]15:47 ч. Request Sent
[Info]15:47 ч. Retrieving the ratings by carId
[Info]15:47 ч. Response Sent
[Info]15:47 ч. Response Sent
[Info]15:47 ч. Response Sent
[Info]15:47 ч. Request Sent
[Info]15:47 ч. Request Sent
[Info]15:47 ч. Retrieving the ratings by carId
[Info]15:47 ч. Retrieving the ratings by carId
[Info]15:47 ч. Response Sent
[Info]15:47 ч. Response Sent
[Info]15:47 ч. Response Sent
[Info]15:47 ч. Request Sent
[Info]15:47 ч. Retrieving the ratings by carId
[Info]15:47 ч. Response Sent
[Info]15:47 ч. Response Sent
[Info]15:47 ч. Response Sent
[Info]15:47 ч. Response Sent
[Info]15:47 ч. Request Sent
[Info]15:47 ч. Retrieving the ratings by carId
[Info]15:47 ч. Request Sent
[Info]15:47 ч. Retrieving the ratings by carId
[Info]15:47 ч. Response Sent
[Info]15:47 ч. Response Sent
[Info]15:47 ч. Request Sent
[Info]15:47 ч. Retrieving the car by Id
[Info]15:47 ч. Response Sent
[Info]15:47 ч. Request Sent
[Info]15:47 ч. Response Sent
[Info]15:47 ч. Request Sent
[Info]15:47 ч. User logged out the system.
[Info]15:47 ч. Response Sent
[Info]15:47 ч. Request Sent
[Info]15:47 ч. Retrieving the list of cars
[Info]15:47 ч. There are 9 cars in the fleet
[Info]15:47 ч. Response Sent
[Info]15:47 ч. Request Sent
[Info]15:47 ч. Retrieving the ratings by carId
[Info]15:47 ч. Request Sent
[Info]15:47 ч. Retrieving the ratings by carId
[Info]15:47 ч. Request Sent
[Info]15:47 ч. Request Sent
[Info]15:47 ч. Retrieving the ratings by carId
[Info]15:47 ч. Retrieving the ratings by carId
[Info]15:47 ч. Request Sent
[Info]15:47 ч. Retrieving the ratings by carId
[Info]15:47 ч. Response Sent
[Info]15:47 ч. Request Sent
[Info]15:47 ч. Retrieving the ratings by carId
[Info]15:47 ч. Request Sent
[Info]15:47 ч. Retrieving the ratings by carId
[Info]15:47 ч. Response Sent
[Info]15:47 ч. Response Sent
[Info]15:47 ч. Retrieving the ratings by carId
[Info]15:47 ч. Retrieving the ratings by carId
[Info]15:47 ч. Retrieving the ratings by carId
[Info]15:47 ч. Response Sent
[Info]15:47 ч. Response Sent
[Info]15:47 ч. Response Sent
[Info]15:47 ч. Response Sent
[Info]15:47 ч. Request Sent
[Info]15:47 ч. Retrieving the car by Id
[Info]15:47 ч. Response Sent
[Info]15:54 ч. Request Sent
[Info]15:54 ч. Response Sent
[Info]15:54 ч. Request Sent
[Info]15:54 ч. Response Sent
[Info]15:56 ч. Request Sent
[Info]15:56 ч. Retrieving the list of cars
[Info]15:56 ч. There are 9 cars in the fleet
[Info]15:56 ч. Response Sent
[Info]15:56 ч. Request Sent
[Info]15:56 ч. Response Sent
[Info]15:56 ч. Request Sent
[Info]15:56 ч. User logged out the system.
[Info]15:56 ч. Response Sent
[Info]15:56 ч. Request Sent
[Info]15:56 ч. Retrieving the list of cars
[Info]15:56 ч. There are 9 cars in the fleet
[Info]15:56 ч. Response Sent
[Info]15:56 ч. Request Sent
[Info]15:56 ч. Retrieving the ratings by carId
[Info]15:56 ч. Request Sent
[Info]15:56 ч. Retrieving the ratings by carId
[Info]15:56 ч. Request Sent
[Info]15:56 ч. Retrieving the ratings by carId
[Info]15:56 ч. Request Sent
[Info]15:56 ч. Retrieving the ratings by carId
[Info]15:56 ч. Response Sent
[Info]15:56 ч. Retrieving the ratings by carId
[Info]15:56 ч. Retrieving the ratings by carId
[Info]15:56 ч. Request Sent
[Info]15:56 ч. Retrieving the ratings by carId
[Info]15:56 ч. Response Sent
[Info]15:56 ч. Request Sent
[Info]15:56 ч. Retrieving the ratings by carId
[Info]15:56 ч. Response Sent
[Info]15:56 ч. Request Sent
[Info]15:56 ч. Response Sent
[Info]15:56 ч. Retrieving the ratings by carId
[Info]15:56 ч. Response Sent
[Info]15:56 ч. Request Sent
[Info]15:56 ч. Response Sent
[Info]15:56 ч. Retrieving the ratings by carId
[Info]15:56 ч. Retrieving the ratings by carId
[Info]15:56 ч. Response Sent
[Info]15:56 ч. Response Sent
[Info]15:56 ч. Response Sent
[Info]15:56 ч. Response Sent
[Info]15:56 ч. Response Sent
[Info]15:56 ч. Request Sent
[Info]15:56 ч. Retrieving the car by Id
[Info]15:56 ч. Response Sent
[Info]15:56 ч. Request Sent
[Info]15:56 ч. Response Sent
[Info]15:56 ч. Request Sent
[Info]15:56 ч. Response Sent
[Info]15:57 ч. Request Sent
[Info]15:57 ч. Retrieving the list of cars
[Info]15:57 ч. There are 9 cars in the fleet
[Info]15:57 ч. Response Sent
[Info]15:57 ч. Request Sent
[Info]15:57 ч. Retrieving the ratings by carId
[Info]15:57 ч. Request Sent
[Info]15:57 ч. Request Sent
[Info]15:57 ч. Retrieving the ratings by carId
[Info]15:57 ч. Request Sent
[Info]15:57 ч. Retrieving the ratings by carId
[Info]15:57 ч. Request Sent
[Info]15:57 ч. Retrieving the ratings by carId
[Info]15:57 ч. Request Sent
[Info]15:57 ч. Retrieving the ratings by carId
[Info]15:57 ч. Response Sent
[Info]15:57 ч. Request Sent
[Info]15:57 ч. Retrieving the ratings by carId
[Info]15:57 ч. Response Sent
[Info]15:57 ч. Request Sent
[Info]15:57 ч. Response Sent
[Info]15:57 ч. Response Sent
[Info]15:57 ч. Request Sent
[Info]15:57 ч. Response Sent
[Info]15:57 ч. Retrieving the ratings by carId
[Info]15:57 ч. Request Sent
[Info]15:57 ч. Retrieving the ratings by carId
[Info]15:57 ч. Response Sent
[Info]15:57 ч. Retrieving the ratings by carId
[Info]15:57 ч. Retrieving the ratings by carId
[Info]15:57 ч. Response Sent
[Info]15:57 ч. Response Sent
[Info]15:57 ч. Response Sent
[Info]15:57 ч. Response Sent
[Info]15:57 ч. Response Sent
[Info]15:57 ч. Request Sent
[Info]15:57 ч. Retrieving the list of cars
[Info]15:57 ч. There are 9 cars in the fleet
[Info]15:57 ч. Response Sent
[Info]15:57 ч. Request Sent
[Info]15:57 ч. Request Sent
[Info]15:57 ч. Retrieving the ratings by carId
[Info]15:57 ч. Request Sent
[Info]15:57 ч. Retrieving the ratings by carId
[Info]15:57 ч. Request Sent
[Info]15:57 ч. Request Sent
[Info]15:57 ч. Retrieving the ratings by carId
[Info]15:57 ч. Retrieving the ratings by carId
[Info]15:57 ч. Response Sent
[Info]15:57 ч. Response Sent
[Info]15:57 ч. Request Sent
[Info]15:57 ч. Retrieving the ratings by carId
[Info]15:57 ч. Response Sent
[Info]15:57 ч. Request Sent
[Info]15:57 ч. Retrieving the ratings by carId
[Info]15:57 ч. Response Sent
[Info]15:57 ч. Request Sent
[Info]15:57 ч. Request Sent
[Info]15:57 ч. Retrieving the ratings by carId
[Info]15:57 ч. Retrieving the ratings by carId
[Info]15:57 ч. Response Sent
[Info]15:57 ч. Response Sent
[Info]15:57 ч. Response Sent
[Info]15:57 ч. Request Sent
[Info]15:57 ч. Retrieving the ratings by carId
[Info]15:57 ч. Request Sent
[Info]15:57 ч. Retrieving the ratings by carId
[Info]15:57 ч. Response Sent
[Info]15:57 ч. Response Sent
[Info]15:57 ч. Response Sent
[Info]15:57 ч. Response Sent
[Info]15:57 ч. Request Sent
[Info]15:57 ч. Retrieving the car by Id
[Info]15:57 ч. Response Sent
[Info]15:57 ч. Request Sent
[Info]15:57 ч. Response Sent
[Info]15:57 ч. Request Sent
[Info]15:57 ч. User logged out the system.
[Info]15:57 ч. Response Sent
[Info]15:58 ч. Request Sent
[Info]15:58 ч. Retrieving the list of cars
[Info]15:58 ч. There are 9 cars in the fleet
[Info]15:58 ч. Response Sent
[Info]15:58 ч. Request Sent
[Info]15:58 ч. Retrieving the ratings by carId
[Info]15:58 ч. Request Sent
[Info]15:58 ч. Retrieving the ratings by carId
[Info]15:58 ч. Request Sent
[Info]15:58 ч. Retrieving the ratings by carId
[Info]15:58 ч. Response Sent
[Info]15:58 ч. Request Sent
[Info]15:58 ч. Retrieving the ratings by carId
[Info]15:58 ч. Request Sent
[Info]15:58 ч. Retrieving the ratings by carId
[Info]15:58 ч. Retrieving the ratings by carId
[Info]15:58 ч. Request Sent
[Info]15:58 ч. Response Sent
[Info]15:58 ч. Request Sent
[Info]15:58 ч. Retrieving the ratings by carId
[Info]15:58 ч. Response Sent
[Info]15:58 ч. Request Sent
[Info]15:58 ч. Retrieving the ratings by carId
[Info]15:58 ч. Response Sent
[Info]15:58 ч. Response Sent
[Info]15:58 ч. Request Sent
[Info]15:58 ч. Response Sent
[Info]15:58 ч. Retrieving the ratings by carId
[Info]15:58 ч. Request Sent
[Info]15:58 ч. Retrieving the ratings by carId
[Info]15:58 ч. Response Sent
[Info]15:58 ч. Response Sent
[Info]15:58 ч. Response Sent
[Info]15:58 ч. Response Sent
[Info]15:58 ч. Request Sent
[Info]15:58 ч. Retrieving the car by Id
[Info]15:58 ч. Response Sent
[Info]17:58 ч. Request Sent
[Info]17:58 ч. Response Sent
[Info]17:58 ч. Request Sent
[Info]17:58 ч. Response Sent
[Info]18:00 ч. Request Sent
[Info]18:00 ч. Retrieving the list of cars
[Info]18:00 ч. There are 9 cars in the fleet
[Info]18:00 ч. Response Sent
[Info]18:00 ч. Request Sent
[Info]18:00 ч. Retrieving the ratings by carId
[Info]18:00 ч. Request Sent
[Info]18:00 ч. Retrieving the ratings by carId
[Info]18:00 ч. Retrieving the ratings by carId
[Info]18:00 ч. Request Sent
[Info]18:00 ч. Request Sent
[Info]18:00 ч. Retrieving the ratings by carId
[Info]18:00 ч. Retrieving the ratings by carId
[Info]18:00 ч. Request Sent
[Info]18:00 ч. Retrieving the ratings by carId
[Info]18:00 ч. Request Sent
[Info]18:00 ч. Retrieving the ratings by carId
[Info]18:00 ч. Response Sent
[Info]18:00 ч. Request Sent
[Info]18:00 ч. Retrieving the ratings by carId
[Info]18:00 ч. Response Sent
[Info]18:00 ч. Request Sent
[Info]18:00 ч. Retrieving the ratings by carId
[Info]18:00 ч. Response Sent
[Info]18:00 ч. Response Sent
[Info]18:00 ч. Response Sent
[Info]18:00 ч. Response Sent
[Info]18:00 ч. Response Sent
[Info]18:00 ч. Request Sent
[Info]18:00 ч. Retrieving the ratings by carId
[Info]18:00 ч. Request Sent
[Info]18:00 ч. Retrieving the ratings by carId
[Info]18:00 ч. Response Sent
[Info]18:00 ч. Request Sent
[Info]18:00 ч. Retrieving the ratings by carId
[Info]18:00 ч. Response Sent
[Info]18:00 ч. Response Sent
[Info]18:00 ч. Request Sent
[Info]18:00 ч. Response Sent
[Info]18:00 ч. Request Sent
[Info]18:00 ч. User logged out the system.
[Info]18:00 ч. Response Sent
[Info]18:00 ч. Request Sent
[Info]18:00 ч. Response Sent
[Info]18:00 ч. Request Sent
[Info]18:00 ч. Response Sent
[Info]18:03 ч. Request Sent
[Info]18:03 ч. Retrieving the list of cars
[Info]18:03 ч. There are 9 cars in the fleet
[Info]18:03 ч. Response Sent
[Info]18:03 ч. Request Sent
[Info]18:03 ч. Request Sent
[Info]18:03 ч. Retrieving the ratings by carId
[Info]18:03 ч. Request Sent
[Info]18:03 ч. Retrieving the ratings by carId
[Info]18:03 ч. Request Sent
[Info]18:03 ч. Retrieving the ratings by carId
[Info]18:03 ч. Retrieving the ratings by carId
[Info]18:03 ч. Retrieving the ratings by carId
[Info]18:03 ч. Request Sent
[Info]18:03 ч. Retrieving the ratings by carId
[Info]18:03 ч. Response Sent
[Info]18:03 ч. Response Sent
[Info]18:03 ч. Response Sent
[Info]18:03 ч. Response Sent
[Info]18:03 ч. Response Sent
[Info]18:03 ч. Request Sent
[Info]18:03 ч. Request Sent
[Info]18:03 ч. Retrieving the ratings by carId
[Info]18:03 ч. Retrieving the ratings by carId
[Info]18:03 ч. Response Sent
[Info]18:03 ч. Response Sent
[Info]18:03 ч. Request Sent
[Info]18:03 ч. Retrieving the ratings by carId
[Info]18:03 ч. Retrieving the ratings by carId
[Info]18:03 ч. Response Sent
[Info]18:03 ч. Response Sent
[Info]18:03 ч. Response Sent
[Info]18:03 ч. Request Sent
[Info]18:03 ч. Retrieving the car by Id
[Info]18:03 ч. Response Sent
[Info]18:04 ч. Request Sent
[Info]18:04 ч. Retrieving the list of cars
[Info]18:04 ч. There are 9 cars in the fleet
[Info]18:04 ч. Response Sent
[Info]18:14 ч. Request Sent
[Info]18:14 ч. Response Sent
[Info]18:14 ч. Request Sent
[Info]18:14 ч. Response Sent
[Info]18:14 ч. Request Sent
[Info]18:14 ч. Retrieving the renter by Id
[Info]18:14 ч. Response Sent
[Info]18:14 ч. Request Sent
[Info]18:14 ч. Retrieving the renter by Id
[Info]18:14 ч. Response Sent
[Info]18:15 ч. Request Sent
[Info]18:15 ч. Retrieving the list of cars
[Info]18:15 ч. There are 9 cars in the fleet
[Info]18:15 ч. Response Sent
[Info]18:15 ч. Request Sent
[Info]18:15 ч. Request Sent
[Info]18:15 ч. Retrieving the ratings by carId
[Info]18:15 ч. Retrieving the ratings by carId
[Info]18:15 ч. Request Sent
[Info]18:15 ч. Retrieving the ratings by carId
[Info]18:15 ч. Request Sent
[Info]18:15 ч. Retrieving the ratings by carId
[Info]18:15 ч. Request Sent
[Info]18:15 ч. Retrieving the ratings by carId
[Info]18:15 ч. Retrieving the ratings by carId
[Info]18:15 ч. Response Sent
[Info]18:15 ч. Response Sent
[Info]18:15 ч. Request Sent
[Info]18:15 ч. Retrieving the ratings by carId
[Info]18:15 ч. Request Sent
[Info]18:15 ч. Retrieving the ratings by carId
[Info]18:15 ч. Response Sent
[Info]18:15 ч. Response Sent
[Info]18:15 ч. Response Sent
[Info]18:15 ч. Request Sent
[Info]18:15 ч. Retrieving the ratings by carId
[Info]18:15 ч. Request Sent
[Info]18:15 ч. Request Sent
[Info]18:15 ч. Retrieving the ratings by carId
[Info]18:15 ч. Response Sent
[Info]18:15 ч. Response Sent
[Info]18:15 ч. Retrieving the ratings by carId
[Info]18:15 ч. Response Sent
[Info]18:15 ч. Response Sent
[Info]18:15 ч. Response Sent
[Info]18:15 ч. Response Sent
[Info]18:15 ч. Request Sent
[Info]18:15 ч. Request Sent
[Info]18:15 ч. Retrieving the ratings by carId
[Info]18:15 ч. Retrieving the ratings by carId
[Info]18:15 ч. Retrieving the ratings by carId
[Info]18:15 ч. Response Sent
[Info]18:15 ч. Request Sent
[Info]18:15 ч. Request Sent
[Info]18:15 ч. Retrieving the ratings by carId
[Info]18:15 ч. Retrieving the ratings by carId
[Info]18:15 ч. Response Sent
[Info]18:15 ч. Request Sent
[Info]18:15 ч. Retrieving the ratings by carId
[Info]18:15 ч. Response Sent
[Info]18:15 ч. Response Sent
[Info]18:15 ч. Response Sent
[Info]18:15 ч. Request Sent
[Info]18:15 ч. Retrieving the list of categories
[Info]18:15 ч. There are 7 categories in the fleet
[Info]18:15 ч. Response Sent
[Info]18:15 ч. Request Sent
[Info]18:15 ч. Retrieving the list of cars
[Info]18:15 ч. There are 9 cars in the fleet
[Info]18:15 ч. Response Sent
[Info]18:19 ч. Request Sent
[Info]18:19 ч. Response Sent
[Info]18:19 ч. Request Sent
[Info]18:19 ч. User logged out the system.
[Info]18:19 ч. Response Sent
[Info]18:20 ч. Request Sent
[Info]18:20 ч. Retrieving the list of cars
[Info]18:20 ч. There are 9 cars in the fleet
[Info]18:20 ч. Response Sent
[Info]18:20 ч. Request Sent
[Info]18:20 ч. Retrieving the ratings by carId
[Info]18:20 ч. Request Sent
[Info]18:20 ч. Retrieving the ratings by carId
[Info]18:20 ч. Request Sent
[Info]18:20 ч. Retrieving the ratings by carId
[Info]18:20 ч. Request Sent
[Info]18:20 ч. Retrieving the ratings by carId
[Info]18:20 ч. Request Sent
[Info]18:20 ч. Request Sent
[Info]18:20 ч. Retrieving the ratings by carId
[Info]18:20 ч. Retrieving the ratings by carId
[Info]18:20 ч. Request Sent
[Info]18:20 ч. Request Sent
[Info]18:20 ч. Retrieving the ratings by carId
[Info]18:20 ч. Response Sent
[Info]18:20 ч. Request Sent
[Info]18:20 ч. Retrieving the ratings by carId
[Info]18:20 ч. Response Sent
[Info]18:20 ч. Request Sent
[Info]18:20 ч. Response Sent
[Info]18:20 ч. Retrieving the ratings by carId
[Info]18:20 ч. Response Sent
[Info]18:20 ч. Response Sent
[Info]18:20 ч. Retrieving the ratings by carId
[Info]18:20 ч. Retrieving the ratings by carId
[Info]18:20 ч. Response Sent
[Info]18:20 ч. Response Sent
[Info]18:20 ч. Response Sent
[Info]18:20 ч. Response Sent
[Info]18:20 ч. Response Sent
[Info]18:20 ч. Request Sent
[Info]18:20 ч. Retrieving the ratings by carId
[Info]18:20 ч. Retrieving the ratings by carId
[Info]18:20 ч. Retrieving the ratings by carId
[Info]18:20 ч. Response Sent
[Info]18:20 ч. Request Sent
[Info]18:20 ч. Retrieving the ratings by carId
[Info]18:20 ч. Response Sent
[Info]18:20 ч. Request Sent
[Info]18:20 ч. Response Sent
[Info]18:20 ч. Retrieving the ratings by carId
[Info]18:20 ч. Request Sent
[Info]18:20 ч. Retrieving the ratings by carId
[Info]18:20 ч. Response Sent
[Info]18:20 ч. Response Sent
[Info]18:20 ч. Response Sent
[Info]18:20 ч. Request Sent
[Info]18:20 ч. Retrieving the list of cars
[Info]18:20 ч. There are 9 cars in the fleet
[Info]18:20 ч. Response Sent
[Info]18:20 ч. Request Sent
[Info]18:20 ч. Retrieving the ratings by carId
[Info]18:20 ч. Request Sent
[Info]18:20 ч. Retrieving the ratings by carId
[Info]18:20 ч. Request Sent
[Info]18:20 ч. Request Sent
[Info]18:20 ч. Retrieving the ratings by carId
[Info]18:20 ч. Retrieving the ratings by carId
[Info]18:20 ч. Retrieving the ratings by carId
[Info]18:20 ч. Response Sent
[Info]18:20 ч. Response Sent
[Info]18:20 ч. Request Sent
[Info]18:20 ч. Retrieving the ratings by carId
[Info]18:20 ч. Response Sent
[Info]18:20 ч. Response Sent
[Info]18:20 ч. Request Sent
[Info]18:20 ч. Retrieving the ratings by carId
[Info]18:20 ч. Request Sent
[Info]18:20 ч. Retrieving the ratings by carId
[Info]18:20 ч. Retrieving the ratings by carId
[Info]18:20 ч. Response Sent
[Info]18:20 ч. Request Sent
[Info]18:20 ч. Retrieving the ratings by carId
[Info]18:20 ч. Response Sent
[Info]18:20 ч. Response Sent
[Info]18:20 ч. Response Sent
[Info]18:20 ч. Request Sent
[Info]18:20 ч. Retrieving the ratings by carId
[Info]18:20 ч. Response Sent
[Info]18:20 ч. Response Sent
[Info]18:20 ч. Response Sent
[Info]18:20 ч. Response Sent
