[Info]08:48 ч. Retrieving the list of categories
[Info]08:48 ч. There are 3 categories in the fleet
[Info]08:48 ч. Retrieving the list of categories
[Info]08:48 ч. There are 3 categories in the fleet
[Info]08:49 ч. Retrieving the list of categories
[Info]08:49 ч. There are 3 categories in the fleet
[Info]08:49 ч. Request with the updated car was sent!
[Info]08:49 ч. The car was updated
[Info]08:49 ч. Retrieving the list of categories
[Info]08:49 ч. There are 3 categories in the fleet
[Info]08:50 ч. Retrieving the list of categories
[Info]08:50 ч. Retrieving the car by Id
[Info]08:50 ч. There are 3 categories in the fleet
[Info]08:50 ч. Retrieving the list of categories
[Info]08:50 ч. There are 3 categories in the fleet
[Info]08:50 ч. Retrieving the list of categories
[Info]08:50 ч. There are 3 categories in the fleet
[Info]08:50 ч. Request with the updated car was sent!
[Info]08:50 ч. The car was updated
[Info]08:52 ч. Retrieving the list of categories
[Info]08:52 ч. Retrieving the car by Id
[Info]08:52 ч. There are 3 categories in the fleet
[Info]08:52 ч. Retrieving the list of categories
[Info]08:52 ч. There are 3 categories in the fleet
[Info]08:52 ч. Request with the updated car was sent!
[Info]08:52 ч. The car was updated
[Info]08:52 ч. Retrieving the list of cars
[Info]08:52 ч. There are 7 cars in the fleet
[Info]08:56 ч. Retrieving the list of categories
[Info]08:56 ч. Retrieving the car by Id
[Info]08:56 ч. Retrieving the car by Id
[Info]08:56 ч. There are 3 categories in the fleet
[Info]08:56 ч. Request with the updated car was sent!
[Info]08:56 ч. Retrieving the list of cars
[Info]08:56 ч. There are 6 cars in the fleet
[Info]08:56 ч. Retrieving the ratings by carId
[Info]08:56 ч. Retrieving the ratings by carId
[Info]08:56 ч. Retrieving the ratings by carId
[Info]08:56 ч. Retrieving the ratings by carId
[Info]08:56 ч. Retrieving the ratings by carId
[Info]08:56 ч. Retrieving the ratings by carId
[Info]08:56 ч. Retrieving the ratings by carId
[Info]08:56 ч. Retrieving the ratings by carId
[Info]08:56 ч. Retrieving the ratings by carId
[Info]08:56 ч. Retrieving the ratings by carId
[Info]08:56 ч. Retrieving the ratings by carId
[Info]10:09 ч. Retrieving the car by Id
[Info]10:29 ч. Retrieving the list of cars
[Info]10:29 ч. There are 7 cars in the fleet
[Info]10:29 ч. Retrieving the car by Id
[Info]10:29 ч. Retrieving the car by Id
[Info]10:29 ч. Retrieving the list of categories
[Info]10:29 ч. There are 3 categories in the fleet
[Info]10:29 ч. Request with the updated car was sent!
[Info]10:29 ч. Retrieving the list of cars
[Info]10:29 ч. There are 6 cars in the fleet
[Info]10:29 ч. Retrieving the ratings by carId
[Info]10:29 ч. Retrieving the ratings by carId
[Info]10:29 ч. Retrieving the ratings by carId
[Info]10:29 ч. Retrieving the ratings by carId
[Info]10:29 ч. Retrieving the ratings by carId
[Info]10:29 ч. Retrieving the ratings by carId
[Info]10:29 ч. Retrieving the ratings by carId
[Info]10:29 ч. Retrieving the ratings by carId
[Info]10:29 ч. Retrieving the ratings by carId
[Info]10:31 ч. Retrieving the list of cars
[Info]10:31 ч. There are 7 cars in the fleet
[Info]10:31 ч. Retrieving the car by Id
[Info]10:31 ч. Retrieving the car by Id
[Info]10:31 ч. There are 3 categories in the fleet
[Info]10:31 ч. Request with the updated car was sent!
[Info]10:31 ч. Retrieving the list of cars
[Info]10:31 ч. There are 6 cars in the fleet
[Info]10:31 ч. Retrieving the ratings by carId
[Info]10:31 ч. Retrieving the ratings by carId
[Info]10:31 ч. Retrieving the ratings by carId
[Info]10:31 ч. Retrieving the ratings by carId
[Info]10:31 ч. Retrieving the ratings by carId
[Info]10:31 ч. Retrieving the ratings by carId
[Info]10:31 ч. Retrieving the ratings by carId
[Info]10:33 ч. Retrieving the list of cars
[Info]10:33 ч. There are 7 cars in the fleet
[Info]10:33 ч. Retrieving the list of categories
[Info]10:33 ч. There are 3 categories in the fleet
[Info]10:33 ч. Retrieving the car by Id
[Info]10:33 ч. Retrieving the car by Id
[Info]10:33 ч. Request with the updated car was sent!
[Info]10:33 ч. Retrieving the list of cars
[Info]10:33 ч. There are 6 cars in the fleet
[Info]10:33 ч. Retrieving the ratings by carId
[Info]10:33 ч. Retrieving the ratings by carId
[Info]10:33 ч. Retrieving the ratings by carId
[Info]10:33 ч. Retrieving the ratings by carId
[Info]10:33 ч. Retrieving the ratings by carId
[Info]10:33 ч. Retrieving the ratings by carId
[Info]10:33 ч. Retrieving the ratings by carId
[Info]10:33 ч. Retrieving the ratings by carId
[Info]10:33 ч. Retrieving the ratings by carId
[Info]10:33 ч. Retrieving the ratings by carId
[Info]10:33 ч. Retrieving the ratings by carId
[Info]10:33 ч. Retrieving the ratings by carId
[Info]10:36 ч. Retrieving the list of cars
[Info]10:36 ч. There are 7 cars in the fleet
[Info]10:36 ч. Retrieving the list of categories
[Info]10:36 ч. There are 3 categories in the fleet
[Info]10:36 ч. Retrieving the car by Id
[Info]10:36 ч. Retrieving the car by Id
[Info]10:36 ч. Retrieving the list of cars
[Info]10:36 ч. There are 6 cars in the fleet
[Info]10:36 ч. Retrieving the ratings by carId
[Info]10:36 ч. Retrieving the ratings by carId
[Info]10:36 ч. Retrieving the ratings by carId
[Info]10:36 ч. Retrieving the ratings by carId
[Info]10:36 ч. Retrieving the ratings by carId
[Info]10:36 ч. Retrieving the ratings by carId
[Info]10:36 ч. Retrieving the ratings by carId
[Info]10:36 ч. Retrieving the ratings by carId
[Info]10:36 ч. Retrieving the ratings by carId
[Info]10:36 ч. Retrieving the ratings by carId
[Info]10:36 ч. Retrieving the ratings by carId
[Info]10:37 ч. Retrieving the car by Id
[Info]10:38 ч. Retrieving the car by Id
[Info]10:38 ч. Retrieving the list of cars
[Info]10:38 ч. There are 7 cars in the fleet
[Info]10:38 ч. Retrieving the list of categories
[Info]10:38 ч. Retrieving the car by Id
[Info]10:38 ч. There are 3 categories in the fleet
[Info]10:39 ч. Retrieving the list of categories
[Info]10:39 ч. There are 3 categories in the fleet
[Info]10:39 ч. Retrieving the list of categories
[Info]10:39 ч. There are 3 categories in the fleet
[Info]10:39 ч. Retrieving the car by Id
[Info]10:39 ч. Retrieving the list of categories
[Info]10:39 ч. There are 3 categories in the fleet
[Info]10:39 ч. Retrieving the list of categories
[Info]10:39 ч. There are 3 categories in the fleet
[Info]10:39 ч. Retrieving the list of cars
[Info]10:39 ч. There are 6 cars in the fleet
[Info]10:39 ч. Retrieving the ratings by carId
[Info]10:39 ч. Retrieving the ratings by carId
[Info]10:39 ч. Retrieving the ratings by carId
[Info]10:39 ч. Retrieving the ratings by carId
[Info]10:39 ч. Retrieving the ratings by carId
[Info]10:39 ч. Retrieving the ratings by carId
[Info]10:39 ч. Retrieving the ratings by carId
[Info]10:39 ч. Retrieving the ratings by carId
[Info]10:39 ч. Retrieving the ratings by carId
[Info]10:39 ч. Retrieving the ratings by carId
[Info]10:39 ч. Retrieving the ratings by carId
[Info]10:40 ч. Retrieving the list of cars
[Info]10:40 ч. There are 7 cars in the fleet
[Info]10:40 ч. Retrieving the list of categories
[Info]10:40 ч. Retrieving the car by Id
[Info]10:40 ч. Retrieving the car by Id
[Info]10:40 ч. There are 3 categories in the fleet
[Info]10:40 ч. Request with the updated car was sent!
[Info]10:40 ч. Retrieving the list of cars
[Info]10:40 ч. There are 6 cars in the fleet
[Info]10:40 ч. Retrieving the ratings by carId
[Info]10:40 ч. Retrieving the ratings by carId
[Info]10:40 ч. Retrieving the ratings by carId
[Info]10:40 ч. Retrieving the ratings by carId
[Info]10:40 ч. Retrieving the ratings by carId
[Info]10:40 ч. Retrieving the ratings by carId
[Info]10:40 ч. Retrieving the ratings by carId
[Info]10:40 ч. Retrieving the ratings by carId
[Info]10:40 ч. Retrieving the ratings by carId
[Info]10:46 ч. Retrieving the list of cars
[Info]10:46 ч. There are 7 cars in the fleet
[Info]10:46 ч. Retrieving the list of categories
[Info]10:46 ч. Retrieving the car by Id
[Info]10:46 ч. Retrieving the car by Id
[Info]10:46 ч. There are 3 categories in the fleet
[Info]10:47 ч. Request with the updated car was sent!
[Info]10:47 ч. Retrieving the list of cars
[Info]10:47 ч. There are 6 cars in the fleet
[Info]10:47 ч. Retrieving the ratings by carId
[Info]10:47 ч. Retrieving the ratings by carId
[Info]10:47 ч. Retrieving the ratings by carId
[Info]10:47 ч. Retrieving the ratings by carId
[Info]10:47 ч. Retrieving the ratings by carId
[Info]10:47 ч. Retrieving the ratings by carId
[Info]10:47 ч. Retrieving the ratings by carId
[Info]10:47 ч. Retrieving the ratings by carId
[Info]10:47 ч. Retrieving the ratings by carId
[Info]10:50 ч. Retrieving the list of cars
[Info]10:51 ч. There are 7 cars in the fleet
[Info]10:51 ч. Retrieving the list of categories
[Info]10:51 ч. Retrieving the car by Id
[Info]10:51 ч. There are 3 categories in the fleet
[Info]10:51 ч. Request with the updated car was sent!
[Info]10:51 ч. Retrieving the list of cars
[Info]10:51 ч. There are 6 cars in the fleet
[Info]10:51 ч. Retrieving the ratings by carId
[Info]10:51 ч. Retrieving the ratings by carId
[Info]10:51 ч. Retrieving the ratings by carId
[Info]10:51 ч. Retrieving the ratings by carId
[Info]10:51 ч. Retrieving the ratings by carId
[Info]10:51 ч. Retrieving the ratings by carId
[Info]10:51 ч. Retrieving the ratings by carId
[Info]10:51 ч. Retrieving the ratings by carId
[Info]10:51 ч. Retrieving the ratings by carId
[Info]10:52 ч. Retrieving the list of cars
[Info]10:52 ч. There are 7 cars in the fleet
[Info]10:52 ч. Retrieving the list of categories
[Info]10:52 ч. Retrieving the car by Id
[Info]10:52 ч. There are 3 categories in the fleet
[Info]10:52 ч. Request with the updated car was sent!
[Info]10:53 ч. Retrieving the list of cars
[Info]10:53 ч. There are 6 cars in the fleet
[Info]10:53 ч. Retrieving the ratings by carId
[Info]10:53 ч. Retrieving the ratings by carId
[Info]10:53 ч. Retrieving the ratings by carId
[Info]10:53 ч. Retrieving the ratings by carId
[Info]10:53 ч. Retrieving the ratings by carId
[Info]10:53 ч. Retrieving the ratings by carId
[Info]10:53 ч. Retrieving the ratings by carId
[Info]10:53 ч. Retrieving the list of cars
[Info]10:53 ч. There are 7 cars in the fleet
[Info]10:53 ч. Retrieving the car by Id
[Info]10:53 ч. Retrieving the list of categories
[Info]10:53 ч. Retrieving the car by Id
[Info]10:53 ч. There are 3 categories in the fleet
[Info]10:53 ч. Retrieving the list of categories
[Info]10:53 ч. There are 3 categories in the fleet
[Info]10:53 ч. Request with the updated car was sent!
[Info]10:53 ч. Retrieving the list of cars
[Info]10:53 ч. There are 6 cars in the fleet
[Info]10:53 ч. Retrieving the ratings by carId
[Info]10:53 ч. Retrieving the ratings by carId
[Info]10:53 ч. Retrieving the ratings by carId
[Info]10:53 ч. Retrieving the ratings by carId
[Info]10:53 ч. Retrieving the ratings by carId
[Info]10:53 ч. Retrieving the ratings by carId
[Info]10:53 ч. Retrieving the ratings by carId
[Info]10:53 ч. Retrieving the ratings by carId
[Info]10:53 ч. Retrieving the ratings by carId
[Info]10:54 ч. Retrieving the list of cars
[Info]10:54 ч. There are 7 cars in the fleet
[Info]10:54 ч. Retrieving the list of categories
[Info]10:54 ч. There are 3 categories in the fleet
[Info]10:54 ч. Retrieving the car by Id
[Info]10:54 ч. Retrieving the car by Id
[Info]10:54 ч. Retrieving the list of categories
[Info]10:54 ч. There are 3 categories in the fleet
[Info]10:54 ч. Request with the updated car was sent!
[Info]10:55 ч. Retrieving the list of categories
[Info]10:57 ч. There are 3 categories in the fleet
[Info]10:57 ч. Retrieving the list of cars
[Info]10:57 ч. There are 6 cars in the fleet
[Info]10:57 ч. Retrieving the ratings by carId
[Info]10:57 ч. Retrieving the ratings by carId
[Info]10:57 ч. Retrieving the ratings by carId
[Info]10:57 ч. Retrieving the ratings by carId
[Info]10:57 ч. Retrieving the ratings by carId
[Info]10:57 ч. Retrieving the ratings by carId
[Info]10:57 ч. Retrieving the ratings by carId
[Info]10:57 ч. Retrieving the ratings by carId
[Info]10:57 ч. Retrieving the ratings by carId
[Info]10:58 ч. Retrieving the list of cars
[Info]10:58 ч. There are 6 cars in the fleet
[Info]10:58 ч. Retrieving the ratings by carId
[Info]10:58 ч. Retrieving the ratings by carId
[Info]10:58 ч. Retrieving the ratings by carId
[Info]10:58 ч. Retrieving the ratings by carId
[Info]10:58 ч. Retrieving the ratings by carId
[Info]10:58 ч. Retrieving the ratings by carId
[Info]11:04 ч. Retrieving the car by Id
[Info]11:04 ч. Retrieving the list of cars
[Info]11:04 ч. There are 7 cars in the fleet
[Info]11:04 ч. Retrieving the list of categories
[Info]11:04 ч. Retrieving the car by Id
[Info]11:04 ч. Retrieving the car by Id
[Info]11:04 ч. There are 3 categories in the fleet
[Info]11:04 ч. Retrieving the list of categories
[Info]11:04 ч. There are 3 categories in the fleet
[Info]11:15 ч. Retrieving the list of categories
[Info]11:15 ч. There are 3 categories in the fleet
[Info]11:16 ч. Retrieving the list of categories
[Info]11:16 ч. There are 3 categories in the fleet
[Info]11:17 ч. Retrieving the list of categories
[Info]11:17 ч. There are 3 categories in the fleet
[Info]11:17 ч. Request with the updated car was sent!
[Info]11:17 ч. The car was updated
[Info]11:18 ч. Retrieving the list of categories
[Info]11:18 ч. There are 3 categories in the fleet
[Info]11:20 ч. Retrieving the list of categories
[Info]11:20 ч. There are 3 categories in the fleet
[Info]11:21 ч. Retrieving the list of categories
[Info]11:21 ч. There are 3 categories in the fleet
[Info]11:22 ч. Retrieving the list of categories
[Info]11:22 ч. There are 3 categories in the fleet
[Info]11:22 ч. Retrieving the list of cars
[Info]11:22 ч. There are 7 cars in the fleet
[Info]11:22 ч. Retrieving the list of categories
[Info]11:22 ч. There are 3 categories in the fleet
[Info]11:22 ч. Retrieving the car by Id
[Info]11:22 ч. Retrieving the car by Id
[Info]11:22 ч. Retrieving the list of categories
[Info]11:22 ч. There are 3 categories in the fleet
[Info]11:22 ч. Request with the updated car was sent!
[Info]11:22 ч. Retrieving the list of cars
[Info]11:22 ч. There are 6 cars in the fleet
[Info]11:22 ч. Retrieving the ratings by carId
[Info]11:22 ч. Retrieving the ratings by carId
[Info]11:22 ч. Retrieving the ratings by carId
[Info]11:22 ч. Retrieving the ratings by carId
[Info]11:22 ч. Retrieving the ratings by carId
[Info]11:22 ч. Retrieving the ratings by carId
[Info]11:22 ч. Retrieving the ratings by carId
[Info]11:22 ч. Retrieving the ratings by carId
[Info]11:24 ч. Retrieving the list of cars
[Info]11:24 ч. There are 7 cars in the fleet
[Info]11:24 ч. Retrieving the car by Id
[Info]11:24 ч. Retrieving the list of categories
[Info]11:24 ч. Retrieving the car by Id
[Info]11:24 ч. There are 3 categories in the fleet
[Info]11:24 ч. Request with the updated car was sent!
[Info]11:25 ч. Retrieving the list of cars
[Info]11:25 ч. There are 6 cars in the fleet
[Info]11:25 ч. Retrieving the ratings by carId
[Info]11:25 ч. Retrieving the ratings by carId
[Info]11:25 ч. Retrieving the ratings by carId
[Info]11:25 ч. Retrieving the ratings by carId
[Info]11:25 ч. Retrieving the ratings by carId
[Info]11:25 ч. Retrieving the ratings by carId
[Info]11:25 ч. Retrieving the ratings by carId
[Info]11:25 ч. Retrieving the ratings by carId
[Info]11:25 ч. Retrieving the ratings by carId
[Info]11:25 ч. Retrieving the list of cars
[Info]11:25 ч. There are 7 cars in the fleet
[Info]11:28 ч. Retrieving the car by Id
[Info]11:28 ч. Retrieving the list of categories
[Info]11:28 ч. Retrieving the car by Id
[Info]11:28 ч. There are 3 categories in the fleet
[Info]11:29 ч. Request with the updated car was sent!
[Info]11:29 ч. Retrieving the list of categories
[Info]11:29 ч. Retrieving the list of cars
[Info]11:29 ч. There are 6 cars in the fleet
[Info]11:29 ч. Retrieving the ratings by carId
[Info]11:29 ч. Retrieving the ratings by carId
[Info]11:29 ч. Retrieving the ratings by carId
[Info]11:29 ч. Retrieving the ratings by carId
[Info]11:29 ч. Retrieving the ratings by carId
[Info]11:29 ч. Retrieving the ratings by carId
[Info]11:29 ч. Retrieving the ratings by carId
[Info]11:29 ч. Retrieving the ratings by carId
[Info]11:29 ч. Retrieving the ratings by carId
[Info]11:29 ч. Retrieving the ratings by carId
[Info]11:31 ч. Retrieving the list of cars
[Info]11:31 ч. There are 6 cars in the fleet
[Info]11:31 ч. Retrieving the list of categories
[Info]11:31 ч. There are 3 categories in the fleet
[Info]11:31 ч. Retrieving the list of cars
[Info]11:31 ч. There are 7 cars in the fleet
[Info]11:31 ч. Retrieving the list of cars
[Info]11:31 ч. There are 6 cars in the fleet
[Info]11:31 ч. Retrieving the ratings by carId
[Info]11:31 ч. Retrieving the ratings by carId
[Info]11:31 ч. Retrieving the ratings by carId
[Info]11:31 ч. Retrieving the ratings by carId
[Info]11:31 ч. Retrieving the ratings by carId
[Info]11:31 ч. Retrieving the ratings by carId
[Info]11:31 ч. Retrieving the ratings by carId
[Info]11:31 ч. Retrieving the ratings by carId
[Info]11:31 ч. Retrieving the ratings by carId
[Info]11:31 ч. Retrieving the list of cars
[Info]11:31 ч. There are 6 cars in the fleet
[Info]11:31 ч. Retrieving the ratings by carId
[Info]11:31 ч. Retrieving the ratings by carId
[Info]11:31 ч. Retrieving the ratings by carId
[Info]11:31 ч. Retrieving the ratings by carId
[Info]11:31 ч. Retrieving the ratings by carId
[Info]11:31 ч. Retrieving the ratings by carId
[Info]11:31 ч. Retrieving the ratings by carId
[Info]11:31 ч. Retrieving the ratings by carId
[Info]11:31 ч. Retrieving the ratings by carId
[Info]11:31 ч. Retrieving the ratings by carId
[Info]13:36 ч. Retrieving the list of cars
[Info]13:36 ч. There are 6 cars in the fleet
[Info]13:36 ч. Retrieving the ratings by carId
[Info]13:36 ч. Retrieving the ratings by carId
[Info]13:36 ч. Retrieving the ratings by carId
[Info]13:36 ч. Retrieving the ratings by carId
[Info]13:36 ч. Retrieving the ratings by carId
[Info]13:36 ч. Retrieving the list of cars
[Info]13:36 ч. There are 6 cars in the fleet
[Info]13:36 ч. Retrieving the car by Id
[Info]13:56 ч. Retrieving the rating by carId and renterId
[Info]13:57 ч. Retrieving the rating by Id
[Info]13:57 ч. Retrieving the ratings by carId
[Info]14:06 ч. Retrieving the car by Id
[Info]14:06 ч. Retrieving the car by Id
[Info]14:28 ч. Retrieving the car by Id
[Info]14:28 ч. Retrieving the car by Id
[Info]15:18 ч. Retrieving the list of cars
[Info]15:18 ч. There are 6 cars in the fleet
[Info]15:18 ч. Retrieving the ratings by carId
[Info]15:18 ч. Retrieving the ratings by carId
[Info]15:18 ч. Retrieving the ratings by carId
[Info]15:18 ч. Retrieving the ratings by carId
[Info]15:18 ч. Retrieving the ratings by carId
[Info]15:18 ч. Retrieving the ratings by carId
[Info]15:18 ч. Retrieving the ratings by carId
[Info]15:18 ч. Retrieving the ratings by carId
[Info]15:18 ч. Retrieving the list of cars
[Info]15:18 ч. There are 6 cars in the fleet
[Info]15:18 ч. Retrieving the ratings by carId
[Info]15:18 ч. Retrieving the ratings by carId
[Info]15:18 ч. Retrieving the ratings by carId
[Info]15:18 ч. Retrieving the ratings by carId
[Info]15:18 ч. Retrieving the ratings by carId
[Info]15:18 ч. Retrieving the ratings by carId
[Info]15:18 ч. Retrieving the ratings by carId
[Info]15:18 ч. Retrieving the ratings by carId
[Info]15:18 ч. Retrieving the ratings by carId
[Info]15:18 ч. Retrieving the ratings by carId
[Info]15:18 ч. Retrieving the ratings by carId
[Info]15:18 ч. Retrieving the list of bookings
[Info]15:18 ч. There are 3 bookings in the fleet
[Info]15:25 ч. Retrieving the list of bookings
[Info]15:25 ч. There are 3 bookings in the fleet
[Info]15:26 ч. Retrieving the list of bookings
[Info]15:26 ч. There are 3 bookings in the fleet
[Info]15:29 ч. Retrieving the list of bookings
[Info]15:29 ч. There are 3 bookings in the fleet
[Info]15:29 ч. Retrieving the list of bookings
[Info]15:29 ч. There are 3 bookings in the fleet
[Info]15:32 ч. Retrieving the list of bookings
[Info]15:32 ч. There are 3 bookings in the fleet
[Info]15:32 ч. Retrieving the list of bookings
[Info]15:32 ч. There are 3 bookings in the fleet
[Info]15:32 ч. Retrieving the list of bookings
[Info]15:32 ч. There are 3 bookings in the fleet
[Info]15:35 ч. Retrieving the list of bookings
[Info]15:35 ч. There are 3 bookings in the fleet
[Info]15:38 ч. Retrieving the list of bookings
[Info]15:38 ч. There are 3 bookings in the fleet
[Info]15:39 ч. Retrieving the list of bookings
[Info]15:39 ч. There are 3 bookings in the fleet
[Info]15:39 ч. Retrieving the list of bookings
[Info]15:39 ч. There are 3 bookings in the fleet
[Info]15:39 ч. Retrieving the list of bookings
[Info]15:39 ч. There are 3 bookings in the fleet
[Info]15:40 ч. Retrieving the list of bookings
[Info]15:40 ч. There are 3 bookings in the fleet
[Info]15:41 ч. Retrieving the list of bookings
[Info]15:41 ч. There are 3 bookings in the fleet
[Info]15:42 ч. Retrieving the list of bookings
[Info]15:42 ч. There are 3 bookings in the fleet
[Info]15:43 ч. Retrieving the list of bookings
[Info]15:43 ч. There are 3 bookings in the fleet
[Info]15:44 ч. Retrieving the list of bookings
[Info]15:44 ч. There are 3 bookings in the fleet
[Info]15:45 ч. Retrieving the list of bookings
[Info]15:45 ч. There are 3 bookings in the fleet
[Info]15:45 ч. Retrieving the list of bookings
[Info]15:45 ч. There are 3 bookings in the fleet
[Info]15:47 ч. Retrieving the list of bookings
[Info]15:47 ч. There are 3 bookings in the fleet
[Info]15:47 ч. Retrieving the list of bookings
[Info]15:47 ч. There are 3 bookings in the fleet
[Info]15:47 ч. Retrieving the list of bookings
[Info]15:47 ч. There are 3 bookings in the fleet
[Info]15:48 ч. Retrieving the list of bookings
[Info]15:48 ч. There are 3 bookings in the fleet
[Info]15:48 ч. Retrieving the list of bookings
[Info]15:48 ч. There are 3 bookings in the fleet
[Info]15:52 ч. Retrieving the list of bookings
[Info]15:52 ч. There are 3 bookings in the fleet
[Info]15:53 ч. Retrieving the list of bookings
[Info]15:53 ч. There are 3 bookings in the fleet
[Info]15:53 ч. Retrieving the list of bookings
[Info]15:53 ч. There are 3 bookings in the fleet
[Info]15:54 ч. Retrieving the list of bookings
[Info]15:54 ч. There are 3 bookings in the fleet
[Info]16:21 ч. Retrieving the list of bookings
[Info]16:21 ч. There are 3 bookings in the fleet
[Info]16:35 ч. Retrieving the list of cars
[Info]16:35 ч. There are 6 cars in the fleet
[Info]17:36 ч. Retrieving the list of cars
[Info]17:36 ч. There are 6 cars in the fleet
[Info]17:36 ч. Retrieving the ratings by carId
[Info]17:36 ч. Retrieving the ratings by carId
[Info]17:36 ч. Retrieving the ratings by carId
[Info]17:36 ч. Retrieving the ratings by carId
[Info]17:36 ч. Retrieving the ratings by carId
[Info]17:36 ч. Retrieving the ratings by carId
[Info]17:36 ч. Retrieving the ratings by carId
[Info]17:36 ч. Retrieving the ratings by carId
[Info]17:36 ч. Retrieving the ratings by carId
[Info]17:36 ч. Retrieving the ratings by carId
[Info]17:36 ч. Retrieving the ratings by carId
[Info]17:37 ч. Retrieving the list of cars
[Info]17:37 ч. There are 6 cars in the fleet
[Info]17:38 ч. Retrieving the list of cars
[Info]17:38 ч. There are 6 cars in the fleet
[Info]17:38 ч. Retrieving the list of cars
[Info]17:38 ч. There are 6 cars in the fleet
[Info]17:38 ч. Retrieving the ratings by carId
[Info]17:38 ч. Retrieving the ratings by carId
[Info]17:38 ч. Retrieving the ratings by carId
[Info]17:38 ч. Retrieving the ratings by carId
[Info]17:38 ч. Retrieving the ratings by carId
[Info]17:38 ч. Retrieving the ratings by carId
[Info]17:38 ч. Retrieving the ratings by carId
[Info]17:38 ч. Retrieving the ratings by carId
[Info]17:38 ч. Retrieving the ratings by carId
[Info]17:38 ч. Retrieving the ratings by carId
[Info]17:38 ч. Retrieving the ratings by carId
[Info]17:38 ч. Retrieving the list of cars
[Info]17:38 ч. There are 6 cars in the fleet
[Info]17:38 ч. Retrieving the list of bookings
[Info]17:38 ч. There are 3 bookings in the fleet
[Info]17:38 ч. Retrieving the list of cars
[Info]17:38 ч. There are 6 cars in the fleet
[Info]17:38 ч. Retrieving the list of cars
[Info]17:38 ч. There are 6 cars in the fleet
[Info]17:38 ч. Retrieving the ratings by carId
[Info]17:38 ч. Retrieving the ratings by carId
[Info]17:38 ч. Retrieving the ratings by carId
[Info]17:38 ч. Retrieving the ratings by carId
[Info]17:38 ч. Retrieving the ratings by carId
[Info]17:38 ч. Retrieving the ratings by carId
[Info]17:38 ч. Retrieving the ratings by carId
[Info]17:38 ч. Retrieving the ratings by carId
[Info]17:38 ч. Retrieving the ratings by carId
[Info]17:38 ч. Retrieving the ratings by carId
[Info]17:38 ч. Retrieving the ratings by carId
[Info]17:39 ч. Retrieving the list of cars
[Info]17:39 ч. There are 6 cars in the fleet
[Info]17:39 ч. Retrieving the ratings by carId
[Info]17:39 ч. Retrieving the ratings by carId
[Info]17:39 ч. Retrieving the ratings by carId
[Info]17:39 ч. Retrieving the ratings by carId
[Info]17:39 ч. Retrieving the ratings by carId
[Info]17:39 ч. Retrieving the ratings by carId
[Info]17:39 ч. Retrieving the ratings by carId
[Info]17:39 ч. Retrieving the ratings by carId
[Info]17:39 ч. Retrieving the ratings by carId
[Info]17:39 ч. Retrieving the ratings by carId
[Info]17:39 ч. Retrieving the list of cars
[Info]17:39 ч. There are 6 cars in the fleet
[Info]21:59 ч. Retrieving the list of cars
[Info]21:59 ч. There are 6 cars in the fleet
[Info]22:02 ч. Retrieving the list of cars
[Info]22:02 ч. There are 7 cars in the fleet
[Info]22:02 ч. Retrieving the list of categories
[Info]22:02 ч. Retrieving the car by Id
[Info]22:02 ч. There are 3 categories in the fleet
[Info]22:02 ч. Retrieving the list of categories
[Info]22:02 ч. There are 3 categories in the fleet
[Info]22:02 ч. Request with the updated car was sent!
[Info]22:02 ч. Retrieving the list of cars
[Info]22:02 ч. There are 6 cars in the fleet
[Info]22:02 ч. Retrieving the ratings by carId
[Info]22:02 ч. Retrieving the ratings by carId
[Info]22:02 ч. Retrieving the ratings by carId
[Info]22:02 ч. Retrieving the ratings by carId
[Info]22:02 ч. Retrieving the ratings by carId
[Info]22:02 ч. Retrieving the ratings by carId
[Info]22:02 ч. Retrieving the ratings by carId
[Info]22:02 ч. Retrieving the ratings by carId
[Info]22:02 ч. Retrieving the ratings by carId
[Info]22:02 ч. Retrieving the ratings by carId
[Info]22:05 ч. Retrieving the car by Id
