[Info]19:14 ч. Request Sent
[Info]19:14 ч. Retrieving the list of latest cars
[Info]19:14 ч. There are 6 cars in the fleet
[Info]19:14 ч. Response Sent
[Info]19:18 ч. Request Sent
[Info]19:18 ч. Retrieving the list of latest cars
[Info]19:18 ч. There are 6 cars in the fleet
[Info]19:18 ч. Response Sent
[Info]19:19 ч. Request Sent
[Info]19:19 ч. Retrieving the list of latest cars
[Info]19:19 ч. There are 6 cars in the fleet
[Info]19:19 ч. Response Sent
[Info]19:19 ч. Request Sent
[Info]19:19 ч. Retrieving the list of latest cars
[Info]19:19 ч. There are 6 cars in the fleet
[Info]19:19 ч. Response Sent
[Info]19:22 ч. Request Sent
[Info]19:22 ч. Retrieving the list of latest cars
[Info]19:22 ч. There are 6 cars in the fleet
[Info]19:22 ч. Response Sent
[Info]19:22 ч. Request Sent
[Info]19:22 ч. Retrieving the car by Id
[Info]19:22 ч. Response Sent
[Info]19:28 ч. Request Sent
[Info]19:28 ч. Retrieving the list of latest cars
[Info]19:28 ч. There are 6 cars in the fleet
[Info]19:28 ч. Response Sent
[Info]19:28 ч. Request Sent
[Info]19:28 ч. Retrieving the car by Id
[Info]19:28 ч. Response Sent
[Info]19:30 ч. Request Sent
[Info]19:30 ч. Retrieving the list of latest cars
[Info]19:30 ч. There are 6 cars in the fleet
[Info]19:30 ч. Response Sent
[Info]19:31 ч. Request Sent
[Info]19:31 ч. Retrieving the list of latest cars
[Info]19:31 ч. There are 6 cars in the fleet
[Info]19:31 ч. Response Sent
[Info]19:31 ч. Request Sent
[Info]19:31 ч. Retrieving the car by Id
[Info]19:31 ч. Response Sent
[Info]19:31 ч. Request Sent
[Info]19:31 ч. Response Sent
[Info]19:31 ч. Request Sent
[Info]19:32 ч. Response Sent
[Info]19:32 ч. Request Sent
[Info]19:32 ч. Response Sent
[Info]19:32 ч. Request Sent
[Info]19:32 ч. Response Sent
[Info]19:32 ч. Request Sent
[Info]19:32 ч. Response Sent
[Info]19:32 ч. Request Sent
[Info]19:32 ч. Response Sent
[Info]19:32 ч. Request Sent
[Info]19:32 ч. Response Sent
[Info]19:32 ч. Request Sent
[Info]19:32 ч. Response Sent
[Info]19:32 ч. Request Sent
[Info]19:32 ч. Retrieving the list of latest cars
[Info]19:32 ч. There are 6 cars in the fleet
[Info]19:32 ч. Response Sent
[Info]19:32 ч. Request Sent
[Info]19:32 ч. Response Sent
[Info]19:32 ч. Request Sent
[Info]19:32 ч. Retrieving the car by Id
[Info]19:32 ч. Response Sent
[Info]19:32 ч. Request Sent
[Info]19:32 ч. Response Sent
[Info]19:32 ч. Request Sent
[Info]19:32 ч. Retrieving the list of latest cars
[Info]19:32 ч. There are 6 cars in the fleet
[Info]19:32 ч. Response Sent
[Info]19:32 ч. Request Sent
[Info]19:32 ч. Retrieving the list of latest cars
[Info]19:32 ч. There are 6 cars in the fleet
[Info]19:32 ч. Response Sent
[Info]19:32 ч. Request Sent
[Info]19:32 ч. Response Sent
[Info]19:32 ч. Request Sent
[Info]19:32 ч. Retrieving the renter by Id
[Info]19:32 ч. Response Sent
[Info]19:32 ч. Request Sent
[Info]19:32 ч. Response Sent
[Info]19:32 ч. Request Sent
[Info]19:32 ч. Retrieving the list of cars
[Info]19:32 ч. There are 0 cars in the fleet
[Info]19:32 ч. Response Sent
[Info]19:32 ч. Request Sent
[Info]19:32 ч. Response Sent
[Info]19:32 ч. Request Sent
[Info]19:32 ч. Retrieving the renter by Id
[Info]19:32 ч. Response Sent
[Info]19:32 ч. Request Sent
[Info]19:32 ч. Response Sent
[Info]19:32 ч. Request Sent
[Info]19:32 ч. Retrieving the list of latest cars
[Info]19:32 ч. There are 6 cars in the fleet
[Info]19:32 ч. Response Sent
[Info]19:33 ч. Request Sent
[Info]19:33 ч. Response Sent
[Info]19:33 ч. Request Sent
[Info]19:33 ч. User logged out the system.
[Info]19:33 ч. Response Sent
[Info]19:34 ч. Request Sent
[Info]19:34 ч. Response Sent
[Info]19:34 ч. Request Sent
[Info]19:34 ч. Response Sent
[Info]19:34 ч. Request Sent
[Info]19:34 ч. Response Sent
[Info]19:34 ч. Request Sent
[Info]19:34 ч. Retrieving the list of bookings
[Info]19:34 ч. There are 0 bookings in the fleet
[Info]19:34 ч. Response Sent
[Info]19:34 ч. Request Sent
[Info]19:34 ч. Response Sent
[Info]19:34 ч. Request Sent
[Info]19:34 ч. Retrieving the list of latest cars
[Info]19:34 ч. There are 6 cars in the fleet
[Info]19:34 ч. Response Sent
[Info]19:34 ч. Request Sent
[Info]19:34 ч. Response Sent
[Info]19:34 ч. Request Sent
[Info]19:34 ч. Retrieving the car by Id
[Info]19:34 ч. Response Sent
[Info]19:34 ч. Request Sent
[Info]19:34 ч. Response Sent
[Info]19:34 ч. Request Sent
[Info]19:34 ч. Retrieving the list of locations
[Info]19:34 ч. There are 5 locations in the fleet
[Info]19:34 ч. Response Sent
[Info]19:35 ч. Request Sent
[Info]19:35 ч. Response Sent
[Info]19:35 ч. Request Sent
[Info]19:39 ч. Request Sent
[Info]19:39 ч. Retrieving the list of locations
[Info]19:39 ч. There are 5 locations in the fleet
[Info]19:39 ч. Response Sent
[Info]19:39 ч. Request Sent
[Info]19:39 ч. Response Sent
[Info]19:39 ч. Request Sent
[Info]19:39 ч. Response Sent
[Info]19:40 ч. Request Sent
[Info]19:40 ч. Response Sent
[Info]19:40 ч. Request Sent
[Info]19:40 ч. Retrieving the list of latest cars
[Info]19:40 ч. There are 6 cars in the fleet
[Info]19:40 ч. Response Sent
[Info]19:40 ч. Request Sent
[Info]19:40 ч. Response Sent
[Info]19:40 ч. Request Sent
[Info]19:40 ч. Retrieving the car by Id
[Info]19:40 ч. Response Sent
[Info]19:40 ч. Request Sent
[Info]19:40 ч. Response Sent
[Info]19:40 ч. Request Sent
[Info]19:40 ч. Retrieving the list of locations
[Info]19:40 ч. There are 5 locations in the fleet
[Info]19:40 ч. Response Sent
[Info]19:40 ч. Request Sent
[Info]19:40 ч. Response Sent
[Info]19:40 ч. Request Sent
[Info]19:40 ч. A new booking was created  at 19:40:26.2969043
[Info]19:40 ч. Response Sent
[Info]19:40 ч. Request Sent
[Info]19:40 ч. Response Sent
[Info]19:40 ч. Request Sent
[Info]19:40 ч. Retrieving the list of bookings
[Info]19:40 ч. There are 1 bookings in the fleet
[Info]19:40 ч. Response Sent
[Info]19:41 ч. Request Sent
[Info]19:41 ч. Response Sent
[Info]19:41 ч. Request Sent
[Info]19:41 ч. Response Sent
[Info]19:41 ч. Request Sent
[Info]19:41 ч. Response Sent
[Info]19:41 ч. Request Sent
[Info]19:41 ч. Retrieving the list of bookings
[Info]19:41 ч. There are 1 bookings in the fleet
[Info]19:41 ч. Response Sent
[Info]19:41 ч. Request Sent
[Info]19:41 ч. Retrieving the list of bookings
[Info]19:41 ч. There are 1 bookings in the fleet
[Info]19:41 ч. Response Sent
[Info]19:44 ч. Request Sent
[Info]19:44 ч. Retrieving the list of latest cars
[Info]19:44 ч. There are 6 cars in the fleet
[Info]19:44 ч. Response Sent
[Info]23:04 ч. Request Sent
[Info]23:04 ч. Retrieving the list of latest cars
[Info]23:04 ч. There are 6 cars in the fleet
[Info]23:04 ч. Response Sent
[Info]23:04 ч. Request Sent
[Info]23:04 ч. Retrieving the car by Id
[Info]23:04 ч. Response Sent
[Info]23:07 ч. Request Sent
[Info]23:07 ч. Retrieving the list of latest cars
[Info]23:07 ч. There are 6 cars in the fleet
[Info]23:07 ч. Response Sent
[Info]23:07 ч. Request Sent
[Info]23:07 ч. Retrieving the car by Id
[Info]23:07 ч. Response Sent
[Info]23:09 ч. Request Sent
[Info]23:09 ч. Retrieving the list of latest cars
[Info]23:09 ч. There are 6 cars in the fleet
[Info]23:09 ч. Response Sent
[Info]23:09 ч. Request Sent
[Info]23:09 ч. Retrieving the car by Id
[Info]23:09 ч. Response Sent
[Info]23:09 ч. Request Sent
[Info]23:09 ч. Retrieving the list of latest cars
[Info]23:09 ч. There are 6 cars in the fleet
[Info]23:09 ч. Response Sent
[Info]23:09 ч. Request Sent
[Info]23:09 ч. Retrieving the car by Id
[Info]23:09 ч. Response Sent
[Info]23:10 ч. Request Sent
[Info]23:10 ч. Retrieving the list of latest cars
[Info]23:10 ч. There are 6 cars in the fleet
[Info]23:10 ч. Response Sent
[Info]23:10 ч. Request Sent
[Info]23:10 ч. Retrieving the car by Id
[Info]23:10 ч. Response Sent
[Info]23:12 ч. Request Sent
[Info]23:12 ч. Retrieving the list of latest cars
[Info]23:12 ч. There are 6 cars in the fleet
[Info]23:12 ч. Response Sent
[Info]23:13 ч. Request Sent
[Info]23:13 ч. Retrieving the car by Id
[Info]23:13 ч. Response Sent
[Info]23:13 ч. Request Sent
[Info]23:13 ч. Response Sent
[Info]23:13 ч. Request Sent
[Info]23:13 ч. Response Sent
[Info]23:13 ч. Request Sent
[Info]23:13 ч. Response Sent
[Info]23:13 ч. Request Sent
[Info]23:13 ч. Response Sent
[Info]23:13 ч. Request Sent
[Info]23:13 ч. Response Sent
[Info]23:13 ч. Request Sent
[Info]23:13 ч. Response Sent
[Info]23:13 ч. Request Sent
[Info]23:13 ч. Retrieving the list of latest cars
[Info]23:13 ч. There are 6 cars in the fleet
[Info]23:13 ч. Response Sent
[Info]23:13 ч. Request Sent
[Info]23:13 ч. Response Sent
[Info]23:13 ч. Request Sent
[Info]23:13 ч. Retrieving the car by Id
[Info]23:13 ч. Response Sent
[Info]23:13 ч. Request Sent
[Info]23:13 ч. Response Sent
[Info]23:13 ч. Request Sent
[Info]23:13 ч. Retrieving the list of bookings
[Info]23:13 ч. There are 1 bookings in the fleet
[Info]23:13 ч. Response Sent
[Info]23:13 ч. Request Sent
[Info]23:13 ч. Response Sent
[Info]23:13 ч. Request Sent
[Info]23:13 ч. Retrieving the renter by Id
[Info]23:13 ч. Response Sent
[Info]23:14 ч. Request Sent
[Info]23:14 ч. Response Sent
[Info]23:14 ч. Request Sent
[Info]23:14 ч. Retrieving the list of bookings
[Info]23:14 ч. There are 1 bookings in the fleet
[Info]23:14 ч. Response Sent
[Info]23:16 ч. Request Sent
[Info]23:16 ч. Response Sent
[Info]23:16 ч. Request Sent
[Info]23:16 ч. Response Sent
[Info]23:17 ч. Request Sent
[Info]23:17 ч. Response Sent
[Info]23:17 ч. Request Sent
[Info]23:17 ч. Retrieving the renter by Id
[Info]23:17 ч. Response Sent
[Info]23:17 ч. Request Sent
[Info]23:17 ч. Response Sent
[Info]23:17 ч. Request Sent
[Info]23:17 ч. User logged out the system.
[Info]23:17 ч. Response Sent
[Info]23:17 ч. Request Sent
[Info]23:17 ч. Response Sent
[Info]23:17 ч. Request Sent
[Info]23:17 ч. Response Sent
[Info]23:17 ч. Request Sent
[Info]23:17 ч. Response Sent
[Info]23:17 ч. Request Sent
[Info]23:17 ч. Retrieving the renter by Id
[Info]23:17 ч. Response Sent
