[Info]10:54 ч. Request Sent
[Info]10:54 ч. Response Sent
[Info]10:54 ч. Request Sent
[Info]10:54 ч. Response Sent
[Info]10:56 ч. Request Sent
[Info]10:56 ч. Response Sent
[Info]10:56 ч. Request Sent
[Info]10:56 ч. Response Sent
[Info]10:56 ч. Request Sent
[Info]10:56 ч. Response Sent
[Info]10:56 ч. Request Sent
[Info]10:56 ч. Response Sent
[Info]10:56 ч. Request Sent
[Info]10:56 ч. Response Sent
[Info]10:56 ч. Request Sent
[Info]10:56 ч. Response Sent
[Info]10:56 ч. Request Sent
[Info]10:56 ч. Response Sent
[Info]10:56 ч. Request Sent
[Info]10:56 ч. Response Sent
[Info]10:56 ч. Request Sent
[Info]10:56 ч. Response Sent
[Info]10:56 ч. Request Sent
[Info]10:56 ч. Response Sent
[Info]10:57 ч. Request Sent
[Info]10:57 ч. Response Sent
[Info]10:57 ч. Request Sent
[Info]10:57 ч. Response Sent
[Info]10:57 ч. Request Sent
[Info]10:57 ч. Response Sent
[Info]10:57 ч. Request Sent
[Info]10:57 ч. Response Sent
[Info]10:57 ч. Request Sent
[Info]10:57 ч. Response Sent
[Info]10:57 ч. Request Sent
[Info]10:57 ч. Response Sent
[Info]10:57 ч. Request Sent
[Info]10:57 ч. Response Sent
[Info]10:57 ч. Request Sent
[Info]10:57 ч. Response Sent
[Info]10:57 ч. Request Sent
[Info]10:57 ч. Response Sent
[Info]10:59 ч. Request Sent
[Info]10:59 ч. Response Sent
[Info]10:59 ч. Request Sent
[Info]10:59 ч. Response Sent
[Info]11:05 ч. Request Sent
[Info]11:05 ч. Response Sent
[Info]11:05 ч. Request Sent
[Info]11:05 ч. Response Sent
[Info]11:09 ч. Request Sent
[Info]11:09 ч. Response Sent
[Info]11:09 ч. Request Sent
[Info]11:09 ч. Response Sent
[Info]11:10 ч. Request Sent
[Info]11:10 ч. Response Sent
[Info]11:10 ч. Request Sent
[Info]11:10 ч. Response Sent
[Info]11:12 ч. Request Sent
[Info]11:12 ч. Response Sent
[Info]11:12 ч. Request Sent
[Info]11:12 ч. Response Sent
[Info]11:13 ч. Request Sent
[Info]11:13 ч. Response Sent
[Info]11:13 ч. Request Sent
[Info]11:13 ч. Response Sent
[Info]11:13 ч. Request Sent
[Info]11:13 ч. Response Sent
[Info]11:13 ч. Request Sent
[Info]11:13 ч. Response Sent
[Info]11:13 ч. Request Sent
[Info]11:13 ч. Response Sent
[Info]11:13 ч. Request Sent
[Info]11:13 ч. Response Sent
[Info]11:13 ч. Request Sent
[Info]11:13 ч. Response Sent
[Info]11:14 ч. Request Sent
[Info]11:14 ч. Response Sent
[Info]11:14 ч. Request Sent
[Info]11:14 ч. Response Sent
[Info]11:14 ч. Request Sent
[Info]11:14 ч. Response Sent
[Info]11:14 ч. Request Sent
[Info]11:14 ч. Response Sent
[Info]11:15 ч. Request Sent
[Info]11:15 ч. Response Sent
[Info]11:15 ч. Request Sent
[Info]11:16 ч. Response Sent
[Info]11:42 ч. Request Sent
[Info]11:42 ч. Response Sent
[Info]11:42 ч. Request Sent
[Info]11:42 ч. Response Sent
[Info]11:43 ч. Request Sent
[Info]11:43 ч. Response Sent
[Info]11:43 ч. Request Sent
[Info]11:43 ч. Response Sent
[Info]11:45 ч. Request Sent
[Info]11:45 ч. Response Sent
[Info]11:45 ч. Request Sent
[Info]11:47 ч. Response Sent
[Info]11:47 ч. Request Sent
[Info]11:47 ч. Response Sent
[Info]11:47 ч. Request Sent
[Info]11:47 ч. Response Sent
[Info]11:50 ч. Request Sent
[Info]11:50 ч. Response Sent
[Info]11:50 ч. Request Sent
[Info]11:50 ч. Response Sent
[Info]12:32 ч. Request Sent
[Info]12:32 ч. Response Sent
[Info]12:32 ч. Request Sent
[Info]12:32 ч. Response Sent
[Info]12:45 ч. Request Sent
[Info]12:45 ч. Retrieving the renter by Id
[Info]12:45 ч. Response Sent
[Info]13:16 ч. Request Sent
[Info]13:16 ч. Response Sent
[Info]13:16 ч. Request Sent
[Info]13:16 ч. Response Sent
[Info]13:16 ч. Request Sent
[Info]13:16 ч. Response Sent
[Info]13:16 ч. Request Sent
[Info]13:16 ч. Response Sent
[Info]13:17 ч. Request Sent
[Info]13:17 ч. Response Sent
[Info]13:17 ч. Request Sent
[Info]13:17 ч. Response Sent
[Info]13:20 ч. Request Sent
[Info]13:20 ч. Response Sent
[Info]13:20 ч. Request Sent
[Info]13:20 ч. Response Sent
[Info]13:24 ч. Request Sent
[Info]13:24 ч. Response Sent
[Info]13:24 ч. Request Sent
[Info]13:24 ч. Response Sent
[Info]13:25 ч. Request Sent
[Info]13:25 ч. Response Sent
[Info]13:25 ч. Request Sent
[Info]13:25 ч. Retrieving the list of latest cars
[Info]13:25 ч. There are 6 cars in the fleet
[Info]13:25 ч. Response Sent
[Info]13:28 ч. Request Sent
[Info]13:28 ч. Response Sent
[Info]13:28 ч. Request Sent
[Info]13:28 ч. Response Sent
[Info]13:31 ч. Request Sent
[Info]13:31 ч. Response Sent
[Info]13:31 ч. Request Sent
[Info]13:31 ч. Response Sent
[Info]13:35 ч. Request Sent
[Info]13:35 ч. Response Sent
[Info]13:35 ч. Request Sent
[Info]13:35 ч. Response Sent
[Info]13:35 ч. Request Sent
[Info]13:35 ч. Response Sent
[Info]13:35 ч. Request Sent
[Info]13:35 ч. Response Sent
[Info]13:36 ч. Request Sent
[Info]13:36 ч. Response Sent
[Info]13:36 ч. Request Sent
[Info]13:36 ч. Response Sent
[Info]13:36 ч. Request Sent
[Info]13:36 ч. Response Sent
[Info]13:36 ч. Request Sent
[Info]13:36 ч. Retrieving the renter by Id
[Info]13:36 ч. Response Sent
[Info]13:37 ч. Request Sent
[Info]13:37 ч. Response Sent
[Info]13:37 ч. Request Sent
[Info]13:37 ч. Response Sent
[Info]13:37 ч. Request Sent
[Info]13:37 ч. Response Sent
[Info]13:37 ч. Request Sent
[Info]13:37 ч. Retrieving the renter by Id
[Info]13:37 ч. Response Sent
[Info]13:39 ч. Request Sent
[Info]13:39 ч. Response Sent
[Info]13:39 ч. Request Sent
[Info]13:39 ч. Response Sent
[Info]13:39 ч. Request Sent
[Info]13:39 ч. Response Sent
[Info]13:39 ч. Request Sent
[Info]13:39 ч. Retrieving the renter by Id
[Info]13:39 ч. Response Sent
[Info]13:40 ч. Request Sent
[Info]13:40 ч. Response Sent
[Info]13:40 ч. Request Sent
[Info]13:40 ч. Response Sent
[Info]13:40 ч. Request Sent
[Info]13:40 ч. Response Sent
[Info]13:40 ч. Request Sent
[Info]13:40 ч. Retrieving the renter by Id
[Info]13:40 ч. Response Sent
[Info]13:41 ч. Request Sent
[Info]13:41 ч. Response Sent
[Info]13:41 ч. Request Sent
[Info]13:41 ч. Response Sent
[Info]13:41 ч. Request Sent
[Info]13:41 ч. Response Sent
[Info]13:41 ч. Request Sent
[Info]13:41 ч. Response Sent
[Info]13:42 ч. Request Sent
[Info]13:42 ч. Response Sent
[Info]13:42 ч. Request Sent
[Info]13:42 ч. Retrieving the renter by Id
[Info]13:42 ч. Response Sent
[Info]13:43 ч. Request Sent
[Info]13:43 ч. Response Sent
[Info]13:43 ч. Request Sent
[Info]13:43 ч. Response Sent
[Info]13:43 ч. Request Sent
[Info]13:43 ч. Response Sent
[Info]13:43 ч. Request Sent
[Info]13:43 ч. Retrieving the renter by Id
[Info]13:43 ч. Response Sent
[Info]13:44 ч. Request Sent
[Info]13:44 ч. Response Sent
[Info]13:44 ч. Request Sent
[Info]13:44 ч. Response Sent
[Info]13:44 ч. Request Sent
[Info]13:44 ч. Response Sent
[Info]13:44 ч. Request Sent
[Info]13:44 ч. Retrieving the renter by Id
[Info]13:44 ч. Response Sent
[Info]13:46 ч. Request Sent
[Info]13:46 ч. Response Sent
[Info]13:46 ч. Request Sent
[Info]13:46 ч. Response Sent
[Info]13:47 ч. Request Sent
[Info]13:47 ч. Response Sent
[Info]13:47 ч. Request Sent
[Info]13:47 ч. Retrieving the renter by Id
[Info]13:47 ч. Response Sent
[Info]13:54 ч. Request Sent
[Info]13:54 ч. Response Sent
[Info]13:54 ч. Request Sent
[Info]13:54 ч. Response Sent
[Info]13:54 ч. Request Sent
[Info]13:54 ч. Response Sent
[Info]13:54 ч. Request Sent
[Info]13:54 ч. Retrieving the renter by Id
[Info]13:54 ч. Response Sent
[Info]13:57 ч. Request Sent
[Info]13:57 ч. Response Sent
[Info]13:57 ч. Request Sent
[Info]13:57 ч. Response Sent
[Info]13:57 ч. Request Sent
[Info]13:57 ч. Response Sent
[Info]13:57 ч. Request Sent
[Info]13:57 ч. Retrieving the renter by Id
[Info]13:57 ч. Response Sent
[Info]13:58 ч. Request Sent
[Info]13:58 ч. Response Sent
[Info]13:58 ч. Request Sent
[Info]13:58 ч. Retrieving the list of latest cars
[Info]13:58 ч. There are 6 cars in the fleet
[Info]13:58 ч. Response Sent
[Info]13:58 ч. Request Sent
[Info]13:58 ч. Response Sent
[Info]13:58 ч. Request Sent
[Info]13:58 ч. Retrieving the list of latest cars
[Info]13:58 ч. There are 6 cars in the fleet
[Info]13:58 ч. Response Sent
[Info]13:58 ч. Request Sent
[Info]13:58 ч. Response Sent
[Info]13:58 ч. Request Sent
[Info]13:58 ч. Retrieving the renter by Id
[Info]13:58 ч. Response Sent
[Info]13:59 ч. Request Sent
[Info]13:59 ч. Response Sent
[Info]13:59 ч. Request Sent
[Info]13:59 ч. Response Sent
[Info]13:59 ч. Request Sent
[Info]13:59 ч. Response Sent
[Info]13:59 ч. Request Sent
[Info]13:59 ч. Retrieving the renter by Id
[Info]13:59 ч. Response Sent
[Info]14:10 ч. Request Sent
[Info]14:10 ч. Response Sent
[Info]14:10 ч. Request Sent
[Info]14:10 ч. Response Sent
[Info]14:10 ч. Request Sent
[Info]14:10 ч. Response Sent
[Info]14:10 ч. Request Sent
[Info]14:10 ч. Retrieving the renter by Id
[Info]14:10 ч. Response Sent
[Info]14:12 ч. Request Sent
[Info]14:12 ч. Response Sent
[Info]14:12 ч. Request Sent
[Info]14:12 ч. Response Sent
[Info]14:12 ч. Request Sent
[Info]14:12 ч. Response Sent
[Info]14:12 ч. Request Sent
[Info]14:12 ч. Retrieving the renter by Id
[Info]14:12 ч. Response Sent
[Info]14:50 ч. Request Sent
[Info]14:50 ч. Retrieving the list of latest cars
[Info]14:50 ч. There are 6 cars in the fleet
[Info]14:50 ч. Response Sent
[Info]14:51 ч. Request Sent
[Info]14:51 ч. Retrieving the car by Id
[Info]14:51 ч. Response Sent
[Info]14:52 ч. Request Sent
[Info]14:52 ч. Retrieving the list of latest cars
[Info]14:52 ч. There are 6 cars in the fleet
[Info]14:52 ч. Response Sent
[Info]14:52 ч. Request Sent
[Info]14:52 ч. Retrieving the car by Id
[Info]14:52 ч. Response Sent
[Info]14:53 ч. Request Sent
[Info]14:53 ч. Retrieving the list of latest cars
[Info]14:53 ч. There are 6 cars in the fleet
[Info]14:53 ч. Response Sent
[Info]14:53 ч. Request Sent
[Info]14:53 ч. Retrieving the car by Id
[Info]14:53 ч. Response Sent
[Info]14:56 ч. Request Sent
[Info]14:56 ч. Retrieving the list of latest cars
[Info]14:56 ч. There are 6 cars in the fleet
[Info]14:56 ч. Response Sent
[Info]14:56 ч. Request Sent
[Info]14:56 ч. Retrieving the car by Id
[Info]14:56 ч. Response Sent
[Info]14:57 ч. Request Sent
[Info]14:57 ч. Retrieving the list of latest cars
[Info]14:57 ч. There are 6 cars in the fleet
[Info]14:57 ч. Response Sent
[Info]14:57 ч. Request Sent
[Info]14:57 ч. Retrieving the car by Id
[Info]14:57 ч. Response Sent
[Info]15:16 ч. Request Sent
[Info]15:16 ч. Response Sent
[Info]15:16 ч. Request Sent
[Info]15:16 ч. Request Sent
[Info]15:16 ч. Response Sent
[Info]15:16 ч. Request Sent
[Info]15:16 ч. Response Sent
[Info]15:16 ч. Request Sent
[Info]15:16 ч. Retrieving the list of latest cars
[Info]15:16 ч. There are 6 cars in the fleet
[Info]15:16 ч. Response Sent
[Info]15:16 ч. Request Sent
[Info]15:16 ч. Response Sent
[Info]15:16 ч. Request Sent
[Info]15:16 ч. Retrieving the car by Id
[Info]15:16 ч. Response Sent
[Info]15:17 ч. Request Sent
[Info]15:17 ч. Response Sent
[Info]15:17 ч. Request Sent
[Info]15:17 ч. Retrieving the list of latest cars
[Info]15:17 ч. There are 6 cars in the fleet
[Info]15:17 ч. Response Sent
[Info]15:17 ч. Request Sent
[Info]15:17 ч. Response Sent
[Info]15:17 ч. Request Sent
[Info]15:17 ч. Retrieving the car by Id
[Info]15:17 ч. Response Sent
[Info]15:18 ч. Request Sent
[Info]15:18 ч. Response Sent
[Info]15:18 ч. Request Sent
[Info]15:18 ч. Retrieving the list of latest cars
[Info]15:18 ч. There are 6 cars in the fleet
[Info]15:18 ч. Response Sent
[Info]15:18 ч. Request Sent
[Info]15:18 ч. Response Sent
[Info]15:18 ч. Request Sent
[Info]15:18 ч. Retrieving the car by Id
[Info]15:18 ч. Response Sent
[Info]15:19 ч. Request Sent
[Info]15:19 ч. Retrieving the list of latest cars
[Info]15:19 ч. There are 6 cars in the fleet
[Info]15:19 ч. Response Sent
[Info]15:19 ч. Request Sent
[Info]15:19 ч. Retrieving the car by Id
[Info]15:19 ч. Response Sent
[Info]15:34 ч. Request Sent
[Info]15:34 ч. Response Sent
[Info]15:34 ч. Request Sent
[Info]15:34 ч. Request Sent
[Info]15:34 ч. Response Sent
[Info]18:34 ч. Request Sent
[Info]18:34 ч. Response Sent
[Info]18:34 ч. Request Sent
[Info]18:34 ч. Request Sent
[Info]18:34 ч. Response Sent
[Info]18:49 ч. Request Sent
[Info]18:49 ч. Response Sent
[Info]18:49 ч. Request Sent
[Info]18:49 ч. Response Sent
[Info]18:55 ч. Request Sent
[Info]18:55 ч. Response Sent
[Info]18:55 ч. Request Sent
[Info]18:55 ч. Response Sent
[Info]18:57 ч. Request Sent
[Info]18:57 ч. Response Sent
[Info]18:57 ч. Request Sent
[Info]18:57 ч. Response Sent
[Info]19:24 ч. Request Sent
[Info]19:24 ч. Response Sent
[Info]19:24 ч. Request Sent
[Info]19:24 ч. Response Sent
[Info]19:29 ч. Request Sent
[Info]19:29 ч. Response Sent
[Info]19:29 ч. Request Sent
[Info]19:29 ч. Response Sent
[Info]19:38 ч. Request Sent
[Info]19:38 ч. Response Sent
[Info]19:38 ч. Request Sent
[Info]19:38 ч. Response Sent
[Info]19:46 ч. Request Sent
[Info]19:46 ч. Retrieving the list of latest cars
[Info]19:46 ч. There are 6 cars in the fleet
[Info]19:46 ч. Response Sent
[Info]20:49 ч. Request Sent
[Info]20:49 ч. Response Sent
[Info]20:49 ч. Request Sent
[Info]20:49 ч. Response Sent
[Info]20:53 ч. Request Sent
[Info]20:53 ч. Response Sent
[Info]20:53 ч. Request Sent
[Info]20:53 ч. Response Sent
[Info]21:06 ч. Request Sent
[Info]21:06 ч. Response Sent
[Info]21:06 ч. Request Sent
[Info]21:06 ч. Response Sent
[Info]21:06 ч. Request Sent
[Info]21:06 ч. Response Sent
[Info]21:06 ч. Request Sent
[Info]21:06 ч. Response Sent
[Info]21:07 ч. Request Sent
[Info]21:07 ч. Retrieving the list of latest cars
[Info]21:07 ч. There are 6 cars in the fleet
[Info]21:07 ч. Response Sent
[Info]21:07 ч. Request Sent
[Info]21:07 ч. Response Sent
[Info]21:07 ч. Request Sent
[Info]21:07 ч. Response Sent
[Info]21:07 ч. Request Sent
[Info]21:07 ч. Response Sent
[Info]21:07 ч. Request Sent
[Info]21:07 ч. Retrieving the list of cars
[Info]21:07 ч. There are 0 cars in the fleet
[Info]21:07 ч. Response Sent
[Info]21:09 ч. Request Sent
[Info]21:09 ч. Response Sent
[Info]21:09 ч. Request Sent
[Info]21:09 ч. Response Sent
[Info]21:09 ч. Request Sent
[Info]21:09 ч. Response Sent
[Info]21:09 ч. Request Sent
[Info]21:09 ч. Retrieving the list of cars
[Info]21:09 ч. There are 0 cars in the fleet
[Info]21:09 ч. Response Sent
[Info]21:09 ч. Request Sent
[Info]21:09 ч. Retrieving the list of cars
[Info]21:09 ч. There are 0 cars in the fleet
[Info]21:09 ч. Response Sent
[Info]21:37 ч. Request Sent
[Info]21:37 ч. Response Sent
[Info]21:37 ч. Request Sent
[Info]21:37 ч. Response Sent
[Info]21:37 ч. Request Sent
[Info]21:37 ч. Response Sent
[Info]21:37 ч. Request Sent
[Info]21:37 ч. Retrieving the list of cars
[Info]21:37 ч. There are 0 cars in the fleet
[Info]21:37 ч. Response Sent
[Info]21:37 ч. Request Sent
[Info]21:37 ч. Response Sent
[Info]21:37 ч. Request Sent
[Info]21:37 ч. Response Sent
[Info]21:37 ч. Request Sent
[Info]21:37 ч. Response Sent
[Info]21:37 ч. Request Sent
[Info]21:37 ч. Response Sent
