[Info]11:26 ч. Request Sent
[Info]11:26 ч. Retrieving the list of cars
[Info]11:26 ч. There are 19 cars in the fleet
[Info]11:26 ч. Response Sent
[Info]11:26 ч. Request Sent
[Info]11:26 ч. Response Sent
[Info]11:26 ч. Request Sent
[Info]11:26 ч. Response Sent
[Info]11:27 ч. Request Sent
[Info]11:27 ч. Response Sent
[Info]11:27 ч. Request Sent
[Info]11:27 ч. Retrieving the list of cars
[Info]11:27 ч. There are 19 cars in the fleet
[Info]11:27 ч. Response Sent
[Info]11:27 ч. Request Sent
[Info]11:27 ч. Request Sent
[Info]11:27 ч. Response Sent
[Info]11:27 ч. Request Sent
[Info]11:27 ч. Request Sent
[Info]11:27 ч. Retrieving the ratings by carId
[Info]11:27 ч. Response Sent
[Info]11:27 ч. Response Sent
[Info]11:27 ч. Request Sent
[Info]11:27 ч. Retrieving the list of cars
[Info]11:27 ч. There are 19 cars in the fleet
[Info]11:27 ч. Response Sent
[Info]11:27 ч. Request Sent
[Info]11:27 ч. Response Sent
[Info]11:27 ч. Request Sent
[Info]11:27 ч. Response Sent
[Info]11:27 ч. Request Sent
[Info]11:27 ч. Request Sent
[Info]11:27 ч. Retrieving the car by Id
[Info]11:27 ч. Retrieving the ratings by carId
[Info]11:27 ч. Response Sent
[Info]11:27 ч. Response Sent
[Info]11:27 ч. Request Sent
[Info]11:27 ч. Response Sent
[Info]11:27 ч. Request Sent
[Info]11:27 ч. Retrieving the list of cars
[Info]11:27 ч. There are 5 cars in the fleet
[Info]11:27 ч. Response Sent
[Info]11:27 ч. Request Sent
[Info]11:27 ч. Response Sent
[Info]11:27 ч. Request Sent
[Info]11:27 ч. Retrieving the list of categories
[Info]11:27 ч. There are 7 categories in the fleet
[Info]11:27 ч. Response Sent
[Info]12:13 ч. Request Sent
[Info]12:13 ч. Request Sent
[Info]12:13 ч. Response Sent
[Info]12:13 ч. Request Sent
[Info]12:13 ч. Toyota Auris was created  at 12:13:18.9985417
[Info]12:13 ч. Response Sent
[Info]12:13 ч. Request Sent
[Info]12:13 ч. Response Sent
[Info]12:13 ч. Request Sent
[Info]12:13 ч. Retrieving the list of cars
[Info]12:13 ч. There are 6 cars in the fleet
[Info]12:13 ч. Response Sent
[Info]12:17 ч. Request Sent
[Info]12:17 ч. Response Sent
[Info]12:17 ч. Request Sent
[Info]12:17 ч. User logged out the system.
[Info]12:17 ч. Response Sent
[Info]12:36 ч. Request Sent
[Info]12:36 ч. Retrieving the list of cars
[Info]12:36 ч. There are 20 cars in the fleet
[Info]12:36 ч. Response Sent
[Info]12:54 ч. Request Sent
[Info]12:54 ч. Retrieving the list of cars
[Info]12:54 ч. There are 20 cars in the fleet
[Info]12:54 ч. Response Sent
[Info]12:54 ч. Request Sent
[Info]12:54 ч. Retrieving the car by Id
[Info]12:54 ч. Request Sent
[Info]12:54 ч. Retrieving the ratings by carId
[Info]12:54 ч. Response Sent
[Info]12:54 ч. Response Sent
[Info]12:54 ч. Request Sent
[Info]12:54 ч. Retrieving the list of cars
[Info]12:54 ч. There are 20 cars in the fleet
[Info]12:54 ч. Response Sent
[Info]12:54 ч. Request Sent
[Info]12:54 ч. Retrieving the car by Id
[Info]12:54 ч. Retrieving the ratings by carId
[Info]12:54 ч. Response Sent
[Info]12:54 ч. Response Sent
[Info]12:55 ч. Request Sent
[Info]12:55 ч. Retrieving the list of cars
[Info]12:55 ч. There are 20 cars in the fleet
[Info]12:55 ч. Response Sent
[Info]12:56 ч. Request Sent
[Info]12:56 ч. Response Sent
[Info]12:56 ч. Request Sent
[Info]12:56 ч. Response Sent
[Info]12:56 ч. Request Sent
[Info]12:56 ч. Request Sent
[Info]12:56 ч. Response Sent
[Info]12:56 ч. Request Sent
[Info]12:56 ч. Retrieving the list of cars
[Info]12:56 ч. There are 6 cars in the fleet
[Info]12:56 ч. Response Sent
[Info]12:56 ч. Request Sent
[Info]12:56 ч. Retrieving the list of cars
[Info]12:56 ч. There are 6 cars in the fleet
[Info]12:56 ч. Response Sent
[Info]12:56 ч. Request Sent
[Info]12:56 ч. Response Sent
[Info]12:56 ч. Request Sent
[Info]12:56 ч. Retrieving the renter by Id
[Info]12:56 ч. Response Sent
[Info]12:56 ч. Request Sent
[Info]12:56 ч. Response Sent
[Info]12:56 ч. Request Sent
[Info]12:56 ч. Retrieving the renter by Id
[Info]12:56 ч. Response Sent
[Info]12:56 ч. Request Sent
[Info]12:56 ч. Response Sent
[Info]12:56 ч. Request Sent
[Info]12:56 ч. Response Sent
[Info]12:56 ч. Request Sent
[Info]12:56 ч. Response Sent
[Info]12:56 ч. Request Sent
[Info]12:56 ч. Retrieving the renter by Id
[Info]12:56 ч. Response Sent
[Info]12:56 ч. Request Sent
[Info]12:56 ч. Retrieving the renter by Id
[Info]12:56 ч. Response Sent
[Info]12:56 ч. Request Sent
[Info]12:56 ч. Response Sent
[Info]12:56 ч. Request Sent
[Info]12:56 ч. Response Sent
[Info]12:56 ч. Request Sent
[Info]12:56 ч. Response Sent
[Info]12:56 ч. Request Sent
[Info]12:56 ч. Retrieving the renter by Id
[Info]12:56 ч. Response Sent
[Info]12:57 ч. Request Sent
[Info]12:57 ч. Response Sent
[Info]12:57 ч. Request Sent
[Info]12:57 ч. Retrieving the list of cars
[Info]12:57 ч. There are 20 cars in the fleet
[Info]12:57 ч. Response Sent
[Info]12:57 ч. Request Sent
[Info]12:57 ч. Response Sent
[Info]12:57 ч. Response Sent
[Info]12:57 ч. Request Sent
[Info]12:57 ч. Retrieving the ratings by carId
[Info]12:57 ч. Retrieving the car by Id
[Info]12:57 ч. Response Sent
[Info]12:57 ч. Response Sent
[Info]12:57 ч. Request Sent
[Info]12:57 ч. Response Sent
[Info]12:57 ч. Request Sent
[Info]12:57 ч. Retrieving the list of cars
[Info]12:57 ч. There are 20 cars in the fleet
[Info]12:57 ч. Response Sent
[Info]12:57 ч. Request Sent
[Info]12:57 ч. Request Sent
[Info]12:57 ч. Response Sent
[Info]12:57 ч. Request Sent
[Info]12:57 ч. Retrieving the ratings by carId
[Info]12:57 ч. Request Sent
[Info]12:57 ч. Retrieving the car by Id
[Info]12:57 ч. Response Sent
[Info]12:57 ч. Response Sent
[Info]12:57 ч. Request Sent
[Info]12:57 ч. Response Sent
[Info]12:57 ч. Request Sent
[Info]12:57 ч. Retrieving the list of cars
[Info]12:57 ч. There are 6 cars in the fleet
[Info]12:57 ч. Response Sent
[Info]12:57 ч. Request Sent
[Info]12:57 ч. Response Sent
[Info]12:57 ч. Request Sent
[Info]12:57 ч. Retrieving the list of categories
[Info]12:57 ч. There are 7 categories in the fleet
[Info]12:57 ч. Response Sent
[Info]12:59 ч. Request Sent
[Info]12:59 ч. Response Sent
[Info]12:59 ч. Request Sent
[Info]12:59 ч. User logged out the system.
[Info]12:59 ч. Response Sent
[Info]12:59 ч. Request Sent
[Info]12:59 ч. Response Sent
[Info]12:59 ч. Request Sent
[Info]12:59 ч. Response Sent
[Info]13:00 ч. Request Sent
[Info]13:00 ч. Response Sent
[Info]13:00 ч. Request Sent
[Info]13:00 ч. Retrieving the renter by Id
[Info]13:00 ч. Response Sent
[Info]13:00 ч. Request Sent
[Info]13:00 ч. Retrieving the renter by Id
[Info]13:00 ч. Response Sent
[Info]13:00 ч. Request Sent
[Info]13:00 ч. Response Sent
[Info]13:00 ч. Request Sent
[Info]13:00 ч. Retrieving the list of bookings
[Info]13:00 ч. There are 2 bookings in the fleet
[Info]13:00 ч. Response Sent
[Info]13:00 ч. Request Sent
[Info]13:00 ч. Response Sent
[Info]13:00 ч. Request Sent
[Info]13:00 ч. Retrieving the list of cars
[Info]13:00 ч. There are 20 cars in the fleet
[Info]13:00 ч. Response Sent
[Info]13:00 ч. Request Sent
[Info]13:00 ч. Request Sent
[Info]13:00 ч. Response Sent
[Info]13:00 ч. Response Sent
[Info]13:00 ч. Request Sent
[Info]13:00 ч. Retrieving the car by Id
[Info]13:00 ч. Retrieving the ratings by carId
[Info]13:00 ч. Response Sent
[Info]13:00 ч. Response Sent
[Info]13:00 ч. Request Sent
[Info]13:00 ч. Response Sent
[Info]13:00 ч. Request Sent
[Info]13:00 ч. Retrieving the list of locations
[Info]13:00 ч. There are 5 locations in the fleet
[Info]13:00 ч. Response Sent
[Info]13:00 ч. Request Sent
[Info]13:00 ч. Response Sent
[Info]13:00 ч. Request Sent
[Info]13:00 ч. A new booking was created  at 13:00:51.6244415
[Info]13:00 ч. Response Sent
[Info]13:00 ч. Request Sent
[Info]13:00 ч. Response Sent
[Info]13:00 ч. Request Sent
[Info]13:00 ч. Retrieving the list of bookings
[Info]13:00 ч. There are 3 bookings in the fleet
[Info]13:00 ч. Response Sent
[Info]13:00 ч. Request Sent
[Info]13:00 ч. Response Sent
[Info]13:00 ч. Request Sent
[Info]13:00 ч. Retrieving the list of cars
[Info]13:00 ч. There are 20 cars in the fleet
[Info]13:00 ч. Response Sent
[Info]13:01 ч. Request Sent
[Info]13:01 ч. Response Sent
[Info]13:01 ч. Request Sent
[Info]13:01 ч. User logged out the system.
[Info]13:01 ч. Response Sent
[Info]13:01 ч. Request Sent
[Info]13:01 ч. Retrieving the list of cars
[Info]13:01 ч. There are 20 cars in the fleet
[Info]13:01 ч. Response Sent
[Info]13:02 ч. Request Sent
[Info]13:02 ч. Response Sent
[Info]13:02 ч. Request Sent
[Info]13:02 ч. Response Sent
[Info]13:02 ч. Request Sent
[Info]13:02 ч. Response Sent
[Info]13:02 ч. Request Sent
[Info]13:02 ч. Response Sent
[Info]13:02 ч. Request Sent
[Info]13:02 ч. Retrieving the list of bookings
[Info]13:02 ч. There are 3 bookings in the fleet
[Info]13:02 ч. Response Sent
[Info]13:02 ч. Request Sent
[Info]13:02 ч. Retrieving the list of bookings
[Info]13:02 ч. There are 3 bookings in the fleet
[Info]13:02 ч. Response Sent
[Info]13:02 ч. Request Sent
[Info]13:02 ч. Response Sent
[Info]13:02 ч. Request Sent
[Info]13:02 ч. Retrieving the list of cars
[Info]13:02 ч. There are 20 cars in the fleet
[Info]13:02 ч. Response Sent
[Info]13:02 ч. Request Sent
[Info]13:02 ч. Response Sent
[Info]13:02 ч. Request Sent
[Info]13:02 ч. Response Sent
[Info]13:02 ч. Request Sent
[Info]13:02 ч. Retrieving the car by Id
[Info]13:02 ч. Retrieving the ratings by carId
[Info]13:02 ч. Response Sent
[Info]13:02 ч. Response Sent
[Info]13:02 ч. Request Sent
[Info]13:02 ч. Response Sent
[Info]13:02 ч. Request Sent
[Info]13:02 ч. Retrieving the list of cars
[Info]13:02 ч. There are 20 cars in the fleet
[Info]13:02 ч. Response Sent
[Info]13:04 ч. Request Sent
[Info]13:04 ч. Response Sent
[Info]13:04 ч. Request Sent
[Info]13:04 ч. User logged out the system.
[Info]13:04 ч. Response Sent
[Info]13:08 ч. Request Sent
[Info]13:08 ч. Retrieving the list of cars
[Info]13:08 ч. There are 20 cars in the fleet
[Info]13:08 ч. Response Sent
[Info]13:09 ч. Request Sent
[Info]13:09 ч. Retrieving the car by Id
[Info]13:09 ч. Request Sent
[Info]13:09 ч. Retrieving the ratings by carId
[Info]13:09 ч. Response Sent
[Info]13:09 ч. Response Sent
[Info]13:09 ч. Request Sent
[Info]13:09 ч. Retrieving the list of cars
[Info]13:09 ч. There are 20 cars in the fleet
[Info]13:09 ч. Response Sent
[Info]13:11 ч. Request Sent
[Info]13:11 ч. Response Sent
[Info]13:11 ч. Request Sent
[Info]13:11 ч. Response Sent
[Info]13:11 ч. Request Sent
[Info]13:11 ч. Response Sent
[Info]13:11 ч. Request Sent
[Info]13:11 ч. Response Sent
[Info]13:11 ч. Request Sent
[Info]13:11 ч. Response Sent
[Info]13:11 ч. Request Sent
[Info]13:11 ч. Response Sent
[Info]13:11 ч. Request Sent
[Info]13:11 ч. Response Sent
[Info]13:11 ч. Retrieving the list of cars
[Info]13:11 ч. There are 0 cars in the fleet
[Info]13:11 ч. Response Sent
[Info]13:11 ч. Request Sent
[Info]13:11 ч. Retrieving the list of cars
[Info]13:11 ч. There are 0 cars in the fleet
[Info]13:11 ч. Response Sent
[Info]13:11 ч. Request Sent
[Info]13:11 ч. Retrieving the list of cars
[Info]13:11 ч. There are 0 cars in the fleet
[Info]13:11 ч. Response Sent
[Info]13:11 ч. Request Sent
[Info]13:11 ч. Response Sent
[Info]13:11 ч. Request Sent
[Info]13:11 ч. Retrieving the list of cars
[Info]13:11 ч. There are 0 cars in the fleet
[Info]13:11 ч. Response Sent
[Info]13:12 ч. Request Sent
[Info]13:12 ч. Response Sent
[Info]13:12 ч. Request Sent
[Info]13:12 ч. Retrieving the list of categories
[Info]13:12 ч. There are 7 categories in the fleet
[Info]13:12 ч. Response Sent
[Info]13:13 ч. Request Sent
[Info]13:13 ч. Response Sent
[Info]13:13 ч. Request Sent
[Info]13:13 ч. Response Sent
[Info]13:13 ч. Request Sent
[Info]13:13 ч. Toyata Auris was created  at 13:13:06.2189836
[Info]13:13 ч. Response Sent
[Info]13:13 ч. Request Sent
[Info]13:13 ч. Response Sent
[Info]13:13 ч. Request Sent
[Info]13:13 ч. Retrieving the list of cars
[Info]13:13 ч. There are 1 cars in the fleet
[Info]13:13 ч. Response Sent
[Info]13:13 ч. Request Sent
[Info]13:13 ч. Response Sent
[Info]13:13 ч. Request Sent
[Info]13:13 ч. Retrieving the list of cars
[Info]13:13 ч. There are 21 cars in the fleet
[Info]13:13 ч. Response Sent
[Info]13:13 ч. Request Sent
[Info]13:13 ч. Request Sent
[Info]13:13 ч. Response Sent
[Info]13:13 ч. Request Sent
[Info]13:13 ч. Retrieving the ratings by carId
[Info]13:13 ч. Request Sent
[Info]13:13 ч. Response Sent
[Info]13:13 ч. Retrieving the car by Id
[Info]13:13 ч. Response Sent
[Info]13:13 ч. Request Sent
[Info]13:13 ч. Response Sent
[Info]13:13 ч. Request Sent
[Info]13:13 ч. Retrieving the list of cars
[Info]13:13 ч. There are 21 cars in the fleet
[Info]13:13 ч. Response Sent
[Info]13:13 ч. Request Sent
[Info]13:13 ч. Response Sent
[Info]13:13 ч. Request Sent
[Info]13:13 ч. Retrieving the ratings by carId
[Info]13:13 ч. Request Sent
[Info]13:13 ч. Retrieving the car by Id
[Info]13:13 ч. Response Sent
[Info]13:13 ч. Response Sent
[Info]13:13 ч. Request Sent
[Info]13:13 ч. Response Sent
[Info]13:13 ч. Request Sent
[Info]13:13 ч. Retrieving the renter by Id
[Info]13:13 ч. Response Sent
[Info]13:13 ч. Request Sent
[Info]13:13 ч. Response Sent
[Info]13:13 ч. Request Sent
[Info]13:13 ч. Retrieving the renter by Id
[Info]13:13 ч. Response Sent
[Info]13:13 ч. Request Sent
[Info]13:13 ч. Response Sent
[Info]13:13 ч. Request Sent
[Info]13:13 ч. Response Sent
[Info]13:13 ч. Request Sent
[Info]13:13 ч. Response Sent
[Info]13:13 ч. Request Sent
[Info]13:13 ч. Retrieving the renter by Id
[Info]13:13 ч. Response Sent
[Info]13:14 ч. Request Sent
[Info]13:14 ч. Response Sent
[Info]13:14 ч. Request Sent
[Info]13:14 ч. Retrieving the list of cars
[Info]13:14 ч. There are 1 cars in the fleet
[Info]13:14 ч. Response Sent
[Info]13:14 ч. Request Sent
[Info]13:14 ч. Response Sent
[Info]13:14 ч. Request Sent
[Info]13:14 ч. Retrieving the list of categories
[Info]13:14 ч. There are 7 categories in the fleet
[Info]13:14 ч. Response Sent
[Info]13:14 ч. Request Sent
[Info]13:14 ч. Response Sent
[Info]13:14 ч. Request Sent
[Info]13:14 ч. Retrieving the list of cars
[Info]13:14 ч. There are 21 cars in the fleet
[Info]13:14 ч. Response Sent
[Info]13:14 ч. Request Sent
[Info]13:14 ч. Response Sent
[Info]13:14 ч. Request Sent
[Info]13:14 ч. Retrieving the list of cars
[Info]13:14 ч. There are 1 cars in the fleet
[Info]13:14 ч. Response Sent
[Info]13:14 ч. Request Sent
[Info]13:14 ч. Response Sent
[Info]13:14 ч. Request Sent
[Info]13:14 ч. User logged out the system.
[Info]13:14 ч. Response Sent
[Info]13:15 ч. Request Sent
[Info]13:15 ч. Response Sent
[Info]13:15 ч. Request Sent
[Info]13:15 ч. Response Sent
[Info]13:15 ч. Request Sent
[Info]13:15 ч. Response Sent
[Info]13:15 ч. Request Sent
[Info]13:15 ч. Response Sent
[Info]13:15 ч. Request Sent
[Info]13:15 ч. Response Sent
[Info]13:16 ч. Request Sent
[Info]13:16 ч. Response Sent
[Info]13:16 ч. Request Sent
[Info]13:16 ч. Response Sent
[Info]13:16 ч. Request Sent
[Info]13:16 ч. Response Sent
[Info]13:16 ч. Request Sent
[Info]13:16 ч. Response Sent
[Info]13:16 ч. Request Sent
[Info]13:16 ч. Response Sent
[Info]13:16 ч. Request Sent
[Info]13:16 ч. Request Sent
[Info]13:17 ч. Request Sent
[Info]13:17 ч. Response Sent
[Info]13:17 ч. Request Sent
[Info]13:17 ч. Response Sent
[Info]13:17 ч. Response Sent
[Info]13:17 ч. Request Sent
[Info]13:17 ч. Response Sent
[Info]13:17 ч. Request Sent
[Info]13:17 ч. Retrieving the list of bookings
[Info]13:17 ч. There are 3 bookings in the fleet
[Info]13:17 ч. Response Sent
[Info]13:17 ч. Request Sent
[Info]13:17 ч. Response Sent
[Info]13:17 ч. Request Sent
[Info]13:17 ч. A booking was deleted from the list
[Info]13:17 ч. Response Sent
[Info]13:17 ч. Request Sent
[Info]13:17 ч. Response Sent
[Info]13:17 ч. Request Sent
[Info]13:17 ч. Retrieving the list of bookings
[Info]13:17 ч. There are 2 bookings in the fleet
[Info]13:17 ч. Response Sent
[Info]13:17 ч. Request Sent
[Info]13:17 ч. Response Sent
[Info]13:17 ч. Request Sent
[Info]13:17 ч. Retrieving the list of cars
[Info]13:17 ч. There are 21 cars in the fleet
[Info]13:17 ч. Response Sent
[Info]13:17 ч. Request Sent
[Info]13:17 ч. Response Sent
[Info]13:17 ч. Request Sent
[Info]13:17 ч. Response Sent
[Info]13:17 ч. Request Sent
[Info]13:17 ч. Request Sent
[Info]13:17 ч. Retrieving the ratings by carId
[Info]13:17 ч. Retrieving the car by Id
[Info]13:17 ч. Response Sent
[Info]13:17 ч. Response Sent
[Info]13:17 ч. Request Sent
[Info]13:17 ч. Response Sent
[Info]13:17 ч. Request Sent
[Info]13:17 ч. Retrieving the list of locations
[Info]13:17 ч. There are 5 locations in the fleet
[Info]13:17 ч. Response Sent
[Info]13:18 ч. Request Sent
[Info]13:18 ч. Response Sent
[Info]13:18 ч. Request Sent
[Info]13:18 ч. A new booking was created  at 13:18:10.0255614
[Info]13:18 ч. Response Sent
[Info]13:18 ч. Request Sent
[Info]13:18 ч. Response Sent
[Info]13:18 ч. Request Sent
[Info]13:18 ч. Retrieving the list of bookings
[Info]13:18 ч. There are 3 bookings in the fleet
[Info]13:18 ч. Response Sent
[Info]13:18 ч. Request Sent
[Info]13:18 ч. Response Sent
[Info]13:18 ч. Request Sent
[Info]13:18 ч. Retrieving the renter by Id
[Info]13:18 ч. Response Sent
[Info]13:18 ч. Request Sent
[Info]13:18 ч. Retrieving the renter by Id
[Info]13:18 ч. Response Sent
[Info]13:18 ч. Request Sent
[Info]13:18 ч. Response Sent
[Info]13:18 ч. Request Sent
[Info]13:18 ч. Response Sent
[Info]13:18 ч. Request Sent
[Info]13:18 ч. Response Sent
[Info]13:18 ч. Request Sent
[Info]13:18 ч. Retrieving the renter by Id
[Info]13:18 ч. Response Sent
[Info]13:18 ч. Request Sent
[Info]13:18 ч. Response Sent
[Info]13:18 ч. Request Sent
[Info]13:18 ч. Retrieving the list of cars
[Info]13:18 ч. There are 21 cars in the fleet
[Info]13:18 ч. Response Sent
[Info]13:18 ч. Request Sent
[Info]13:18 ч. Response Sent
[Info]13:18 ч. Request Sent
[Info]13:18 ч. Retrieving the list of bookings
[Info]13:18 ч. There are 3 bookings in the fleet
[Info]13:18 ч. Response Sent
[Info]13:18 ч. Request Sent
[Info]13:18 ч. Response Sent
[Info]13:18 ч. Request Sent
[Info]13:18 ч. Retrieving the renter by Id
[Info]13:18 ч. Response Sent
[Info]13:18 ч. Request Sent
[Info]13:18 ч. Response Sent
[Info]13:18 ч. Request Sent
[Info]13:18 ч. User logged out the system.
[Info]13:18 ч. Response Sent
