[Info]09:01 ч. Retrieving the list of cars
[Info]09:01 ч. There are 6 cars in the fleet
[Info]09:01 ч. Retrieving the car by Id
[Info]09:01 ч. Retrieving the list of locations
[Info]09:01 ч. There are 3 locations in the fleet
[Info]09:02 ч. Retrieving the list of locations
[Info]09:02 ч. There are 3 locations in the fleet
[Info]09:03 ч. Retrieving the list of locations
[Info]09:03 ч. There are 3 locations in the fleet
[Info]09:03 ч. Retrieving the list of locations
[Info]09:03 ч. There are 3 locations in the fleet
[Info]09:03 ч. Retrieving the list of locations
[Info]09:03 ч. There are 3 locations in the fleet
[Info]09:03 ч. Retrieving the list of locations
[Info]09:03 ч. There are 3 locations in the fleet
[Info]09:04 ч. Retrieving the list of locations
[Info]09:04 ч. There are 3 locations in the fleet
[Info]09:05 ч. Retrieving the list of locations
[Info]09:05 ч. There are 3 locations in the fleet
[Info]09:05 ч. Retrieving the list of locations
[Info]09:05 ч. There are 3 locations in the fleet
[Info]09:05 ч. Retrieving the list of locations
[Info]09:05 ч. There are 3 locations in the fleet
[Info]09:05 ч. Retrieving the list of locations
[Info]09:05 ч. There are 3 locations in the fleet
[Info]09:05 ч. Retrieving the list of locations
[Info]09:05 ч. There are 3 locations in the fleet
[Info]09:05 ч. Retrieving the list of locations
[Info]09:05 ч. There are 3 locations in the fleet
[Info]09:06 ч. A new booking was created  at 09:06:12.1192528
[Info]09:06 ч. Retrieving the list of bookings
[Info]09:06 ч. There are 3 bookings in the fleet
[Info]09:08 ч. Retrieving the list of cars
[Info]09:08 ч. There are 6 cars in the fleet
[Info]09:08 ч. Retrieving the car by Id
[Info]09:09 ч. Retrieving the list of cars
[Info]09:09 ч. There are 6 cars in the fleet
[Info]09:09 ч. Retrieving the ratings by carId
[Info]09:09 ч. Retrieving the ratings by carId
[Info]09:09 ч. Retrieving the ratings by carId
[Info]09:09 ч. Retrieving the ratings by carId
[Info]09:09 ч. Retrieving the ratings by carId
[Info]09:09 ч. Retrieving the ratings by carId
[Info]09:09 ч. Retrieving the ratings by carId
[Info]09:09 ч. Retrieving the ratings by carId
[Info]09:09 ч. Retrieving the list of bookings
[Info]09:09 ч. There are 3 bookings in the fleet
[Info]09:09 ч. Retrieving the list of cars
[Info]09:09 ч. There are 6 cars in the fleet
[Info]09:09 ч. Retrieving the car by Id
[Info]09:14 ч. Retrieving the list of locations
[Info]09:14 ч. There are 3 locations in the fleet
[Info]09:14 ч. Retrieving the list of locations
[Info]09:14 ч. There are 3 locations in the fleet
[Info]09:14 ч. Retrieving the car by Id
[Info]09:15 ч. Retrieving the list of locations
[Info]09:15 ч. There are 3 locations in the fleet
[Info]09:15 ч. Retrieving the list of locations
[Info]09:15 ч. There are 3 locations in the fleet
[Info]09:17 ч. Retrieving the list of locations
[Info]09:17 ч. There are 3 locations in the fleet
[Info]09:18 ч. Retrieving the list of locations
[Info]09:18 ч. There are 3 locations in the fleet
[Info]09:18 ч. Retrieving the list of locations
[Info]09:18 ч. There are 3 locations in the fleet
[Info]09:18 ч. Retrieving the list of locations
[Info]09:18 ч. There are 3 locations in the fleet
[Info]09:19 ч. Retrieving the list of locations
[Info]09:19 ч. There are 3 locations in the fleet
[Info]09:19 ч. Retrieving the list of locations
[Info]09:19 ч. There are 3 locations in the fleet
[Info]09:19 ч. Retrieving the list of locations
[Info]09:19 ч. There are 3 locations in the fleet
[Info]09:20 ч. Retrieving the list of locations
[Info]09:20 ч. There are 3 locations in the fleet
[Info]09:20 ч. Retrieving the list of locations
[Info]09:20 ч. There are 3 locations in the fleet
[Info]09:20 ч. Retrieving the list of locations
[Info]09:20 ч. There are 3 locations in the fleet
[Info]09:20 ч. Retrieving the list of locations
[Info]09:20 ч. There are 3 locations in the fleet
[Info]09:20 ч. Retrieving the list of locations
[Info]09:20 ч. There are 3 locations in the fleet
[Info]09:21 ч. Retrieving the list of locations
[Info]09:21 ч. There are 3 locations in the fleet
[Info]09:21 ч. Retrieving the list of locations
[Info]09:21 ч. There are 3 locations in the fleet
[Info]09:21 ч. Retrieving the list of locations
[Info]09:21 ч. There are 3 locations in the fleet
[Info]09:21 ч. Retrieving the list of locations
[Info]09:21 ч. There are 3 locations in the fleet
[Info]09:21 ч. Retrieving the list of locations
[Info]09:21 ч. There are 3 locations in the fleet
[Info]09:21 ч. Retrieving the list of locations
[Info]09:21 ч. There are 3 locations in the fleet
[Info]09:22 ч. Retrieving the list of locations
[Info]09:22 ч. There are 3 locations in the fleet
[Info]09:22 ч. Retrieving the list of locations
[Info]09:22 ч. There are 3 locations in the fleet
[Info]09:23 ч. Retrieving the list of bookings
[Info]09:23 ч. There are 3 bookings in the fleet
[Info]09:23 ч. Retrieving the list of cars
[Info]09:23 ч. There are 6 cars in the fleet
[Info]09:23 ч. Retrieving the ratings by carId
[Info]09:23 ч. Retrieving the ratings by carId
[Info]09:23 ч. Retrieving the ratings by carId
[Info]09:23 ч. Retrieving the ratings by carId
[Info]09:23 ч. Retrieving the ratings by carId
[Info]09:23 ч. Retrieving the ratings by carId
[Info]09:23 ч. Retrieving the ratings by carId
[Info]09:23 ч. Retrieving the list of cars
[Info]09:23 ч. There are 6 cars in the fleet
[Info]09:23 ч. Retrieving the ratings by carId
[Info]09:23 ч. Retrieving the ratings by carId
[Info]09:23 ч. Retrieving the ratings by carId
[Info]09:23 ч. Retrieving the ratings by carId
[Info]09:23 ч. Retrieving the ratings by carId
[Info]09:23 ч. Retrieving the ratings by carId
[Info]09:23 ч. Retrieving the ratings by carId
[Info]09:23 ч. Retrieving the ratings by carId
[Info]09:23 ч. Retrieving the ratings by carId
[Info]09:23 ч. Retrieving the ratings by carId
[Info]09:23 ч. Retrieving the list of cars
[Info]09:23 ч. There are 6 cars in the fleet
[Info]09:23 ч. Retrieving the ratings by carId
[Info]09:23 ч. Retrieving the ratings by carId
[Info]09:23 ч. Retrieving the ratings by carId
[Info]09:23 ч. Retrieving the ratings by carId
[Info]09:23 ч. Retrieving the ratings by carId
[Info]09:23 ч. Retrieving the ratings by carId
[Info]09:23 ч. Retrieving the ratings by carId
[Info]09:23 ч. Retrieving the list of cars
[Info]09:23 ч. There are 6 cars in the fleet
[Info]09:23 ч. Retrieving the ratings by carId
[Info]09:23 ч. Retrieving the ratings by carId
[Info]09:23 ч. Retrieving the ratings by carId
[Info]09:23 ч. Retrieving the ratings by carId
[Info]09:23 ч. Retrieving the ratings by carId
[Info]09:23 ч. Retrieving the ratings by carId
[Info]09:23 ч. Retrieving the ratings by carId
[Info]09:23 ч. Retrieving the ratings by carId
[Info]09:23 ч. Retrieving the ratings by carId
[Info]09:23 ч. Retrieving the ratings by carId
[Info]09:23 ч. Retrieving the list of categories
[Info]09:23 ч. There are 3 categories in the fleet
[Info]09:24 ч. Retrieving the list of cars
[Info]09:24 ч. There are 6 cars in the fleet
[Info]09:24 ч. Retrieving the ratings by carId
[Info]09:24 ч. Retrieving the ratings by carId
[Info]09:24 ч. Retrieving the ratings by carId
[Info]09:24 ч. Retrieving the ratings by carId
[Info]09:24 ч. Retrieving the ratings by carId
[Info]09:24 ч. Retrieving the ratings by carId
[Info]09:24 ч. Retrieving the ratings by carId
[Info]09:24 ч. Retrieving the ratings by carId
[Info]09:24 ч. Retrieving the ratings by carId
[Info]09:24 ч. Retrieving the list of cars
[Info]09:24 ч. There are 6 cars in the fleet
[Info]09:24 ч. Retrieving the car by Id
[Info]09:44 ч. Retrieving the list of locations
[Info]09:44 ч. There are 3 locations in the fleet
[Info]09:44 ч. Retrieving the car by Id
[Info]09:44 ч. Retrieving the car by Id
[Info]09:46 ч. Retrieving the car by Id
[Info]09:46 ч. Retrieving the car by Id
[Info]09:46 ч. Retrieving the list of locations
[Info]09:46 ч. There are 3 locations in the fleet
[Info]09:46 ч. Retrieving the car by Id
[Info]09:49 ч. Retrieving the car by Id
[Info]09:50 ч. Retrieving the car by Id
[Info]09:51 ч. Retrieving the car by Id
[Info]09:52 ч. Retrieving the car by Id
[Info]09:53 ч. Retrieving the car by Id
[Info]09:53 ч. Retrieving the car by Id
[Info]09:56 ч. Retrieving the car by Id
[Info]09:57 ч. Retrieving the car by Id
[Info]10:00 ч. Retrieving the car by Id
[Info]10:02 ч. Retrieving the car by Id
[Info]10:03 ч. Retrieving the car by Id
[Info]10:03 ч. Retrieving the car by Id
[Info]10:05 ч. Retrieving the car by Id
[Info]10:06 ч. Retrieving the car by Id
[Info]10:06 ч. Retrieving the list of cars
[Info]10:06 ч. There are 6 cars in the fleet
[Info]10:06 ч. Retrieving the ratings by carId
[Info]10:06 ч. Retrieving the ratings by carId
[Info]10:06 ч. Retrieving the ratings by carId
[Info]10:07 ч. Retrieving the ratings by carId
[Info]10:07 ч. Retrieving the ratings by carId
[Info]10:07 ч. Retrieving the ratings by carId
[Info]10:07 ч. Retrieving the ratings by carId
[Info]10:07 ч. Retrieving the ratings by carId
[Info]10:07 ч. Retrieving the ratings by carId
[Info]10:07 ч. Retrieving the ratings by carId
[Info]10:07 ч. Retrieving the ratings by carId
[Info]10:09 ч. Retrieving the list of cars
[Info]10:09 ч. There are 6 cars in the fleet
[Info]10:09 ч. Retrieving the ratings by carId
[Info]10:09 ч. Retrieving the ratings by carId
[Info]10:09 ч. Retrieving the ratings by carId
[Info]10:09 ч. Retrieving the ratings by carId
[Info]10:09 ч. Retrieving the ratings by carId
[Info]10:09 ч. Retrieving the ratings by carId
[Info]10:09 ч. Retrieving the ratings by carId
[Info]10:09 ч. Retrieving the ratings by carId
[Info]10:09 ч. Retrieving the ratings by carId
[Info]10:09 ч. Retrieving the ratings by carId
[Info]10:09 ч. Retrieving the ratings by carId
[Info]12:35 ч. Retrieving the ratings by carId
[Info]12:35 ч. Retrieving the list of cars
[Info]12:35 ч. There are 6 cars in the fleet
[Info]12:35 ч. Retrieving the ratings by carId
[Info]12:35 ч. Retrieving the ratings by carId
[Info]12:35 ч. Retrieving the ratings by carId
[Info]12:35 ч. Retrieving the ratings by carId
[Info]12:35 ч. Retrieving the ratings by carId
[Info]12:35 ч. Retrieving the ratings by carId
[Info]12:35 ч. Retrieving the ratings by carId
[Info]12:35 ч. Retrieving the ratings by carId
[Info]12:35 ч. Retrieving the ratings by carId
[Info]12:35 ч. Retrieving the ratings by carId
[Info]12:35 ч. Retrieving the ratings by carId
[Info]12:38 ч. Retrieving the list of cars
[Info]12:38 ч. There are 6 cars in the fleet
[Info]12:38 ч. Retrieving the ratings by carId
[Info]12:38 ч. Retrieving the ratings by carId
[Info]12:38 ч. Retrieving the ratings by carId
[Info]12:38 ч. Retrieving the ratings by carId
[Info]12:38 ч. Retrieving the ratings by carId
[Info]12:38 ч. Retrieving the ratings by carId
[Info]12:38 ч. Retrieving the ratings by carId
[Info]12:38 ч. Retrieving the ratings by carId
[Info]12:38 ч. Retrieving the ratings by carId
[Info]12:38 ч. Retrieving the ratings by carId
[Info]12:38 ч. Retrieving the ratings by carId
[Info]12:38 ч. Retrieving the ratings by carId
[Info]12:38 ч. Retrieving the list of cars
[Info]12:38 ч. There are 6 cars in the fleet
[Info]12:38 ч. Retrieving the ratings by carId
[Info]12:38 ч. Retrieving the ratings by carId
[Info]12:38 ч. Retrieving the ratings by carId
[Info]12:38 ч. Retrieving the ratings by carId
[Info]12:38 ч. Retrieving the ratings by carId
[Info]12:38 ч. Retrieving the ratings by carId
[Info]12:38 ч. Retrieving the ratings by carId
[Info]12:38 ч. Retrieving the ratings by carId
[Info]12:38 ч. Retrieving the ratings by carId
[Info]12:39 ч. Retrieving the list of cars
[Info]12:39 ч. There are 6 cars in the fleet
[Info]12:39 ч. Retrieving the ratings by carId
[Info]12:39 ч. Retrieving the ratings by carId
[Info]12:39 ч. Retrieving the ratings by carId
[Info]12:39 ч. Retrieving the ratings by carId
[Info]12:39 ч. Retrieving the ratings by carId
[Info]12:39 ч. Retrieving the ratings by carId
[Info]12:39 ч. Retrieving the ratings by carId
[Info]12:39 ч. Retrieving the ratings by carId
[Info]12:39 ч. Retrieving the ratings by carId
[Info]12:39 ч. Retrieving the ratings by carId
[Info]12:39 ч. Retrieving the list of cars
[Info]12:39 ч. There are 6 cars in the fleet
[Info]12:39 ч. Retrieving the list of categories
[Info]12:39 ч. There are 3 categories in the fleet
[Info]12:39 ч. Retrieving the list of cars
[Info]12:39 ч. There are 7 cars in the fleet
[Info]12:39 ч. Retrieving the list of cars
[Info]12:39 ч. There are 6 cars in the fleet
[Info]12:39 ч. Retrieving the ratings by carId
[Info]12:39 ч. Retrieving the ratings by carId
[Info]12:39 ч. Retrieving the ratings by carId
[Info]12:39 ч. Retrieving the ratings by carId
[Info]12:39 ч. Retrieving the ratings by carId
[Info]12:39 ч. Retrieving the ratings by carId
[Info]12:39 ч. Retrieving the ratings by carId
[Info]12:39 ч. Retrieving the ratings by carId
[Info]12:39 ч. Retrieving the ratings by carId
[Info]12:39 ч. Retrieving the ratings by carId
[Info]12:39 ч. Retrieving the list of cars
[Info]12:39 ч. There are 6 cars in the fleet
[Info]12:39 ч. Retrieving the ratings by carId
[Info]12:39 ч. Retrieving the ratings by carId
[Info]12:39 ч. Retrieving the ratings by carId
[Info]12:39 ч. Retrieving the ratings by carId
[Info]12:39 ч. Retrieving the ratings by carId
[Info]12:39 ч. Retrieving the ratings by carId
[Info]12:39 ч. Retrieving the ratings by carId
[Info]12:39 ч. Retrieving the ratings by carId
[Info]12:39 ч. Retrieving the ratings by carId
[Info]12:39 ч. Retrieving the ratings by carId
[Info]12:39 ч. Retrieving the car by Id
[Info]12:39 ч. Retrieving the list of cars
[Info]12:39 ч. There are 6 cars in the fleet
[Info]12:39 ч. Retrieving the ratings by carId
[Info]12:39 ч. Retrieving the ratings by carId
[Info]12:39 ч. Retrieving the ratings by carId
[Info]12:39 ч. Retrieving the ratings by carId
[Info]12:39 ч. Retrieving the ratings by carId
[Info]12:39 ч. Retrieving the ratings by carId
[Info]12:39 ч. Retrieving the ratings by carId
[Info]12:39 ч. Retrieving the ratings by carId
[Info]12:39 ч. Retrieving the list of cars
[Info]12:39 ч. There are 6 cars in the fleet
[Info]12:41 ч. Retrieving the list of cars
[Info]12:41 ч. There are 6 cars in the fleet
[Info]12:45 ч. Retrieving the list of cars
[Info]12:45 ч. There are 6 cars in the fleet
[Info]12:45 ч. Retrieving the list of cars
[Info]12:45 ч. There are 6 cars in the fleet
[Info]12:45 ч. Retrieving the car by Id
[Info]12:47 ч. Retrieving the car by Id
[Info]12:48 ч. Retrieving the car by Id
[Info]12:49 ч. Retrieving the car by Id
[Info]12:49 ч. Retrieving the car by Id
[Info]12:49 ч. Retrieving the car by Id
[Info]12:50 ч. Retrieving the list of cars
[Info]12:50 ч. There are 6 cars in the fleet
[Info]12:50 ч. Retrieving the ratings by carId
[Info]12:50 ч. Retrieving the ratings by carId
[Info]12:50 ч. Retrieving the ratings by carId
[Info]12:50 ч. Retrieving the ratings by carId
[Info]12:50 ч. Retrieving the ratings by carId
[Info]12:50 ч. Retrieving the ratings by carId
[Info]12:50 ч. Retrieving the ratings by carId
[Info]12:50 ч. Retrieving the ratings by carId
[Info]12:50 ч. Retrieving the ratings by carId
[Info]12:50 ч. Retrieving the ratings by carId
[Info]12:50 ч. Retrieving the ratings by carId
[Info]12:50 ч. Retrieving the list of cars
[Info]12:50 ч. There are 6 cars in the fleet
[Info]12:50 ч. Retrieving the ratings by carId
[Info]12:50 ч. Retrieving the ratings by carId
[Info]12:50 ч. Retrieving the ratings by carId
[Info]12:50 ч. Retrieving the ratings by carId
[Info]12:50 ч. Retrieving the ratings by carId
[Info]12:50 ч. Retrieving the ratings by carId
[Info]12:50 ч. Retrieving the ratings by carId
[Info]12:50 ч. Retrieving the ratings by carId
[Info]12:50 ч. Retrieving the ratings by carId
[Info]12:50 ч. Retrieving the ratings by carId
[Info]12:50 ч. Retrieving the list of cars
[Info]12:50 ч. There are 6 cars in the fleet
[Info]12:50 ч. Retrieving the car by Id
[Info]12:50 ч. Retrieving the list of bookings
[Info]12:50 ч. There are 3 bookings in the fleet
[Info]12:50 ч. Retrieving the list of cars
[Info]12:50 ч. There are 6 cars in the fleet
[Info]12:50 ч. Retrieving the ratings by carId
[Info]12:50 ч. Retrieving the ratings by carId
[Info]12:50 ч. Retrieving the ratings by carId
[Info]12:50 ч. Retrieving the ratings by carId
[Info]12:50 ч. Retrieving the ratings by carId
[Info]12:50 ч. Retrieving the ratings by carId
[Info]12:50 ч. Retrieving the ratings by carId
[Info]12:50 ч. Retrieving the ratings by carId
[Info]12:50 ч. Retrieving the ratings by carId
[Info]12:50 ч. Retrieving the ratings by carId
[Info]12:50 ч. Retrieving the list of cars
[Info]12:50 ч. There are 6 cars in the fleet
[Info]12:50 ч. Retrieving the ratings by carId
[Info]12:50 ч. Retrieving the ratings by carId
[Info]12:50 ч. Retrieving the ratings by carId
[Info]12:50 ч. Retrieving the ratings by carId
[Info]12:50 ч. Retrieving the ratings by carId
[Info]12:50 ч. Retrieving the ratings by carId
[Info]12:50 ч. Retrieving the ratings by carId
[Info]12:50 ч. Retrieving the ratings by carId
[Info]12:50 ч. Retrieving the ratings by carId
[Info]12:50 ч. Retrieving the ratings by carId
[Info]12:50 ч. Retrieving the list of categories
[Info]12:50 ч. There are 3 categories in the fleet
[Info]12:51 ч. Retrieving the list of cars
[Info]12:51 ч. There are 7 cars in the fleet
[Info]12:51 ч. Retrieving the list of cars
[Info]12:51 ч. There are 6 cars in the fleet
[Info]12:51 ч. Retrieving the list of cars
[Info]12:51 ч. There are 6 cars in the fleet
[Info]12:51 ч. Retrieving the ratings by carId
[Info]12:51 ч. Retrieving the ratings by carId
[Info]12:51 ч. Retrieving the ratings by carId
[Info]12:51 ч. Retrieving the ratings by carId
[Info]12:51 ч. Retrieving the ratings by carId
[Info]12:51 ч. Retrieving the ratings by carId
[Info]12:51 ч. Retrieving the ratings by carId
[Info]12:51 ч. Retrieving the ratings by carId
[Info]12:51 ч. Retrieving the ratings by carId
[Info]12:51 ч. Retrieving the ratings by carId
[Info]12:51 ч. Retrieving the ratings by carId
[Info]12:55 ч. Retrieving the list of cars
[Info]12:55 ч. There are 7 cars in the fleet
[Info]12:55 ч. Retrieving the list of cars
[Info]12:55 ч. There are 6 cars in the fleet
[Info]12:57 ч. Retrieving the car by Id
[Info]13:01 ч. Retrieving the list of locations
[Info]13:01 ч. There are 3 locations in the fleet
[Info]13:01 ч. Retrieving the list of locations
[Info]13:01 ч. There are 3 locations in the fleet
[Info]13:02 ч. Retrieving the car by Id
[Info]13:03 ч. Retrieving the car by Id
[Info]13:03 ч. Retrieving the list of cars
[Info]13:03 ч. There are 6 cars in the fleet
[Info]13:03 ч. Retrieving the car by Id
[Info]13:05 ч. Retrieving the list of locations
[Info]13:05 ч. There are 3 locations in the fleet
[Info]13:05 ч. Retrieving the car by Id
[Info]13:08 ч. Retrieving the list of cars
[Info]13:08 ч. There are 6 cars in the fleet
[Info]13:08 ч. Retrieving the ratings by carId
[Info]13:08 ч. Retrieving the ratings by carId
[Info]13:08 ч. Retrieving the ratings by carId
[Info]13:08 ч. Retrieving the ratings by carId
[Info]13:08 ч. Retrieving the ratings by carId
[Info]13:08 ч. Retrieving the ratings by carId
[Info]13:08 ч. Retrieving the ratings by carId
[Info]13:08 ч. Retrieving the ratings by carId
[Info]13:08 ч. Retrieving the ratings by carId
[Info]13:08 ч. Retrieving the ratings by carId
[Info]13:08 ч. Retrieving the ratings by carId
[Info]13:08 ч. Retrieving the list of cars
[Info]13:08 ч. There are 6 cars in the fleet
[Info]13:08 ч. Retrieving the ratings by carId
[Info]13:08 ч. Retrieving the ratings by carId
[Info]13:08 ч. Retrieving the ratings by carId
[Info]13:08 ч. Retrieving the ratings by carId
[Info]13:08 ч. Retrieving the ratings by carId
[Info]13:08 ч. Retrieving the ratings by carId
[Info]13:08 ч. Retrieving the ratings by carId
[Info]13:13 ч. Retrieving the list of cars
[Info]13:13 ч. There are 6 cars in the fleet
[Info]13:13 ч. Retrieving the list of cars
[Info]13:13 ч. There are 6 cars in the fleet
[Info]13:13 ч. Retrieving the ratings by carId
[Info]13:13 ч. Retrieving the ratings by carId
[Info]13:13 ч. Retrieving the ratings by carId
[Info]13:13 ч. Retrieving the ratings by carId
[Info]13:13 ч. Retrieving the ratings by carId
[Info]13:13 ч. Retrieving the ratings by carId
[Info]13:13 ч. Retrieving the ratings by carId
[Info]13:13 ч. Retrieving the ratings by carId
[Info]13:13 ч. Retrieving the ratings by carId
[Info]13:13 ч. Retrieving the ratings by carId
[Info]13:13 ч. Retrieving the ratings by carId
[Info]13:14 ч. Retrieving the list of cars
[Info]13:14 ч. There are 6 cars in the fleet
[Info]13:14 ч. Retrieving the ratings by carId
[Info]13:14 ч. Retrieving the ratings by carId
[Info]13:14 ч. Retrieving the ratings by carId
[Info]13:14 ч. Retrieving the ratings by carId
[Info]13:14 ч. Retrieving the ratings by carId
[Info]13:14 ч. Retrieving the ratings by carId
[Info]13:14 ч. Retrieving the ratings by carId
[Info]13:14 ч. Retrieving the ratings by carId
[Info]13:14 ч. Retrieving the ratings by carId
[Info]13:14 ч. Retrieving the car by Id
[Info]13:14 ч. Retrieving the list of cars
[Info]13:14 ч. There are 6 cars in the fleet
[Info]13:14 ч. Retrieving the ratings by carId
[Info]13:14 ч. Retrieving the ratings by carId
[Info]13:14 ч. Retrieving the ratings by carId
[Info]13:14 ч. Retrieving the ratings by carId
[Info]13:14 ч. Retrieving the ratings by carId
[Info]13:14 ч. Retrieving the ratings by carId
[Info]13:14 ч. Retrieving the ratings by carId
[Info]13:14 ч. Retrieving the ratings by carId
[Info]13:14 ч. Retrieving the ratings by carId
[Info]13:27 ч. Retrieving the list of cars
[Info]13:27 ч. There are 6 cars in the fleet
[Info]13:27 ч. Retrieving the ratings by carId
[Info]13:27 ч. Retrieving the ratings by carId
[Info]13:27 ч. Retrieving the ratings by carId
[Info]13:27 ч. Retrieving the ratings by carId
[Info]13:27 ч. Retrieving the ratings by carId
[Info]13:27 ч. Retrieving the ratings by carId
[Info]13:27 ч. Retrieving the ratings by carId
[Info]13:27 ч. Retrieving the ratings by carId
[Info]13:27 ч. Retrieving the ratings by carId
[Info]13:27 ч. Retrieving the ratings by carId
[Info]13:27 ч. Retrieving the ratings by carId
[Info]13:27 ч. Retrieving the ratings by carId
[Info]13:27 ч. Retrieving the list of cars
[Info]13:27 ч. There are 6 cars in the fleet
[Info]13:27 ч. Retrieving the ratings by carId
[Info]13:27 ч. Retrieving the ratings by carId
[Info]13:27 ч. Retrieving the ratings by carId
[Info]13:27 ч. Retrieving the ratings by carId
[Info]13:27 ч. Retrieving the ratings by carId
[Info]13:27 ч. Retrieving the ratings by carId
[Info]13:27 ч. Retrieving the ratings by carId
[Info]13:27 ч. Retrieving the ratings by carId
[Info]13:27 ч. Retrieving the ratings by carId
[Info]13:27 ч. Retrieving the ratings by carId
[Info]13:27 ч. Retrieving the ratings by carId
[Info]13:27 ч. Retrieving the ratings by carId
[Info]13:32 ч. Retrieving the list of categories
[Info]13:32 ч. There are 3 categories in the fleet
[Info]13:32 ч. Retrieving the list of cars
[Info]13:32 ч. There are 7 cars in the fleet
[Info]13:32 ч. Retrieving the list of cars
[Info]13:32 ч. There are 6 cars in the fleet
[Info]13:33 ч. Retrieving the list of cars
[Info]13:33 ч. There are 6 cars in the fleet
[Info]13:33 ч. Retrieving the ratings by carId
[Info]13:33 ч. Retrieving the ratings by carId
[Info]13:33 ч. Retrieving the ratings by carId
[Info]13:33 ч. Retrieving the ratings by carId
[Info]13:33 ч. Retrieving the ratings by carId
[Info]13:34 ч. Retrieving the list of cars
[Info]13:34 ч. There are 6 cars in the fleet
[Info]13:34 ч. Retrieving the ratings by carId
[Info]13:34 ч. Retrieving the ratings by carId
[Info]13:34 ч. Retrieving the ratings by carId
[Info]13:34 ч. Retrieving the ratings by carId
[Info]13:34 ч. Retrieving the ratings by carId
[Info]13:34 ч. Retrieving the ratings by carId
[Info]13:34 ч. Retrieving the ratings by carId
[Info]13:34 ч. Retrieving the ratings by carId
[Info]13:34 ч. Retrieving the ratings by carId
[Info]13:34 ч. Retrieving the ratings by carId
[Info]13:34 ч. Retrieving the list of cars
[Info]13:34 ч. There are 6 cars in the fleet
[Info]13:34 ч. Retrieving the car by Id
[Info]13:34 ч. Retrieving the list of locations
[Info]13:34 ч. There are 3 locations in the fleet
[Info]13:34 ч. Retrieving the list of bookings
[Info]13:34 ч. There are 3 bookings in the fleet
[Info]13:36 ч. Retrieving the list of cars
[Info]13:36 ч. There are 6 cars in the fleet
[Info]13:36 ч. Retrieving the list of bookings
[Info]13:36 ч. There are 3 bookings in the fleet
[Info]13:37 ч. Retrieving the list of cars
[Info]13:37 ч. There are 6 cars in the fleet
[Info]13:39 ч. Retrieving the list of bookings
[Info]13:39 ч. There are 3 bookings in the fleet
[Info]13:39 ч. Retrieving the list of cars
[Info]13:39 ч. There are 6 cars in the fleet
[Info]13:39 ч. Retrieving the ratings by carId
[Info]13:39 ч. Retrieving the ratings by carId
[Info]13:39 ч. Retrieving the ratings by carId
[Info]13:39 ч. Retrieving the ratings by carId
[Info]13:39 ч. Retrieving the ratings by carId
[Info]13:39 ч. Retrieving the ratings by carId
[Info]13:39 ч. Retrieving the ratings by carId
[Info]13:39 ч. Retrieving the ratings by carId
[Info]13:39 ч. Retrieving the ratings by carId
[Info]13:39 ч. Retrieving the ratings by carId
[Info]13:39 ч. Retrieving the ratings by carId
[Info]13:39 ч. Retrieving the ratings by carId
[Info]13:39 ч. Retrieving the list of cars
[Info]13:39 ч. There are 6 cars in the fleet
[Info]13:39 ч. Retrieving the ratings by carId
[Info]13:39 ч. Retrieving the ratings by carId
[Info]13:39 ч. Retrieving the ratings by carId
[Info]13:39 ч. Retrieving the ratings by carId
[Info]13:39 ч. Retrieving the ratings by carId
[Info]13:39 ч. Retrieving the ratings by carId
[Info]13:39 ч. Retrieving the ratings by carId
[Info]13:39 ч. Retrieving the ratings by carId
[Info]13:39 ч. Retrieving the ratings by carId
[Info]13:39 ч. Retrieving the ratings by carId
[Info]13:39 ч. Retrieving the ratings by carId
[Info]13:39 ч. Retrieving the list of cars
[Info]13:39 ч. There are 7 cars in the fleet
[Info]13:39 ч. Car with ID 2005 was deleted
[Info]13:39 ч. Retrieving the list of cars
[Info]13:39 ч. There are 6 cars in the fleet
[Info]19:13 ч. Retrieving the list of cars
[Info]19:13 ч. There are 6 cars in the fleet
[Info]20:23 ч. Retrieving the list of cars
[Info]20:24 ч. There are 5 cars in the fleet
[Info]20:24 ч. Retrieving the car by Id
[Info]20:48 ч. Retrieving the car by Id
[Info]23:52 ч. Retrieving the car by Id
[Info]23:59 ч. Retrieving the car by Id
