[Info]12:07 ч. Retrieving the list of cars
[Info]12:07 ч. There are 3 cars in the fleet
[Info]12:08 ч. Retrieving the list of cars
[Info]12:08 ч. There are 3 cars in the fleet
[Info]12:08 ч. Retrieving the list of cars
[Info]12:08 ч. There are 3 cars in the fleet
[Info]12:09 ч. Retrieving the list of cars
[Info]12:09 ч. There are 3 cars in the fleet
[Info]12:09 ч. Retrieving the list of cars
[Info]12:09 ч. There are 3 cars in the fleet
[Info]12:09 ч. Retrieving the list of cars
[Info]12:09 ч. There are 3 cars in the fleet
[Info]12:13 ч. Retrieving the list of cars
[Info]12:13 ч. There are 3 cars in the fleet
[Info]13:26 ч. Retrieving the list of cars
[Info]13:26 ч. There are 3 cars in the fleet
[Info]13:30 ч. Retrieving the list of cars
[Info]13:30 ч. There are 3 cars in the fleet
[Info]13:52 ч. Retrieving the list of cars
[Info]13:52 ч. There are 3 cars in the fleet
[Info]14:02 ч. Retrieving the list of categories
[Info]14:02 ч. There are 3 categories in the fleet
[Info]14:11 ч. Retrieving the list of cars
[Info]14:11 ч. There are 3 cars in the fleet
[Info]14:49 ч. Retrieving the list of cars
[Info]14:49 ч. There are 3 cars in the fleet
[Info]15:24 ч. Retrieving the list of bookings
[Info]15:24 ч. There are 2 bookings in the fleet
[Info]17:01 ч. Retrieving the list of cars
[Info]17:01 ч. There are 2 cars in the fleet
[Info]17:10 ч. Retrieving the list of cars
[Info]17:10 ч. There are 2 cars in the fleet
[Info]17:10 ч. Retrieving the list of cars
[Info]17:10 ч. There are 2 cars in the fleet
