[Info]08:28 ч. Retrieving the list of cars
[Info]08:28 ч. There are 7 cars in the fleet
[Info]08:28 ч. Retrieving the list of categories
[Info]08:28 ч. Retrieving the car by Id
[Info]08:28 ч. There are 3 categories in the fleet
[Info]08:28 ч. Retrieving the car by Id
[Info]08:28 ч. Retrieving the list of categories
[Info]08:28 ч. There are 3 categories in the fleet
[Info]08:29 ч. Retrieving the list of categories
[Info]08:29 ч. There are 3 categories in the fleet
[Info]08:29 ч. Request with the updated car was sent!
[Info]08:29 ч. Retrieving the list of cars
[Info]08:29 ч. There are 6 cars in the fleet
[Info]08:30 ч. Retrieving the car by Id
[Info]08:30 ч. Retrieving the car by Id
[Info]08:31 ч. Retrieving the list of cars
[Info]08:31 ч. There are 7 cars in the fleet
[Info]08:31 ч. Retrieving the list of categories
[Info]08:31 ч. Retrieving the car by Id
[Info]08:31 ч. Retrieving the car by Id
[Info]08:31 ч. There are 3 categories in the fleet
[Info]08:32 ч. Request with the updated car was sent!
[Info]08:32 ч. Retrieving the list of cars
[Info]08:32 ч. There are 6 cars in the fleet
[Info]08:34 ч. Retrieving the list of cars
[Info]08:34 ч. There are 7 cars in the fleet
[Info]08:35 ч. Retrieving the list of categories
[Info]08:35 ч. Retrieving the car by Id
[Info]08:35 ч. There are 3 categories in the fleet
[Info]08:35 ч. Retrieving the car by Id
[Info]08:35 ч. Request with the updated car was sent!
[Info]08:35 ч. The car was updated
[Info]08:35 ч. Request with the updated car was sent!
[Info]08:35 ч. The car was updated
[Info]08:35 ч. Retrieving the list of categories
[Info]08:35 ч. There are 3 categories in the fleet
[Info]08:35 ч. Retrieving the list of categories
[Info]08:35 ч. There are 3 categories in the fleet
[Info]08:36 ч. Retrieving the list of categories
[Info]08:36 ч. There are 3 categories in the fleet
[Info]08:36 ч. Retrieving the list of categories
[Info]08:36 ч. There are 3 categories in the fleet
[Info]08:36 ч. Request with the updated car was sent!
[Info]08:36 ч. The car was updated
[Info]08:36 ч. Retrieving the list of categories
[Info]08:36 ч. There are 3 categories in the fleet
[Info]08:37 ч. Retrieving the list of categories
[Info]08:37 ч. Retrieving the car by Id
[Info]08:37 ч. There are 3 categories in the fleet
[Info]08:37 ч. Retrieving the list of categories
[Info]08:37 ч. There are 3 categories in the fleet
[Info]08:37 ч. Request with the updated car was sent!
[Info]08:38 ч. Retrieving the list of categories
[Info]08:38 ч. Retrieving the car by Id
[Info]08:38 ч. There are 3 categories in the fleet
[Info]08:38 ч. Retrieving the list of categories
[Info]08:38 ч. There are 3 categories in the fleet
[Info]08:38 ч. Retrieving the list of categories
[Info]08:38 ч. There are 3 categories in the fleet
[Info]08:38 ч. Retrieving the list of categories
[Info]08:38 ч. Retrieving the car by Id
[Info]08:38 ч. There are 3 categories in the fleet
[Info]08:38 ч. Retrieving the car by Id
[Info]08:38 ч. Request with the updated car was sent!
[Info]08:38 ч. The car was updated
[Info]08:39 ч. Retrieving the list of categories
[Info]08:39 ч. There are 3 categories in the fleet
[Info]08:39 ч. Retrieving the list of cars
[Info]08:39 ч. There are 7 cars in the fleet
[Info]08:39 ч. Retrieving the car by Id
[Info]08:39 ч. Retrieving the car by Id
[Info]08:40 ч. There are 3 categories in the fleet
[Info]08:40 ч. Request with the updated car was sent!
[Info]08:45 ч. Retrieving the list of categories
[Info]08:45 ч. There are 3 categories in the fleet
[Info]08:45 ч. Retrieving the list of categories
[Info]08:45 ч. There are 3 categories in the fleet
[Info]08:45 ч. Retrieving the list of categories
[Info]08:45 ч. There are 3 categories in the fleet
[Info]08:45 ч. Retrieving the list of cars
[Info]08:45 ч. There are 7 cars in the fleet
[Info]08:45 ч. Retrieving the list of categories
[Info]08:45 ч. There are 3 categories in the fleet
[Info]08:45 ч. Retrieving the car by Id
[Info]08:46 ч. Request with the updated car was sent!
[Info]08:46 ч. The car was updated
[Info]08:47 ч. Retrieving the list of categories
[Info]08:47 ч. There are 3 categories in the fleet
[Info]08:49 ч. Retrieving the list of cars
[Info]08:49 ч. There are 6 cars in the fleet
[Info]08:49 ч. Retrieving the ratings by carId
[Info]08:49 ч. Retrieving the ratings by carId
[Info]08:49 ч. Retrieving the ratings by carId
[Info]08:49 ч. Retrieving the ratings by carId
[Info]08:49 ч. Retrieving the list of cars
[Info]08:49 ч. There are 7 cars in the fleet
[Info]08:49 ч. Retrieving the list of categories
[Info]08:49 ч. Retrieving the car by Id
[Info]08:49 ч. There are 3 categories in the fleet
[Info]08:50 ч. Request with the updated car was sent!
[Info]08:50 ч. The car was updated
[Info]08:50 ч. Retrieving the list of categories
[Info]08:50 ч. There are 3 categories in the fleet
[Info]08:51 ч. Retrieving the list of categories
[Info]08:51 ч. Retrieving the car by Id
[Info]08:54 ч. Retrieving the list of cars
[Info]08:54 ч. There are 7 cars in the fleet
[Info]08:54 ч. Retrieving the list of categories
[Info]08:54 ч. Retrieving the car by Id
[Info]08:54 ч. Retrieving the car by Id
[Info]08:54 ч. There are 3 categories in the fleet
[Info]08:54 ч. Request with the updated car was sent!
[Info]08:54 ч. The car was updated
[Info]08:54 ч. Retrieving the list of categories
[Info]08:54 ч. There are 3 categories in the fleet
[Info]08:54 ч. Retrieving the list of categories
[Info]08:54 ч. There are 3 categories in the fleet
[Info]08:55 ч. Retrieving the list of categories
[Info]08:55 ч. There are 3 categories in the fleet
[Info]08:58 ч. Retrieving the list of cars
[Info]08:58 ч. Retrieving the list of categories
[Info]08:58 ч. There are 7 cars in the fleet
[Info]08:58 ч. Retrieving the list of categories
[Info]08:58 ч. Retrieving the car by Id
[Info]08:58 ч. There are 3 categories in the fleet
[Info]08:58 ч. Retrieving the car by Id
[Info]08:58 ч. Retrieving the list of categories
[Info]08:59 ч. Retrieving the list of categories
[Info]08:59 ч. There are 3 categories in the fleet
[Info]08:59 ч. Retrieving the list of cars
[Info]08:59 ч. There are 7 cars in the fleet
[Info]08:59 ч. Retrieving the list of categories
[Info]08:59 ч. Retrieving the car by Id
[Info]08:59 ч. There are 3 categories in the fleet
[Info]08:59 ч. Request with the updated car was sent!
[Info]09:00 ч. The car was updated
[Info]09:00 ч. Retrieving the list of categories
[Info]09:00 ч. There are 3 categories in the fleet
[Info]09:00 ч. Retrieving the list of categories
[Info]09:00 ч. There are 3 categories in the fleet
[Info]09:02 ч. Retrieving the list of categories
[Info]09:02 ч. Retrieving the car by Id
[Info]09:02 ч. There are 3 categories in the fleet
[Info]09:03 ч. Retrieving the list of categories
[Info]09:03 ч. Retrieving the list of categories
[Info]09:03 ч. Retrieving the list of cars
[Info]09:03 ч. There are 3 categories in the fleet
[Info]09:03 ч. There are 7 cars in the fleet
[Info]09:03 ч. Retrieving the list of categories
[Info]09:03 ч. Retrieving the car by Id
[Info]09:03 ч. There are 3 categories in the fleet
[Info]09:03 ч. Request with the updated car was sent!
[Info]09:03 ч. The car was updated
[Info]09:04 ч. Retrieving the list of categories
[Info]09:04 ч. Retrieving the car by Id
[Info]09:04 ч. There are 3 categories in the fleet
[Info]09:05 ч. Retrieving the list of categories
[Info]09:05 ч. There are 3 categories in the fleet
[Info]09:05 ч. Retrieving the list of categories
[Info]09:05 ч. There are 3 categories in the fleet
[Info]09:05 ч. Retrieving the list of categories
[Info]09:05 ч. There are 3 categories in the fleet
[Info]09:06 ч. Retrieving the list of categories
[Info]09:06 ч. There are 3 categories in the fleet
[Info]09:07 ч. Retrieving the list of categories
[Info]09:07 ч. There are 3 categories in the fleet
[Info]09:07 ч. Request with the updated car was sent!
[Info]09:07 ч. The car was updated
[Info]09:09 ч. Retrieving the list of categories
[Info]09:09 ч. There are 3 categories in the fleet
[Info]09:09 ч. Retrieving the list of categories
[Info]09:09 ч. There are 3 categories in the fleet
[Info]09:09 ч. Retrieving the list of categories
[Info]09:09 ч. Retrieving the car by Id
[Info]09:09 ч. There are 3 categories in the fleet
[Info]09:09 ч. Retrieving the list of categories
[Info]09:09 ч. There are 3 categories in the fleet
[Info]09:10 ч. Retrieving the list of categories
[Info]09:10 ч. There are 3 categories in the fleet
[Info]09:10 ч. Request with the updated car was sent!
[Info]09:10 ч. The car was updated
[Info]09:12 ч. Retrieving the list of categories
[Info]09:12 ч. Retrieving the car by Id
[Info]09:12 ч. There are 3 categories in the fleet
[Info]09:12 ч. Retrieving the list of categories
[Info]09:12 ч. There are 3 categories in the fleet
[Info]09:13 ч. Retrieving the list of categories
[Info]09:13 ч. There are 3 categories in the fleet
[Info]09:13 ч. Request with the updated car was sent!
[Info]09:13 ч. Retrieving the list of cars
[Info]09:13 ч. There are 6 cars in the fleet
[Info]09:13 ч. Retrieving the list of cars
[Info]09:13 ч. There are 7 cars in the fleet
[Info]09:13 ч. Retrieving the list of categories
[Info]09:13 ч. There are 3 categories in the fleet
[Info]09:13 ч. Retrieving the car by Id
[Info]09:13 ч. Retrieving the car by Id
[Info]09:13 ч. Request with the updated car was sent!
[Info]09:13 ч. The car was updated
[Info]09:14 ч. Retrieving the list of categories
[Info]09:14 ч. There are 3 categories in the fleet
[Info]09:14 ч. Retrieving the list of categories
[Info]09:14 ч. Retrieving the car by Id
[Info]09:14 ч. Retrieving the list of categories
[Info]09:14 ч. There are 3 categories in the fleet
[Info]09:14 ч. Retrieving the list of categories
[Info]09:14 ч. There are 3 categories in the fleet
[Info]09:14 ч. Retrieving the list of categories
[Info]09:14 ч. There are 3 categories in the fleet
[Info]09:14 ч. Retrieving the list of categories
[Info]09:14 ч. There are 3 categories in the fleet
[Info]09:19 ч. Retrieving the list of categories
[Info]09:19 ч. There are 3 categories in the fleet
[Info]09:19 ч. Retrieving the list of categories
[Info]09:19 ч. There are 3 categories in the fleet
[Info]09:19 ч. Retrieving the list of categories
[Info]09:19 ч. There are 3 categories in the fleet
[Info]09:19 ч. Retrieving the list of categories
[Info]09:19 ч. There are 3 categories in the fleet
[Info]09:19 ч. Retrieving the list of categories
[Info]09:19 ч. There are 3 categories in the fleet
[Info]09:19 ч. Retrieving the list of categories
[Info]09:19 ч. There are 3 categories in the fleet
[Info]09:19 ч. Retrieving the car by Id
[Info]09:19 ч. Retrieving the list of categories
[Info]09:19 ч. There are 3 categories in the fleet
[Info]09:19 ч. Retrieving the list of cars
[Info]09:19 ч. There are 7 cars in the fleet
[Info]09:19 ч. Retrieving the list of categories
[Info]09:19 ч. Retrieving the car by Id
[Info]09:19 ч. There are 3 categories in the fleet
[Info]09:20 ч. Request with the updated car was sent!
[Info]09:20 ч. The car was updated
[Info]09:20 ч. Retrieving the list of categories
[Info]09:20 ч. There are 3 categories in the fleet
[Info]09:20 ч. Retrieving the list of categories
[Info]09:20 ч. There are 3 categories in the fleet
[Info]09:20 ч. Retrieving the list of categories
[Info]09:20 ч. There are 3 categories in the fleet
[Info]09:20 ч. Retrieving the list of categories
[Info]09:20 ч. There are 3 categories in the fleet
[Info]09:24 ч. Retrieving the list of categories
[Info]09:24 ч. Retrieving the list of cars
[Info]09:24 ч. There are 3 categories in the fleet
[Info]09:24 ч. There are 7 cars in the fleet
[Info]09:24 ч. Retrieving the list of categories
[Info]09:24 ч. Retrieving the car by Id
[Info]09:24 ч. There are 3 categories in the fleet
[Info]09:25 ч. Request with the updated car was sent!
[Info]09:25 ч. The car was updated
[Info]09:25 ч. Retrieving the list of categories
[Info]09:25 ч. There are 3 categories in the fleet
[Info]09:37 ч. Retrieving the list of categories
[Info]09:37 ч. There are 3 categories in the fleet
[Info]09:37 ч. Retrieving the list of categories
[Info]09:37 ч. There are 3 categories in the fleet
[Info]09:37 ч. Retrieving the list of categories
[Info]09:37 ч. Retrieving the car by Id
[Info]09:37 ч. There are 3 categories in the fleet
[Info]09:37 ч. Retrieving the list of cars
[Info]09:37 ч. There are 7 cars in the fleet
[Info]09:37 ч. Retrieving the list of categories
[Info]09:37 ч. Retrieving the car by Id
[Info]09:37 ч. Retrieving the car by Id
[Info]09:37 ч. There are 3 categories in the fleet
[Info]09:37 ч. Retrieving the list of categories
[Info]09:37 ч. There are 3 categories in the fleet
[Info]09:37 ч. Request with the updated car was sent!
[Info]09:37 ч. The car was updated
[Info]09:37 ч. Retrieving the list of cars
[Info]09:37 ч. There are 6 cars in the fleet
[Info]12:13 ч. Retrieving the list of cars
[Info]12:13 ч. There are 6 cars in the fleet
[Info]13:39 ч. Retrieving the list of cars
[Info]13:39 ч. There are 6 cars in the fleet
[Info]13:39 ч. Retrieving the list of cars
[Info]13:39 ч. There are 6 cars in the fleet
[Info]13:39 ч. Retrieving the list of cars
[Info]13:39 ч. There are 7 cars in the fleet
[Info]13:39 ч. Retrieving the list of cars
[Info]13:39 ч. There are 6 cars in the fleet
[Info]13:39 ч. Retrieving the ratings by carId
[Info]13:39 ч. Retrieving the ratings by carId
[Info]13:39 ч. Retrieving the ratings by carId
[Info]13:39 ч. Retrieving the ratings by carId
[Info]13:39 ч. Retrieving the ratings by carId
[Info]13:39 ч. Retrieving the ratings by carId
[Info]13:39 ч. Retrieving the ratings by carId
[Info]13:41 ч. Retrieving the list of cars
[Info]13:41 ч. There are 6 cars in the fleet
[Info]13:42 ч. Retrieving the list of cars
[Info]13:42 ч. There are 6 cars in the fleet
[Info]13:42 ч. Retrieving the ratings by carId
[Info]13:42 ч. Retrieving the ratings by carId
[Info]13:42 ч. Retrieving the ratings by carId
[Info]13:42 ч. Retrieving the ratings by carId
[Info]13:42 ч. Retrieving the ratings by carId
[Info]13:42 ч. Retrieving the ratings by carId
[Info]13:42 ч. Retrieving the ratings by carId
[Info]13:42 ч. Retrieving the ratings by carId
[Info]13:42 ч. Retrieving the ratings by carId
[Info]13:42 ч. Retrieving the ratings by carId
[Info]13:42 ч. Retrieving the list of cars
[Info]13:42 ч. There are 6 cars in the fleet
[Info]14:05 ч. Retrieving the list of cars
[Info]14:05 ч. There are 6 cars in the fleet
[Info]14:25 ч. Retrieving the list of cars
[Info]14:25 ч. There are 6 cars in the fleet
[Info]14:25 ч. Retrieving the ratings by carId
[Info]14:25 ч. Retrieving the ratings by carId
[Info]14:25 ч. Retrieving the ratings by carId
[Info]14:25 ч. Retrieving the ratings by carId
[Info]14:25 ч. Retrieving the ratings by carId
[Info]14:25 ч. Retrieving the ratings by carId
[Info]14:25 ч. Retrieving the ratings by carId
[Info]14:25 ч. Retrieving the ratings by carId
[Info]14:25 ч. Retrieving the ratings by carId
[Info]14:25 ч. Retrieving the ratings by carId
[Info]14:25 ч. Retrieving the list of cars
[Info]14:25 ч. There are 6 cars in the fleet
[Info]14:31 ч. Retrieving the list of cars
[Info]14:31 ч. There are 6 cars in the fleet
[Info]14:31 ч. Retrieving the ratings by carId
[Info]14:31 ч. Retrieving the ratings by carId
[Info]14:31 ч. Retrieving the ratings by carId
[Info]14:31 ч. Retrieving the ratings by carId
[Info]14:31 ч. Retrieving the ratings by carId
[Info]14:31 ч. Retrieving the ratings by carId
[Info]14:31 ч. Retrieving the ratings by carId
[Info]14:31 ч. Retrieving the ratings by carId
[Info]14:31 ч. Retrieving the ratings by carId
[Info]14:31 ч. Retrieving the ratings by carId
[Info]14:31 ч. Retrieving the ratings by carId
[Info]14:31 ч. Retrieving the list of cars
[Info]14:31 ч. There are 6 cars in the fleet
[Info]14:49 ч. Retrieving the list of cars
[Info]14:49 ч. There are 6 cars in the fleet
[Info]14:49 ч. Retrieving the ratings by carId
[Info]14:49 ч. Retrieving the ratings by carId
[Info]14:49 ч. Retrieving the ratings by carId
[Info]14:49 ч. Retrieving the ratings by carId
[Info]14:49 ч. Retrieving the ratings by carId
[Info]14:49 ч. Retrieving the ratings by carId
[Info]14:49 ч. Retrieving the ratings by carId
[Info]14:49 ч. Retrieving the ratings by carId
[Info]14:49 ч. Retrieving the ratings by carId
[Info]14:49 ч. Retrieving the ratings by carId
[Info]14:49 ч. Retrieving the ratings by carId
[Info]14:49 ч. Retrieving the list of cars
[Info]14:49 ч. There are 6 cars in the fleet
[Info]14:54 ч. Retrieving the list of cars
[Info]14:54 ч. There are 6 cars in the fleet
[Info]14:56 ч. Retrieving the list of cars
[Info]14:56 ч. There are 6 cars in the fleet
[Info]14:56 ч. Retrieving the ratings by carId
[Info]14:56 ч. Retrieving the ratings by carId
[Info]14:56 ч. Retrieving the ratings by carId
[Info]14:56 ч. Retrieving the ratings by carId
[Info]14:56 ч. Retrieving the ratings by carId
[Info]14:56 ч. Retrieving the ratings by carId
[Info]14:56 ч. Retrieving the ratings by carId
[Info]14:56 ч. Retrieving the ratings by carId
[Info]14:56 ч. Retrieving the ratings by carId
[Info]14:56 ч. Retrieving the ratings by carId
[Info]14:56 ч. Retrieving the list of cars
[Info]14:56 ч. There are 6 cars in the fleet
[Info]14:56 ч. Retrieving the list of cars
[Info]14:56 ч. There are 7 cars in the fleet
[Info]14:58 ч. Retrieving the list of cars
[Info]14:58 ч. There are 6 cars in the fleet
[Info]15:16 ч. Retrieving the list of cars
[Info]15:16 ч. There are 6 cars in the fleet
[Info]16:11 ч. Retrieving the list of cars
[Info]16:11 ч. There are 6 cars in the fleet
[Info]16:11 ч. Retrieving the ratings by carId
[Info]16:11 ч. Retrieving the ratings by carId
[Info]16:11 ч. Retrieving the ratings by carId
[Info]16:11 ч. Retrieving the list of cars
[Info]16:11 ч. There are 6 cars in the fleet
[Info]16:13 ч. Retrieving the list of cars
[Info]16:13 ч. There are 6 cars in the fleet
[Info]16:13 ч. Retrieving the ratings by carId
[Info]16:13 ч. Retrieving the ratings by carId
[Info]16:13 ч. Retrieving the ratings by carId
[Info]16:13 ч. Retrieving the ratings by carId
[Info]16:13 ч. Retrieving the ratings by carId
[Info]16:13 ч. Retrieving the ratings by carId
[Info]16:13 ч. Retrieving the ratings by carId
[Info]16:13 ч. Retrieving the ratings by carId
[Info]16:13 ч. Retrieving the ratings by carId
[Info]16:13 ч. Retrieving the ratings by carId
[Info]16:13 ч. Retrieving the ratings by carId
[Info]16:13 ч. Retrieving the ratings by carId
[Info]16:13 ч. Retrieving the list of cars
[Info]16:13 ч. There are 6 cars in the fleet
[Info]16:13 ч. Retrieving the list of cars
[Info]16:13 ч. There are 6 cars in the fleet
[Info]16:13 ч. Retrieving the ratings by carId
[Info]16:13 ч. Retrieving the ratings by carId
[Info]16:13 ч. Retrieving the ratings by carId
[Info]16:13 ч. Retrieving the ratings by carId
[Info]16:13 ч. Retrieving the ratings by carId
[Info]16:13 ч. Retrieving the ratings by carId
[Info]16:13 ч. Retrieving the ratings by carId
[Info]16:13 ч. Retrieving the ratings by carId
[Info]16:13 ч. Retrieving the ratings by carId
[Info]16:13 ч. Retrieving the ratings by carId
[Info]16:13 ч. Retrieving the list of cars
[Info]16:13 ч. There are 6 cars in the fleet
[Info]16:14 ч. Retrieving the list of cars
[Info]16:14 ч. There are 6 cars in the fleet
[Info]16:15 ч. Retrieving the list of cars
[Info]16:15 ч. There are 6 cars in the fleet
[Info]16:15 ч. Retrieving the list of cars
[Info]16:15 ч. There are 6 cars in the fleet
[Info]16:15 ч. Retrieving the ratings by carId
[Info]16:15 ч. Retrieving the ratings by carId
[Info]16:15 ч. Retrieving the ratings by carId
[Info]16:15 ч. Retrieving the ratings by carId
[Info]16:15 ч. Retrieving the ratings by carId
[Info]16:15 ч. Retrieving the ratings by carId
[Info]16:15 ч. Retrieving the ratings by carId
[Info]16:15 ч. Retrieving the ratings by carId
[Info]16:15 ч. Retrieving the ratings by carId
[Info]16:15 ч. Retrieving the ratings by carId
[Info]16:15 ч. Retrieving the ratings by carId
[Info]16:15 ч. Retrieving the list of cars
[Info]16:15 ч. There are 6 cars in the fleet
[Info]16:17 ч. Retrieving the list of cars
[Info]16:17 ч. There are 6 cars in the fleet
[Info]16:21 ч. Retrieving the list of cars
[Info]16:21 ч. There are 6 cars in the fleet
[Info]16:21 ч. Retrieving the ratings by carId
[Info]16:21 ч. Retrieving the ratings by carId
[Info]16:21 ч. Retrieving the ratings by carId
[Info]16:21 ч. Retrieving the ratings by carId
[Info]16:21 ч. Retrieving the ratings by carId
[Info]16:21 ч. Retrieving the ratings by carId
[Info]16:21 ч. Retrieving the ratings by carId
[Info]16:21 ч. Retrieving the ratings by carId
[Info]16:21 ч. Retrieving the ratings by carId
[Info]16:21 ч. Retrieving the ratings by carId
[Info]16:21 ч. Retrieving the list of cars
[Info]16:21 ч. There are 6 cars in the fleet
[Info]16:24 ч. Retrieving the list of cars
[Info]16:24 ч. There are 6 cars in the fleet
[Info]16:25 ч. Retrieving the list of cars
[Info]16:25 ч. There are 6 cars in the fleet
[Info]16:25 ч. Retrieving the ratings by carId
[Info]16:25 ч. Retrieving the ratings by carId
[Info]16:25 ч. Retrieving the ratings by carId
[Info]16:25 ч. Retrieving the ratings by carId
[Info]16:25 ч. Retrieving the ratings by carId
[Info]16:25 ч. Retrieving the ratings by carId
[Info]16:25 ч. Retrieving the ratings by carId
[Info]16:25 ч. Retrieving the ratings by carId
[Info]16:25 ч. Retrieving the ratings by carId
[Info]16:25 ч. Retrieving the ratings by carId
[Info]16:25 ч. Retrieving the ratings by carId
[Info]16:26 ч. Retrieving the list of cars
[Info]16:26 ч. There are 6 cars in the fleet
[Info]16:29 ч. Retrieving the list of cars
[Info]16:29 ч. There are 6 cars in the fleet
[Info]16:29 ч. Retrieving the ratings by carId
[Info]16:29 ч. Retrieving the ratings by carId
[Info]16:29 ч. Retrieving the ratings by carId
[Info]16:29 ч. Retrieving the ratings by carId
[Info]16:29 ч. Retrieving the ratings by carId
[Info]16:29 ч. Retrieving the ratings by carId
[Info]16:29 ч. Retrieving the ratings by carId
[Info]16:29 ч. Retrieving the ratings by carId
[Info]16:29 ч. Retrieving the ratings by carId
[Info]16:29 ч. Retrieving the ratings by carId
[Info]16:29 ч. Retrieving the list of cars
[Info]16:29 ч. There are 6 cars in the fleet
[Info]16:30 ч. Retrieving the list of cars
[Info]16:30 ч. There are 6 cars in the fleet
[Info]16:30 ч. Retrieving the ratings by carId
[Info]16:30 ч. Retrieving the ratings by carId
[Info]16:30 ч. Retrieving the ratings by carId
[Info]16:30 ч. Retrieving the ratings by carId
[Info]16:30 ч. Retrieving the ratings by carId
[Info]16:30 ч. Retrieving the ratings by carId
[Info]16:30 ч. Retrieving the ratings by carId
[Info]16:30 ч. Retrieving the ratings by carId
[Info]16:30 ч. Retrieving the ratings by carId
[Info]16:30 ч. Retrieving the ratings by carId
[Info]16:30 ч. Retrieving the ratings by carId
[Info]16:30 ч. Retrieving the ratings by carId
[Info]16:30 ч. Retrieving the list of cars
[Info]16:30 ч. There are 6 cars in the fleet
[Info]16:30 ч. Retrieving the list of cars
[Info]16:30 ч. There are 6 cars in the fleet
[Info]16:30 ч. Retrieving the ratings by carId
[Info]16:30 ч. Retrieving the ratings by carId
[Info]16:30 ч. Retrieving the ratings by carId
[Info]16:30 ч. Retrieving the ratings by carId
[Info]16:30 ч. Retrieving the ratings by carId
[Info]16:30 ч. Retrieving the ratings by carId
[Info]16:30 ч. Retrieving the ratings by carId
[Info]16:30 ч. Retrieving the ratings by carId
[Info]16:30 ч. Retrieving the ratings by carId
[Info]16:30 ч. Retrieving the ratings by carId
[Info]16:30 ч. Retrieving the ratings by carId
[Info]16:30 ч. Retrieving the list of cars
[Info]16:30 ч. There are 6 cars in the fleet
[Info]16:37 ч. Retrieving the list of cars
[Info]16:37 ч. There are 6 cars in the fleet
[Info]16:37 ч. Retrieving the ratings by carId
[Info]16:37 ч. Retrieving the ratings by carId
[Info]16:37 ч. Retrieving the ratings by carId
[Info]16:37 ч. Retrieving the ratings by carId
[Info]16:37 ч. Retrieving the ratings by carId
[Info]16:37 ч. Retrieving the ratings by carId
[Info]16:37 ч. Retrieving the ratings by carId
[Info]16:37 ч. Retrieving the ratings by carId
[Info]16:37 ч. Retrieving the ratings by carId
[Info]16:37 ч. Retrieving the list of cars
[Info]16:37 ч. There are 6 cars in the fleet
[Info]16:37 ч. Retrieving the list of cars
[Info]16:37 ч. There are 6 cars in the fleet
[Info]16:37 ч. Retrieving the ratings by carId
[Info]16:37 ч. Retrieving the ratings by carId
[Info]16:37 ч. Retrieving the ratings by carId
[Info]16:37 ч. Retrieving the ratings by carId
[Info]16:37 ч. Retrieving the ratings by carId
[Info]16:37 ч. Retrieving the ratings by carId
[Info]16:37 ч. Retrieving the ratings by carId
[Info]16:37 ч. Retrieving the ratings by carId
[Info]16:37 ч. Retrieving the ratings by carId
[Info]16:37 ч. Retrieving the list of cars
[Info]16:37 ч. There are 6 cars in the fleet
[Info]16:42 ч. Retrieving the list of categories
[Info]16:42 ч. There are 3 categories in the fleet
[Info]16:42 ч. Retrieving the list of cars
[Info]16:42 ч. There are 7 cars in the fleet
[Info]16:42 ч. Retrieving the list of categories
[Info]16:42 ч. There are 3 categories in the fleet
[Info]16:42 ч. Retrieving the list of cars
[Info]16:42 ч. There are 6 cars in the fleet
[Info]16:49 ч. Retrieving the list of cars
[Info]16:49 ч. There are 6 cars in the fleet
[Info]16:49 ч. Retrieving the ratings by carId
[Info]16:49 ч. Retrieving the ratings by carId
[Info]16:49 ч. Retrieving the ratings by carId
[Info]16:49 ч. Retrieving the ratings by carId
[Info]16:49 ч. Retrieving the ratings by carId
[Info]16:49 ч. Retrieving the ratings by carId
[Info]16:49 ч. Retrieving the ratings by carId
[Info]16:49 ч. Retrieving the ratings by carId
[Info]16:49 ч. Retrieving the ratings by carId
[Info]16:49 ч. Retrieving the ratings by carId
[Info]16:49 ч. Retrieving the list of cars
[Info]16:49 ч. There are 6 cars in the fleet
[Info]16:51 ч. Retrieving the list of cars
[Info]16:51 ч. There are 6 cars in the fleet
[Info]16:51 ч. Retrieving the list of cars
[Info]16:51 ч. There are 6 cars in the fleet
[Info]16:52 ч. Retrieving the list of cars
[Info]16:52 ч. There are 6 cars in the fleet
[Info]16:53 ч. Retrieving the list of cars
[Info]16:53 ч. There are 7 cars in the fleet
[Info]16:53 ч. Retrieving the list of cars
[Info]16:53 ч. There are 6 cars in the fleet
[Info]17:17 ч. Retrieving the list of categories
[Info]17:17 ч. There are 3 categories in the fleet
[Info]17:17 ч. Retrieving the list of cars
[Info]17:17 ч. There are 7 cars in the fleet
[Info]17:17 ч. Retrieving the list of categories
[Info]17:17 ч. There are 3 categories in the fleet
[Info]17:17 ч. Retrieving the list of cars
[Info]17:17 ч. There are 6 cars in the fleet
[Info]17:23 ч. Retrieving the list of categories
[Info]17:23 ч. There are 3 categories in the fleet
[Info]17:23 ч. Retrieving the list of categories
[Info]17:23 ч. There are 3 categories in the fleet
[Info]17:23 ч. Retrieving the list of categories
[Info]17:23 ч. There are 3 categories in the fleet
[Info]17:23 ч. Retrieving the list of categories
[Info]17:23 ч. There are 3 categories in the fleet
[Info]17:24 ч. Retrieving the list of categories
[Info]17:24 ч. There are 3 categories in the fleet
[Info]17:24 ч. Retrieving the list of categories
[Info]17:24 ч. There are 3 categories in the fleet
[Info]17:25 ч. Retrieving the list of cars
[Info]17:25 ч. There are 6 cars in the fleet
[Info]17:25 ч. Retrieving the ratings by carId
[Info]17:25 ч. Retrieving the ratings by carId
[Info]17:25 ч. Retrieving the ratings by carId
[Info]17:25 ч. Retrieving the ratings by carId
[Info]17:25 ч. Retrieving the ratings by carId
[Info]17:25 ч. Retrieving the ratings by carId
[Info]17:25 ч. Retrieving the ratings by carId
[Info]17:25 ч. Retrieving the ratings by carId
[Info]17:25 ч. Retrieving the ratings by carId
[Info]17:25 ч. Retrieving the ratings by carId
[Info]17:25 ч. Retrieving the ratings by carId
[Info]17:25 ч. Retrieving the list of cars
[Info]17:25 ч. There are 6 cars in the fleet
[Info]17:25 ч. Retrieving the list of categories
[Info]17:25 ч. There are 3 categories in the fleet
[Info]17:25 ч. Retrieving the list of categories
[Info]17:25 ч. There are 3 categories in the fleet
[Info]17:25 ч. Retrieving the list of categories
[Info]17:25 ч. There are 3 categories in the fleet
[Info]17:25 ч. Retrieving the list of cars
[Info]17:25 ч. There are 6 cars in the fleet
[Info]17:25 ч. Retrieving the ratings by carId
[Info]17:25 ч. Retrieving the ratings by carId
[Info]17:25 ч. Retrieving the ratings by carId
[Info]17:25 ч. Retrieving the ratings by carId
[Info]17:25 ч. Retrieving the ratings by carId
[Info]17:25 ч. Retrieving the ratings by carId
[Info]17:25 ч. Retrieving the ratings by carId
[Info]17:25 ч. Retrieving the ratings by carId
[Info]17:25 ч. Retrieving the ratings by carId
[Info]17:25 ч. Retrieving the ratings by carId
[Info]17:26 ч. Retrieving the list of cars
[Info]17:26 ч. There are 6 cars in the fleet
[Info]17:26 ч. Retrieving the ratings by carId
[Info]17:26 ч. Retrieving the ratings by carId
[Info]17:26 ч. Retrieving the ratings by carId
[Info]17:26 ч. Retrieving the ratings by carId
[Info]17:26 ч. Retrieving the ratings by carId
[Info]17:26 ч. Retrieving the ratings by carId
[Info]17:26 ч. Retrieving the list of cars
[Info]17:26 ч. There are 6 cars in the fleet
[Info]17:26 ч. Retrieving the ratings by carId
[Info]17:26 ч. Retrieving the ratings by carId
[Info]17:26 ч. Retrieving the ratings by carId
[Info]17:26 ч. Retrieving the ratings by carId
[Info]17:26 ч. Retrieving the ratings by carId
[Info]17:26 ч. Retrieving the ratings by carId
[Info]17:26 ч. Retrieving the ratings by carId
[Info]17:26 ч. Retrieving the ratings by carId
[Info]17:26 ч. Retrieving the ratings by carId
[Info]17:26 ч. Retrieving the ratings by carId
[Info]17:26 ч. Retrieving the list of cars
[Info]17:26 ч. There are 6 cars in the fleet
[Info]17:26 ч. Retrieving the ratings by carId
[Info]17:26 ч. Retrieving the ratings by carId
[Info]17:26 ч. Retrieving the ratings by carId
[Info]17:26 ч. Retrieving the ratings by carId
[Info]17:26 ч. Retrieving the ratings by carId
[Info]17:26 ч. Retrieving the ratings by carId
[Info]17:26 ч. Retrieving the ratings by carId
[Info]17:26 ч. Retrieving the ratings by carId
[Info]17:26 ч. Retrieving the ratings by carId
[Info]17:26 ч. Retrieving the ratings by carId
[Info]17:26 ч. Retrieving the ratings by carId
[Info]17:26 ч. Retrieving the list of cars
[Info]17:26 ч. There are 6 cars in the fleet
[Info]17:26 ч. Retrieving the car by Id
[Info]17:26 ч. Retrieving the list of locations
[Info]17:26 ч. There are 3 locations in the fleet
[Info]17:26 ч. Retrieving the list of cars
[Info]17:26 ч. There are 6 cars in the fleet
[Info]17:26 ч. Retrieving the ratings by carId
[Info]17:26 ч. Retrieving the ratings by carId
[Info]17:26 ч. Retrieving the ratings by carId
[Info]17:26 ч. Retrieving the ratings by carId
[Info]17:26 ч. Retrieving the ratings by carId
[Info]17:26 ч. Retrieving the ratings by carId
[Info]17:26 ч. Retrieving the ratings by carId
[Info]17:26 ч. Retrieving the ratings by carId
[Info]17:26 ч. Retrieving the ratings by carId
[Info]17:26 ч. Retrieving the ratings by carId
[Info]17:26 ч. Retrieving the list of cars
[Info]17:26 ч. There are 6 cars in the fleet
[Info]17:26 ч. Retrieving the ratings by carId
[Info]17:26 ч. Retrieving the ratings by carId
[Info]17:26 ч. Retrieving the ratings by carId
[Info]17:26 ч. Retrieving the ratings by carId
[Info]17:26 ч. Retrieving the ratings by carId
[Info]17:26 ч. Retrieving the ratings by carId
[Info]17:26 ч. Retrieving the ratings by carId
[Info]17:26 ч. Retrieving the ratings by carId
[Info]17:26 ч. Retrieving the ratings by carId
[Info]17:26 ч. Retrieving the list of cars
[Info]17:26 ч. There are 6 cars in the fleet
[Info]17:27 ч. Retrieving the list of cars
[Info]17:27 ч. There are 6 cars in the fleet
[Info]17:27 ч. Retrieving the ratings by carId
[Info]17:27 ч. Retrieving the ratings by carId
[Info]17:27 ч. Retrieving the ratings by carId
[Info]17:27 ч. Retrieving the ratings by carId
[Info]17:27 ч. Retrieving the ratings by carId
[Info]17:27 ч. Retrieving the ratings by carId
[Info]17:27 ч. Retrieving the ratings by carId
[Info]17:27 ч. Retrieving the ratings by carId
[Info]17:27 ч. Retrieving the ratings by carId
[Info]17:27 ч. Retrieving the ratings by carId
[Info]17:27 ч. Retrieving the ratings by carId
[Info]17:27 ч. Retrieving the ratings by carId
[Info]17:28 ч. Retrieving the list of cars
[Info]17:28 ч. There are 6 cars in the fleet
[Info]17:31 ч. Retrieving the list of cars
[Info]17:31 ч. There are 6 cars in the fleet
[Info]17:31 ч. Retrieving the ratings by carId
[Info]17:31 ч. Retrieving the ratings by carId
[Info]17:31 ч. Retrieving the ratings by carId
[Info]17:31 ч. Retrieving the ratings by carId
[Info]17:31 ч. Retrieving the ratings by carId
[Info]17:31 ч. Retrieving the ratings by carId
[Info]17:31 ч. Retrieving the ratings by carId
[Info]17:31 ч. Retrieving the ratings by carId
[Info]17:31 ч. Retrieving the ratings by carId
[Info]17:31 ч. Retrieving the ratings by carId
[Info]17:31 ч. Retrieving the ratings by carId
[Info]17:31 ч. Retrieving the ratings by carId
[Info]17:31 ч. Retrieving the list of cars
[Info]17:31 ч. There are 6 cars in the fleet
[Info]17:33 ч. Retrieving the list of categories
[Info]17:33 ч. There are 3 categories in the fleet
[Info]17:34 ч. Retrieving the list of categories
[Info]17:34 ч. There are 3 categories in the fleet
[Info]17:39 ч. Retrieving the list of categories
[Info]17:39 ч. There are 3 categories in the fleet
[Info]17:39 ч. Retrieving the list of categories
[Info]17:39 ч. There are 3 categories in the fleet
[Info]17:45 ч. Retrieving the list of categories
[Info]17:45 ч. There are 3 categories in the fleet
[Info]17:45 ч. Retrieving the list of categories
[Info]17:45 ч. There are 3 categories in the fleet
[Info]17:45 ч. Retrieving the list of categories
[Info]17:45 ч. There are 3 categories in the fleet
[Info]17:45 ч. Retrieving the list of categories
[Info]17:45 ч. There are 3 categories in the fleet
[Info]17:46 ч. Retrieving the list of categories
[Info]17:46 ч. There are 3 categories in the fleet
[Info]17:46 ч. Retrieving the list of categories
[Info]17:46 ч. There are 3 categories in the fleet
[Info]17:46 ч. Retrieving the list of categories
[Info]17:46 ч. There are 3 categories in the fleet
[Info]17:47 ч. Retrieving the list of categories
[Info]17:47 ч. There are 3 categories in the fleet
[Info]17:47 ч. Retrieving the list of categories
[Info]17:47 ч. There are 3 categories in the fleet
[Info]17:47 ч. Retrieving the list of categories
[Info]17:47 ч. There are 3 categories in the fleet
[Info]17:48 ч. Retrieving the list of categories
[Info]17:48 ч. There are 3 categories in the fleet
[Info]17:48 ч. Retrieving the list of categories
[Info]17:48 ч. There are 3 categories in the fleet
[Info]17:48 ч. Retrieving the list of categories
[Info]17:48 ч. There are 3 categories in the fleet
[Info]17:48 ч. Retrieving the list of categories
[Info]17:48 ч. There are 3 categories in the fleet
[Info]17:49 ч. Retrieving the list of categories
[Info]17:49 ч. There are 3 categories in the fleet
[Info]17:49 ч. Retrieving the list of cars
[Info]17:49 ч. There are 6 cars in the fleet
[Info]17:49 ч. Retrieving the ratings by carId
[Info]17:49 ч. Retrieving the ratings by carId
[Info]17:49 ч. Retrieving the ratings by carId
[Info]17:49 ч. Retrieving the ratings by carId
[Info]17:49 ч. Retrieving the ratings by carId
[Info]17:49 ч. Retrieving the ratings by carId
[Info]17:49 ч. Retrieving the ratings by carId
[Info]17:49 ч. Retrieving the ratings by carId
[Info]17:49 ч. Retrieving the ratings by carId
[Info]17:49 ч. Retrieving the ratings by carId
[Info]17:49 ч. Retrieving the list of cars
[Info]17:49 ч. There are 6 cars in the fleet
[Info]17:49 ч. Retrieving the list of categories
[Info]17:49 ч. There are 3 categories in the fleet
[Info]17:49 ч. Retrieving the list of cars
[Info]17:49 ч. There are 6 cars in the fleet
[Info]17:50 ч. Retrieving the list of cars
[Info]17:50 ч. There are 6 cars in the fleet
[Info]17:50 ч. Retrieving the ratings by carId
[Info]17:50 ч. Retrieving the ratings by carId
[Info]17:50 ч. Retrieving the ratings by carId
[Info]17:50 ч. Retrieving the ratings by carId
[Info]17:50 ч. Retrieving the ratings by carId
[Info]17:50 ч. Retrieving the ratings by carId
[Info]17:50 ч. Retrieving the ratings by carId
[Info]17:50 ч. Retrieving the ratings by carId
[Info]17:50 ч. Retrieving the ratings by carId
[Info]17:50 ч. Retrieving the list of cars
[Info]17:50 ч. There are 6 cars in the fleet
[Info]17:51 ч. Retrieving the list of categories
[Info]17:51 ч. There are 3 categories in the fleet
[Info]17:51 ч. Retrieving the list of cars
[Info]17:51 ч. There are 6 cars in the fleet
[Info]17:51 ч. Retrieving the ratings by carId
[Info]17:51 ч. Retrieving the ratings by carId
[Info]17:51 ч. Retrieving the ratings by carId
[Info]17:51 ч. Retrieving the ratings by carId
[Info]17:51 ч. Retrieving the ratings by carId
[Info]17:51 ч. Retrieving the ratings by carId
[Info]17:51 ч. Retrieving the ratings by carId
[Info]17:51 ч. Retrieving the ratings by carId
[Info]17:51 ч. Retrieving the ratings by carId
[Info]17:51 ч. Retrieving the ratings by carId
[Info]17:51 ч. Retrieving the ratings by carId
[Info]17:52 ч. Retrieving the list of cars
[Info]17:52 ч. There are 6 cars in the fleet
[Info]17:55 ч. Retrieving the list of cars
[Info]17:55 ч. There are 6 cars in the fleet
[Info]17:55 ч. Retrieving the ratings by carId
[Info]17:55 ч. Retrieving the ratings by carId
[Info]17:55 ч. Retrieving the ratings by carId
[Info]17:55 ч. Retrieving the ratings by carId
[Info]17:55 ч. Retrieving the ratings by carId
[Info]17:55 ч. Retrieving the ratings by carId
[Info]17:55 ч. Retrieving the ratings by carId
[Info]17:55 ч. Retrieving the ratings by carId
[Info]17:55 ч. Retrieving the ratings by carId
[Info]17:55 ч. Retrieving the ratings by carId
[Info]17:55 ч. Retrieving the ratings by carId
[Info]17:55 ч. Retrieving the ratings by carId
[Info]17:55 ч. Retrieving the list of cars
[Info]17:55 ч. There are 6 cars in the fleet
[Info]17:55 ч. Retrieving the list of categories
[Info]17:55 ч. There are 3 categories in the fleet
[Info]17:55 ч. Retrieving the list of cars
[Info]17:55 ч. There are 6 cars in the fleet
[Info]17:55 ч. Retrieving the list of categories
[Info]17:55 ч. There are 3 categories in the fleet
[Info]17:55 ч. Retrieving the list of categories
[Info]17:55 ч. There are 3 categories in the fleet
[Info]17:55 ч. Retrieving the list of categories
[Info]17:55 ч. There are 3 categories in the fleet
[Info]17:55 ч. Retrieving the list of cars
[Info]17:55 ч. There are 6 cars in the fleet
[Info]17:58 ч. Retrieving the list of categories
[Info]17:58 ч. There are 3 categories in the fleet
[Info]17:59 ч. Retrieving the list of categories
[Info]17:59 ч. There are 3 categories in the fleet
[Info]17:59 ч. Retrieving the list of categories
[Info]17:59 ч. There are 3 categories in the fleet
[Info]17:59 ч. Retrieving the list of cars
[Info]17:59 ч. There are 6 cars in the fleet
[Info]17:59 ч. Retrieving the ratings by carId
[Info]17:59 ч. Retrieving the ratings by carId
[Info]17:59 ч. Retrieving the ratings by carId
[Info]17:59 ч. Retrieving the ratings by carId
[Info]17:59 ч. Retrieving the ratings by carId
[Info]17:59 ч. Retrieving the ratings by carId
[Info]17:59 ч. Retrieving the ratings by carId
[Info]17:59 ч. Retrieving the ratings by carId
[Info]17:59 ч. Retrieving the ratings by carId
[Info]17:59 ч. Retrieving the ratings by carId
[Info]17:59 ч. Retrieving the ratings by carId
[Info]17:59 ч. Retrieving the ratings by carId
[Info]17:59 ч. Retrieving the list of cars
[Info]17:59 ч. There are 6 cars in the fleet
[Info]17:59 ч. Retrieving the list of categories
[Info]17:59 ч. There are 3 categories in the fleet
[Info]18:00 ч. Retrieving the list of categories
[Info]18:00 ч. There are 3 categories in the fleet
[Info]18:00 ч. Retrieving the list of categories
[Info]18:00 ч. There are 3 categories in the fleet
[Info]18:01 ч. Retrieving the list of categories
[Info]18:01 ч. There are 3 categories in the fleet
[Info]18:01 ч. Retrieving the list of categories
[Info]18:01 ч. There are 3 categories in the fleet
[Info]18:01 ч. Retrieving the list of categories
[Info]18:01 ч. There are 3 categories in the fleet
[Info]18:01 ч. Retrieving the list of cars
[Info]18:01 ч. There are 6 cars in the fleet
[Info]18:01 ч. Retrieving the ratings by carId
[Info]18:01 ч. Retrieving the ratings by carId
[Info]18:01 ч. Retrieving the ratings by carId
[Info]18:01 ч. Retrieving the ratings by carId
[Info]18:01 ч. Retrieving the ratings by carId
[Info]18:01 ч. Retrieving the ratings by carId
[Info]18:01 ч. Retrieving the ratings by carId
[Info]18:01 ч. Retrieving the ratings by carId
[Info]18:01 ч. Retrieving the ratings by carId
[Info]18:01 ч. Retrieving the ratings by carId
[Info]18:01 ч. Retrieving the ratings by carId
[Info]18:01 ч. Retrieving the list of cars
[Info]18:01 ч. There are 6 cars in the fleet
[Info]18:05 ч. Retrieving the list of categories
[Info]18:05 ч. There are 3 categories in the fleet
[Info]18:05 ч. Retrieving the list of categories
[Info]18:05 ч. There are 3 categories in the fleet
[Info]18:05 ч. Retrieving the list of categories
[Info]18:05 ч. There are 3 categories in the fleet
[Info]18:05 ч. Retrieving the list of categories
[Info]18:05 ч. There are 3 categories in the fleet
[Info]18:06 ч. Retrieving the list of categories
[Info]18:06 ч. There are 3 categories in the fleet
[Info]18:06 ч. Retrieving the list of categories
[Info]18:06 ч. There are 3 categories in the fleet
[Info]18:06 ч. Retrieving the list of categories
[Info]18:06 ч. There are 3 categories in the fleet
[Info]18:08 ч. Retrieving the list of categories
[Info]18:08 ч. There are 3 categories in the fleet
[Info]18:08 ч. Retrieving the list of categories
[Info]18:08 ч. There are 3 categories in the fleet
[Info]18:11 ч. Retrieving the list of categories
[Info]18:11 ч. There are 3 categories in the fleet
[Info]18:11 ч. Retrieving the list of cars
[Info]18:11 ч. There are 6 cars in the fleet
[Info]18:11 ч. Retrieving the ratings by carId
[Info]18:11 ч. Retrieving the ratings by carId
[Info]18:11 ч. Retrieving the ratings by carId
[Info]18:11 ч. Retrieving the ratings by carId
[Info]18:11 ч. Retrieving the ratings by carId
[Info]18:11 ч. Retrieving the ratings by carId
[Info]18:11 ч. Retrieving the ratings by carId
[Info]18:11 ч. Retrieving the ratings by carId
[Info]18:11 ч. Retrieving the ratings by carId
[Info]18:11 ч. Retrieving the ratings by carId
[Info]18:11 ч. Retrieving the ratings by carId
[Info]18:11 ч. Retrieving the list of cars
[Info]18:11 ч. There are 6 cars in the fleet
[Info]18:12 ч. Retrieving the list of cars
[Info]18:12 ч. There are 7 cars in the fleet
[Info]18:12 ч. Retrieving the list of categories
[Info]18:12 ч. Retrieving the car by Id
[Info]18:12 ч. Retrieving the car by Id
[Info]18:12 ч. There are 3 categories in the fleet
[Info]18:12 ч. Retrieving the list of categories
[Info]18:12 ч. There are 3 categories in the fleet
[Info]18:14 ч. Retrieving the list of categories
[Info]18:14 ч. There are 3 categories in the fleet
[Info]18:14 ч. Retrieving the list of categories
[Info]18:14 ч. There are 3 categories in the fleet
[Info]18:14 ч. Retrieving the list of categories
[Info]18:14 ч. There are 3 categories in the fleet
[Info]18:14 ч. Retrieving the list of cars
[Info]18:14 ч. There are 6 cars in the fleet
[Info]18:14 ч. Retrieving the ratings by carId
[Info]18:14 ч. Retrieving the ratings by carId
[Info]18:14 ч. Retrieving the ratings by carId
[Info]18:14 ч. Retrieving the ratings by carId
[Info]18:14 ч. Retrieving the ratings by carId
[Info]18:14 ч. Retrieving the ratings by carId
[Info]18:14 ч. Retrieving the ratings by carId
[Info]18:14 ч. Retrieving the ratings by carId
[Info]18:14 ч. Retrieving the ratings by carId
[Info]18:14 ч. Retrieving the ratings by carId
[Info]18:14 ч. Retrieving the ratings by carId
[Info]18:14 ч. Retrieving the list of cars
[Info]18:14 ч. There are 6 cars in the fleet
[Info]18:14 ч. Retrieving the ratings by carId
[Info]18:14 ч. Retrieving the ratings by carId
[Info]18:14 ч. Retrieving the ratings by carId
[Info]18:14 ч. Retrieving the ratings by carId
[Info]18:14 ч. Retrieving the ratings by carId
[Info]18:14 ч. Retrieving the ratings by carId
[Info]18:14 ч. Retrieving the ratings by carId
[Info]18:14 ч. Retrieving the list of cars
[Info]18:14 ч. There are 6 cars in the fleet
[Info]18:14 ч. Retrieving the ratings by carId
[Info]18:14 ч. Retrieving the ratings by carId
[Info]18:14 ч. Retrieving the ratings by carId
[Info]18:14 ч. Retrieving the ratings by carId
[Info]18:14 ч. Retrieving the ratings by carId
[Info]18:14 ч. Retrieving the ratings by carId
[Info]18:14 ч. Retrieving the ratings by carId
[Info]18:14 ч. Retrieving the ratings by carId
[Info]18:14 ч. Retrieving the ratings by carId
[Info]18:14 ч. Retrieving the list of categories
[Info]18:14 ч. There are 3 categories in the fleet
[Info]18:14 ч. Retrieving the list of cars
[Info]18:14 ч. There are 7 cars in the fleet
[Info]18:14 ч. Retrieving the list of categories
[Info]18:14 ч. Retrieving the car by Id
[Info]18:14 ч. There are 3 categories in the fleet
[Info]18:14 ч. Retrieving the car by Id
[Info]18:14 ч. Retrieving the list of categories
[Info]18:14 ч. There are 3 categories in the fleet
[Info]18:25 ч. Retrieving the list of cars
[Info]18:25 ч. There are 6 cars in the fleet
[Info]18:25 ч. Retrieving the ratings by carId
[Info]18:25 ч. Retrieving the ratings by carId
[Info]18:25 ч. Retrieving the ratings by carId
[Info]18:25 ч. Retrieving the ratings by carId
[Info]18:25 ч. Retrieving the ratings by carId
[Info]18:25 ч. Retrieving the ratings by carId
[Info]18:25 ч. Retrieving the ratings by carId
[Info]18:25 ч. Retrieving the ratings by carId
[Info]18:25 ч. Retrieving the ratings by carId
[Info]18:25 ч. Retrieving the ratings by carId
[Info]18:25 ч. Retrieving the list of cars
[Info]18:25 ч. There are 6 cars in the fleet
[Info]18:29 ч. Retrieving the list of categories
[Info]18:29 ч. There are 3 categories in the fleet
[Info]18:30 ч. Retrieving the list of categories
[Info]18:30 ч. There are 3 categories in the fleet
[Info]18:30 ч. Retrieving the list of cars
[Info]18:30 ч. There are 6 cars in the fleet
[Info]18:30 ч. Retrieving the list of categories
[Info]18:30 ч. There are 3 categories in the fleet
[Info]18:30 ч. Retrieving the list of cars
[Info]18:30 ч. There are 7 cars in the fleet
[Info]18:30 ч. Retrieving the list of categories
[Info]18:30 ч. Retrieving the car by Id
[Info]18:30 ч. There are 3 categories in the fleet
[Info]18:30 ч. Retrieving the car by Id
[Info]18:31 ч. Retrieving the list of cars
[Info]18:31 ч. There are 6 cars in the fleet
[Info]18:31 ч. Retrieving the ratings by carId
[Info]18:31 ч. Retrieving the ratings by carId
[Info]18:31 ч. Retrieving the ratings by carId
[Info]18:31 ч. Retrieving the ratings by carId
[Info]18:31 ч. Retrieving the ratings by carId
[Info]18:31 ч. Retrieving the ratings by carId
[Info]18:31 ч. Retrieving the ratings by carId
[Info]18:31 ч. Retrieving the ratings by carId
[Info]18:31 ч. Retrieving the ratings by carId
[Info]18:31 ч. Retrieving the list of cars
[Info]18:31 ч. There are 6 cars in the fleet
[Info]18:31 ч. Retrieving the ratings by carId
[Info]18:31 ч. Retrieving the ratings by carId
[Info]18:31 ч. Retrieving the ratings by carId
[Info]18:31 ч. Retrieving the ratings by carId
[Info]18:31 ч. Retrieving the ratings by carId
[Info]18:31 ч. Retrieving the ratings by carId
[Info]18:31 ч. Retrieving the ratings by carId
[Info]18:31 ч. Retrieving the ratings by carId
[Info]18:31 ч. Retrieving the ratings by carId
[Info]18:32 ч. Retrieving the list of cars
[Info]18:32 ч. There are 6 cars in the fleet
[Info]18:32 ч. Retrieving the ratings by carId
[Info]18:32 ч. Retrieving the ratings by carId
[Info]18:32 ч. Retrieving the ratings by carId
[Info]18:32 ч. Retrieving the ratings by carId
[Info]18:32 ч. Retrieving the ratings by carId
[Info]18:32 ч. Retrieving the ratings by carId
[Info]18:32 ч. Retrieving the ratings by carId
[Info]18:32 ч. Retrieving the ratings by carId
[Info]18:32 ч. Retrieving the ratings by carId
[Info]18:37 ч. Retrieving the list of cars
[Info]18:37 ч. There are 6 cars in the fleet
[Info]18:37 ч. Retrieving the ratings by carId
[Info]18:37 ч. Retrieving the ratings by carId
[Info]18:37 ч. Retrieving the ratings by carId
[Info]18:37 ч. Retrieving the ratings by carId
[Info]18:37 ч. Retrieving the ratings by carId
[Info]18:37 ч. Retrieving the ratings by carId
[Info]18:37 ч. Retrieving the ratings by carId
[Info]18:37 ч. Retrieving the ratings by carId
[Info]18:37 ч. Retrieving the ratings by carId
[Info]18:37 ч. Retrieving the ratings by carId
[Info]18:37 ч. Retrieving the ratings by carId
[Info]18:37 ч. Retrieving the list of cars
[Info]18:37 ч. There are 6 cars in the fleet
[Info]18:40 ч. Retrieving the list of cars
[Info]18:40 ч. There are 6 cars in the fleet
[Info]18:40 ч. Retrieving the ratings by carId
[Info]18:40 ч. Retrieving the ratings by carId
[Info]18:40 ч. Retrieving the ratings by carId
[Info]18:40 ч. Retrieving the ratings by carId
[Info]18:40 ч. Retrieving the ratings by carId
[Info]18:40 ч. Retrieving the ratings by carId
[Info]18:40 ч. Retrieving the ratings by carId
[Info]18:40 ч. Retrieving the ratings by carId
[Info]18:40 ч. Retrieving the ratings by carId
[Info]18:40 ч. Retrieving the ratings by carId
[Info]18:40 ч. Retrieving the ratings by carId
[Info]18:40 ч. Retrieving the ratings by carId
[Info]18:40 ч. Retrieving the list of cars
[Info]18:40 ч. There are 6 cars in the fleet
[Info]18:41 ч. Retrieving the list of cars
[Info]18:41 ч. There are 6 cars in the fleet
[Info]18:41 ч. Retrieving the ratings by carId
[Info]18:41 ч. Retrieving the ratings by carId
[Info]18:41 ч. Retrieving the ratings by carId
[Info]18:41 ч. Retrieving the ratings by carId
[Info]18:41 ч. Retrieving the ratings by carId
[Info]18:41 ч. Retrieving the ratings by carId
[Info]18:41 ч. Retrieving the ratings by carId
[Info]18:41 ч. Retrieving the ratings by carId
[Info]18:41 ч. Retrieving the ratings by carId
[Info]18:41 ч. Retrieving the ratings by carId
[Info]18:41 ч. Retrieving the ratings by carId
[Info]18:41 ч. Retrieving the ratings by carId
[Info]18:41 ч. Retrieving the list of cars
[Info]18:41 ч. There are 6 cars in the fleet
[Info]18:42 ч. Retrieving the list of cars
[Info]18:42 ч. There are 6 cars in the fleet
[Info]18:42 ч. Retrieving the ratings by carId
[Info]18:42 ч. Retrieving the ratings by carId
[Info]18:42 ч. Retrieving the ratings by carId
[Info]18:42 ч. Retrieving the ratings by carId
[Info]18:42 ч. Retrieving the ratings by carId
[Info]18:42 ч. Retrieving the ratings by carId
[Info]18:42 ч. Retrieving the ratings by carId
[Info]18:42 ч. Retrieving the ratings by carId
[Info]18:42 ч. Retrieving the ratings by carId
[Info]18:42 ч. Retrieving the ratings by carId
[Info]18:42 ч. Retrieving the ratings by carId
[Info]18:42 ч. Retrieving the list of cars
[Info]18:42 ч. There are 6 cars in the fleet
[Info]18:42 ч. Retrieving the list of cars
[Info]18:42 ч. There are 6 cars in the fleet
[Info]18:42 ч. Retrieving the ratings by carId
[Info]18:42 ч. Retrieving the ratings by carId
[Info]18:42 ч. Retrieving the ratings by carId
[Info]18:42 ч. Retrieving the ratings by carId
[Info]18:42 ч. Retrieving the ratings by carId
[Info]18:42 ч. Retrieving the ratings by carId
[Info]18:42 ч. Retrieving the ratings by carId
[Info]18:42 ч. Retrieving the ratings by carId
[Info]18:42 ч. Retrieving the ratings by carId
[Info]18:42 ч. Retrieving the ratings by carId
[Info]18:42 ч. Retrieving the ratings by carId
[Info]18:42 ч. Retrieving the ratings by carId
[Info]18:42 ч. Retrieving the list of cars
[Info]18:42 ч. There are 6 cars in the fleet
[Info]18:43 ч. Retrieving the list of cars
[Info]18:43 ч. There are 6 cars in the fleet
[Info]18:43 ч. Retrieving the ratings by carId
[Info]18:43 ч. Retrieving the ratings by carId
[Info]18:43 ч. Retrieving the ratings by carId
[Info]18:43 ч. Retrieving the ratings by carId
[Info]18:43 ч. Retrieving the ratings by carId
[Info]18:43 ч. Retrieving the ratings by carId
[Info]18:43 ч. Retrieving the ratings by carId
[Info]18:43 ч. Retrieving the ratings by carId
[Info]18:43 ч. Retrieving the ratings by carId
[Info]18:43 ч. Retrieving the ratings by carId
[Info]18:43 ч. Retrieving the ratings by carId
[Info]18:43 ч. Retrieving the ratings by carId
[Info]18:43 ч. Retrieving the list of cars
[Info]18:43 ч. There are 6 cars in the fleet
[Info]18:43 ч. Retrieving the list of cars
[Info]18:43 ч. There are 6 cars in the fleet
[Info]18:43 ч. Retrieving the ratings by carId
[Info]18:43 ч. Retrieving the ratings by carId
[Info]18:43 ч. Retrieving the ratings by carId
[Info]18:43 ч. Retrieving the ratings by carId
[Info]18:43 ч. Retrieving the ratings by carId
[Info]18:43 ч. Retrieving the ratings by carId
[Info]18:43 ч. Retrieving the ratings by carId
[Info]18:43 ч. Retrieving the ratings by carId
[Info]18:43 ч. Retrieving the ratings by carId
[Info]18:43 ч. Retrieving the ratings by carId
[Info]18:43 ч. Retrieving the ratings by carId
[Info]18:43 ч. Retrieving the ratings by carId
[Info]18:43 ч. Retrieving the list of cars
[Info]18:43 ч. There are 6 cars in the fleet
[Info]18:44 ч. Retrieving the list of cars
[Info]18:44 ч. There are 6 cars in the fleet
[Info]18:44 ч. Retrieving the ratings by carId
[Info]18:44 ч. Retrieving the ratings by carId
[Info]18:44 ч. Retrieving the ratings by carId
[Info]18:44 ч. Retrieving the ratings by carId
[Info]18:44 ч. Retrieving the ratings by carId
[Info]18:44 ч. Retrieving the ratings by carId
[Info]18:44 ч. Retrieving the ratings by carId
[Info]18:44 ч. Retrieving the ratings by carId
[Info]18:44 ч. Retrieving the ratings by carId
[Info]18:44 ч. Retrieving the ratings by carId
[Info]18:44 ч. Retrieving the list of cars
[Info]18:44 ч. There are 6 cars in the fleet
[Info]18:53 ч. Retrieving the list of cars
[Info]18:53 ч. There are 7 cars in the fleet
[Info]18:53 ч. Retrieving the list of cars
[Info]18:53 ч. There are 6 cars in the fleet
[Info]18:53 ч. Retrieving the list of cars
[Info]18:53 ч. There are 6 cars in the fleet
[Info]18:53 ч. Retrieving the ratings by carId
[Info]18:53 ч. Retrieving the ratings by carId
[Info]18:53 ч. Retrieving the ratings by carId
[Info]18:53 ч. Retrieving the ratings by carId
[Info]18:53 ч. Retrieving the ratings by carId
[Info]18:53 ч. Retrieving the ratings by carId
[Info]18:53 ч. Retrieving the ratings by carId
[Info]18:53 ч. Retrieving the ratings by carId
[Info]18:53 ч. Retrieving the ratings by carId
[Info]18:53 ч. Retrieving the ratings by carId
[Info]18:53 ч. Retrieving the list of cars
[Info]18:53 ч. There are 6 cars in the fleet
[Info]22:33 ч. Retrieving the list of cars
[Info]22:33 ч. There are 6 cars in the fleet
[Info]22:33 ч. Retrieving the ratings by carId
[Info]22:33 ч. Retrieving the ratings by carId
[Info]22:33 ч. Retrieving the ratings by carId
[Info]22:33 ч. Retrieving the ratings by carId
[Info]22:33 ч. Retrieving the ratings by carId
[Info]22:33 ч. Retrieving the ratings by carId
[Info]22:33 ч. Retrieving the ratings by carId
[Info]22:33 ч. Retrieving the ratings by carId
[Info]22:33 ч. Retrieving the ratings by carId
[Info]22:33 ч. Retrieving the ratings by carId
[Info]22:33 ч. Retrieving the ratings by carId
[Info]22:33 ч. Retrieving the car by Id
[Info]22:33 ч. Retrieving the list of cars
[Info]22:33 ч. There are 6 cars in the fleet
[Info]22:33 ч. Retrieving the ratings by carId
[Info]22:33 ч. Retrieving the ratings by carId
[Info]22:33 ч. Retrieving the ratings by carId
[Info]22:33 ч. Retrieving the ratings by carId
[Info]22:33 ч. Retrieving the ratings by carId
[Info]22:33 ч. Retrieving the ratings by carId
[Info]22:33 ч. Retrieving the ratings by carId
[Info]22:33 ч. Retrieving the ratings by carId
[Info]22:33 ч. Retrieving the ratings by carId
[Info]22:33 ч. Retrieving the list of cars
[Info]22:33 ч. There are 6 cars in the fleet
[Info]22:34 ч. Retrieving the list of categories
[Info]22:34 ч. There are 3 categories in the fleet
[Info]22:34 ч. Retrieving the list of cars
[Info]22:34 ч. There are 7 cars in the fleet
[Info]22:35 ч. Retrieving the list of categories
[Info]22:35 ч. There are 3 categories in the fleet
[Info]22:35 ч. Retrieving the car by Id
[Info]22:35 ч. Retrieving the list of cars
[Info]22:35 ч. There are 7 cars in the fleet
[Info]22:35 ч. Retrieving the list of cars
[Info]22:35 ч. There are 6 cars in the fleet
[Info]22:35 ч. Retrieving the ratings by carId
[Info]22:35 ч. Retrieving the ratings by carId
[Info]22:35 ч. Retrieving the ratings by carId
[Info]22:35 ч. Retrieving the ratings by carId
[Info]22:35 ч. Retrieving the ratings by carId
[Info]22:35 ч. Retrieving the ratings by carId
[Info]22:35 ч. Retrieving the ratings by carId
[Info]22:35 ч. Retrieving the ratings by carId
[Info]22:35 ч. Retrieving the ratings by carId
[Info]22:35 ч. Retrieving the ratings by carId
[Info]22:35 ч. Retrieving the ratings by carId
[Info]22:35 ч. Retrieving the list of cars
[Info]22:35 ч. There are 6 cars in the fleet
[Info]22:35 ч. Retrieving the ratings by carId
[Info]22:35 ч. Retrieving the ratings by carId
[Info]22:35 ч. Retrieving the ratings by carId
[Info]22:35 ч. Retrieving the ratings by carId
[Info]22:35 ч. Retrieving the ratings by carId
[Info]22:35 ч. Retrieving the ratings by carId
[Info]22:35 ч. Retrieving the ratings by carId
[Info]22:35 ч. Retrieving the ratings by carId
[Info]22:35 ч. Retrieving the list of bookings
[Info]22:35 ч. There are 3 bookings in the fleet
[Info]22:35 ч. Retrieving the list of cars
[Info]22:35 ч. There are 6 cars in the fleet
[Info]22:35 ч. Retrieving the car by Id
[Info]22:35 ч. Retrieving the list of cars
[Info]22:35 ч. There are 6 cars in the fleet
[Info]22:37 ч. Retrieving the car by Id
[Info]22:37 ч. Retrieving the list of locations
[Info]22:37 ч. There are 3 locations in the fleet
[Info]22:38 ч. Retrieving the list of locations
[Info]22:38 ч. There are 3 locations in the fleet
[Info]22:38 ч. Retrieving the list of locations
[Info]22:38 ч. There are 3 locations in the fleet
[Info]22:40 ч. Retrieving the list of locations
[Info]22:40 ч. There are 3 locations in the fleet
[Info]22:40 ч. Retrieving the list of locations
[Info]22:40 ч. There are 3 locations in the fleet
[Info]22:40 ч. Retrieving the list of locations
[Info]22:40 ч. There are 3 locations in the fleet
[Info]22:41 ч. Retrieving the list of locations
[Info]22:41 ч. There are 3 locations in the fleet
[Info]22:41 ч. Retrieving the list of locations
[Info]22:41 ч. There are 3 locations in the fleet
[Info]22:41 ч. Retrieving the list of locations
[Info]22:41 ч. There are 3 locations in the fleet
[Info]22:41 ч. Retrieving the list of cars
[Info]22:41 ч. There are 6 cars in the fleet
[Info]22:41 ч. Retrieving the ratings by carId
[Info]22:41 ч. Retrieving the ratings by carId
[Info]22:41 ч. Retrieving the ratings by carId
[Info]22:41 ч. Retrieving the ratings by carId
[Info]22:41 ч. Retrieving the ratings by carId
[Info]22:41 ч. Retrieving the ratings by carId
[Info]22:41 ч. Retrieving the ratings by carId
[Info]22:41 ч. Retrieving the ratings by carId
[Info]22:41 ч. Retrieving the ratings by carId
[Info]22:41 ч. Retrieving the list of cars
[Info]22:41 ч. There are 6 cars in the fleet
[Info]22:41 ч. Retrieving the ratings by carId
[Info]22:41 ч. Retrieving the ratings by carId
[Info]22:41 ч. Retrieving the ratings by carId
[Info]22:41 ч. Retrieving the ratings by carId
[Info]22:41 ч. Retrieving the ratings by carId
[Info]22:41 ч. Retrieving the ratings by carId
[Info]22:41 ч. Retrieving the ratings by carId
[Info]22:41 ч. Retrieving the ratings by carId
[Info]22:41 ч. Retrieving the ratings by carId
[Info]22:41 ч. Retrieving the ratings by carId
[Info]22:41 ч. Retrieving the list of categories
[Info]22:41 ч. There are 3 categories in the fleet
[Info]22:42 ч. Retrieving the list of categories
[Info]22:42 ч. There are 3 categories in the fleet
[Info]22:42 ч. Retrieving the list of categories
[Info]22:42 ч. There are 3 categories in the fleet
[Info]22:43 ч. Retrieving the list of categories
[Info]22:43 ч. There are 3 categories in the fleet
[Info]22:43 ч. Retrieving the list of cars
[Info]22:43 ч. There are 6 cars in the fleet
[Info]22:43 ч. Retrieving the list of categories
[Info]22:43 ч. There are 3 categories in the fleet
[Info]22:43 ч. Retrieving the list of cars
[Info]22:43 ч. There are 7 cars in the fleet
[Info]22:43 ч. Retrieving the list of categories
[Info]22:43 ч. There are 3 categories in the fleet
[Info]22:44 ч. Retrieving the list of categories
[Info]22:44 ч. There are 3 categories in the fleet
[Info]22:44 ч. Retrieving the list of cars
[Info]22:44 ч. There are 6 cars in the fleet
[Info]22:44 ч. Retrieving the list of cars
[Info]22:44 ч. There are 6 cars in the fleet
[Info]22:44 ч. Retrieving the ratings by carId
[Info]22:44 ч. Retrieving the ratings by carId
[Info]22:44 ч. Retrieving the ratings by carId
[Info]22:44 ч. Retrieving the ratings by carId
[Info]22:44 ч. Retrieving the ratings by carId
[Info]22:44 ч. Retrieving the ratings by carId
[Info]22:44 ч. Retrieving the ratings by carId
[Info]22:44 ч. Retrieving the ratings by carId
[Info]22:44 ч. Retrieving the ratings by carId
[Info]22:44 ч. Retrieving the ratings by carId
[Info]22:44 ч. Retrieving the ratings by carId
[Info]22:44 ч. Retrieving the list of cars
[Info]22:44 ч. There are 6 cars in the fleet
[Info]22:44 ч. Retrieving the list of cars
[Info]22:44 ч. There are 7 cars in the fleet
[Info]22:44 ч. Retrieving the list of categories
[Info]22:44 ч. There are 3 categories in the fleet
[Info]22:45 ч. Retrieving the list of cars
[Info]22:45 ч. There are 6 cars in the fleet
[Info]22:47 ч. Retrieving the list of cars
[Info]22:47 ч. There are 6 cars in the fleet
[Info]22:47 ч. Retrieving the ratings by carId
[Info]22:47 ч. Retrieving the ratings by carId
[Info]22:47 ч. Retrieving the ratings by carId
[Info]22:47 ч. Retrieving the ratings by carId
[Info]22:47 ч. Retrieving the ratings by carId
[Info]22:47 ч. Retrieving the ratings by carId
[Info]22:47 ч. Retrieving the ratings by carId
[Info]22:47 ч. Retrieving the ratings by carId
[Info]22:47 ч. Retrieving the ratings by carId
[Info]22:47 ч. Retrieving the ratings by carId
[Info]22:47 ч. Retrieving the ratings by carId
[Info]22:47 ч. Retrieving the ratings by carId
[Info]22:47 ч. Retrieving the list of cars
[Info]22:47 ч. There are 6 cars in the fleet
[Info]22:55 ч. Retrieving the list of cars
[Info]22:55 ч. There are 7 cars in the fleet
[Info]22:56 ч. Retrieving the list of categories
[Info]22:56 ч. Retrieving the car by Id
[Info]22:56 ч. There are 3 categories in the fleet
[Info]22:56 ч. Request with the updated car was sent!
[Info]22:56 ч. The car was updated
[Info]22:59 ч. Retrieving the list of cars
[Info]22:59 ч. There are 6 cars in the fleet
[Info]22:59 ч. Retrieving the ratings by carId
[Info]22:59 ч. Retrieving the ratings by carId
[Info]22:59 ч. Retrieving the ratings by carId
[Info]22:59 ч. Retrieving the ratings by carId
[Info]22:59 ч. Retrieving the ratings by carId
[Info]22:59 ч. Retrieving the ratings by carId
[Info]22:59 ч. Retrieving the ratings by carId
[Info]22:59 ч. Retrieving the ratings by carId
[Info]22:59 ч. Retrieving the ratings by carId
[Info]22:59 ч. Retrieving the ratings by carId
[Info]22:59 ч. Retrieving the ratings by carId
[Info]22:59 ч. Retrieving the ratings by carId
[Info]22:59 ч. Retrieving the list of cars
[Info]22:59 ч. There are 7 cars in the fleet
[Info]22:59 ч. Retrieving the list of categories
[Info]22:59 ч. Retrieving the car by Id
[Info]22:59 ч. Retrieving the car by Id
[Info]22:59 ч. There are 3 categories in the fleet
[Info]23:00 ч. Retrieving the list of categories
[Info]23:00 ч. Retrieving the car by Id
[Info]23:00 ч. There are 3 categories in the fleet
[Info]23:00 ч. Retrieving the list of categories
[Info]23:00 ч. There are 3 categories in the fleet
[Info]23:00 ч. Retrieving the list of categories
[Info]23:00 ч. There are 3 categories in the fleet
[Info]23:00 ч. Retrieving the list of cars
[Info]23:00 ч. There are 7 cars in the fleet
[Info]23:00 ч. Retrieving the list of categories
[Info]23:00 ч. Retrieving the car by Id
[Info]23:00 ч. There are 3 categories in the fleet
[Info]23:00 ч. Retrieving the car by Id
[Info]23:02 ч. Retrieving the list of categories
[Info]23:02 ч. There are 3 categories in the fleet
[Info]23:02 ч. Retrieving the list of categories
[Info]23:02 ч. Retrieving the car by Id
[Info]23:02 ч. There are 3 categories in the fleet
[Info]23:02 ч. Retrieving the list of categories
[Info]23:02 ч. There are 3 categories in the fleet
[Info]23:02 ч. Retrieving the list of categories
[Info]23:02 ч. There are 3 categories in the fleet
[Info]23:02 ч. Retrieving the list of cars
[Info]23:02 ч. There are 7 cars in the fleet
[Info]23:02 ч. Retrieving the list of categories
[Info]23:02 ч. Retrieving the car by Id
[Info]23:02 ч. Retrieving the car by Id
[Info]23:02 ч. There are 3 categories in the fleet
[Info]23:03 ч. Request with the updated car was sent!
[Info]23:03 ч. The car was updated
[Info]23:05 ч. Retrieving the list of cars
[Info]23:05 ч. There are 6 cars in the fleet
[Info]23:05 ч. Retrieving the ratings by carId
[Info]23:05 ч. Retrieving the ratings by carId
[Info]23:05 ч. Retrieving the ratings by carId
[Info]23:05 ч. Retrieving the ratings by carId
[Info]23:05 ч. Retrieving the ratings by carId
[Info]23:05 ч. Retrieving the list of cars
[Info]23:05 ч. There are 7 cars in the fleet
[Info]23:05 ч. Retrieving the list of categories
[Info]23:05 ч. Retrieving the car by Id
[Info]23:05 ч. Retrieving the car by Id
[Info]23:05 ч. There are 3 categories in the fleet
[Info]23:06 ч. Retrieving the list of cars
[Info]23:06 ч. There are 6 cars in the fleet
[Info]23:06 ч. Retrieving the ratings by carId
[Info]23:06 ч. Retrieving the ratings by carId
[Info]23:06 ч. Retrieving the ratings by carId
[Info]23:06 ч. Retrieving the ratings by carId
[Info]23:06 ч. Retrieving the ratings by carId
[Info]23:06 ч. Retrieving the ratings by carId
[Info]23:06 ч. Retrieving the ratings by carId
[Info]23:06 ч. Retrieving the list of cars
[Info]23:06 ч. There are 7 cars in the fleet
[Info]23:06 ч. Retrieving the list of categories
[Info]23:06 ч. There are 3 categories in the fleet
[Info]23:06 ч. Retrieving the car by Id
[Info]23:06 ч. Retrieving the car by Id
