[Info]21:10 ч. Request Sent
[Info]21:10 ч. Retrieving the list of cars
[Info]21:10 ч. There are 9 cars in the fleet
[Info]21:10 ч. Response Sent
[Info]21:10 ч. Request Sent
[Info]21:10 ч. Request Sent
[Info]21:10 ч. Request Sent
[Info]21:10 ч. Request Sent
[Info]21:10 ч. Request Sent
[Info]21:10 ч. Retrieving the ratings by carId
[Info]21:10 ч. Retrieving the ratings by carId
[Info]21:10 ч. Response Sent
[Info]21:10 ч. Response Sent
[Info]21:10 ч. Request Sent
[Info]21:10 ч. Retrieving the ratings by carId
[Info]21:10 ч. Request Sent
[Info]21:10 ч. Retrieving the ratings by carId
[Info]21:10 ч. Request Sent
[Info]21:10 ч. Retrieving the ratings by carId
[Info]21:10 ч. Request Sent
[Info]21:10 ч. Request Sent
[Info]21:10 ч. Retrieving the ratings by carId
[Info]21:10 ч. Response Sent
[Info]21:10 ч. Response Sent
[Info]21:10 ч. Response Sent
[Info]21:10 ч. Response Sent
[Info]21:10 ч. Request Sent
[Info]21:10 ч. Request Sent
[Info]21:10 ч. Request Sent
[Info]21:10 ч. Retrieving the ratings by carId
[Info]21:10 ч. Response Sent
[Info]21:10 ч. Request Sent
[Info]21:10 ч. Response Sent
[Info]21:10 ч. Retrieving the ratings by carId
[Info]21:10 ч. Response Sent
[Info]21:10 ч. Request Sent
[Info]21:10 ч. Request Sent
[Info]21:10 ч. Retrieving the ratings by carId
[Info]21:10 ч. Retrieving the ratings by carId
[Info]21:10 ч. Response Sent
[Info]21:10 ч. Response Sent
