[Info]09:50 ч. Retrieving the list of cars
[Info]09:51 ч. There are 6 cars in the fleet
[Info]09:51 ч. Retrieving the ratings by carId
[Info]09:51 ч. Retrieving the ratings by carId
[Info]09:51 ч. Retrieving the ratings by carId
[Info]09:51 ч. Retrieving the ratings by carId
[Info]09:51 ч. Retrieving the ratings by carId
[Info]09:51 ч. Retrieving the ratings by carId
[Info]09:51 ч. Retrieving the list of cars
[Info]09:51 ч. There are 6 cars in the fleet
[Info]09:51 ч. Retrieving the ratings by carId
[Info]09:51 ч. Retrieving the ratings by carId
[Info]09:51 ч. Retrieving the ratings by carId
[Info]09:51 ч. Retrieving the ratings by carId
[Info]09:51 ч. Retrieving the ratings by carId
[Info]09:51 ч. Retrieving the ratings by carId
[Info]09:51 ч. Retrieving the ratings by carId
[Info]09:51 ч. Retrieving the ratings by carId
[Info]09:51 ч. Retrieving the ratings by carId
[Info]09:51 ч. Retrieving the ratings by carId
[Info]09:59 ч. Retrieving the list of cars
[Info]09:59 ч. There are 6 cars in the fleet
[Info]09:59 ч. Retrieving the ratings by carId
[Info]09:59 ч. Retrieving the ratings by carId
[Info]09:59 ч. Retrieving the ratings by carId
[Info]09:59 ч. Retrieving the ratings by carId
[Info]10:05 ч. Retrieving the list of cars
[Info]10:05 ч. There are 6 cars in the fleet
[Info]10:05 ч. Retrieving the ratings by carId
[Info]10:05 ч. Retrieving the ratings by carId
[Info]10:05 ч. Retrieving the ratings by carId
[Info]10:05 ч. Retrieving the ratings by carId
[Info]10:05 ч. Retrieving the ratings by carId
[Info]10:13 ч. Retrieving the list of cars
[Info]10:13 ч. There are 6 cars in the fleet
[Info]10:13 ч. Retrieving the ratings by carId
[Info]10:13 ч. Retrieving the ratings by carId
[Info]10:13 ч. Retrieving the ratings by carId
[Info]10:13 ч. Retrieving the ratings by carId
[Info]10:13 ч. Retrieving the ratings by carId
[Info]10:13 ч. Retrieving the ratings by carId
[Info]10:15 ч. Retrieving the list of cars
[Info]10:15 ч. There are 6 cars in the fleet
[Info]10:16 ч. Retrieving the list of cars
[Info]10:16 ч. There are 6 cars in the fleet
[Info]10:16 ч. Retrieving the ratings by carId
[Info]10:16 ч. Retrieving the ratings by carId
[Info]10:16 ч. Retrieving the ratings by carId
[Info]10:16 ч. Retrieving the ratings by carId
[Info]10:16 ч. Retrieving the ratings by carId
[Info]10:16 ч. Retrieving the ratings by carId
[Info]10:16 ч. Retrieving the ratings by carId
[Info]10:16 ч. Retrieving the ratings by carId
[Info]10:16 ч. Retrieving the ratings by carId
[Info]10:16 ч. Retrieving the ratings by carId
[Info]10:16 ч. Retrieving the ratings by carId
[Info]10:16 ч. Retrieving the ratings by carId
[Info]10:20 ч. Retrieving the list of cars
[Info]10:20 ч. There are 6 cars in the fleet
[Info]10:24 ч. Retrieving the list of cars
[Info]10:24 ч. There are 6 cars in the fleet
[Info]10:24 ч. Retrieving the ratings by carId
[Info]10:24 ч. Retrieving the ratings by carId
[Info]10:24 ч. Retrieving the ratings by carId
[Info]10:24 ч. Retrieving the ratings by carId
[Info]10:24 ч. Retrieving the ratings by carId
[Info]10:24 ч. Retrieving the ratings by carId
[Info]10:24 ч. Retrieving the list of bookings
[Info]10:24 ч. There are 3 bookings in the fleet
[Info]10:25 ч. Retrieving the list of cars
[Info]10:25 ч. There are 6 cars in the fleet
[Info]10:25 ч. Retrieving the list of cars
[Info]10:25 ч. There are 6 cars in the fleet
[Info]10:25 ч. Retrieving the ratings by carId
[Info]10:25 ч. Retrieving the ratings by carId
[Info]10:25 ч. Retrieving the ratings by carId
[Info]10:25 ч. Retrieving the ratings by carId
[Info]10:25 ч. Retrieving the ratings by carId
[Info]10:25 ч. Retrieving the ratings by carId
[Info]10:25 ч. Retrieving the ratings by carId
[Info]10:25 ч. Retrieving the ratings by carId
[Info]10:25 ч. Retrieving the ratings by carId
[Info]10:25 ч. Retrieving the ratings by carId
[Info]10:25 ч. Retrieving the list of cars
[Info]10:25 ч. There are 6 cars in the fleet
[Info]10:25 ч. Retrieving the ratings by carId
[Info]10:25 ч. Retrieving the ratings by carId
[Info]10:25 ч. Retrieving the ratings by carId
[Info]10:25 ч. Retrieving the ratings by carId
[Info]10:25 ч. Retrieving the ratings by carId
[Info]10:25 ч. Retrieving the ratings by carId
[Info]10:25 ч. Retrieving the ratings by carId
[Info]10:25 ч. Retrieving the ratings by carId
[Info]10:25 ч. Retrieving the ratings by carId
[Info]10:26 ч. Retrieving the list of bookings
[Info]10:26 ч. There are 3 bookings in the fleet
[Info]10:26 ч. Retrieving the list of cars
[Info]10:26 ч. There are 6 cars in the fleet
[Info]10:26 ч. Retrieving the ratings by carId
[Info]10:26 ч. Retrieving the ratings by carId
[Info]10:26 ч. Retrieving the ratings by carId
[Info]10:26 ч. Retrieving the ratings by carId
[Info]10:26 ч. Retrieving the ratings by carId
[Info]10:26 ч. Retrieving the ratings by carId
[Info]10:26 ч. Retrieving the ratings by carId
[Info]10:26 ч. Retrieving the ratings by carId
[Info]10:26 ч. Retrieving the list of cars
[Info]10:26 ч. There are 6 cars in the fleet
[Info]10:26 ч. Retrieving the car by Id
[Info]10:26 ч. Retrieving the list of locations
[Info]10:26 ч. There are 3 locations in the fleet
[Info]10:26 ч. Retrieving the list of cars
[Info]10:26 ч. There are 6 cars in the fleet
[Info]10:26 ч. Retrieving the ratings by carId
[Info]10:26 ч. Retrieving the ratings by carId
[Info]10:26 ч. Retrieving the ratings by carId
[Info]10:26 ч. Retrieving the ratings by carId
[Info]10:26 ч. Retrieving the ratings by carId
[Info]10:26 ч. Retrieving the ratings by carId
[Info]10:26 ч. Retrieving the ratings by carId
[Info]10:26 ч. Retrieving the ratings by carId
[Info]10:26 ч. Retrieving the ratings by carId
[Info]10:26 ч. Retrieving the ratings by carId
[Info]10:26 ч. Retrieving the ratings by carId
[Info]10:27 ч. Retrieving the list of cars
[Info]10:27 ч. There are 6 cars in the fleet
[Info]10:27 ч. Retrieving the ratings by carId
[Info]10:27 ч. Retrieving the ratings by carId
[Info]10:27 ч. Retrieving the ratings by carId
[Info]10:27 ч. Retrieving the ratings by carId
[Info]10:27 ч. Retrieving the ratings by carId
[Info]10:27 ч. Retrieving the ratings by carId
[Info]10:27 ч. Retrieving the ratings by carId
[Info]10:27 ч. Retrieving the ratings by carId
[Info]10:27 ч. Retrieving the ratings by carId
[Info]10:27 ч. Retrieving the ratings by carId
[Info]10:27 ч. Retrieving the ratings by carId
[Info]10:27 ч. Retrieving the list of cars
[Info]10:27 ч. There are 6 cars in the fleet
[Info]10:27 ч. Retrieving the ratings by carId
[Info]10:27 ч. Retrieving the ratings by carId
[Info]10:27 ч. Retrieving the ratings by carId
[Info]10:27 ч. Retrieving the ratings by carId
[Info]10:27 ч. Retrieving the ratings by carId
[Info]10:27 ч. Retrieving the ratings by carId
[Info]10:27 ч. Retrieving the ratings by carId
[Info]10:27 ч. Retrieving the ratings by carId
[Info]10:27 ч. Retrieving the ratings by carId
[Info]10:27 ч. Retrieving the ratings by carId
[Info]10:27 ч. Retrieving the ratings by carId
[Info]10:31 ч. Retrieving the list of cars
[Info]10:31 ч. There are 6 cars in the fleet
[Info]10:31 ч. Retrieving the ratings by carId
[Info]10:31 ч. Retrieving the ratings by carId
[Info]10:31 ч. Retrieving the ratings by carId
[Info]10:31 ч. Retrieving the ratings by carId
[Info]10:31 ч. Retrieving the ratings by carId
[Info]10:31 ч. Retrieving the ratings by carId
[Info]10:31 ч. Retrieving the ratings by carId
[Info]10:31 ч. Retrieving the ratings by carId
[Info]10:31 ч. Retrieving the ratings by carId
[Info]10:31 ч. Retrieving the ratings by carId
[Info]10:31 ч. Retrieving the ratings by carId
[Info]10:31 ч. Retrieving the ratings by carId
[Info]10:32 ч. Retrieving the list of cars
[Info]10:32 ч. There are 6 cars in the fleet
[Info]10:32 ч. Retrieving the ratings by carId
[Info]10:32 ч. Retrieving the ratings by carId
[Info]10:32 ч. Retrieving the ratings by carId
[Info]10:32 ч. Retrieving the ratings by carId
[Info]10:32 ч. Retrieving the ratings by carId
[Info]10:32 ч. Retrieving the ratings by carId
[Info]10:32 ч. Retrieving the ratings by carId
[Info]10:32 ч. Retrieving the ratings by carId
[Info]10:32 ч. Retrieving the ratings by carId
[Info]10:32 ч. Retrieving the ratings by carId
[Info]10:32 ч. Retrieving the list of cars
[Info]10:32 ч. There are 6 cars in the fleet
[Info]10:32 ч. Retrieving the ratings by carId
[Info]10:32 ч. Retrieving the ratings by carId
[Info]10:32 ч. Retrieving the ratings by carId
[Info]10:32 ч. Retrieving the ratings by carId
[Info]10:32 ч. Retrieving the ratings by carId
[Info]10:32 ч. Retrieving the ratings by carId
[Info]10:32 ч. Retrieving the ratings by carId
[Info]10:32 ч. Retrieving the ratings by carId
[Info]10:32 ч. Retrieving the ratings by carId
[Info]10:32 ч. Retrieving the ratings by carId
[Info]10:32 ч. Retrieving the ratings by carId
[Info]10:32 ч. Retrieving the ratings by carId
[Info]10:38 ч. Retrieving the list of cars
[Info]10:38 ч. There are 6 cars in the fleet
[Info]10:38 ч. Retrieving the ratings by carId
[Info]10:38 ч. Retrieving the ratings by carId
[Info]10:38 ч. Retrieving the ratings by carId
[Info]10:38 ч. Retrieving the ratings by carId
[Info]10:38 ч. Retrieving the ratings by carId
[Info]10:38 ч. Retrieving the ratings by carId
[Info]10:38 ч. Retrieving the ratings by carId
[Info]10:38 ч. Retrieving the ratings by carId
[Info]10:38 ч. Retrieving the ratings by carId
[Info]10:38 ч. Retrieving the ratings by carId
[Info]10:38 ч. Retrieving the list of cars
[Info]10:38 ч. There are 6 cars in the fleet
[Info]10:38 ч. Retrieving the ratings by carId
[Info]10:38 ч. Retrieving the ratings by carId
[Info]10:38 ч. Retrieving the ratings by carId
[Info]10:38 ч. Retrieving the ratings by carId
[Info]10:38 ч. Retrieving the ratings by carId
[Info]10:38 ч. Retrieving the ratings by carId
[Info]10:38 ч. Retrieving the ratings by carId
[Info]10:38 ч. Retrieving the ratings by carId
[Info]10:38 ч. Retrieving the ratings by carId
[Info]10:38 ч. Retrieving the ratings by carId
[Info]10:39 ч. Retrieving the ratings by carId
[Info]10:39 ч. Retrieving the ratings by carId
[Info]10:39 ч. Retrieving the ratings by carId
[Info]10:39 ч. Retrieving the ratings by carId
[Info]10:41 ч. Retrieving the list of cars
[Info]10:41 ч. There are 6 cars in the fleet
[Info]10:41 ч. Retrieving the ratings by carId
[Info]10:41 ч. Retrieving the ratings by carId
[Info]10:41 ч. Retrieving the ratings by carId
[Info]10:41 ч. Retrieving the ratings by carId
[Info]10:41 ч. Retrieving the ratings by carId
[Info]10:41 ч. Retrieving the ratings by carId
[Info]10:41 ч. Retrieving the ratings by carId
[Info]10:41 ч. Retrieving the ratings by carId
[Info]10:41 ч. Retrieving the ratings by carId
[Info]10:41 ч. Retrieving the ratings by carId
[Info]10:41 ч. Retrieving the ratings by carId
[Info]10:43 ч. Retrieving the list of cars
[Info]10:43 ч. There are 6 cars in the fleet
[Info]10:43 ч. Retrieving the ratings by carId
[Info]10:43 ч. Retrieving the ratings by carId
[Info]10:43 ч. Retrieving the ratings by carId
[Info]10:43 ч. Retrieving the ratings by carId
[Info]10:43 ч. Retrieving the ratings by carId
[Info]10:43 ч. Retrieving the ratings by carId
[Info]10:43 ч. Retrieving the ratings by carId
[Info]10:43 ч. Retrieving the ratings by carId
[Info]10:43 ч. Retrieving the ratings by carId
[Info]10:43 ч. Retrieving the ratings by carId
[Info]10:43 ч. Retrieving the ratings by carId
[Info]10:44 ч. Retrieving the list of cars
[Info]10:44 ч. There are 6 cars in the fleet
[Info]10:44 ч. Retrieving the ratings by carId
[Info]10:44 ч. Retrieving the ratings by carId
[Info]10:44 ч. Retrieving the ratings by carId
[Info]10:44 ч. Retrieving the ratings by carId
[Info]10:44 ч. Retrieving the ratings by carId
[Info]10:44 ч. Retrieving the ratings by carId
[Info]10:44 ч. Retrieving the ratings by carId
[Info]10:44 ч. Retrieving the ratings by carId
[Info]10:45 ч. Retrieving the list of cars
[Info]10:45 ч. There are 6 cars in the fleet
[Info]10:45 ч. Retrieving the ratings by carId
[Info]10:45 ч. Retrieving the ratings by carId
[Info]10:45 ч. Retrieving the ratings by carId
[Info]10:45 ч. Retrieving the ratings by carId
[Info]10:45 ч. Retrieving the ratings by carId
[Info]10:45 ч. Retrieving the ratings by carId
[Info]10:45 ч. Retrieving the ratings by carId
[Info]10:45 ч. Retrieving the ratings by carId
[Info]10:45 ч. Retrieving the ratings by carId
[Info]10:45 ч. Retrieving the ratings by carId
[Info]10:45 ч. Retrieving the ratings by carId
[Info]10:45 ч. Retrieving the ratings by carId
[Info]10:49 ч. Retrieving the list of cars
[Info]10:49 ч. There are 6 cars in the fleet
[Info]10:49 ч. Retrieving the ratings by carId
[Info]10:49 ч. Retrieving the ratings by carId
[Info]10:49 ч. Retrieving the ratings by carId
[Info]10:49 ч. Retrieving the ratings by carId
[Info]10:49 ч. Retrieving the ratings by carId
[Info]10:49 ч. Retrieving the ratings by carId
[Info]10:49 ч. Retrieving the ratings by carId
[Info]10:49 ч. Retrieving the ratings by carId
[Info]10:49 ч. Retrieving the ratings by carId
[Info]10:49 ч. Retrieving the ratings by carId
[Info]10:49 ч. Retrieving the ratings by carId
[Info]10:49 ч. Retrieving the list of cars
[Info]10:49 ч. There are 6 cars in the fleet
[Info]10:49 ч. Retrieving the ratings by carId
[Info]10:49 ч. Retrieving the ratings by carId
[Info]10:49 ч. Retrieving the ratings by carId
[Info]10:49 ч. Retrieving the ratings by carId
[Info]10:49 ч. Retrieving the ratings by carId
[Info]10:49 ч. Retrieving the ratings by carId
[Info]10:49 ч. Retrieving the ratings by carId
[Info]10:49 ч. Retrieving the ratings by carId
[Info]10:49 ч. Retrieving the ratings by carId
[Info]10:49 ч. Retrieving the ratings by carId
[Info]10:49 ч. Retrieving the ratings by carId
[Info]10:50 ч. Retrieving the ratings by carId
[Info]10:50 ч. Retrieving the ratings by carId
[Info]10:50 ч. Retrieving the ratings by carId
[Info]10:50 ч. Retrieving the ratings by carId
[Info]10:50 ч. Retrieving the ratings by carId
[Info]10:50 ч. Retrieving the list of cars
[Info]10:50 ч. There are 6 cars in the fleet
[Info]10:50 ч. Retrieving the ratings by carId
[Info]10:50 ч. Retrieving the ratings by carId
[Info]10:50 ч. Retrieving the ratings by carId
[Info]10:50 ч. Retrieving the ratings by carId
[Info]10:50 ч. Retrieving the ratings by carId
[Info]10:50 ч. Retrieving the ratings by carId
[Info]10:50 ч. Retrieving the ratings by carId
[Info]10:50 ч. Retrieving the ratings by carId
[Info]10:50 ч. Retrieving the ratings by carId
[Info]10:50 ч. Retrieving the ratings by carId
[Info]10:50 ч. Retrieving the ratings by carId
[Info]10:51 ч. Retrieving the ratings by carId
[Info]10:51 ч. Retrieving the ratings by carId
[Info]10:51 ч. Retrieving the ratings by carId
[Info]10:51 ч. Retrieving the ratings by carId
[Info]10:51 ч. Retrieving the list of cars
[Info]10:51 ч. There are 6 cars in the fleet
[Info]10:51 ч. Retrieving the ratings by carId
[Info]10:51 ч. Retrieving the ratings by carId
[Info]10:51 ч. Retrieving the ratings by carId
[Info]10:51 ч. Retrieving the ratings by carId
[Info]10:51 ч. Retrieving the ratings by carId
[Info]10:51 ч. Retrieving the ratings by carId
[Info]10:51 ч. Retrieving the ratings by carId
[Info]10:51 ч. Retrieving the ratings by carId
[Info]10:51 ч. Retrieving the ratings by carId
[Info]10:52 ч. Retrieving the list of cars
[Info]10:52 ч. There are 6 cars in the fleet
[Info]10:52 ч. Retrieving the ratings by carId
[Info]10:52 ч. Retrieving the ratings by carId
[Info]10:52 ч. Retrieving the ratings by carId
[Info]10:52 ч. Retrieving the ratings by carId
[Info]10:52 ч. Retrieving the ratings by carId
[Info]10:52 ч. Retrieving the ratings by carId
[Info]10:52 ч. Retrieving the ratings by carId
[Info]10:52 ч. Retrieving the ratings by carId
[Info]10:52 ч. Retrieving the ratings by carId
[Info]10:54 ч. Retrieving the list of cars
[Info]10:54 ч. There are 6 cars in the fleet
[Info]10:54 ч. Retrieving the ratings by carId
[Info]10:54 ч. Retrieving the ratings by carId
[Info]10:54 ч. Retrieving the ratings by carId
[Info]10:54 ч. Retrieving the ratings by carId
[Info]10:54 ч. Retrieving the ratings by carId
[Info]10:54 ч. Retrieving the ratings by carId
[Info]10:54 ч. Retrieving the ratings by carId
[Info]10:54 ч. Retrieving the ratings by carId
[Info]10:54 ч. Retrieving the ratings by carId
[Info]10:54 ч. Retrieving the ratings by carId
[Info]10:54 ч. Retrieving the list of cars
[Info]10:54 ч. There are 6 cars in the fleet
[Info]11:14 ч. Retrieving the list of cars
[Info]11:14 ч. There are 6 cars in the fleet
[Info]11:15 ч. Retrieving the list of cars
[Info]11:15 ч. There are 6 cars in the fleet
[Info]11:15 ч. Retrieving the ratings by carId
[Info]11:15 ч. Retrieving the ratings by carId
[Info]11:15 ч. Retrieving the ratings by carId
[Info]11:15 ч. Retrieving the ratings by carId
[Info]11:15 ч. Retrieving the ratings by carId
[Info]11:15 ч. Retrieving the ratings by carId
[Info]11:15 ч. Retrieving the ratings by carId
[Info]11:15 ч. Retrieving the ratings by carId
[Info]11:15 ч. Retrieving the ratings by carId
[Info]11:16 ч. Retrieving the list of cars
[Info]11:16 ч. There are 6 cars in the fleet
[Info]11:16 ч. Retrieving the car by Id
[Info]11:16 ч. Retrieving the car by Id
[Info]11:17 ч. Retrieving the car by Id
[Info]11:17 ч. Retrieving the list of cars
[Info]11:17 ч. There are 6 cars in the fleet
[Info]11:17 ч. Retrieving the ratings by carId
[Info]11:17 ч. Retrieving the ratings by carId
[Info]11:18 ч. Retrieving the ratings by carId
[Info]11:18 ч. Retrieving the ratings by carId
[Info]11:18 ч. Retrieving the ratings by carId
[Info]11:18 ч. Retrieving the ratings by carId
[Info]11:18 ч. Retrieving the ratings by carId
[Info]11:18 ч. Retrieving the ratings by carId
[Info]11:18 ч. Retrieving the ratings by carId
[Info]11:18 ч. Retrieving the ratings by carId
[Info]11:18 ч. Retrieving the ratings by carId
[Info]11:23 ч. Retrieving the list of cars
[Info]11:23 ч. There are 6 cars in the fleet
[Info]11:23 ч. Retrieving the ratings by carId
[Info]11:23 ч. Retrieving the ratings by carId
[Info]11:23 ч. Retrieving the ratings by carId
[Info]11:23 ч. Retrieving the ratings by carId
[Info]11:23 ч. Retrieving the ratings by carId
[Info]11:23 ч. Retrieving the ratings by carId
[Info]11:23 ч. Retrieving the ratings by carId
[Info]11:23 ч. Retrieving the ratings by carId
[Info]11:23 ч. Retrieving the ratings by carId
[Info]11:23 ч. Retrieving the ratings by carId
[Info]11:23 ч. Retrieving the ratings by carId
[Info]11:23 ч. Retrieving the ratings by carId
[Info]11:23 ч. Retrieving the list of cars
[Info]11:23 ч. There are 6 cars in the fleet
[Info]11:23 ч. Retrieving the list of bookings
[Info]11:23 ч. There are 3 bookings in the fleet
[Info]11:23 ч. Retrieving the list of cars
[Info]11:23 ч. There are 6 cars in the fleet
[Info]11:23 ч. Retrieving the ratings by carId
[Info]11:23 ч. Retrieving the ratings by carId
[Info]11:23 ч. Retrieving the ratings by carId
[Info]11:23 ч. Retrieving the ratings by carId
[Info]11:23 ч. Retrieving the ratings by carId
[Info]11:23 ч. Retrieving the ratings by carId
[Info]11:23 ч. Retrieving the ratings by carId
[Info]11:23 ч. Retrieving the ratings by carId
[Info]11:23 ч. Retrieving the ratings by carId
[Info]11:23 ч. Retrieving the ratings by carId
[Info]11:23 ч. Retrieving the ratings by carId
[Info]11:23 ч. Retrieving the list of cars
[Info]11:23 ч. There are 6 cars in the fleet
[Info]11:23 ч. Retrieving the ratings by carId
[Info]11:23 ч. Retrieving the ratings by carId
[Info]11:23 ч. Retrieving the ratings by carId
[Info]11:23 ч. Retrieving the ratings by carId
[Info]11:23 ч. Retrieving the ratings by carId
[Info]11:23 ч. Retrieving the ratings by carId
[Info]11:23 ч. Retrieving the ratings by carId
[Info]11:23 ч. Retrieving the list of cars
[Info]11:23 ч. There are 6 cars in the fleet
[Info]11:23 ч. Retrieving the list of cars
[Info]11:23 ч. There are 6 cars in the fleet
[Info]11:23 ч. Retrieving the ratings by carId
[Info]11:23 ч. Retrieving the ratings by carId
[Info]11:23 ч. Retrieving the ratings by carId
[Info]11:23 ч. Retrieving the ratings by carId
[Info]11:23 ч. Retrieving the ratings by carId
[Info]11:23 ч. Retrieving the ratings by carId
[Info]11:23 ч. Retrieving the ratings by carId
[Info]11:23 ч. Retrieving the ratings by carId
[Info]11:23 ч. Retrieving the ratings by carId
[Info]11:23 ч. Retrieving the ratings by carId
[Info]11:23 ч. Retrieving the list of cars
[Info]11:23 ч. There are 6 cars in the fleet
[Info]11:23 ч. Retrieving the ratings by carId
[Info]11:23 ч. Retrieving the ratings by carId
[Info]11:23 ч. Retrieving the ratings by carId
[Info]11:23 ч. Retrieving the ratings by carId
[Info]11:23 ч. Retrieving the ratings by carId
[Info]11:23 ч. Retrieving the ratings by carId
[Info]11:23 ч. Retrieving the ratings by carId
[Info]11:23 ч. Retrieving the ratings by carId
[Info]11:23 ч. Retrieving the ratings by carId
[Info]11:23 ч. Retrieving the ratings by carId
[Info]11:24 ч. Retrieving the list of cars
[Info]11:24 ч. There are 6 cars in the fleet
[Info]11:24 ч. Retrieving the ratings by carId
[Info]11:24 ч. Retrieving the ratings by carId
[Info]11:24 ч. Retrieving the ratings by carId
[Info]11:24 ч. Retrieving the ratings by carId
[Info]11:24 ч. Retrieving the ratings by carId
[Info]11:24 ч. Retrieving the ratings by carId
[Info]11:24 ч. Retrieving the ratings by carId
[Info]11:24 ч. Retrieving the ratings by carId
[Info]11:24 ч. Retrieving the ratings by carId
[Info]11:24 ч. Retrieving the ratings by carId
[Info]11:24 ч. Retrieving the ratings by carId
[Info]11:24 ч. Retrieving the list of categories
[Info]11:24 ч. There are 3 categories in the fleet
[Info]11:24 ч. Retrieving the list of cars
[Info]11:24 ч. There are 6 cars in the fleet
[Info]11:28 ч. Retrieving the list of cars
[Info]11:28 ч. There are 6 cars in the fleet
[Info]11:28 ч. Retrieving the ratings by carId
[Info]11:28 ч. Retrieving the ratings by carId
[Info]11:28 ч. Retrieving the ratings by carId
[Info]11:28 ч. Retrieving the ratings by carId
[Info]11:28 ч. Retrieving the ratings by carId
[Info]11:28 ч. Retrieving the ratings by carId
[Info]11:28 ч. Retrieving the ratings by carId
[Info]11:28 ч. Retrieving the ratings by carId
[Info]11:28 ч. Retrieving the ratings by carId
[Info]11:28 ч. Retrieving the ratings by carId
[Info]11:28 ч. Retrieving the ratings by carId
[Info]11:28 ч. Retrieving the ratings by carId
[Info]11:28 ч. Retrieving the car by Id
[Info]11:29 ч. Retrieving the list of cars
[Info]11:29 ч. There are 6 cars in the fleet
[Info]11:29 ч. Retrieving the ratings by carId
[Info]11:29 ч. Retrieving the ratings by carId
[Info]11:29 ч. Retrieving the ratings by carId
[Info]11:29 ч. Retrieving the ratings by carId
[Info]11:29 ч. Retrieving the ratings by carId
[Info]11:29 ч. Retrieving the ratings by carId
[Info]11:29 ч. Retrieving the ratings by carId
[Info]11:29 ч. Retrieving the ratings by carId
[Info]11:29 ч. Retrieving the ratings by carId
[Info]11:29 ч. Retrieving the ratings by carId
[Info]11:29 ч. Retrieving the ratings by carId
[Info]11:29 ч. Retrieving the ratings by carId
[Info]11:29 ч. Retrieving the car by Id
[Info]11:29 ч. Retrieving the list of cars
[Info]11:29 ч. There are 6 cars in the fleet
[Info]11:29 ч. Retrieving the list of cars
[Info]11:29 ч. There are 6 cars in the fleet
[Info]11:29 ч. Retrieving the ratings by carId
[Info]11:29 ч. Retrieving the ratings by carId
[Info]11:29 ч. Retrieving the ratings by carId
[Info]11:29 ч. Retrieving the ratings by carId
[Info]11:29 ч. Retrieving the ratings by carId
[Info]11:29 ч. Retrieving the ratings by carId
[Info]11:29 ч. Retrieving the ratings by carId
[Info]11:29 ч. Retrieving the ratings by carId
[Info]11:29 ч. Retrieving the ratings by carId
[Info]11:29 ч. Retrieving the ratings by carId
[Info]11:29 ч. Retrieving the list of cars
[Info]11:29 ч. There are 6 cars in the fleet
[Info]11:30 ч. Retrieving the list of cars
[Info]11:30 ч. There are 7 cars in the fleet
[Info]11:30 ч. Retrieving the list of cars
[Info]11:30 ч. There are 6 cars in the fleet
[Info]11:30 ч. Retrieving the list of cars
[Info]11:30 ч. There are 7 cars in the fleet
[Info]11:30 ч. Retrieving the list of cars
[Info]11:30 ч. There are 6 cars in the fleet
[Info]11:30 ч. Retrieving the list of cars
[Info]11:30 ч. There are 6 cars in the fleet
[Info]11:30 ч. Retrieving the ratings by carId
[Info]11:30 ч. Retrieving the ratings by carId
[Info]11:30 ч. Retrieving the ratings by carId
[Info]11:30 ч. Retrieving the ratings by carId
[Info]11:30 ч. Retrieving the ratings by carId
[Info]11:30 ч. Retrieving the ratings by carId
[Info]11:30 ч. Retrieving the ratings by carId
[Info]11:30 ч. Retrieving the ratings by carId
[Info]11:30 ч. Retrieving the ratings by carId
[Info]11:30 ч. Retrieving the ratings by carId
[Info]11:30 ч. Retrieving the ratings by carId
[Info]11:38 ч. Retrieving the list of cars
[Info]11:38 ч. There are 6 cars in the fleet
[Info]11:38 ч. Retrieving the ratings by carId
[Info]11:38 ч. Retrieving the ratings by carId
[Info]11:38 ч. Retrieving the ratings by carId
[Info]11:38 ч. Retrieving the ratings by carId
[Info]11:38 ч. Retrieving the ratings by carId
[Info]11:38 ч. Retrieving the ratings by carId
[Info]11:38 ч. Retrieving the ratings by carId
[Info]11:38 ч. Retrieving the ratings by carId
[Info]11:38 ч. Retrieving the ratings by carId
[Info]11:38 ч. Retrieving the ratings by carId
[Info]11:59 ч. Retrieving the list of cars
[Info]11:59 ч. There are 6 cars in the fleet
[Info]11:59 ч. Retrieving the car by Id
[Info]11:59 ч. Retrieving the list of cars
[Info]11:59 ч. There are 6 cars in the fleet
[Info]11:59 ч. Retrieving the list of cars
[Info]11:59 ч. There are 7 cars in the fleet
[Info]11:59 ч. Retrieving the list of categories
[Info]11:59 ч. There are 3 categories in the fleet
[Info]11:59 ч. Retrieving the list of cars
[Info]11:59 ч. There are 6 cars in the fleet
[Info]12:07 ч. Retrieving the list of cars
[Info]12:07 ч. There are 6 cars in the fleet
[Info]12:24 ч. Retrieving the list of cars
[Info]12:24 ч. There are 6 cars in the fleet
[Info]12:24 ч. Retrieving the ratings by carId
[Info]12:24 ч. Retrieving the ratings by carId
[Info]12:24 ч. Retrieving the ratings by carId
[Info]12:24 ч. Retrieving the ratings by carId
[Info]12:24 ч. Retrieving the ratings by carId
[Info]12:24 ч. Retrieving the ratings by carId
[Info]12:24 ч. Retrieving the ratings by carId
[Info]12:24 ч. Retrieving the ratings by carId
[Info]12:24 ч. Retrieving the ratings by carId
[Info]12:24 ч. Retrieving the ratings by carId
[Info]12:24 ч. Retrieving the list of cars
[Info]12:24 ч. There are 6 cars in the fleet
[Info]12:40 ч. Retrieving the list of cars
[Info]12:40 ч. There are 6 cars in the fleet
[Info]12:40 ч. Retrieving the ratings by carId
[Info]12:40 ч. Retrieving the ratings by carId
[Info]12:40 ч. Retrieving the ratings by carId
[Info]12:40 ч. Retrieving the ratings by carId
[Info]12:40 ч. Retrieving the ratings by carId
[Info]12:40 ч. Retrieving the ratings by carId
[Info]12:40 ч. Retrieving the ratings by carId
[Info]12:40 ч. Retrieving the ratings by carId
[Info]12:40 ч. Retrieving the ratings by carId
[Info]12:40 ч. Retrieving the ratings by carId
[Info]12:40 ч. Retrieving the ratings by carId
[Info]12:40 ч. Retrieving the list of cars
[Info]12:40 ч. There are 6 cars in the fleet
[Info]12:42 ч. Retrieving the list of cars
[Info]12:42 ч. There are 6 cars in the fleet
[Info]12:42 ч. Retrieving the ratings by carId
[Info]12:42 ч. Retrieving the ratings by carId
[Info]12:42 ч. Retrieving the ratings by carId
[Info]12:42 ч. Retrieving the ratings by carId
[Info]12:42 ч. Retrieving the ratings by carId
[Info]12:42 ч. Retrieving the ratings by carId
[Info]12:42 ч. Retrieving the ratings by carId
[Info]12:42 ч. Retrieving the ratings by carId
[Info]12:42 ч. Retrieving the ratings by carId
[Info]12:42 ч. Retrieving the ratings by carId
[Info]12:42 ч. Retrieving the ratings by carId
[Info]12:42 ч. Retrieving the list of cars
[Info]12:42 ч. There are 6 cars in the fleet
[Info]12:48 ч. Retrieving the list of cars
[Info]12:48 ч. There are 6 cars in the fleet
[Info]12:48 ч. Retrieving the ratings by carId
[Info]12:48 ч. Retrieving the ratings by carId
[Info]12:48 ч. Retrieving the ratings by carId
[Info]12:48 ч. Retrieving the ratings by carId
[Info]12:48 ч. Retrieving the ratings by carId
[Info]12:48 ч. Retrieving the ratings by carId
[Info]12:48 ч. Retrieving the ratings by carId
[Info]12:48 ч. Retrieving the ratings by carId
[Info]12:48 ч. Retrieving the ratings by carId
[Info]12:48 ч. Retrieving the ratings by carId
[Info]12:49 ч. Retrieving the list of cars
[Info]12:49 ч. There are 6 cars in the fleet
[Info]12:52 ч. Retrieving the list of cars
[Info]12:52 ч. There are 6 cars in the fleet
[Info]12:52 ч. Retrieving the ratings by carId
[Info]12:52 ч. Retrieving the ratings by carId
[Info]12:52 ч. Retrieving the ratings by carId
[Info]12:52 ч. Retrieving the ratings by carId
[Info]12:52 ч. Retrieving the ratings by carId
[Info]12:52 ч. Retrieving the ratings by carId
[Info]12:52 ч. Retrieving the ratings by carId
[Info]12:52 ч. Retrieving the ratings by carId
[Info]12:52 ч. Retrieving the ratings by carId
[Info]12:53 ч. Retrieving the list of cars
[Info]12:53 ч. There are 6 cars in the fleet
[Info]12:59 ч. Retrieving the list of cars
[Info]12:59 ч. There are 6 cars in the fleet
[Info]12:59 ч. Retrieving the ratings by carId
[Info]12:59 ч. Retrieving the ratings by carId
[Info]12:59 ч. Retrieving the ratings by carId
[Info]12:59 ч. Retrieving the ratings by carId
[Info]12:59 ч. Retrieving the ratings by carId
[Info]12:59 ч. Retrieving the ratings by carId
[Info]12:59 ч. Retrieving the ratings by carId
[Info]12:59 ч. Retrieving the ratings by carId
[Info]12:59 ч. Retrieving the ratings by carId
[Info]12:59 ч. Retrieving the ratings by carId
[Info]12:59 ч. Retrieving the ratings by carId
[Info]12:59 ч. Retrieving the list of cars
[Info]12:59 ч. There are 6 cars in the fleet
[Info]12:59 ч. Retrieving the list of cars
[Info]12:59 ч. There are 6 cars in the fleet
[Info]13:02 ч. Retrieving the list of cars
[Info]13:02 ч. There are 6 cars in the fleet
[Info]13:02 ч. Retrieving the ratings by carId
[Info]13:02 ч. Retrieving the ratings by carId
[Info]13:02 ч. Retrieving the ratings by carId
[Info]13:02 ч. Retrieving the ratings by carId
[Info]13:02 ч. Retrieving the ratings by carId
[Info]13:02 ч. Retrieving the ratings by carId
[Info]13:02 ч. Retrieving the ratings by carId
[Info]13:02 ч. Retrieving the ratings by carId
[Info]13:02 ч. Retrieving the ratings by carId
[Info]13:02 ч. Retrieving the ratings by carId
[Info]13:02 ч. Retrieving the list of cars
[Info]13:02 ч. There are 6 cars in the fleet
[Info]13:02 ч. Retrieving the list of cars
[Info]13:02 ч. There are 6 cars in the fleet
[Info]13:02 ч. Retrieving the ratings by carId
[Info]13:02 ч. Retrieving the ratings by carId
[Info]13:02 ч. Retrieving the ratings by carId
[Info]13:02 ч. Retrieving the ratings by carId
[Info]13:02 ч. Retrieving the ratings by carId
[Info]13:02 ч. Retrieving the ratings by carId
[Info]13:02 ч. Retrieving the ratings by carId
[Info]13:02 ч. Retrieving the ratings by carId
[Info]13:02 ч. Retrieving the ratings by carId
[Info]13:02 ч. Retrieving the ratings by carId
[Info]13:02 ч. Retrieving the ratings by carId
[Info]13:18 ч. Retrieving the list of cars
[Info]13:18 ч. There are 6 cars in the fleet
[Info]13:21 ч. Retrieving the list of cars
[Info]13:21 ч. There are 6 cars in the fleet
[Info]13:22 ч. Retrieving the list of cars
[Info]13:22 ч. There are 6 cars in the fleet
[Info]13:22 ч. Retrieving the ratings by carId
[Info]13:22 ч. Retrieving the ratings by carId
[Info]13:22 ч. Retrieving the ratings by carId
[Info]13:22 ч. Retrieving the ratings by carId
[Info]13:22 ч. Retrieving the ratings by carId
[Info]13:22 ч. Retrieving the ratings by carId
[Info]13:22 ч. Retrieving the ratings by carId
[Info]13:22 ч. Retrieving the ratings by carId
[Info]13:22 ч. Retrieving the list of cars
[Info]13:22 ч. There are 6 cars in the fleet
[Info]13:30 ч. Retrieving the list of cars
[Info]13:30 ч. There are 6 cars in the fleet
[Info]16:21 ч. Retrieving the list of cars
[Info]16:21 ч. There are 7 cars in the fleet
