[Info]09:27 ч. Retrieving the list of cars
[Info]09:28 ч. There are 6 cars in the fleet
[Info]09:28 ч. Retrieving the list of cars
[Info]09:28 ч. There are 7 cars in the fleet
[Info]09:28 ч. Retrieving the list of cars
[Info]09:28 ч. There are 6 cars in the fleet
[Info]09:28 ч. Retrieving the list of cars
[Info]09:28 ч. There are 6 cars in the fleet
[Info]09:28 ч. Retrieving the ratings by carId
[Info]09:28 ч. Retrieving the ratings by carId
[Info]09:28 ч. Retrieving the ratings by carId
[Info]09:28 ч. Retrieving the ratings by carId
[Info]09:28 ч. Retrieving the ratings by carId
[Info]09:28 ч. Retrieving the ratings by carId
[Info]09:46 ч. Retrieving the list of cars
[Info]09:46 ч. There are 6 cars in the fleet
[Info]09:59 ч. Retrieving the list of cars
[Info]09:59 ч. There are 6 cars in the fleet
[Info]10:00 ч. Retrieving the list of cars
[Info]10:00 ч. There are 6 cars in the fleet
[Info]10:00 ч. Retrieving the ratings by carId
[Info]10:00 ч. Retrieving the ratings by carId
[Info]10:04 ч. Retrieving the list of cars
[Info]10:04 ч. There are 6 cars in the fleet
[Info]10:05 ч. Retrieving the list of cars
[Info]10:05 ч. There are 6 cars in the fleet
[Info]10:05 ч. Retrieving the ratings by carId
[Info]10:05 ч. Retrieving the ratings by carId
[Info]10:05 ч. Retrieving the ratings by carId
[Info]10:05 ч. Retrieving the ratings by carId
[Info]10:05 ч. Retrieving the ratings by carId
[Info]10:05 ч. Retrieving the ratings by carId
[Info]10:05 ч. Retrieving the ratings by carId
[Info]10:05 ч. Retrieving the ratings by carId
[Info]10:05 ч. Retrieving the ratings by carId
[Info]10:05 ч. Retrieving the ratings by carId
[Info]10:06 ч. Retrieving the list of cars
[Info]10:06 ч. There are 6 cars in the fleet
[Info]10:06 ч. Retrieving the ratings by carId
[Info]10:06 ч. Retrieving the ratings by carId
[Info]10:06 ч. Retrieving the ratings by carId
[Info]10:06 ч. Retrieving the ratings by carId
[Info]10:06 ч. Retrieving the ratings by carId
[Info]10:06 ч. Retrieving the ratings by carId
[Info]10:06 ч. Retrieving the ratings by carId
[Info]10:06 ч. Retrieving the ratings by carId
[Info]10:06 ч. Retrieving the ratings by carId
[Info]10:06 ч. Retrieving the ratings by carId
[Info]10:07 ч. Retrieving the list of cars
[Info]10:07 ч. There are 6 cars in the fleet
[Info]10:09 ч. Retrieving the list of cars
[Info]10:09 ч. There are 6 cars in the fleet
[Info]10:13 ч. Retrieving the list of cars
[Info]10:13 ч. There are 6 cars in the fleet
[Info]10:14 ч. Retrieving the list of cars
[Info]10:15 ч. There are 6 cars in the fleet
[Info]10:17 ч. Retrieving the list of cars
[Info]10:17 ч. There are 6 cars in the fleet
[Info]10:19 ч. Retrieving the list of cars
[Info]10:19 ч. There are 6 cars in the fleet
[Info]10:22 ч. Retrieving the list of cars
[Info]10:22 ч. There are 6 cars in the fleet
[Info]10:36 ч. Retrieving the list of cars
[Info]10:36 ч. There are 6 cars in the fleet
[Info]11:15 ч. Retrieving the list of cars
[Info]11:15 ч. There are 6 cars in the fleet
[Info]11:16 ч. Retrieving the list of cars
[Info]11:17 ч. There are 6 cars in the fleet
[Info]11:20 ч. Retrieving the list of cars
[Info]11:20 ч. There are 6 cars in the fleet
[Info]11:29 ч. Retrieving the list of cars
[Info]11:29 ч. There are 6 cars in the fleet
[Info]11:32 ч. Retrieving the list of cars
[Info]11:32 ч. There are 6 cars in the fleet
[Info]11:33 ч. Retrieving the list of cars
[Info]11:33 ч. There are 6 cars in the fleet
[Info]11:33 ч. Retrieving the ratings by carId
[Info]11:33 ч. Retrieving the ratings by carId
[Info]11:33 ч. Retrieving the ratings by carId
[Info]11:33 ч. Retrieving the ratings by carId
[Info]11:33 ч. Retrieving the ratings by carId
[Info]11:33 ч. Retrieving the ratings by carId
[Info]11:35 ч. Retrieving the list of cars
[Info]11:35 ч. There are 6 cars in the fleet
[Info]11:39 ч. Retrieving the list of cars
[Info]11:39 ч. There are 6 cars in the fleet
[Info]11:40 ч. Retrieving the list of cars
[Info]11:40 ч. There are 6 cars in the fleet
[Info]11:42 ч. Retrieving the list of cars
[Info]11:43 ч. There are 6 cars in the fleet
[Info]11:45 ч. Retrieving the list of cars
[Info]11:45 ч. There are 6 cars in the fleet
[Info]11:48 ч. Retrieving the list of cars
[Info]11:48 ч. There are 6 cars in the fleet
[Info]11:49 ч. Retrieving the list of cars
[Info]11:49 ч. There are 6 cars in the fleet
[Info]11:49 ч. Retrieving the ratings by carId
[Info]11:49 ч. Retrieving the ratings by carId
[Info]11:49 ч. Retrieving the ratings by carId
[Info]11:49 ч. Retrieving the ratings by carId
[Info]12:00 ч. Retrieving the list of cars
[Info]12:00 ч. There are 6 cars in the fleet
[Info]12:01 ч. Retrieving the list of cars
[Info]12:01 ч. There are 6 cars in the fleet
[Info]12:02 ч. Retrieving the list of cars
[Info]12:02 ч. There are 6 cars in the fleet
[Info]12:06 ч. Retrieving the list of cars
[Info]12:06 ч. There are 6 cars in the fleet
[Info]12:11 ч. Retrieving the list of cars
[Info]12:11 ч. There are 6 cars in the fleet
[Info]12:18 ч. Retrieving the list of cars
[Info]12:18 ч. There are 6 cars in the fleet
[Info]12:22 ч. Retrieving the list of cars
[Info]12:22 ч. There are 6 cars in the fleet
[Info]12:22 ч. Retrieving the list of cars
[Info]12:22 ч. There are 6 cars in the fleet
[Info]12:23 ч. Retrieving the list of cars
[Info]12:23 ч. There are 7 cars in the fleet
[Info]12:23 ч. Retrieving the list of cars
[Info]12:23 ч. There are 6 cars in the fleet
[Info]12:23 ч. Retrieving the ratings by carId
[Info]12:23 ч. Retrieving the ratings by carId
[Info]12:23 ч. Retrieving the ratings by carId
[Info]12:23 ч. Retrieving the ratings by carId
[Info]12:23 ч. Retrieving the list of cars
[Info]12:23 ч. There are 6 cars in the fleet
[Info]12:23 ч. Retrieving the ratings by carId
[Info]12:23 ч. Retrieving the ratings by carId
[Info]12:23 ч. Retrieving the ratings by carId
[Info]12:23 ч. Retrieving the ratings by carId
[Info]12:23 ч. Retrieving the ratings by carId
[Info]12:23 ч. Retrieving the ratings by carId
[Info]12:23 ч. Retrieving the ratings by carId
[Info]12:23 ч. Retrieving the ratings by carId
[Info]12:23 ч. Retrieving the ratings by carId
[Info]12:23 ч. Retrieving the list of cars
[Info]12:23 ч. There are 6 cars in the fleet
[Info]12:23 ч. Retrieving the ratings by carId
[Info]12:23 ч. Retrieving the ratings by carId
[Info]12:23 ч. Retrieving the ratings by carId
[Info]12:23 ч. Retrieving the ratings by carId
[Info]12:23 ч. Retrieving the ratings by carId
[Info]12:23 ч. Retrieving the ratings by carId
[Info]12:23 ч. Retrieving the ratings by carId
[Info]12:23 ч. Retrieving the ratings by carId
[Info]12:23 ч. Retrieving the list of cars
[Info]12:23 ч. There are 6 cars in the fleet
[Info]12:23 ч. Retrieving the ratings by carId
[Info]12:23 ч. Retrieving the ratings by carId
[Info]12:23 ч. Retrieving the ratings by carId
[Info]12:23 ч. Retrieving the ratings by carId
[Info]12:23 ч. Retrieving the ratings by carId
[Info]12:23 ч. Retrieving the ratings by carId
[Info]12:23 ч. Retrieving the ratings by carId
[Info]12:23 ч. Retrieving the ratings by carId
[Info]12:23 ч. Retrieving the ratings by carId
[Info]12:23 ч. Retrieving the ratings by carId
[Info]12:23 ч. Retrieving the car by Id
[Info]12:23 ч. Retrieving the list of cars
[Info]12:23 ч. There are 6 cars in the fleet
[Info]12:23 ч. Retrieving the ratings by carId
[Info]12:23 ч. Retrieving the ratings by carId
[Info]12:23 ч. Retrieving the ratings by carId
[Info]12:23 ч. Retrieving the ratings by carId
[Info]12:23 ч. Retrieving the ratings by carId
[Info]12:23 ч. Retrieving the ratings by carId
[Info]12:23 ч. Retrieving the ratings by carId
[Info]12:23 ч. Retrieving the ratings by carId
[Info]12:23 ч. Retrieving the car by Id
[Info]12:23 ч. Retrieving the list of cars
[Info]12:23 ч. There are 6 cars in the fleet
[Info]12:23 ч. Retrieving the ratings by carId
[Info]12:23 ч. Retrieving the ratings by carId
[Info]12:23 ч. Retrieving the ratings by carId
[Info]12:23 ч. Retrieving the ratings by carId
[Info]12:23 ч. Retrieving the ratings by carId
[Info]12:23 ч. Retrieving the ratings by carId
[Info]12:23 ч. Retrieving the ratings by carId
[Info]12:23 ч. Retrieving the ratings by carId
[Info]12:23 ч. Retrieving the ratings by carId
[Info]12:23 ч. Retrieving the ratings by carId
[Info]12:23 ч. Retrieving the ratings by carId
[Info]12:23 ч. Retrieving the list of cars
[Info]12:23 ч. There are 6 cars in the fleet
[Info]12:23 ч. Retrieving the ratings by carId
[Info]12:23 ч. Retrieving the ratings by carId
[Info]12:23 ч. Retrieving the ratings by carId
[Info]12:23 ч. Retrieving the ratings by carId
[Info]12:23 ч. Retrieving the ratings by carId
[Info]12:23 ч. Retrieving the ratings by carId
[Info]12:23 ч. Retrieving the ratings by carId
[Info]12:23 ч. Retrieving the ratings by carId
[Info]12:23 ч. Retrieving the ratings by carId
[Info]12:23 ч. Retrieving the car by Id
[Info]12:24 ч. Retrieving the list of locations
[Info]12:24 ч. There are 3 locations in the fleet
[Info]12:24 ч. Retrieving the list of bookings
[Info]12:24 ч. There are 3 bookings in the fleet
[Info]12:24 ч. Retrieving the list of cars
[Info]12:24 ч. There are 6 cars in the fleet
[Info]12:24 ч. Retrieving the ratings by carId
[Info]12:24 ч. Retrieving the ratings by carId
[Info]12:24 ч. Retrieving the ratings by carId
[Info]12:24 ч. Retrieving the ratings by carId
[Info]12:24 ч. Retrieving the ratings by carId
[Info]12:24 ч. Retrieving the ratings by carId
[Info]12:24 ч. Retrieving the ratings by carId
[Info]12:24 ч. Retrieving the ratings by carId
[Info]13:22 ч. Retrieving the list of cars
[Info]13:29 ч. Retrieving the list of cars
[Info]13:32 ч. Retrieving the list of cars
[Info]13:33 ч. Retrieving the list of cars
[Info]13:35 ч. Retrieving the list of cars
[Info]13:35 ч. There are 6 cars in the fleet
[Info]13:35 ч. Retrieving the list of cars
[Info]13:35 ч. There are 6 cars in the fleet
[Info]13:35 ч. Retrieving the ratings by carId
[Info]13:35 ч. Retrieving the ratings by carId
[Info]13:35 ч. Retrieving the ratings by carId
[Info]13:35 ч. Retrieving the ratings by carId
[Info]13:35 ч. Retrieving the ratings by carId
[Info]13:35 ч. Retrieving the ratings by carId
[Info]13:52 ч. Retrieving the list of cars
[Info]13:52 ч. There are 6 cars in the fleet
[Info]13:52 ч. Retrieving the car by Id
[Info]13:52 ч. Retrieving the list of bookings
[Info]13:52 ч. There are 3 bookings in the fleet
[Info]13:52 ч. Retrieving the list of cars
[Info]13:52 ч. There are 6 cars in the fleet
[Info]13:52 ч. Retrieving the ratings by carId
[Info]13:52 ч. Retrieving the ratings by carId
[Info]13:52 ч. Retrieving the ratings by carId
[Info]13:52 ч. Retrieving the ratings by carId
[Info]13:52 ч. Retrieving the ratings by carId
[Info]13:52 ч. Retrieving the ratings by carId
[Info]13:52 ч. Retrieving the ratings by carId
[Info]13:52 ч. Retrieving the ratings by carId
[Info]13:52 ч. Retrieving the ratings by carId
[Info]13:52 ч. Retrieving the ratings by carId
[Info]13:52 ч. Retrieving the list of bookings
[Info]13:52 ч. There are 3 bookings in the fleet
[Info]13:52 ч. Retrieving the list of cars
[Info]13:52 ч. There are 6 cars in the fleet
[Info]13:52 ч. Retrieving the ratings by carId
[Info]13:52 ч. Retrieving the ratings by carId
[Info]13:52 ч. Retrieving the ratings by carId
[Info]13:52 ч. Retrieving the ratings by carId
[Info]13:52 ч. Retrieving the ratings by carId
[Info]13:52 ч. Retrieving the ratings by carId
[Info]13:52 ч. Retrieving the ratings by carId
[Info]13:52 ч. Retrieving the ratings by carId
[Info]13:52 ч. Retrieving the ratings by carId
[Info]13:52 ч. Retrieving the ratings by carId
[Info]13:52 ч. Retrieving the ratings by carId
[Info]13:52 ч. Retrieving the car by Id
[Info]13:52 ч. Retrieving the list of cars
[Info]13:52 ч. There are 6 cars in the fleet
[Info]13:52 ч. Retrieving the list of cars
[Info]13:52 ч. There are 6 cars in the fleet
[Info]13:52 ч. Retrieving the ratings by carId
[Info]13:52 ч. Retrieving the ratings by carId
[Info]13:52 ч. Retrieving the ratings by carId
[Info]13:52 ч. Retrieving the ratings by carId
[Info]13:52 ч. Retrieving the ratings by carId
[Info]13:52 ч. Retrieving the ratings by carId
[Info]13:52 ч. Retrieving the ratings by carId
[Info]13:52 ч. Retrieving the ratings by carId
[Info]13:52 ч. Retrieving the ratings by carId
[Info]13:52 ч. Retrieving the car by Id
[Info]13:53 ч. Retrieving the list of cars
[Info]13:53 ч. There are 6 cars in the fleet
[Info]13:54 ч. Retrieving the list of cars
[Info]13:54 ч. There are 6 cars in the fleet
[Info]13:54 ч. Retrieving the ratings by carId
[Info]13:54 ч. Retrieving the ratings by carId
[Info]13:54 ч. Retrieving the ratings by carId
[Info]13:54 ч. Retrieving the ratings by carId
[Info]13:54 ч. Retrieving the ratings by carId
[Info]13:54 ч. Retrieving the ratings by carId
[Info]13:54 ч. Retrieving the ratings by carId
[Info]13:54 ч. Retrieving the ratings by carId
[Info]13:54 ч. Retrieving the ratings by carId
[Info]13:54 ч. Retrieving the ratings by carId
[Info]13:54 ч. Retrieving the list of bookings
[Info]13:54 ч. There are 3 bookings in the fleet
[Info]13:54 ч. Retrieving the list of cars
[Info]13:54 ч. There are 6 cars in the fleet
[Info]13:54 ч. Retrieving the car by Id
[Info]13:54 ч. Retrieving the list of cars
[Info]13:54 ч. There are 6 cars in the fleet
[Info]13:55 ч. Retrieving the car by Id
[Info]13:56 ч. Retrieving the car by Id
[Info]13:56 ч. Retrieving the list of cars
[Info]13:56 ч. There are 6 cars in the fleet
[Info]13:56 ч. Retrieving the car by Id
[Info]13:57 ч. Retrieving the list of cars
[Info]13:57 ч. There are 6 cars in the fleet
[Info]13:57 ч. Retrieving the list of cars
[Info]13:57 ч. There are 6 cars in the fleet
[Info]13:58 ч. Retrieving the list of bookings
[Info]13:58 ч. There are 3 bookings in the fleet
[Info]13:59 ч. Retrieving the list of cars
[Info]13:59 ч. There are 6 cars in the fleet
[Info]13:59 ч. Retrieving the ratings by carId
[Info]13:59 ч. Retrieving the ratings by carId
[Info]13:59 ч. Retrieving the ratings by carId
[Info]13:59 ч. Retrieving the ratings by carId
[Info]13:59 ч. Retrieving the ratings by carId
[Info]13:59 ч. Retrieving the ratings by carId
[Info]13:59 ч. Retrieving the ratings by carId
[Info]13:59 ч. Retrieving the ratings by carId
[Info]13:59 ч. Retrieving the ratings by carId
[Info]13:59 ч. Retrieving the ratings by carId
[Info]13:59 ч. Retrieving the ratings by carId
[Info]13:59 ч. Retrieving the car by Id
[Info]13:59 ч. Retrieving the list of cars
[Info]13:59 ч. There are 6 cars in the fleet
[Info]13:59 ч. Retrieving the ratings by carId
[Info]13:59 ч. Retrieving the ratings by carId
[Info]13:59 ч. Retrieving the ratings by carId
[Info]13:59 ч. Retrieving the ratings by carId
[Info]13:59 ч. Retrieving the ratings by carId
[Info]13:59 ч. Retrieving the ratings by carId
[Info]13:59 ч. Retrieving the ratings by carId
[Info]13:59 ч. Retrieving the ratings by carId
[Info]13:59 ч. Retrieving the ratings by carId
[Info]13:59 ч. Retrieving the list of cars
[Info]13:59 ч. There are 6 cars in the fleet
[Info]14:01 ч. Retrieving the list of cars
[Info]14:01 ч. There are 6 cars in the fleet
[Info]14:01 ч. Retrieving the ratings by carId
[Info]14:01 ч. Retrieving the ratings by carId
[Info]14:01 ч. Retrieving the ratings by carId
[Info]14:01 ч. Retrieving the ratings by carId
[Info]14:01 ч. Retrieving the ratings by carId
[Info]14:01 ч. Retrieving the ratings by carId
[Info]14:01 ч. Retrieving the ratings by carId
[Info]14:01 ч. Retrieving the ratings by carId
[Info]14:01 ч. Retrieving the ratings by carId
[Info]14:01 ч. Retrieving the ratings by carId
[Info]14:01 ч. Retrieving the list of cars
[Info]14:01 ч. There are 6 cars in the fleet
[Info]14:01 ч. Retrieving the list of bookings
[Info]14:01 ч. There are 3 bookings in the fleet
[Info]14:02 ч. Retrieving the list of cars
[Info]14:02 ч. There are 6 cars in the fleet
[Info]14:02 ч. Retrieving the list of bookings
[Info]14:02 ч. There are 3 bookings in the fleet
[Info]14:05 ч. Retrieving the list of bookings
[Info]14:05 ч. There are 3 bookings in the fleet
[Info]14:05 ч. Retrieving the list of cars
[Info]14:05 ч. There are 6 cars in the fleet
[Info]14:06 ч. Retrieving the list of cars
[Info]14:06 ч. There are 6 cars in the fleet
[Info]14:06 ч. Retrieving the list of cars
[Info]14:06 ч. There are 6 cars in the fleet
[Info]14:06 ч. Retrieving the ratings by carId
[Info]14:06 ч. Retrieving the ratings by carId
[Info]14:06 ч. Retrieving the ratings by carId
[Info]14:06 ч. Retrieving the ratings by carId
[Info]14:06 ч. Retrieving the ratings by carId
[Info]14:06 ч. Retrieving the ratings by carId
[Info]14:06 ч. Retrieving the ratings by carId
[Info]14:06 ч. Retrieving the ratings by carId
[Info]14:06 ч. Retrieving the ratings by carId
[Info]14:06 ч. Retrieving the ratings by carId
[Info]14:06 ч. Retrieving the ratings by carId
[Info]14:34 ч. Retrieving the list of cars
[Info]14:34 ч. There are 6 cars in the fleet
[Info]14:34 ч. Retrieving the ratings by carId
[Info]14:34 ч. Retrieving the ratings by carId
[Info]14:34 ч. Retrieving the ratings by carId
[Info]14:34 ч. Retrieving the ratings by carId
[Info]14:34 ч. Retrieving the ratings by carId
[Info]14:34 ч. Retrieving the ratings by carId
[Info]14:34 ч. Retrieving the ratings by carId
[Info]14:34 ч. Retrieving the ratings by carId
[Info]14:34 ч. Retrieving the ratings by carId
[Info]14:34 ч. Retrieving the ratings by carId
[Info]14:34 ч. Retrieving the ratings by carId
[Info]14:34 ч. Retrieving the ratings by carId
[Info]14:34 ч. Retrieving the list of cars
[Info]14:34 ч. There are 6 cars in the fleet
[Info]14:34 ч. Retrieving the car by Id
[Info]14:34 ч. Retrieving the car by Id
[Info]14:35 ч. Retrieving the list of cars
[Info]14:35 ч. There are 6 cars in the fleet
[Info]14:35 ч. Retrieving the ratings by carId
[Info]14:35 ч. Retrieving the ratings by carId
[Info]14:35 ч. Retrieving the ratings by carId
[Info]14:35 ч. Retrieving the ratings by carId
[Info]14:35 ч. Retrieving the ratings by carId
[Info]14:35 ч. Retrieving the ratings by carId
[Info]14:35 ч. Retrieving the ratings by carId
[Info]14:35 ч. Retrieving the ratings by carId
[Info]14:35 ч. Retrieving the ratings by carId
[Info]14:35 ч. Retrieving the ratings by carId
[Info]14:35 ч. Retrieving the ratings by carId
[Info]14:35 ч. Retrieving the list of cars
[Info]14:35 ч. There are 6 cars in the fleet
[Info]14:36 ч. Retrieving the list of cars
[Info]14:36 ч. There are 6 cars in the fleet
[Info]14:36 ч. Retrieving the ratings by carId
[Info]14:36 ч. Retrieving the ratings by carId
[Info]14:36 ч. Retrieving the ratings by carId
[Info]14:36 ч. Retrieving the ratings by carId
[Info]14:36 ч. Retrieving the ratings by carId
[Info]14:36 ч. Retrieving the ratings by carId
[Info]14:36 ч. Retrieving the ratings by carId
[Info]14:36 ч. Retrieving the ratings by carId
[Info]14:36 ч. Retrieving the ratings by carId
[Info]14:36 ч. Retrieving the ratings by carId
[Info]14:36 ч. Retrieving the ratings by carId
[Info]14:36 ч. Retrieving the ratings by carId
[Info]14:36 ч. Retrieving the list of bookings
[Info]14:36 ч. There are 3 bookings in the fleet
[Info]14:49 ч. Retrieving the list of cars
[Info]14:49 ч. There are 6 cars in the fleet
[Info]14:49 ч. Retrieving the ratings by carId
[Info]14:49 ч. Retrieving the ratings by carId
[Info]14:49 ч. Retrieving the ratings by carId
[Info]14:49 ч. Retrieving the ratings by carId
[Info]14:51 ч. Retrieving the list of cars
[Info]14:51 ч. There are 6 cars in the fleet
[Info]14:51 ч. Retrieving the ratings by carId
[Info]14:51 ч. Retrieving the ratings by carId
[Info]14:51 ч. Retrieving the ratings by carId
[Info]14:51 ч. Retrieving the ratings by carId
[Info]14:51 ч. Retrieving the ratings by carId
[Info]14:51 ч. Retrieving the ratings by carId
[Info]14:51 ч. Retrieving the ratings by carId
[Info]14:51 ч. Retrieving the ratings by carId
[Info]14:51 ч. Retrieving the ratings by carId
[Info]14:51 ч. Retrieving the ratings by carId
[Info]14:51 ч. Retrieving the list of cars
[Info]14:51 ч. There are 6 cars in the fleet
[Info]14:51 ч. Retrieving the ratings by carId
[Info]14:51 ч. Retrieving the ratings by carId
[Info]14:51 ч. Retrieving the ratings by carId
[Info]14:51 ч. Retrieving the ratings by carId
[Info]14:51 ч. Retrieving the ratings by carId
[Info]14:51 ч. Retrieving the ratings by carId
[Info]14:51 ч. Retrieving the ratings by carId
[Info]14:51 ч. Retrieving the ratings by carId
[Info]14:59 ч. Retrieving the list of cars
[Info]14:59 ч. There are 6 cars in the fleet
[Info]14:59 ч. Retrieving the ratings by carId
[Info]14:59 ч. Retrieving the ratings by carId
[Info]14:59 ч. Retrieving the ratings by carId
[Info]14:59 ч. Retrieving the ratings by carId
[Info]14:59 ч. Retrieving the ratings by carId
[Info]15:00 ч. Retrieving the list of cars
[Info]15:00 ч. There are 6 cars in the fleet
[Info]15:00 ч. Retrieving the ratings by carId
[Info]15:00 ч. Retrieving the ratings by carId
[Info]15:00 ч. Retrieving the ratings by carId
[Info]15:00 ч. Retrieving the ratings by carId
[Info]15:00 ч. Retrieving the ratings by carId
[Info]15:00 ч. Retrieving the ratings by carId
[Info]15:00 ч. Retrieving the ratings by carId
[Info]15:00 ч. Retrieving the ratings by carId
[Info]15:00 ч. Retrieving the ratings by carId
[Info]15:00 ч. Retrieving the ratings by carId
[Info]15:00 ч. Retrieving the list of cars
[Info]15:01 ч. There are 6 cars in the fleet
[Info]15:01 ч. Retrieving the ratings by carId
[Info]15:01 ч. Retrieving the ratings by carId
[Info]15:01 ч. Retrieving the ratings by carId
[Info]15:01 ч. Retrieving the ratings by carId
[Info]15:01 ч. Retrieving the ratings by carId
[Info]15:01 ч. Retrieving the ratings by carId
[Info]15:01 ч. Retrieving the list of cars
[Info]15:01 ч. There are 6 cars in the fleet
[Info]15:01 ч. Retrieving the ratings by carId
[Info]15:01 ч. Retrieving the ratings by carId
[Info]15:01 ч. Retrieving the ratings by carId
[Info]15:01 ч. Retrieving the ratings by carId
[Info]15:01 ч. Retrieving the ratings by carId
[Info]15:01 ч. Retrieving the ratings by carId
[Info]15:01 ч. Retrieving the ratings by carId
[Info]15:01 ч. Retrieving the ratings by carId
[Info]15:01 ч. Retrieving the ratings by carId
[Info]15:01 ч. Retrieving the ratings by carId
[Info]15:02 ч. Retrieving the list of cars
[Info]15:02 ч. There are 6 cars in the fleet
[Info]15:02 ч. Retrieving the ratings by carId
[Info]15:02 ч. Retrieving the ratings by carId
[Info]15:02 ч. Retrieving the ratings by carId
[Info]15:02 ч. Retrieving the ratings by carId
[Info]15:02 ч. Retrieving the ratings by carId
[Info]15:02 ч. Retrieving the ratings by carId
[Info]15:02 ч. Retrieving the ratings by carId
[Info]15:02 ч. Retrieving the ratings by carId
[Info]15:02 ч. Retrieving the list of cars
[Info]15:02 ч. There are 6 cars in the fleet
[Info]15:02 ч. Retrieving the ratings by carId
[Info]15:02 ч. Retrieving the ratings by carId
[Info]15:02 ч. Retrieving the ratings by carId
[Info]15:02 ч. Retrieving the ratings by carId
[Info]15:02 ч. Retrieving the ratings by carId
[Info]15:02 ч. Retrieving the ratings by carId
[Info]15:02 ч. Retrieving the ratings by carId
[Info]15:02 ч. Retrieving the ratings by carId
[Info]15:02 ч. Retrieving the ratings by carId
[Info]15:03 ч. Retrieving the list of cars
[Info]15:03 ч. There are 6 cars in the fleet
[Info]15:03 ч. Retrieving the ratings by carId
[Info]15:03 ч. Retrieving the ratings by carId
[Info]15:03 ч. Retrieving the ratings by carId
[Info]15:03 ч. Retrieving the ratings by carId
[Info]15:03 ч. Retrieving the ratings by carId
[Info]15:03 ч. Retrieving the ratings by carId
[Info]15:03 ч. Retrieving the ratings by carId
[Info]15:03 ч. Retrieving the ratings by carId
[Info]15:03 ч. Retrieving the ratings by carId
[Info]15:03 ч. Retrieving the ratings by carId
[Info]15:05 ч. Retrieving the list of cars
[Info]15:05 ч. There are 6 cars in the fleet
[Info]15:05 ч. Retrieving the ratings by carId
[Info]15:05 ч. Retrieving the ratings by carId
[Info]15:05 ч. Retrieving the ratings by carId
[Info]15:05 ч. Retrieving the ratings by carId
[Info]15:05 ч. Retrieving the ratings by carId
[Info]15:05 ч. Retrieving the ratings by carId
[Info]15:05 ч. Retrieving the ratings by carId
[Info]15:05 ч. Retrieving the ratings by carId
[Info]15:05 ч. Retrieving the ratings by carId
[Info]15:05 ч. Retrieving the ratings by carId
[Info]15:05 ч. Retrieving the ratings by carId
[Info]15:05 ч. Retrieving the list of cars
[Info]15:05 ч. There are 6 cars in the fleet
[Info]15:05 ч. Retrieving the ratings by carId
[Info]15:05 ч. Retrieving the ratings by carId
[Info]15:05 ч. Retrieving the ratings by carId
[Info]15:05 ч. Retrieving the ratings by carId
[Info]15:05 ч. Retrieving the ratings by carId
[Info]15:05 ч. Retrieving the ratings by carId
[Info]15:05 ч. Retrieving the ratings by carId
[Info]15:05 ч. Retrieving the ratings by carId
[Info]15:05 ч. Retrieving the ratings by carId
[Info]15:05 ч. Retrieving the ratings by carId
[Info]15:05 ч. Retrieving the list of cars
[Info]15:05 ч. There are 6 cars in the fleet
[Info]15:05 ч. Retrieving the ratings by carId
[Info]15:05 ч. Retrieving the ratings by carId
[Info]15:05 ч. Retrieving the ratings by carId
[Info]15:05 ч. Retrieving the ratings by carId
[Info]15:05 ч. Retrieving the ratings by carId
[Info]15:05 ч. Retrieving the ratings by carId
[Info]15:05 ч. Retrieving the ratings by carId
[Info]15:05 ч. Retrieving the ratings by carId
[Info]15:05 ч. Retrieving the ratings by carId
[Info]15:05 ч. Retrieving the ratings by carId
[Info]15:06 ч. Retrieving the list of cars
[Info]15:06 ч. There are 6 cars in the fleet
[Info]15:06 ч. Retrieving the ratings by carId
[Info]15:06 ч. Retrieving the ratings by carId
[Info]15:06 ч. Retrieving the ratings by carId
[Info]15:06 ч. Retrieving the ratings by carId
[Info]15:06 ч. Retrieving the ratings by carId
[Info]15:06 ч. Retrieving the ratings by carId
[Info]15:06 ч. Retrieving the ratings by carId
[Info]15:06 ч. Retrieving the ratings by carId
[Info]15:06 ч. Retrieving the ratings by carId
[Info]15:06 ч. Retrieving the list of cars
[Info]15:06 ч. There are 6 cars in the fleet
[Info]15:06 ч. Retrieving the ratings by carId
[Info]15:06 ч. Retrieving the ratings by carId
[Info]15:06 ч. Retrieving the ratings by carId
[Info]15:06 ч. Retrieving the ratings by carId
[Info]15:06 ч. Retrieving the ratings by carId
[Info]15:06 ч. Retrieving the ratings by carId
[Info]15:06 ч. Retrieving the ratings by carId
[Info]15:06 ч. Retrieving the ratings by carId
[Info]15:06 ч. Retrieving the ratings by carId
[Info]15:07 ч. Retrieving the list of cars
[Info]15:07 ч. There are 6 cars in the fleet
[Info]15:07 ч. Retrieving the ratings by carId
[Info]15:07 ч. Retrieving the ratings by carId
[Info]15:07 ч. Retrieving the ratings by carId
[Info]15:07 ч. Retrieving the ratings by carId
[Info]15:07 ч. Retrieving the ratings by carId
[Info]15:07 ч. Retrieving the ratings by carId
[Info]15:07 ч. Retrieving the ratings by carId
[Info]15:07 ч. Retrieving the ratings by carId
[Info]15:07 ч. Retrieving the ratings by carId
[Info]15:07 ч. Retrieving the ratings by carId
[Info]15:07 ч. Retrieving the list of cars
[Info]15:07 ч. There are 6 cars in the fleet
[Info]15:07 ч. Retrieving the ratings by carId
[Info]15:07 ч. Retrieving the ratings by carId
[Info]15:07 ч. Retrieving the ratings by carId
[Info]15:07 ч. Retrieving the ratings by carId
[Info]15:07 ч. Retrieving the ratings by carId
[Info]15:07 ч. Retrieving the ratings by carId
[Info]15:07 ч. Retrieving the ratings by carId
[Info]15:07 ч. Retrieving the ratings by carId
[Info]15:07 ч. Retrieving the ratings by carId
[Info]15:07 ч. Retrieving the ratings by carId
[Info]15:07 ч. Retrieving the ratings by carId
[Info]15:13 ч. Retrieving the list of cars
[Info]15:13 ч. There are 6 cars in the fleet
[Info]15:19 ч. Retrieving the list of cars
[Info]15:19 ч. There are 6 cars in the fleet
[Info]15:20 ч. Retrieving the list of cars
[Info]15:28 ч. There are 6 cars in the fleet
[Info]15:29 ч. Retrieving the list of cars
[Info]15:29 ч. There are 6 cars in the fleet
[Info]15:31 ч. Retrieving the list of cars
[Info]15:31 ч. There are 6 cars in the fleet
[Info]15:32 ч. Retrieving the list of cars
[Info]15:32 ч. There are 6 cars in the fleet
[Info]15:57 ч. Retrieving the list of cars
[Info]15:57 ч. There are 3 cars in the fleet
[Info]15:57 ч. Retrieving the ratings by carId
[Info]15:57 ч. Retrieving the ratings by carId
[Info]15:57 ч. Retrieving the ratings by carId
[Info]15:57 ч. Retrieving the list of cars
[Info]15:57 ч. There are 3 cars in the fleet
[Info]15:57 ч. Retrieving the list of cars
[Info]15:57 ч. There are 3 cars in the fleet
[Info]15:57 ч. Retrieving the ratings by carId
[Info]15:57 ч. Retrieving the ratings by carId
[Info]15:57 ч. Retrieving the ratings by carId
[Info]15:57 ч. Retrieving the ratings by carId
[Info]15:57 ч. Retrieving the ratings by carId
[Info]15:57 ч. Retrieving the ratings by carId
[Info]15:57 ч. Retrieving the list of cars
[Info]15:57 ч. There are 3 cars in the fleet
[Info]15:58 ч. Retrieving the car by Id
[Info]15:58 ч. Retrieving the list of locations
[Info]15:58 ч. There are 3 locations in the fleet
[Info]15:59 ч. Retrieving the list of bookings
[Info]15:59 ч. There are 2 bookings in the fleet
[Info]15:59 ч. Retrieving the list of cars
[Info]15:59 ч. There are 3 cars in the fleet
[Info]15:59 ч. Retrieving the ratings by carId
[Info]15:59 ч. Retrieving the ratings by carId
[Info]15:59 ч. Retrieving the ratings by carId
[Info]15:59 ч. Retrieving the ratings by carId
[Info]15:59 ч. Retrieving the ratings by carId
[Info]16:03 ч. Retrieving the list of cars
[Info]16:03 ч. There are 3 cars in the fleet
[Info]16:03 ч. Retrieving the ratings by carId
[Info]16:03 ч. Retrieving the ratings by carId
[Info]16:03 ч. Retrieving the ratings by carId
[Info]16:03 ч. Retrieving the ratings by carId
[Info]16:03 ч. Retrieving the list of cars
[Info]16:03 ч. There are 3 cars in the fleet
[Info]16:03 ч. Retrieving the ratings by carId
[Info]16:03 ч. Retrieving the ratings by carId
[Info]16:03 ч. Retrieving the ratings by carId
[Info]16:03 ч. Retrieving the ratings by carId
[Info]16:03 ч. Retrieving the ratings by carId
[Info]16:03 ч. Retrieving the list of cars
[Info]16:03 ч. There are 3 cars in the fleet
[Info]16:03 ч. Retrieving the ratings by carId
[Info]16:03 ч. Retrieving the ratings by carId
[Info]16:03 ч. Retrieving the ratings by carId
[Info]16:03 ч. Retrieving the ratings by carId
[Info]16:03 ч. Retrieving the ratings by carId
[Info]16:03 ч. Retrieving the list of cars
[Info]16:03 ч. There are 3 cars in the fleet
[Info]16:03 ч. Retrieving the ratings by carId
[Info]16:03 ч. Retrieving the ratings by carId
[Info]16:03 ч. Retrieving the ratings by carId
[Info]16:03 ч. Retrieving the ratings by carId
[Info]16:08 ч. Retrieving the list of cars
[Info]16:08 ч. There are 3 cars in the fleet
[Info]16:08 ч. Retrieving the ratings by carId
[Info]16:08 ч. Retrieving the ratings by carId
[Info]16:08 ч. Retrieving the ratings by carId
[Info]16:08 ч. Retrieving the ratings by carId
[Info]16:08 ч. Retrieving the ratings by carId
[Info]16:08 ч. Retrieving the ratings by carId
[Info]16:08 ч. Retrieving the list of cars
[Info]16:08 ч. There are 3 cars in the fleet
[Info]16:08 ч. Retrieving the ratings by carId
[Info]16:08 ч. Retrieving the ratings by carId
[Info]16:08 ч. Retrieving the ratings by carId
[Info]16:08 ч. Retrieving the ratings by carId
[Info]16:09 ч. Retrieving the list of cars
[Info]16:09 ч. There are 3 cars in the fleet
[Info]16:09 ч. Retrieving the ratings by carId
[Info]16:09 ч. Retrieving the ratings by carId
[Info]16:09 ч. Retrieving the ratings by carId
[Info]16:09 ч. Retrieving the ratings by carId
[Info]16:09 ч. Retrieving the ratings by carId
[Info]16:13 ч. Retrieving the list of cars
[Info]16:13 ч. There are 3 cars in the fleet
[Info]16:13 ч. Retrieving the list of cars
[Info]16:13 ч. There are 3 cars in the fleet
[Info]16:13 ч. Retrieving the ratings by carId
[Info]16:13 ч. Retrieving the ratings by carId
[Info]16:13 ч. Retrieving the ratings by carId
[Info]16:13 ч. Retrieving the ratings by carId
[Info]16:13 ч. Retrieving the ratings by carId
[Info]16:13 ч. Retrieving the list of cars
[Info]16:13 ч. There are 3 cars in the fleet
[Info]16:13 ч. Retrieving the car by Id
[Info]16:14 ч. Retrieving the list of cars
[Info]16:14 ч. There are 3 cars in the fleet
[Info]16:14 ч. Retrieving the list of cars
[Info]16:14 ч. There are 3 cars in the fleet
[Info]16:14 ч. Retrieving the ratings by carId
[Info]16:14 ч. Retrieving the ratings by carId
[Info]16:14 ч. Retrieving the ratings by carId
[Info]16:14 ч. Retrieving the ratings by carId
[Info]16:14 ч. Retrieving the ratings by carId
[Info]16:14 ч. Retrieving the ratings by carId
[Info]16:19 ч. Retrieving the list of cars
[Info]16:19 ч. There are 3 cars in the fleet
[Info]16:19 ч. Retrieving the car by Id
[Info]16:20 ч. Retrieving the list of cars
[Info]16:20 ч. There are 3 cars in the fleet
[Info]16:20 ч. Retrieving the ratings by carId
[Info]16:20 ч. Retrieving the ratings by carId
[Info]16:20 ч. Retrieving the ratings by carId
[Info]16:20 ч. Retrieving the ratings by carId
[Info]16:20 ч. Retrieving the ratings by carId
[Info]16:20 ч. Retrieving the list of cars
[Info]16:20 ч. There are 3 cars in the fleet
[Info]16:20 ч. Retrieving the ratings by carId
[Info]16:20 ч. Retrieving the ratings by carId
[Info]16:20 ч. Retrieving the ratings by carId
[Info]16:20 ч. Retrieving the ratings by carId
[Info]16:20 ч. Retrieving the list of cars
[Info]16:20 ч. There are 3 cars in the fleet
[Info]16:20 ч. Retrieving the car by Id
[Info]16:20 ч. 0 was given  at 16:20:22.7380671
[Info]16:20 ч. Retrieving the list of cars
[Info]16:20 ч. There are 3 cars in the fleet
[Info]16:20 ч. Retrieving the ratings by carId
[Info]16:20 ч. Retrieving the ratings by carId
[Info]16:20 ч. Retrieving the ratings by carId
[Info]16:20 ч. Retrieving the ratings by carId
[Info]16:20 ч. Retrieving the ratings by carId
[Info]16:22 ч. Retrieving the list of cars
[Info]16:22 ч. There are 3 cars in the fleet
[Info]16:22 ч. Retrieving the car by Id
[Info]16:22 ч. 0 was given  at 16:22:44.5193618
[Info]16:22 ч. Retrieving the list of cars
[Info]16:22 ч. There are 3 cars in the fleet
[Info]16:22 ч. Retrieving the car by Id
[Info]16:22 ч. 0 was given  at 16:22:48.9099412
[Info]16:22 ч. Retrieving the list of cars
[Info]16:22 ч. There are 3 cars in the fleet
[Info]16:22 ч. Retrieving the car by Id
[Info]16:22 ч. 0 was given  at 16:22:53.5776379
[Info]16:22 ч. Retrieving the list of cars
[Info]16:22 ч. There are 3 cars in the fleet
[Info]16:22 ч. Retrieving the car by Id
[Info]16:22 ч. 0 was given  at 16:22:58.7460327
[Info]16:23 ч. Retrieving the list of cars
[Info]16:23 ч. There are 3 cars in the fleet
[Info]16:23 ч. Retrieving the car by Id
[Info]16:23 ч. Retrieving the list of cars
[Info]16:23 ч. There are 3 cars in the fleet
[Info]16:23 ч. Retrieving the ratings by carId
[Info]16:23 ч. Retrieving the ratings by carId
[Info]16:23 ч. Retrieving the ratings by carId
[Info]16:23 ч. Retrieving the ratings by carId
[Info]16:23 ч. Retrieving the ratings by carId
[Info]16:23 ч. Retrieving the ratings by carId
[Info]16:24 ч. Retrieving the list of cars
[Info]16:24 ч. There are 3 cars in the fleet
[Info]16:24 ч. Retrieving the ratings by carId
[Info]16:24 ч. Retrieving the ratings by carId
[Info]16:24 ч. Retrieving the ratings by carId
[Info]16:24 ч. Retrieving the ratings by carId
[Info]16:24 ч. Retrieving the ratings by carId
[Info]16:24 ч. Retrieving the ratings by carId
[Info]16:27 ч. Retrieving the list of cars
[Info]16:27 ч. There are 3 cars in the fleet
[Info]16:27 ч. Retrieving the car by Id
[Info]16:27 ч. 0 was given  at 16:27:23.1036911
[Info]16:29 ч. 0 was given  at 16:29:02.5217438
[Info]16:31 ч. 5 was given  at 16:31:09.2953155
[Info]16:33 ч. Retrieving the list of cars
[Info]16:33 ч. There are 3 cars in the fleet
[Info]16:33 ч. Retrieving the ratings by carId
[Info]16:33 ч. Retrieving the ratings by carId
[Info]16:33 ч. Retrieving the ratings by carId
[Info]16:33 ч. Retrieving the ratings by carId
[Info]16:33 ч. Retrieving the ratings by carId
[Info]16:33 ч. Retrieving the car by Id
[Info]16:33 ч. 0 was given  at 16:33:30.5317073
[Info]16:37 ч. Retrieving the list of cars
[Info]16:37 ч. There are 3 cars in the fleet
[Info]16:37 ч. Retrieving the ratings by carId
[Info]16:37 ч. Retrieving the ratings by carId
[Info]16:37 ч. Retrieving the ratings by carId
[Info]16:37 ч. Retrieving the car by Id
[Info]16:37 ч. 0 was given  at 16:37:35.2649142
[Info]16:38 ч. Retrieving the car by Id
[Info]16:38 ч. 0 was given  at 16:38:57.7890957
[Info]16:39 ч. Retrieving the car by Id
[Info]16:39 ч. 0 was given  at 16:39:18.2263762
[Info]16:42 ч. Retrieving the car by Id
[Info]16:42 ч. 0 was given  at 16:42:37.4032193
[Info]16:44 ч. Retrieving the car by Id
[Info]16:44 ч. 0 was given  at 16:44:48.5910007
[Info]16:44 ч. 0 was given  at 16:44:48.6197414
[Info]16:45 ч. Retrieving the car by Id
[Info]16:45 ч. 0 was given  at 16:45:49.7100133
[Info]16:47 ч. Retrieving the list of cars
[Info]16:47 ч. There are 3 cars in the fleet
[Info]16:47 ч. Retrieving the ratings by carId
[Info]16:47 ч. Retrieving the ratings by carId
[Info]16:47 ч. Retrieving the ratings by carId
[Info]16:47 ч. Retrieving the ratings by carId
[Info]16:47 ч. Retrieving the ratings by carId
[Info]16:47 ч. Retrieving the ratings by carId
[Info]16:47 ч. Retrieving the list of cars
[Info]16:47 ч. There are 3 cars in the fleet
[Info]17:20 ч. Retrieving the list of cars
[Info]17:20 ч. There are 3 cars in the fleet
[Info]17:20 ч. Retrieving the ratings by carId
[Info]17:20 ч. Retrieving the ratings by carId
[Info]17:20 ч. Retrieving the ratings by carId
[Info]17:20 ч. Retrieving the ratings by carId
[Info]17:20 ч. Retrieving the car by Id
[Info]17:20 ч. 0 was given  at 17:20:59.1016631
[Info]17:23 ч. Retrieving the car by Id
[Info]17:23 ч. Retrieving the list of cars
[Info]17:23 ч. There are 3 cars in the fleet
[Info]17:33 ч. Retrieving the list of cars
[Info]17:33 ч. There are 3 cars in the fleet
[Info]17:33 ч. Retrieving the list of cars
[Info]17:33 ч. There are 3 cars in the fleet
[Info]17:37 ч. Retrieving the list of cars
[Info]17:37 ч. There are 3 cars in the fleet
[Info]17:40 ч. Retrieving the list of cars
[Info]17:40 ч. There are 3 cars in the fleet
[Info]17:45 ч. Retrieving the list of cars
[Info]17:45 ч. There are 3 cars in the fleet
[Info]17:45 ч. Retrieving the list of cars
[Info]17:45 ч. There are 3 cars in the fleet
[Info]17:45 ч. Retrieving the ratings by carId
[Info]17:45 ч. Retrieving the ratings by carId
[Info]17:45 ч. Retrieving the ratings by carId
[Info]17:46 ч. Retrieving the list of cars
[Info]17:46 ч. There are 3 cars in the fleet
[Info]17:46 ч. Retrieving the car by Id
[Info]21:39 ч. Retrieving the car by Id
[Info]21:45 ч. Retrieving the list of cars
[Info]21:45 ч. There are 3 cars in the fleet
[Info]21:45 ч. Retrieving the ratings by carId
[Info]21:45 ч. Retrieving the ratings by carId
[Info]21:45 ч. Retrieving the ratings by carId
[Info]21:45 ч. Retrieving the ratings by carId
[Info]21:45 ч. Retrieving the ratings by carId
[Info]21:45 ч. Retrieving the list of cars
[Info]21:45 ч. There are 3 cars in the fleet
[Info]21:45 ч. Retrieving the ratings by carId
[Info]21:45 ч. Retrieving the ratings by carId
[Info]21:45 ч. Retrieving the ratings by carId
[Info]21:45 ч. Retrieving the ratings by carId
[Info]21:45 ч. Retrieving the list of categories
[Info]21:45 ч. There are 3 categories in the fleet
[Info]21:45 ч. Retrieving the list of categories
[Info]21:45 ч. There are 3 categories in the fleet
[Info]21:46 ч. Retrieving the list of categories
[Info]21:46 ч. There are 3 categories in the fleet
[Info]21:47 ч. Retrieving the list of categories
[Info]21:47 ч. There are 3 categories in the fleet
[Info]21:47 ч. Retrieving the list of categories
[Info]21:47 ч. There are 3 categories in the fleet
[Info]21:57 ч. Retrieving the list of categories
[Info]21:57 ч. There are 3 categories in the fleet
[Info]22:00 ч. Retrieving the list of categories
[Info]22:00 ч. There are 3 categories in the fleet
[Info]22:04 ч. Retrieving the list of categories
[Info]22:04 ч. There are 3 categories in the fleet
[Info]22:05 ч. Retrieving the list of categories
[Info]22:05 ч. There are 3 categories in the fleet
[Info]22:06 ч. Retrieving the list of categories
[Info]22:06 ч. There are 3 categories in the fleet
[Info]22:07 ч. Retrieving the list of categories
[Info]22:07 ч. There are 3 categories in the fleet
[Info]22:08 ч. Retrieving the list of categories
[Info]22:08 ч. There are 3 categories in the fleet
[Info]22:08 ч. Retrieving the list of categories
[Info]22:08 ч. There are 3 categories in the fleet
[Info]22:09 ч. Retrieving the list of categories
[Info]22:09 ч. There are 3 categories in the fleet
[Info]22:10 ч. Retrieving the list of categories
[Info]22:10 ч. There are 3 categories in the fleet
[Info]22:10 ч. Retrieving the list of categories
[Info]22:10 ч. There are 3 categories in the fleet
[Info]22:10 ч. Retrieving the list of categories
[Info]22:10 ч. There are 3 categories in the fleet
[Info]22:10 ч. Retrieving the list of categories
[Info]22:10 ч. There are 3 categories in the fleet
[Info]22:10 ч. Retrieving the list of categories
[Info]22:10 ч. There are 3 categories in the fleet
[Info]22:15 ч. Retrieving the list of categories
[Info]22:15 ч. There are 3 categories in the fleet
[Info]22:27 ч. Retrieving the list of categories
[Info]22:27 ч. There are 3 categories in the fleet
[Info]22:28 ч. Retrieving the list of categories
[Info]22:28 ч. There are 3 categories in the fleet
[Info]22:28 ч. Retrieving the list of categories
[Info]22:28 ч. There are 3 categories in the fleet
[Info]22:29 ч. Retrieving the list of categories
[Info]22:29 ч. There are 3 categories in the fleet
[Info]22:30 ч. Retrieving the list of categories
[Info]22:30 ч. There are 3 categories in the fleet
[Info]22:30 ч. Retrieving the list of categories
[Info]22:30 ч. There are 3 categories in the fleet
[Info]22:30 ч. Retrieving the list of categories
[Info]22:30 ч. There are 3 categories in the fleet
[Info]22:31 ч. Retrieving the list of categories
[Info]22:31 ч. There are 3 categories in the fleet
[Info]22:32 ч. Retrieving the list of categories
[Info]22:32 ч. There are 3 categories in the fleet
[Info]22:32 ч. Retrieving the list of categories
[Info]22:32 ч. There are 3 categories in the fleet
[Info]22:35 ч. Retrieving the list of categories
[Info]22:35 ч. There are 3 categories in the fleet
[Info]22:35 ч. Retrieving the list of categories
[Info]22:35 ч. There are 3 categories in the fleet
[Info]22:35 ч. Retrieving the list of categories
[Info]22:35 ч. There are 3 categories in the fleet
[Info]22:35 ч. Retrieving the list of categories
[Info]22:35 ч. There are 3 categories in the fleet
[Info]22:35 ч. Retrieving the list of categories
[Info]22:35 ч. There are 3 categories in the fleet
[Info]22:35 ч. Retrieving the list of cars
[Info]22:35 ч. There are 3 cars in the fleet
[Info]22:37 ч. Retrieving the list of categories
[Info]22:37 ч. There are 3 categories in the fleet
[Info]22:37 ч. Retrieving the list of categories
[Info]22:37 ч. There are 3 categories in the fleet
[Info]22:38 ч. Retrieving the list of categories
[Info]22:38 ч. There are 3 categories in the fleet
[Info]22:40 ч. Retrieving the list of categories
[Info]22:40 ч. There are 3 categories in the fleet
[Info]22:40 ч. Retrieving the list of categories
[Info]22:40 ч. There are 3 categories in the fleet
[Info]22:40 ч. Retrieving the list of categories
[Info]22:40 ч. There are 3 categories in the fleet
[Info]22:40 ч. Retrieving the list of categories
[Info]22:40 ч. There are 3 categories in the fleet
[Info]22:40 ч. Retrieving the list of categories
[Info]22:40 ч. There are 3 categories in the fleet
[Info]22:40 ч. Retrieving the list of categories
[Info]22:40 ч. There are 3 categories in the fleet
[Info]22:40 ч. Retrieving the list of categories
[Info]22:40 ч. There are 3 categories in the fleet
[Info]22:40 ч. Retrieving the list of categories
[Info]22:40 ч. There are 3 categories in the fleet
[Info]22:40 ч. Retrieving the list of cars
[Info]22:40 ч. There are 3 cars in the fleet
[Info]23:00 ч. Retrieving the list of categories
[Info]23:00 ч. There are 3 categories in the fleet
[Info]23:01 ч. Retrieving the list of categories
[Info]23:01 ч. There are 3 categories in the fleet
[Info]23:01 ч. Retrieving the list of categories
[Info]23:01 ч. There are 3 categories in the fleet
[Info]23:02 ч. Retrieving the list of categories
[Info]23:02 ч. There are 3 categories in the fleet
[Info]23:02 ч. Retrieving the list of categories
[Info]23:02 ч. There are 3 categories in the fleet
[Info]23:04 ч. Retrieving the list of categories
[Info]23:04 ч. There are 3 categories in the fleet
[Info]23:04 ч. Retrieving the list of categories
[Info]23:04 ч. There are 3 categories in the fleet
[Info]23:04 ч. Retrieving the list of categories
[Info]23:04 ч. There are 3 categories in the fleet
[Info]23:04 ч. Retrieving the list of categories
[Info]23:04 ч. There are 3 categories in the fleet
[Info]23:05 ч. Retrieving the list of categories
[Info]23:05 ч. There are 3 categories in the fleet
[Info]23:05 ч. Retrieving the list of categories
[Info]23:05 ч. There are 3 categories in the fleet
[Info]23:05 ч. Retrieving the list of categories
[Info]23:05 ч. There are 3 categories in the fleet
[Info]23:05 ч. Retrieving the list of categories
[Info]23:05 ч. There are 3 categories in the fleet
[Info]23:05 ч. Retrieving the list of categories
[Info]23:05 ч. There are 3 categories in the fleet
[Info]23:06 ч. Retrieving the list of categories
[Info]23:06 ч. There are 3 categories in the fleet
[Info]23:06 ч. Retrieving the list of categories
[Info]23:06 ч. There are 3 categories in the fleet
[Info]23:06 ч. Retrieving the list of categories
[Info]23:06 ч. There are 3 categories in the fleet
[Info]23:06 ч. Retrieving the list of categories
[Info]23:06 ч. There are 3 categories in the fleet
[Info]23:07 ч. Retrieving the list of categories
[Info]23:07 ч. There are 3 categories in the fleet
[Info]23:08 ч. Retrieving the list of categories
[Info]23:08 ч. There are 3 categories in the fleet
[Info]23:09 ч. Retrieving the list of categories
[Info]23:09 ч. There are 3 categories in the fleet
[Info]23:09 ч. Retrieving the list of categories
[Info]23:09 ч. There are 3 categories in the fleet
[Info]23:10 ч. Retrieving the list of categories
[Info]23:10 ч. There are 3 categories in the fleet
[Info]23:10 ч. Retrieving the list of categories
[Info]23:10 ч. There are 3 categories in the fleet
[Info]23:10 ч. Retrieving the list of categories
[Info]23:10 ч. There are 3 categories in the fleet
[Info]23:11 ч. Retrieving the list of categories
[Info]23:11 ч. There are 3 categories in the fleet
[Info]23:11 ч. Retrieving the list of categories
[Info]23:11 ч. There are 3 categories in the fleet
[Info]23:11 ч. Retrieving the list of categories
[Info]23:11 ч. There are 3 categories in the fleet
[Info]23:11 ч. Retrieving the list of categories
[Info]23:11 ч. There are 3 categories in the fleet
[Info]23:12 ч. Retrieving the list of categories
[Info]23:12 ч. There are 3 categories in the fleet
[Info]23:12 ч. Retrieving the list of categories
[Info]23:12 ч. There are 3 categories in the fleet
[Info]23:12 ч. Retrieving the list of categories
[Info]23:12 ч. There are 3 categories in the fleet
[Info]23:12 ч. Retrieving the list of categories
[Info]23:12 ч. There are 3 categories in the fleet
[Info]23:12 ч. Retrieving the list of categories
[Info]23:12 ч. There are 3 categories in the fleet
[Info]23:12 ч. Retrieving the list of categories
[Info]23:12 ч. There are 3 categories in the fleet
[Info]23:12 ч. Retrieving the list of categories
[Info]23:12 ч. There are 3 categories in the fleet
[Info]23:13 ч. Retrieving the list of categories
[Info]23:13 ч. There are 3 categories in the fleet
[Info]23:13 ч. Retrieving the list of categories
[Info]23:13 ч. There are 3 categories in the fleet
[Info]23:13 ч. Retrieving the list of categories
[Info]23:13 ч. There are 3 categories in the fleet
[Info]23:13 ч. Retrieving the list of categories
[Info]23:13 ч. There are 3 categories in the fleet
[Info]23:13 ч. Retrieving the list of categories
[Info]23:13 ч. There are 3 categories in the fleet
[Info]23:15 ч. Retrieving the list of categories
[Info]23:15 ч. There are 3 categories in the fleet
[Info]23:15 ч. Retrieving the list of categories
[Info]23:15 ч. There are 3 categories in the fleet
[Info]23:15 ч. Retrieving the list of categories
[Info]23:15 ч. There are 3 categories in the fleet
[Info]23:15 ч. Retrieving the list of categories
[Info]23:15 ч. There are 3 categories in the fleet
[Info]23:16 ч. Retrieving the list of categories
[Info]23:16 ч. There are 3 categories in the fleet
[Info]23:16 ч. Retrieving the list of categories
[Info]23:16 ч. There are 3 categories in the fleet
[Info]23:16 ч. Retrieving the list of categories
[Info]23:16 ч. There are 3 categories in the fleet
[Info]23:16 ч. Retrieving the list of categories
[Info]23:16 ч. There are 3 categories in the fleet
[Info]23:17 ч. Retrieving the list of categories
[Info]23:17 ч. There are 3 categories in the fleet
[Info]23:18 ч. Retrieving the list of categories
[Info]23:18 ч. There are 3 categories in the fleet
[Info]23:18 ч. Retrieving the list of categories
[Info]23:18 ч. There are 3 categories in the fleet
[Info]23:18 ч. Retrieving the list of categories
[Info]23:18 ч. There are 3 categories in the fleet
[Info]23:18 ч. Retrieving the list of categories
[Info]23:18 ч. There are 3 categories in the fleet
[Info]23:19 ч. Retrieving the list of categories
[Info]23:19 ч. There are 3 categories in the fleet
[Info]23:19 ч. Retrieving the list of categories
[Info]23:19 ч. There are 3 categories in the fleet
[Info]23:19 ч. Retrieving the list of categories
[Info]23:19 ч. There are 3 categories in the fleet
[Info]23:21 ч. Retrieving the list of categories
[Info]23:21 ч. There are 3 categories in the fleet
[Info]23:23 ч. Retrieving the list of categories
[Info]23:23 ч. There are 3 categories in the fleet
[Info]23:23 ч. Retrieving the list of cars
[Info]23:23 ч. There are 3 cars in the fleet
[Info]23:23 ч. Retrieving the list of cars
[Info]23:23 ч. There are 3 cars in the fleet
[Info]23:23 ч. Retrieving the ratings by carId
[Info]23:23 ч. Retrieving the ratings by carId
[Info]23:24 ч. Retrieving the list of cars
[Info]23:24 ч. There are 3 cars in the fleet
[Info]23:24 ч. Retrieving the list of categories
[Info]23:24 ч. There are 3 categories in the fleet
[Info]23:24 ч. Retrieving the list of cars
[Info]23:24 ч. There are 3 cars in the fleet
[Info]23:24 ч. Retrieving the list of cars
[Info]23:24 ч. There are 3 cars in the fleet
