[Info]21:52 ч. Request Sent
[Info]21:52 ч. Retrieving the list of cars
[Info]21:52 ч. There are 19 cars in the fleet
[Info]21:52 ч. Response Sent
[Info]21:53 ч. Request Sent
[Info]21:53 ч. Response Sent
[Info]21:53 ч. Request Sent
[Info]21:53 ч. Response Sent
[Info]21:53 ч. Request Sent
[Info]21:53 ч. Response Sent
[Info]21:53 ч. Request Sent
[Info]21:53 ч. Retrieving the list of cars
[Info]21:53 ч. There are 19 cars in the fleet
[Info]21:53 ч. Response Sent
[Info]21:53 ч. Request Sent
[Info]21:53 ч. Response Sent
[Info]21:53 ч. Request Sent
[Info]21:53 ч. Response Sent
[Info]21:53 ч. Request Sent
[Info]21:53 ч. Request Sent
[Info]21:53 ч. Retrieving the ratings by carId
[Info]21:53 ч. Response Sent
[Info]21:53 ч. Response Sent
[Info]21:53 ч. Request Sent
[Info]21:53 ч. Response Sent
[Info]21:53 ч. Request Sent
[Info]21:53 ч. Retrieving the list of cars
[Info]21:53 ч. There are 5 cars in the fleet
[Info]21:53 ч. Response Sent
[Info]21:53 ч. Request Sent
[Info]21:53 ч. Response Sent
[Info]21:53 ч. Request Sent
[Info]21:53 ч. Retrieving the list of categories
[Info]21:53 ч. There are 7 categories in the fleet
[Info]21:53 ч. Response Sent
[Info]21:53 ч. Request Sent
[Info]21:53 ч. Response Sent
[Info]21:53 ч. Request Sent
[Info]21:53 ч. Retrieving the renter by Id
[Info]21:53 ч. Response Sent
[Info]21:53 ч. Request Sent
[Info]21:53 ч. Retrieving the renter by Id
[Info]21:53 ч. Response Sent
[Info]21:53 ч. Request Sent
[Info]21:53 ч. Response Sent
[Info]21:53 ч. Request Sent
[Info]21:53 ч. Response Sent
[Info]21:53 ч. Request Sent
[Info]21:53 ч. Response Sent
[Info]21:53 ч. Request Sent
[Info]21:53 ч. Retrieving the renter by Id
[Info]21:53 ч. Response Sent
[Info]21:53 ч. Request Sent
[Info]21:53 ч. Response Sent
[Info]21:53 ч. Request Sent
[Info]21:53 ч. User logged out the system.
[Info]21:53 ч. Response Sent
[Info]21:53 ч. Request Sent
[Info]21:53 ч. Response Sent
[Info]21:53 ч. Request Sent
[Info]21:53 ч. Response Sent
[Info]21:53 ч. Request Sent
[Info]21:53 ч. Response Sent
[Info]21:53 ч. Request Sent
[Info]21:53 ч. Retrieving the list of bookings
[Info]21:53 ч. There are 2 bookings in the fleet
[Info]21:53 ч. Response Sent
[Info]21:53 ч. Request Sent
[Info]21:53 ч. Response Sent
[Info]21:53 ч. Request Sent
[Info]21:53 ч. Retrieving the list of cars
[Info]21:53 ч. There are 19 cars in the fleet
[Info]21:53 ч. Response Sent
[Info]21:54 ч. Request Sent
[Info]21:54 ч. Response Sent
[Info]21:54 ч. Request Sent
[Info]21:54 ч. Response Sent
[Info]21:54 ч. Request Sent
[Info]21:54 ч. Retrieving the car by Id
[Info]21:54 ч. Response Sent
[Info]21:54 ч. Response Sent
[Info]21:54 ч. Request Sent
[Info]21:54 ч. Response Sent
[Info]21:54 ч. Request Sent
[Info]21:54 ч. Retrieving the list of locations
[Info]21:54 ч. There are 5 locations in the fleet
[Info]21:54 ч. Response Sent
[Info]21:54 ч. Request Sent
[Info]21:54 ч. Response Sent
[Info]21:54 ч. Request Sent
[Info]21:54 ч. A new booking was created  at 21:54:20.1898342
[Info]21:54 ч. Response Sent
[Info]21:54 ч. Request Sent
[Info]21:54 ч. Response Sent
[Info]21:54 ч. Request Sent
[Info]21:54 ч. Retrieving the list of bookings
[Info]21:54 ч. There are 3 bookings in the fleet
[Info]21:54 ч. Response Sent
[Info]21:54 ч. Request Sent
[Info]21:54 ч. Response Sent
[Info]21:54 ч. Request Sent
[Info]21:54 ч. A booking was deleted from the list
[Info]21:54 ч. Response Sent
[Info]21:54 ч. Request Sent
[Info]21:54 ч. Response Sent
[Info]21:54 ч. Request Sent
[Info]21:54 ч. Retrieving the list of bookings
[Info]21:54 ч. There are 2 bookings in the fleet
[Info]21:54 ч. Response Sent
[Info]21:54 ч. Request Sent
[Info]21:54 ч. Response Sent
[Info]21:54 ч. Request Sent
[Info]21:54 ч. User logged out the system.
[Info]21:54 ч. Response Sent
[Info]21:54 ч. Request Sent
[Info]21:54 ч. Retrieving the list of cars
[Info]21:54 ч. There are 19 cars in the fleet
[Info]21:54 ч. Response Sent
[Info]21:57 ч. Request Sent
[Info]21:57 ч. Retrieving the list of cars
[Info]21:57 ч. There are 19 cars in the fleet
[Info]21:57 ч. Response Sent
[Info]21:57 ч. Request Sent
[Info]21:57 ч. Response Sent
[Info]21:57 ч. Request Sent
[Info]21:57 ч. Response Sent
[Info]21:57 ч. Request Sent
[Info]21:57 ч. Response Sent
[Info]21:57 ч. Request Sent
[Info]21:57 ч. User logged out the system.
[Info]21:57 ч. Response Sent
[Info]21:58 ч. Request Sent
[Info]21:58 ч. Response Sent
[Info]21:58 ч. Request Sent
[Info]21:58 ч. Response Sent
[Info]21:58 ч. Request Sent
[Info]21:58 ч. Response Sent
[Info]21:58 ч. Request Sent
[Info]21:58 ч. User logged out the system.
[Info]21:58 ч. Response Sent
