[Info]19:11 ч. Request Sent
[Info]19:11 ч. Response Sent
[Info]19:11 ч. Request Sent
[Info]19:11 ч. User logged out the system.
[Info]19:11 ч. Response Sent
[Info]19:12 ч. Request Sent
[Info]19:12 ч. Retrieving the list of cars
[Info]19:12 ч. There are 9 cars in the fleet
[Info]19:12 ч. Response Sent
[Info]19:12 ч. Request Sent
[Info]19:12 ч. Request Sent
[Info]19:12 ч. Request Sent
[Info]19:12 ч. Request Sent
[Info]19:12 ч. Request Sent
[Info]19:12 ч. Retrieving the ratings by carId
[Info]19:12 ч. Retrieving the ratings by carId
[Info]19:12 ч. Response Sent
[Info]19:12 ч. Response Sent
[Info]19:12 ч. Response Sent
[Info]19:12 ч. Request Sent
[Info]19:12 ч. Request Sent
[Info]19:12 ч. Retrieving the ratings by carId
[Info]19:12 ч. Retrieving the ratings by carId
[Info]19:12 ч. Request Sent
[Info]19:12 ч. Retrieving the ratings by carId
[Info]19:12 ч. Request Sent
[Info]19:12 ч. Retrieving the ratings by carId
[Info]19:12 ч. Retrieving the ratings by carId
[Info]19:12 ч. Retrieving the ratings by carId
[Info]19:12 ч. Response Sent
[Info]19:12 ч. Response Sent
[Info]19:12 ч. Response Sent
[Info]19:12 ч. Request Sent
[Info]19:12 ч. Request Sent
[Info]19:12 ч. Retrieving the ratings by carId
[Info]19:12 ч. Retrieving the ratings by carId
[Info]19:12 ч. Retrieving the ratings by carId
[Info]19:12 ч. Response Sent
[Info]19:12 ч. Request Sent
[Info]19:12 ч. Retrieving the ratings by carId
[Info]19:12 ч. Response Sent
[Info]19:12 ч. Request Sent
[Info]19:12 ч. Response Sent
[Info]19:12 ч. Request Sent
[Info]19:12 ч. Retrieving the ratings by carId
[Info]19:12 ч. Retrieving the ratings by carId
[Info]19:12 ч. Response Sent
[Info]19:12 ч. Response Sent
[Info]19:12 ч. Response Sent
[Info]19:13 ч. Request Sent
[Info]19:13 ч. Response Sent
[Info]19:13 ч. Request Sent
[Info]19:13 ч. Response Sent
[Info]19:13 ч. Request Sent
[Info]19:13 ч. Response Sent
[Info]19:13 ч. Response Sent
[Info]19:13 ч. Request Sent
[Info]19:13 ч. Retrieving the renter by Id
[Info]19:13 ч. Response Sent
[Info]19:13 ч. Request Sent
[Info]19:13 ч. Retrieving the renter by Id
[Info]19:13 ч. Response Sent
[Info]19:13 ч. Request Sent
[Info]19:13 ч. Retrieving the list of categories
[Info]19:13 ч. There are 7 categories in the fleet
[Info]19:13 ч. Response Sent
[Info]19:13 ч. Request Sent
[Info]19:13 ч. Retrieving the list of cars
[Info]19:13 ч. There are 9 cars in the fleet
[Info]19:13 ч. Response Sent
[Info]19:13 ч. Request Sent
[Info]19:13 ч. Retrieving the list of cars
[Info]19:13 ч. There are 9 cars in the fleet
[Info]19:13 ч. Response Sent
[Info]19:13 ч. Request Sent
[Info]19:13 ч. Request Sent
[Info]19:13 ч. Retrieving the ratings by carId
[Info]19:13 ч. Request Sent
[Info]19:13 ч. Retrieving the ratings by carId
[Info]19:13 ч. Request Sent
[Info]19:13 ч. Retrieving the ratings by carId
[Info]19:13 ч. Request Sent
[Info]19:13 ч. Response Sent
[Info]19:13 ч. Retrieving the ratings by carId
[Info]19:13 ч. Response Sent
[Info]19:13 ч. Retrieving the ratings by carId
[Info]19:13 ч. Request Sent
[Info]19:13 ч. Retrieving the ratings by carId
[Info]19:13 ч. Request Sent
[Info]19:13 ч. Retrieving the ratings by carId
[Info]19:14 ч. Response Sent
[Info]19:14 ч. Request Sent
[Info]19:14 ч. Retrieving the ratings by carId
[Info]19:14 ч. Response Sent
[Info]19:14 ч. Response Sent
[Info]19:14 ч. Response Sent
[Info]19:14 ч. Request Sent
[Info]19:14 ч. Retrieving the ratings by carId
[Info]19:14 ч. Response Sent
[Info]19:14 ч. Retrieving the ratings by carId
[Info]19:14 ч. Response Sent
[Info]19:14 ч. Response Sent
[Info]19:14 ч. Response Sent
[Info]19:14 ч. Response Sent
[Info]19:14 ч. Request Sent
[Info]19:14 ч. Response Sent
[Info]19:14 ч. Request Sent
[Info]19:14 ч. User logged out the system.
[Info]19:14 ч. Response Sent
[Info]19:14 ч. Request Sent
[Info]19:14 ч. Response Sent
[Info]19:14 ч. Request Sent
[Info]19:14 ч. Response Sent
[Info]19:14 ч. Request Sent
[Info]19:14 ч. Retrieving the list of cars
[Info]19:14 ч. There are 9 cars in the fleet
[Info]19:14 ч. Response Sent
[Info]19:14 ч. Request Sent
[Info]19:14 ч. Retrieving the ratings by carId
[Info]19:14 ч. Request Sent
[Info]19:14 ч. Request Sent
[Info]19:14 ч. Retrieving the ratings by carId
[Info]19:14 ч. Retrieving the ratings by carId
[Info]19:14 ч. Request Sent
[Info]19:14 ч. Response Sent
[Info]19:14 ч. Retrieving the ratings by carId
[Info]19:14 ч. Request Sent
[Info]19:14 ч. Request Sent
[Info]19:14 ч. Retrieving the ratings by carId
[Info]19:14 ч. Retrieving the ratings by carId
[Info]19:14 ч. Response Sent
[Info]19:14 ч. Request Sent
[Info]19:14 ч. Retrieving the ratings by carId
[Info]19:14 ч. Request Sent
[Info]19:14 ч. Retrieving the ratings by carId
[Info]19:14 ч. Response Sent
[Info]19:14 ч. Request Sent
[Info]19:14 ч. Response Sent
[Info]19:14 ч. Request Sent
[Info]19:14 ч. Retrieving the ratings by carId
[Info]19:14 ч. Response Sent
[Info]19:14 ч. Request Sent
[Info]19:14 ч. Retrieving the ratings by carId
[Info]19:14 ч. Response Sent
[Info]19:14 ч. Response Sent
[Info]19:14 ч. Response Sent
[Info]19:14 ч. Response Sent
[Info]19:14 ч. Response Sent
[Info]19:14 ч. Response Sent
[Info]19:14 ч. Request Sent
[Info]19:14 ч. Retrieving the list of bookings
[Info]19:14 ч. There are 6 bookings in the fleet
[Info]19:14 ч. Response Sent
[Info]19:14 ч. Request Sent
[Info]19:14 ч. Retrieving the list of cars
[Info]19:14 ч. There are 9 cars in the fleet
[Info]19:14 ч. Response Sent
[Info]19:14 ч. Request Sent
[Info]19:14 ч. Request Sent
[Info]19:14 ч. Retrieving the ratings by carId
[Info]19:14 ч. Request Sent
[Info]19:14 ч. Request Sent
[Info]19:14 ч. Retrieving the ratings by carId
[Info]19:14 ч. Retrieving the ratings by carId
[Info]19:14 ч. Retrieving the ratings by carId
[Info]19:14 ч. Response Sent
[Info]19:14 ч. Request Sent
[Info]19:14 ч. Retrieving the ratings by carId
[Info]19:14 ч. Response Sent
[Info]19:14 ч. Response Sent
[Info]19:14 ч. Response Sent
[Info]19:14 ч. Request Sent
[Info]19:14 ч. Request Sent
[Info]19:14 ч. Retrieving the ratings by carId
[Info]19:14 ч. Retrieving the ratings by carId
[Info]19:14 ч. Retrieving the ratings by carId
[Info]19:14 ч. Request Sent
[Info]19:14 ч. Response Sent
[Info]19:14 ч. Response Sent
[Info]19:14 ч. Retrieving the ratings by carId
[Info]19:14 ч. Response Sent
[Info]19:14 ч. Response Sent
[Info]19:14 ч. Response Sent
[Info]19:14 ч. Response Sent
[Info]19:14 ч. Request Sent
[Info]19:14 ч. Retrieving the list of bookings
[Info]19:14 ч. There are 6 bookings in the fleet
[Info]19:14 ч. Response Sent
[Info]19:15 ч. Request Sent
[Info]19:15 ч. Retrieving the list of cars
[Info]19:15 ч. There are 9 cars in the fleet
[Info]19:15 ч. Response Sent
[Info]19:15 ч. Request Sent
[Info]19:15 ч. Retrieving the ratings by carId
[Info]19:15 ч. Request Sent
[Info]19:15 ч. Request Sent
[Info]19:15 ч. Retrieving the ratings by carId
[Info]19:15 ч. Retrieving the ratings by carId
[Info]19:15 ч. Request Sent
[Info]19:15 ч. Request Sent
[Info]19:15 ч. Retrieving the ratings by carId
[Info]19:15 ч. Retrieving the ratings by carId
[Info]19:15 ч. Response Sent
[Info]19:15 ч. Retrieving the ratings by carId
[Info]19:15 ч. Response Sent
[Info]19:15 ч. Request Sent
[Info]19:15 ч. Retrieving the ratings by carId
[Info]19:15 ч. Response Sent
[Info]19:15 ч. Response Sent
[Info]19:15 ч. Response Sent
[Info]19:15 ч. Response Sent
[Info]19:15 ч. Request Sent
[Info]19:15 ч. Request Sent
[Info]19:15 ч. Retrieving the ratings by carId
[Info]19:15 ч. Retrieving the ratings by carId
[Info]19:15 ч. Request Sent
[Info]19:15 ч. Request Sent
[Info]19:15 ч. Retrieving the ratings by carId
[Info]19:15 ч. Retrieving the ratings by carId
[Info]19:15 ч. Response Sent
[Info]19:15 ч. Retrieving the ratings by carId
[Info]19:15 ч. Response Sent
[Info]19:15 ч. Response Sent
[Info]19:15 ч. Response Sent
[Info]19:15 ч. Response Sent
[Info]19:15 ч. Request Sent
[Info]19:15 ч. Retrieving the list of bookings
[Info]19:15 ч. There are 6 bookings in the fleet
[Info]19:15 ч. Response Sent
[Info]19:15 ч. Request Sent
[Info]19:15 ч. Response Sent
[Info]19:15 ч. Request Sent
[Info]19:15 ч. User logged out the system.
[Info]19:15 ч. Response Sent
