[Info]08:40 ч. Request Sent
[Info]08:40 ч. Response Sent
[Info]08:40 ч. Request Sent
[Info]08:40 ч. Request Sent
[Info]08:40 ч. Response Sent
[Info]08:40 ч. Request Sent
[Info]08:40 ч. Response Sent
[Info]08:40 ч. Request Sent
[Info]08:40 ч. Retrieving the list of latest cars
[Info]08:40 ч. There are 6 cars in the fleet
[Info]08:40 ч. Response Sent
[Info]08:40 ч. Request Sent
[Info]08:40 ч. Response Sent
[Info]08:40 ч. Request Sent
[Info]08:40 ч. Retrieving the car by Id
[Info]08:40 ч. Response Sent
[Info]08:40 ч. Request Sent
[Info]08:40 ч. Response Sent
[Info]08:40 ч. Request Sent
[Info]08:40 ч. Retrieving the list of latest cars
[Info]08:40 ч. There are 6 cars in the fleet
[Info]08:40 ч. Response Sent
[Info]08:40 ч. Request Sent
[Info]08:40 ч. Response Sent
[Info]08:40 ч. Request Sent
[Info]08:40 ч. User logged out the system.
[Info]08:40 ч. Response Sent
[Info]08:41 ч. Request Sent
[Info]08:41 ч. Response Sent
[Info]08:41 ч. Request Sent
[Info]08:41 ч. Response Sent
[Info]08:41 ч. Request Sent
[Info]08:41 ч. Response Sent
[Info]08:41 ч. Request Sent
[Info]08:41 ч. Response Sent
[Info]08:41 ч. Request Sent
[Info]08:41 ч. Response Sent
[Info]08:41 ч. Request Sent
[Info]08:41 ч. Retrieving the list of latest cars
[Info]08:41 ч. There are 6 cars in the fleet
[Info]08:41 ч. Response Sent
[Info]08:42 ч. Request Sent
[Info]08:42 ч. Response Sent
[Info]08:42 ч. Request Sent
[Info]08:42 ч. Retrieving the car by Id
[Info]08:42 ч. Response Sent
[Info]08:43 ч. Request Sent
[Info]08:43 ч. Retrieving the list of latest cars
[Info]08:43 ч. There are 6 cars in the fleet
[Info]08:43 ч. Response Sent
[Info]08:46 ч. Request Sent
[Info]08:46 ч. Response Sent
[Info]08:46 ч. Request Sent
[Info]08:46 ч. Response Sent
[Info]08:49 ч. Request Sent
[Info]08:49 ч. Response Sent
[Info]08:49 ч. Request Sent
[Info]08:49 ч. Response Sent
[Info]08:51 ч. Request Sent
[Info]08:51 ч. Response Sent
[Info]08:51 ч. Request Sent
[Info]08:51 ч. Response Sent
[Info]08:51 ч. Request Sent
[Info]08:51 ч. Response Sent
[Info]08:51 ч. Request Sent
[Info]08:51 ч. Response Sent
[Info]08:51 ч. Request Sent
[Info]08:51 ч. Response Sent
[Info]08:51 ч. Request Sent
[Info]08:51 ч. Retrieving the list of bookings
[Info]08:51 ч. There are 0 bookings in the fleet
[Info]08:51 ч. Response Sent
[Info]08:51 ч. Request Sent
[Info]08:51 ч. Retrieving the list of bookings
[Info]08:51 ч. There are 0 bookings in the fleet
[Info]08:51 ч. Response Sent
[Info]18:25 ч. Request Sent
[Info]18:25 ч. Response Sent
[Info]18:25 ч. Request Sent
[Info]18:25 ч. Request Sent
[Info]18:25 ч. Response Sent
[Info]18:28 ч. Request Sent
[Info]18:28 ч. Response Sent
[Info]18:28 ч. Request Sent
[Info]18:28 ч. Response Sent
[Info]18:28 ч. Request Sent
[Info]18:28 ч. Response Sent
[Info]18:28 ч. Request Sent
[Info]18:28 ч. Retrieving the list of bookings
[Info]18:28 ч. There are 0 bookings in the fleet
[Info]18:28 ч. Response Sent
[Info]18:28 ч. Request Sent
[Info]18:28 ч. Response Sent
[Info]18:28 ч. Request Sent
[Info]18:28 ч. Retrieving the list of latest cars
[Info]18:28 ч. There are 6 cars in the fleet
[Info]18:28 ч. Response Sent
[Info]18:28 ч. Request Sent
[Info]18:28 ч. Response Sent
[Info]18:28 ч. Request Sent
[Info]18:28 ч. Retrieving the car by Id
[Info]18:28 ч. Response Sent
[Info]18:38 ч. Request Sent
[Info]18:38 ч. Response Sent
[Info]18:38 ч. Request Sent
[Info]18:38 ч. Response Sent
[Info]18:38 ч. Request Sent
[Info]18:38 ч. Response Sent
[Info]18:38 ч. Request Sent
[Info]18:38 ч. User logged out the system.
[Info]18:38 ч. Response Sent
[Info]18:38 ч. Request Sent
[Info]18:38 ч. Response Sent
[Info]18:38 ч. Request Sent
[Info]18:38 ч. Response Sent
[Info]18:38 ч. Request Sent
[Info]18:38 ч. Response Sent
[Info]18:38 ч. Request Sent
[Info]18:38 ч. Retrieving the list of latest cars
[Info]18:38 ч. There are 6 cars in the fleet
[Info]18:38 ч. Response Sent
[Info]18:38 ч. Request Sent
[Info]18:38 ч. Response Sent
[Info]18:38 ч. Request Sent
[Info]18:38 ч. Retrieving the car by Id
[Info]18:38 ч. Response Sent
[Info]18:38 ч. Request Sent
[Info]18:38 ч. Response Sent
[Info]18:38 ч. Request Sent
[Info]18:38 ч. User logged out the system.
[Info]18:38 ч. Response Sent
[Info]18:39 ч. Request Sent
[Info]18:39 ч. Retrieving the list of latest cars
[Info]18:39 ч. There are 6 cars in the fleet
[Info]18:39 ч. Response Sent
[Info]18:39 ч. Request Sent
[Info]18:39 ч. Retrieving the car by Id
[Info]18:39 ч. Response Sent
[Info]18:39 ч. Request Sent
[Info]18:39 ч. Response Sent
[Info]18:39 ч. Request Sent
[Info]18:39 ч. Response Sent
[Info]18:39 ч. Request Sent
[Info]18:39 ч. Response Sent
[Info]18:39 ч. Request Sent
[Info]18:39 ч. Retrieving the list of latest cars
[Info]18:39 ч. There are 6 cars in the fleet
[Info]18:39 ч. Response Sent
[Info]18:39 ч. Request Sent
[Info]18:39 ч. Response Sent
[Info]18:39 ч. Request Sent
[Info]18:39 ч. Retrieving the car by Id
[Info]18:39 ч. Response Sent
[Info]18:42 ч. Request Sent
[Info]18:42 ч. Response Sent
[Info]18:42 ч. Request Sent
[Info]18:42 ч. Response Sent
[Info]18:42 ч. Request Sent
[Info]18:42 ч. Response Sent
[Info]18:42 ч. Request Sent
[Info]18:42 ч. Retrieving the list of latest cars
[Info]18:42 ч. There are 6 cars in the fleet
[Info]18:42 ч. Response Sent
[Info]18:42 ч. Request Sent
[Info]18:43 ч. Response Sent
[Info]18:43 ч. Request Sent
[Info]18:43 ч. Retrieving the car by Id
[Info]18:43 ч. Response Sent
[Info]18:57 ч. Request Sent
[Info]18:57 ч. Response Sent
[Info]18:57 ч. Request Sent
[Info]18:57 ч. Response Sent
[Info]18:57 ч. Request Sent
[Info]18:57 ч. Response Sent
[Info]18:58 ч. Request Sent
[Info]18:58 ч. Response Sent
[Info]18:58 ч. Request Sent
[Info]18:58 ч. Response Sent
[Info]18:58 ч. Request Sent
[Info]18:58 ч. Response Sent
[Info]18:58 ч. Request Sent
[Info]18:58 ч. Retrieving the list of latest cars
[Info]18:58 ч. There are 6 cars in the fleet
[Info]18:58 ч. Response Sent
[Info]18:58 ч. Request Sent
[Info]18:58 ч. Response Sent
[Info]18:58 ч. Request Sent
[Info]18:58 ч. Retrieving the car by Id
[Info]18:58 ч. Response Sent
[Info]18:58 ч. Request Sent
[Info]18:58 ч. Response Sent
[Info]18:58 ч. Request Sent
[Info]18:58 ч. Retrieving the list of locations
[Info]18:58 ч. There are 5 locations in the fleet
[Info]18:58 ч. Response Sent
[Info]18:58 ч. Request Sent
[Info]18:58 ч. Response Sent
[Info]18:58 ч. Request Sent
[Info]18:59 ч. Request Sent
[Info]18:59 ч. Response Sent
[Info]18:59 ч. Request Sent
[Info]18:59 ч. Retrieving the list of bookings
[Info]18:59 ч. There are 0 bookings in the fleet
[Info]18:59 ч. Response Sent
[Info]19:01 ч. Request Sent
[Info]19:01 ч. Response Sent
[Info]19:01 ч. Request Sent
[Info]19:01 ч. Retrieving the list of latest cars
[Info]19:01 ч. There are 6 cars in the fleet
[Info]19:01 ч. Response Sent
[Info]19:01 ч. Request Sent
[Info]19:01 ч. Response Sent
[Info]19:01 ч. Request Sent
[Info]19:01 ч. Retrieving the car by Id
[Info]19:01 ч. Response Sent
[Info]19:01 ч. Request Sent
[Info]19:01 ч. Response Sent
[Info]19:01 ч. Request Sent
[Info]19:01 ч. Retrieving the list of locations
[Info]19:01 ч. There are 5 locations in the fleet
[Info]19:01 ч. Response Sent
[Info]19:01 ч. Request Sent
[Info]19:01 ч. Response Sent
[Info]19:01 ч. Request Sent
[Info]19:01 ч. Request Sent
[Info]19:02 ч. Request Sent
[Info]19:02 ч. Response Sent
[Info]19:02 ч. Request Sent
[Info]19:15 ч. Request Sent
[Info]19:15 ч. Response Sent
[Info]19:15 ч. Request Sent
[Info]19:15 ч. Response Sent
[Info]19:15 ч. Request Sent
[Info]19:15 ч. Response Sent
[Info]19:15 ч. Request Sent
[Info]19:15 ч. Retrieving the list of latest cars
[Info]19:15 ч. There are 6 cars in the fleet
[Info]19:15 ч. Response Sent
[Info]19:15 ч. Request Sent
[Info]19:15 ч. Response Sent
[Info]19:15 ч. Request Sent
[Info]19:15 ч. Retrieving the car by Id
[Info]19:15 ч. Response Sent
[Info]19:16 ч. Request Sent
[Info]19:16 ч. Response Sent
[Info]19:16 ч. Request Sent
[Info]19:16 ч. Retrieving the list of latest cars
[Info]19:16 ч. There are 6 cars in the fleet
[Info]19:16 ч. Response Sent
[Info]19:36 ч. Request Sent
[Info]19:36 ч. Retrieving the list of latest cars
[Info]19:36 ч. There are 6 cars in the fleet
[Info]19:36 ч. Response Sent
[Info]19:39 ч. Request Sent
[Info]19:39 ч. Retrieving the list of latest cars
[Info]19:39 ч. There are 6 cars in the fleet
[Info]19:39 ч. Response Sent
[Info]19:39 ч. Request Sent
[Info]19:39 ч. Retrieving the car by Id
[Info]19:39 ч. Response Sent
[Info]19:39 ч. Request Sent
[Info]19:39 ч. Retrieving the list of latest cars
[Info]19:39 ч. There are 6 cars in the fleet
[Info]19:39 ч. Response Sent
[Info]19:39 ч. Request Sent
[Info]19:39 ч. Retrieving the list of latest cars
[Info]19:39 ч. There are 6 cars in the fleet
[Info]19:39 ч. Response Sent
[Info]19:40 ч. Request Sent
[Info]19:40 ч. Retrieving the list of latest cars
[Info]19:40 ч. There are 6 cars in the fleet
[Info]19:40 ч. Response Sent
[Info]19:40 ч. Request Sent
[Info]19:40 ч. Retrieving the car by Id
[Info]19:40 ч. Response Sent
[Info]19:40 ч. Request Sent
[Info]19:40 ч. Retrieving the list of latest cars
[Info]19:40 ч. There are 6 cars in the fleet
[Info]19:40 ч. Response Sent
[Info]19:40 ч. Request Sent
[Info]19:40 ч. Retrieving the car by Id
[Info]19:40 ч. Response Sent
[Info]19:40 ч. Request Sent
[Info]19:40 ч. Retrieving the list of latest cars
[Info]19:40 ч. There are 6 cars in the fleet
[Info]19:40 ч. Response Sent
[Info]19:43 ч. Request Sent
[Info]19:43 ч. Retrieving the list of latest cars
[Info]19:43 ч. There are 6 cars in the fleet
[Info]19:43 ч. Response Sent
[Info]19:43 ч. Request Sent
[Info]19:43 ч. Retrieving the list of latest cars
[Info]19:43 ч. There are 6 cars in the fleet
[Info]19:43 ч. Response Sent
[Info]19:45 ч. Request Sent
[Info]19:45 ч. Retrieving the list of latest cars
[Info]19:45 ч. There are 6 cars in the fleet
[Info]19:45 ч. Response Sent
