[Info]11:36 ч. Request Sent
[Info]11:36 ч. Response Sent
[Info]11:36 ч. Request Sent
[Info]11:36 ч. User logged out the system.
[Info]11:36 ч. Response Sent
[Info]11:38 ч. Request Sent
[Info]11:38 ч. Retrieving the list of cars
[Info]11:38 ч. There are 9 cars in the fleet
[Info]11:38 ч. Response Sent
[Info]11:38 ч. Request Sent
[Info]11:38 ч. Request Sent
[Info]11:38 ч. Retrieving the ratings by carId
[Info]11:38 ч. Retrieving the ratings by carId
[Info]11:38 ч. Retrieving the ratings by carId
[Info]11:38 ч. Response Sent
[Info]11:38 ч. Response Sent
[Info]11:38 ч. Response Sent
[Info]11:38 ч. Request Sent
[Info]11:38 ч. Retrieving the ratings by carId
[Info]11:38 ч. Retrieving the ratings by carId
[Info]11:38 ч. Request Sent
[Info]11:38 ч. Retrieving the ratings by carId
[Info]11:38 ч. Retrieving the ratings by carId
[Info]11:38 ч. Retrieving the ratings by carId
[Info]11:38 ч. Retrieving the ratings by carId
[Info]11:38 ч. Response Sent
[Info]11:38 ч. Response Sent
[Info]11:38 ч. Response Sent
[Info]11:38 ч. Response Sent
[Info]11:38 ч. Response Sent
[Info]11:38 ч. Response Sent
[Info]11:39 ч. Request Sent
[Info]11:39 ч. Retrieving the list of cars
[Info]11:39 ч. There are 9 cars in the fleet
[Info]11:39 ч. Response Sent
[Info]11:39 ч. Request Sent
[Info]11:39 ч. Retrieving the ratings by carId
[Info]11:39 ч. Request Sent
[Info]11:39 ч. Retrieving the ratings by carId
[Info]11:39 ч. Request Sent
[Info]11:39 ч. Request Sent
[Info]11:39 ч. Retrieving the ratings by carId
[Info]11:39 ч. Retrieving the ratings by carId
[Info]11:39 ч. Retrieving the ratings by carId
[Info]11:39 ч. Request Sent
[Info]11:39 ч. Retrieving the ratings by carId
[Info]11:39 ч. Retrieving the ratings by carId
[Info]11:39 ч. Response Sent
[Info]11:39 ч. Response Sent
[Info]11:39 ч. Request Sent
[Info]11:39 ч. Response Sent
[Info]11:39 ч. Retrieving the ratings by carId
[Info]11:39 ч. Request Sent
[Info]11:39 ч. Retrieving the ratings by carId
[Info]11:39 ч. Response Sent
[Info]11:39 ч. Request Sent
[Info]11:39 ч. Response Sent
[Info]11:39 ч. Retrieving the ratings by carId
[Info]11:39 ч. Request Sent
[Info]11:39 ч. Retrieving the ratings by carId
[Info]11:39 ч. Response Sent
[Info]11:39 ч. Retrieving the ratings by carId
[Info]11:39 ч. Response Sent
[Info]11:39 ч. Response Sent
[Info]11:39 ч. Response Sent
[Info]11:39 ч. Response Sent
[Info]11:39 ч. Response Sent
[Info]11:39 ч. Request Sent
[Info]11:39 ч. Response Sent
[Info]11:39 ч. Request Sent
[Info]11:39 ч. Response Sent
[Info]11:39 ч. Request Sent
[Info]11:39 ч. Response Sent
[Info]11:39 ч. Request Sent
[Info]11:39 ч. Retrieving the list of cars
[Info]11:39 ч. There are 9 cars in the fleet
[Info]11:39 ч. Response Sent
[Info]11:39 ч. Request Sent
[Info]11:39 ч. Retrieving the ratings by carId
[Info]11:39 ч. Request Sent
[Info]11:39 ч. Retrieving the ratings by carId
[Info]11:39 ч. Request Sent
[Info]11:39 ч. Retrieving the ratings by carId
[Info]11:39 ч. Request Sent
[Info]11:39 ч. Retrieving the ratings by carId
[Info]11:39 ч. Request Sent
[Info]11:39 ч. Response Sent
[Info]11:39 ч. Retrieving the ratings by carId
[Info]11:39 ч. Request Sent
[Info]11:39 ч. Retrieving the ratings by carId
[Info]11:39 ч. Response Sent
[Info]11:39 ч. Response Sent
[Info]11:39 ч. Response Sent
[Info]11:39 ч. Response Sent
[Info]11:39 ч. Retrieving the ratings by carId
[Info]11:39 ч. Response Sent
[Info]11:39 ч. Request Sent
[Info]11:39 ч. Request Sent
[Info]11:39 ч. Retrieving the ratings by carId
[Info]11:39 ч. Retrieving the ratings by carId
[Info]11:39 ч. Retrieving the ratings by carId
[Info]11:39 ч. Response Sent
[Info]11:39 ч. Response Sent
[Info]11:39 ч. Response Sent
[Info]11:39 ч. Response Sent
[Info]11:40 ч. Request Sent
[Info]11:40 ч. Retrieving the list of categories
[Info]11:40 ч. There are 7 categories in the fleet
[Info]11:40 ч. Response Sent
[Info]11:40 ч. Request Sent
[Info]11:40 ч. Retrieving the list of cars
[Info]11:40 ч. There are 9 cars in the fleet
[Info]11:40 ч. Response Sent
[Info]11:43 ч. Request Sent
[Info]11:43 ч. Retrieving the list of cars
[Info]11:43 ч. There are 9 cars in the fleet
[Info]11:43 ч. Response Sent
[Info]11:43 ч. Request Sent
[Info]11:43 ч. Retrieving the list of cars
[Info]11:43 ч. There are 9 cars in the fleet
[Info]11:43 ч. Response Sent
[Info]11:43 ч. Request Sent
[Info]11:43 ч. Retrieving the ratings by carId
[Info]11:43 ч. Request Sent
[Info]11:43 ч. Retrieving the ratings by carId
[Info]11:43 ч. Request Sent
[Info]11:43 ч. Request Sent
[Info]11:43 ч. Request Sent
[Info]11:43 ч. Retrieving the ratings by carId
[Info]11:43 ч. Retrieving the ratings by carId
[Info]11:43 ч. Retrieving the ratings by carId
[Info]11:43 ч. Response Sent
[Info]11:43 ч. Response Sent
[Info]11:43 ч. Request Sent
[Info]11:43 ч. Retrieving the ratings by carId
[Info]11:43 ч. Response Sent
[Info]11:43 ч. Response Sent
[Info]11:43 ч. Response Sent
[Info]11:43 ч. Request Sent
[Info]11:43 ч. Request Sent
[Info]11:43 ч. Retrieving the ratings by carId
[Info]11:43 ч. Retrieving the ratings by carId
[Info]11:43 ч. Request Sent
[Info]11:43 ч. Response Sent
[Info]11:43 ч. Retrieving the ratings by carId
[Info]11:43 ч. Retrieving the ratings by carId
[Info]11:43 ч. Response Sent
[Info]11:43 ч. Response Sent
[Info]11:43 ч. Response Sent
[Info]11:43 ч. Response Sent
[Info]11:43 ч. Response Sent
[Info]11:43 ч. Response Sent
[Info]11:43 ч. Request Sent
[Info]11:43 ч. Response Sent
[Info]11:43 ч. Request Sent
[Info]11:43 ч. User logged out the system.
[Info]11:43 ч. Response Sent
[Info]11:43 ч. Request Sent
[Info]11:43 ч. Response Sent
[Info]11:43 ч. Request Sent
[Info]11:43 ч. Response Sent
[Info]11:43 ч. Request Sent
[Info]11:43 ч. Retrieving the list of bookings
[Info]11:43 ч. There are 6 bookings in the fleet
[Info]11:43 ч. Response Sent
[Info]11:43 ч. Request Sent
[Info]11:43 ч. Retrieving the list of bookings
[Info]11:43 ч. There are 6 bookings in the fleet
[Info]11:43 ч. Response Sent
[Info]11:44 ч. Request Sent
[Info]11:44 ч. Retrieving the list of cars
[Info]11:44 ч. There are 9 cars in the fleet
[Info]11:44 ч. Response Sent
[Info]11:44 ч. Request Sent
[Info]11:44 ч. Retrieving the ratings by carId
[Info]11:44 ч. Request Sent
[Info]11:44 ч. Retrieving the ratings by carId
[Info]11:44 ч. Request Sent
[Info]11:44 ч. Request Sent
[Info]11:44 ч. Retrieving the ratings by carId
[Info]11:44 ч. Retrieving the ratings by carId
[Info]11:44 ч. Request Sent
[Info]11:44 ч. Retrieving the ratings by carId
[Info]11:44 ч. Retrieving the ratings by carId
[Info]11:44 ч. Response Sent
[Info]11:44 ч. Response Sent
[Info]11:44 ч. Response Sent
[Info]11:44 ч. Request Sent
[Info]11:44 ч. Retrieving the ratings by carId
[Info]11:44 ч. Request Sent
[Info]11:44 ч. Retrieving the ratings by carId
[Info]11:44 ч. Retrieving the ratings by carId
[Info]11:44 ч. Retrieving the ratings by carId
[Info]11:44 ч. Request Sent
[Info]11:44 ч. Request Sent
[Info]11:44 ч. Retrieving the ratings by carId
[Info]11:44 ч. Retrieving the ratings by carId
[Info]11:44 ч. Response Sent
[Info]11:44 ч. Response Sent
[Info]11:44 ч. Response Sent
[Info]11:44 ч. Response Sent
[Info]11:44 ч. Response Sent
[Info]11:44 ч. Response Sent
[Info]11:44 ч. Request Sent
[Info]11:44 ч. Retrieving the list of bookings
[Info]11:44 ч. There are 6 bookings in the fleet
[Info]11:44 ч. Response Sent
[Info]11:44 ч. Request Sent
[Info]11:44 ч. Retrieving the list of bookings
[Info]11:44 ч. There are 6 bookings in the fleet
[Info]11:44 ч. Response Sent
[Info]11:44 ч. Request Sent
[Info]11:44 ч. Retrieving the list of bookings
[Info]11:44 ч. There are 6 bookings in the fleet
[Info]11:44 ч. Response Sent
[Info]11:44 ч. Request Sent
[Info]11:44 ч. Response Sent
[Info]11:44 ч. Request Sent
[Info]11:44 ч. User logged out the system.
[Info]11:44 ч. Response Sent
[Info]11:44 ч. Request Sent
[Info]11:44 ч. Response Sent
[Info]11:44 ч. Request Sent
[Info]11:44 ч. Response Sent
[Info]11:44 ч. Request Sent
[Info]11:44 ч. Response Sent
[Info]11:44 ч. Request Sent
[Info]11:44 ч. User logged out the system.
[Info]11:44 ч. Response Sent
[Info]11:44 ч. Request Sent
[Info]11:44 ч. Response Sent
[Info]11:44 ч. Request Sent
[Info]11:44 ч. Response Sent
[Info]11:44 ч. Request Sent
[Info]11:44 ч. Response Sent
[Info]11:45 ч. Request Sent
[Info]11:45 ч. Retrieving the list of bookings
[Info]11:45 ч. There are 6 bookings in the fleet
[Info]11:45 ч. Response Sent
[Info]11:46 ч. Request Sent
[Info]11:46 ч. Response Sent
[Info]11:46 ч. Request Sent
[Info]11:46 ч. User logged out the system.
[Info]11:46 ч. Response Sent
[Info]11:46 ч. Request Sent
[Info]11:46 ч. Response Sent
[Info]11:46 ч. Request Sent
[Info]11:46 ч. Response Sent
[Info]11:46 ч. Request Sent
[Info]11:46 ч. Response Sent
[Info]11:46 ч. Request Sent
[Info]11:46 ч. User logged out the system.
[Info]11:46 ч. Response Sent
[Info]11:46 ч. Request Sent
[Info]11:46 ч. Response Sent
[Info]11:46 ч. Request Sent
[Info]11:46 ч. Response Sent
[Info]11:51 ч. Request Sent
[Info]11:51 ч. Retrieving the list of cars
[Info]11:51 ч. There are 9 cars in the fleet
[Info]11:51 ч. Response Sent
[Info]11:51 ч. Request Sent
[Info]11:51 ч. Response Sent
[Info]11:51 ч. Request Sent
[Info]11:51 ч. Retrieving the list of categories
[Info]11:51 ч. Request Sent
[Info]11:51 ч. There are 7 categories in the fleet
[Info]11:51 ч. Response Sent
[Info]11:51 ч. Retrieving the car by Id
[Info]11:51 ч. Response Sent
[Info]11:51 ч. Request Sent
[Info]11:51 ч. Retrieving the car by Id
[Info]11:51 ч. Response Sent
[Info]11:53 ч. Request Sent
[Info]11:53 ч. Retrieving the list of cars
[Info]11:53 ч. There are 9 cars in the fleet
[Info]11:53 ч. Response Sent
[Info]11:54 ч. Request Sent
[Info]11:54 ч. Retrieving the list of cars
[Info]11:54 ч. There are 9 cars in the fleet
[Info]11:54 ч. Response Sent
[Info]11:54 ч. Request Sent
[Info]11:54 ч. Retrieving the list of cars
[Info]11:54 ч. There are 9 cars in the fleet
[Info]11:54 ч. Response Sent
[Info]11:54 ч. Request Sent
[Info]11:54 ч. Retrieving the ratings by carId
[Info]11:54 ч. Request Sent
[Info]11:54 ч. Request Sent
[Info]11:54 ч. Retrieving the ratings by carId
[Info]11:54 ч. Retrieving the ratings by carId
[Info]11:54 ч. Request Sent
[Info]11:54 ч. Request Sent
[Info]11:54 ч. Retrieving the ratings by carId
[Info]11:54 ч. Retrieving the ratings by carId
[Info]11:54 ч. Request Sent
[Info]11:54 ч. Retrieving the ratings by carId
[Info]11:54 ч. Response Sent
[Info]11:54 ч. Request Sent
[Info]11:54 ч. Retrieving the ratings by carId
[Info]11:54 ч. Response Sent
[Info]11:54 ч. Response Sent
[Info]11:54 ч. Request Sent
[Info]11:54 ч. Response Sent
[Info]11:54 ч. Retrieving the ratings by carId
[Info]11:54 ч. Response Sent
[Info]11:54 ч. Retrieving the ratings by carId
[Info]11:54 ч. Request Sent
[Info]11:54 ч. Retrieving the ratings by carId
[Info]11:54 ч. Request Sent
[Info]11:54 ч. Retrieving the ratings by carId
[Info]11:54 ч. Retrieving the ratings by carId
[Info]11:54 ч. Response Sent
[Info]11:54 ч. Response Sent
[Info]11:54 ч. Response Sent
[Info]11:54 ч. Response Sent
[Info]11:54 ч. Response Sent
[Info]11:54 ч. Response Sent
[Info]11:54 ч. Request Sent
[Info]11:54 ч. Retrieving the list of cars
[Info]11:54 ч. There are 9 cars in the fleet
[Info]11:54 ч. Response Sent
[Info]11:57 ч. Request Sent
[Info]11:57 ч. Retrieving the list of cars
[Info]11:57 ч. There are 9 cars in the fleet
[Info]11:57 ч. Response Sent
[Info]11:57 ч. Request Sent
[Info]11:57 ч. Response Sent
[Info]11:57 ч. Response Sent
[Info]11:57 ч. Retrieving the renter by Id
[Info]11:57 ч. Response Sent
[Info]11:57 ч. Request Sent
[Info]11:57 ч. Retrieving the renter by Id
[Info]11:57 ч. Response Sent
[Info]11:57 ч. Request Sent
[Info]11:57 ч. Retrieving the list of cars
[Info]11:57 ч. There are 9 cars in the fleet
[Info]11:57 ч. Response Sent
[Info]12:02 ч. Request Sent
[Info]12:02 ч. Retrieving the list of cars
[Info]12:02 ч. There are 9 cars in the fleet
[Info]12:02 ч. Response Sent
[Info]12:02 ч. Request Sent
[Info]12:02 ч. Retrieving the ratings by carId
[Info]12:02 ч. Request Sent
[Info]12:02 ч. Retrieving the ratings by carId
[Info]12:02 ч. Retrieving the ratings by carId
[Info]12:02 ч. Request Sent
[Info]12:02 ч. Request Sent
[Info]12:02 ч. Retrieving the ratings by carId
[Info]12:02 ч. Request Sent
[Info]12:02 ч. Retrieving the ratings by carId
[Info]12:02 ч. Response Sent
[Info]12:02 ч. Request Sent
[Info]12:02 ч. Request Sent
[Info]12:02 ч. Retrieving the ratings by carId
[Info]12:02 ч. Response Sent
[Info]12:02 ч. Response Sent
[Info]12:02 ч. Request Sent
[Info]12:02 ч. Retrieving the ratings by carId
[Info]12:02 ч. Response Sent
[Info]12:02 ч. Response Sent
[Info]12:02 ч. Request Sent
[Info]12:02 ч. Request Sent
[Info]12:02 ч. Retrieving the ratings by carId
[Info]12:02 ч. Retrieving the ratings by carId
[Info]12:02 ч. Response Sent
[Info]12:02 ч. Request Sent
[Info]12:02 ч. Retrieving the ratings by carId
[Info]12:02 ч. Response Sent
[Info]12:02 ч. Response Sent
[Info]12:02 ч. Response Sent
[Info]12:02 ч. Response Sent
[Info]12:02 ч. Response Sent
[Info]12:02 ч. Request Sent
[Info]12:02 ч. Retrieving the list of cars
[Info]12:02 ч. There are 9 cars in the fleet
[Info]12:02 ч. Response Sent
[Info]12:02 ч. Request Sent
[Info]12:02 ч. Retrieving the ratings by carId
[Info]12:02 ч. Request Sent
[Info]12:02 ч. Request Sent
[Info]12:02 ч. Request Sent
[Info]12:02 ч. Retrieving the ratings by carId
[Info]12:02 ч. Retrieving the ratings by carId
[Info]12:02 ч. Request Sent
[Info]12:02 ч. Retrieving the ratings by carId
[Info]12:02 ч. Response Sent
[Info]12:02 ч. Response Sent
[Info]12:02 ч. Response Sent
[Info]12:02 ч. Request Sent
[Info]12:02 ч. Retrieving the ratings by carId
[Info]12:02 ч. Request Sent
[Info]12:02 ч. Request Sent
[Info]12:02 ч. Retrieving the ratings by carId
[Info]12:02 ч. Retrieving the ratings by carId
[Info]12:02 ч. Request Sent
[Info]12:02 ч. Request Sent
[Info]12:02 ч. Retrieving the ratings by carId
[Info]12:02 ч. Response Sent
[Info]12:02 ч. Response Sent
[Info]12:02 ч. Retrieving the ratings by carId
[Info]12:02 ч. Response Sent
[Info]12:02 ч. Response Sent
[Info]12:02 ч. Response Sent
[Info]12:02 ч. Response Sent
[Info]12:02 ч. Request Sent
[Info]12:02 ч. Response Sent
[Info]12:02 ч. Request Sent
[Info]12:02 ч. User logged out the system.
[Info]12:02 ч. Response Sent
[Info]17:41 ч. Request Sent
[Info]17:41 ч. Response Sent
[Info]17:41 ч. Request Sent
[Info]17:41 ч. Response Sent
[Info]17:41 ч. Request Sent
[Info]17:41 ч. Retrieving the list of cars
[Info]17:41 ч. There are 9 cars in the fleet
[Info]17:41 ч. Response Sent
[Info]17:41 ч. Request Sent
[Info]17:41 ч. Retrieving the ratings by carId
[Info]17:41 ч. Request Sent
[Info]17:41 ч. Retrieving the ratings by carId
[Info]17:41 ч. Request Sent
[Info]17:41 ч. Retrieving the ratings by carId
[Info]17:41 ч. Request Sent
[Info]17:41 ч. Retrieving the ratings by carId
[Info]17:41 ч. Response Sent
[Info]17:41 ч. Request Sent
[Info]17:41 ч. Retrieving the ratings by carId
[Info]17:41 ч. Request Sent
[Info]17:41 ч. Retrieving the ratings by carId
[Info]17:41 ч. Retrieving the ratings by carId
[Info]17:41 ч. Request Sent
[Info]17:41 ч. Response Sent
[Info]17:41 ч. Response Sent
[Info]17:41 ч. Response Sent
[Info]17:41 ч. Request Sent
[Info]17:41 ч. Request Sent
[Info]17:41 ч. Retrieving the ratings by carId
[Info]17:41 ч. Request Sent
[Info]17:41 ч. Retrieving the ratings by carId
[Info]17:41 ч. Response Sent
[Info]17:41 ч. Response Sent
[Info]17:41 ч. Response Sent
[Info]17:41 ч. Request Sent
[Info]17:41 ч. Response Sent
[Info]17:41 ч. Retrieving the ratings by carId
[Info]17:41 ч. Response Sent
[Info]17:41 ч. Response Sent
[Info]17:41 ч. Response Sent
[Info]17:44 ч. Request Sent
[Info]17:44 ч. Retrieving the list of cars
[Info]17:44 ч. There are 9 cars in the fleet
[Info]17:44 ч. Response Sent
[Info]17:44 ч. Request Sent
[Info]17:44 ч. Retrieving the ratings by carId
[Info]17:44 ч. Request Sent
[Info]17:44 ч. Retrieving the ratings by carId
[Info]17:44 ч. Request Sent
[Info]17:44 ч. Retrieving the ratings by carId
[Info]17:44 ч. Request Sent
[Info]17:44 ч. Retrieving the ratings by carId
[Info]17:44 ч. Request Sent
[Info]17:44 ч. Retrieving the ratings by carId
[Info]17:44 ч. Retrieving the ratings by carId
[Info]17:44 ч. Response Sent
[Info]17:44 ч. Response Sent
[Info]17:44 ч. Response Sent
[Info]17:44 ч. Request Sent
[Info]17:44 ч. Retrieving the ratings by carId
[Info]17:44 ч. Request Sent
[Info]17:44 ч. Retrieving the ratings by carId
[Info]17:44 ч. Request Sent
[Info]17:44 ч. Retrieving the ratings by carId
[Info]17:44 ч. Retrieving the ratings by carId
[Info]17:44 ч. Response Sent
[Info]17:44 ч. Response Sent
[Info]17:44 ч. Request Sent
[Info]17:44 ч. Retrieving the ratings by carId
[Info]17:44 ч. Request Sent
[Info]17:44 ч. Retrieving the ratings by carId
[Info]17:44 ч. Response Sent
[Info]17:44 ч. Response Sent
[Info]17:44 ч. Response Sent
[Info]17:44 ч. Response Sent
[Info]17:44 ч. Response Sent
[Info]17:44 ч. Response Sent
