[Info]00:01 ч. Retrieving the list of cars
[Info]00:01 ч. There are 6 cars in the fleet
[Info]00:01 ч. Retrieving the ratings by carId
[Info]00:01 ч. Retrieving the ratings by carId
[Info]00:01 ч. Retrieving the ratings by carId
[Info]00:01 ч. Retrieving the ratings by carId
[Info]00:01 ч. Retrieving the ratings by carId
[Info]00:01 ч. Retrieving the ratings by carId
[Info]00:01 ч. Retrieving the ratings by carId
[Info]00:01 ч. Retrieving the ratings by carId
[Info]00:01 ч. Retrieving the ratings by carId
[Info]10:06 ч. Retrieving the list of cars
[Info]10:06 ч. There are 6 cars in the fleet
[Info]10:06 ч. Retrieving the ratings by carId
[Info]10:06 ч. Retrieving the ratings by carId
[Info]10:06 ч. Retrieving the ratings by carId
[Info]11:59 ч. Retrieving the list of cars
[Info]11:59 ч. There are 6 cars in the fleet
[Info]11:59 ч. Retrieving the ratings by carId
[Info]11:59 ч. Retrieving the ratings by carId
[Info]11:59 ч. Retrieving the ratings by carId
[Info]11:59 ч. Retrieving the ratings by carId
[Info]11:59 ч. Retrieving the ratings by carId
[Info]11:59 ч. Retrieving the ratings by carId
[Info]11:59 ч. Retrieving the ratings by carId
[Info]11:59 ч. Retrieving the ratings by carId
[Info]11:59 ч. Retrieving the ratings by carId
[Info]11:59 ч. Retrieving the ratings by carId
[Info]12:03 ч. Retrieving the list of cars
[Info]12:03 ч. There are 6 cars in the fleet
[Info]12:03 ч. Retrieving the ratings by carId
[Info]12:03 ч. Retrieving the ratings by carId
[Info]12:03 ч. Retrieving the ratings by carId
[Info]12:03 ч. Retrieving the ratings by carId
[Info]12:03 ч. Retrieving the ratings by carId
[Info]12:03 ч. Retrieving the ratings by carId
[Info]12:03 ч. Retrieving the ratings by carId
[Info]12:03 ч. Retrieving the ratings by carId
[Info]12:03 ч. Retrieving the ratings by carId
[Info]12:03 ч. Retrieving the ratings by carId
[Info]12:12 ч. Retrieving the list of cars
[Info]12:12 ч. There are 6 cars in the fleet
[Info]12:12 ч. Retrieving the ratings by carId
[Info]12:12 ч. Retrieving the ratings by carId
[Info]12:12 ч. Retrieving the ratings by carId
[Info]12:12 ч. Retrieving the ratings by carId
[Info]12:12 ч. Retrieving the ratings by carId
[Info]12:12 ч. Retrieving the ratings by carId
[Info]12:12 ч. Retrieving the ratings by carId
[Info]12:12 ч. Retrieving the ratings by carId
[Info]12:12 ч. Retrieving the ratings by carId
[Info]12:12 ч. Retrieving the ratings by carId
[Info]12:12 ч. Retrieving the ratings by carId
[Info]12:12 ч. Retrieving the ratings by carId
[Info]12:13 ч. Retrieving the list of cars
[Info]12:13 ч. There are 6 cars in the fleet
[Info]12:13 ч. Retrieving the ratings by carId
[Info]12:13 ч. Retrieving the ratings by carId
[Info]12:13 ч. Retrieving the ratings by carId
[Info]12:13 ч. Retrieving the ratings by carId
[Info]12:13 ч. Retrieving the ratings by carId
[Info]12:13 ч. Retrieving the ratings by carId
[Info]12:13 ч. Retrieving the ratings by carId
[Info]12:13 ч. Retrieving the ratings by carId
[Info]12:13 ч. Retrieving the ratings by carId
[Info]12:13 ч. Retrieving the ratings by carId
[Info]12:13 ч. Retrieving the ratings by carId
[Info]12:50 ч. Retrieving the list of cars
[Info]12:50 ч. There are 6 cars in the fleet
[Info]12:50 ч. Retrieving the ratings by carId
[Info]12:50 ч. Retrieving the ratings by carId
[Info]12:50 ч. Retrieving the ratings by carId
[Info]12:50 ч. Retrieving the ratings by carId
[Info]12:50 ч. Retrieving the ratings by carId
[Info]12:50 ч. Retrieving the ratings by carId
[Info]12:50 ч. Retrieving the ratings by carId
[Info]12:50 ч. Retrieving the ratings by carId
[Info]12:50 ч. Retrieving the ratings by carId
[Info]12:50 ч. Retrieving the ratings by carId
[Info]14:32 ч. Retrieving the list of cars
[Info]14:32 ч. There are 6 cars in the fleet
[Info]14:32 ч. Retrieving the ratings by carId
[Info]14:32 ч. Retrieving the ratings by carId
[Info]14:32 ч. Retrieving the ratings by carId
[Info]14:32 ч. Retrieving the ratings by carId
[Info]14:32 ч. Retrieving the list of cars
[Info]14:32 ч. There are 6 cars in the fleet
[Info]14:32 ч. Retrieving the ratings by carId
[Info]14:32 ч. Retrieving the ratings by carId
[Info]14:32 ч. Retrieving the ratings by carId
[Info]14:32 ч. Retrieving the ratings by carId
[Info]14:32 ч. Retrieving the ratings by carId
[Info]14:32 ч. Retrieving the ratings by carId
[Info]14:32 ч. Retrieving the ratings by carId
[Info]14:32 ч. Retrieving the ratings by carId
[Info]14:32 ч. Retrieving the ratings by carId
[Info]14:32 ч. Retrieving the list of cars
[Info]14:32 ч. There are 6 cars in the fleet
[Info]14:32 ч. Retrieving the list of cars
[Info]14:32 ч. There are 7 cars in the fleet
[Info]14:32 ч. Retrieving the list of cars
[Info]14:32 ч. There are 6 cars in the fleet
[Info]14:32 ч. Retrieving the list of cars
[Info]14:32 ч. There are 6 cars in the fleet
[Info]14:32 ч. Retrieving the ratings by carId
[Info]14:32 ч. Retrieving the ratings by carId
[Info]14:32 ч. Retrieving the ratings by carId
[Info]14:32 ч. Retrieving the ratings by carId
[Info]14:32 ч. Retrieving the ratings by carId
[Info]14:32 ч. Retrieving the ratings by carId
[Info]14:32 ч. Retrieving the ratings by carId
[Info]14:32 ч. Retrieving the ratings by carId
[Info]14:32 ч. Retrieving the ratings by carId
[Info]14:32 ч. Retrieving the ratings by carId
[Info]14:32 ч. Retrieving the ratings by carId
[Info]14:32 ч. Retrieving the ratings by carId
[Info]14:32 ч. Retrieving the list of cars
[Info]14:32 ч. There are 6 cars in the fleet
[Info]14:32 ч. Retrieving the ratings by carId
[Info]14:32 ч. Retrieving the ratings by carId
[Info]14:32 ч. Retrieving the ratings by carId
[Info]14:32 ч. Retrieving the ratings by carId
[Info]14:32 ч. Retrieving the ratings by carId
[Info]14:32 ч. Retrieving the ratings by carId
[Info]14:32 ч. Retrieving the ratings by carId
[Info]14:32 ч. Retrieving the ratings by carId
[Info]14:35 ч. Retrieving the list of cars
[Info]14:35 ч. There are 6 cars in the fleet
[Info]14:35 ч. Retrieving the ratings by carId
[Info]14:35 ч. Retrieving the ratings by carId
[Info]14:35 ч. Retrieving the ratings by carId
[Info]14:35 ч. Retrieving the ratings by carId
[Info]14:35 ч. Retrieving the ratings by carId
[Info]14:35 ч. Retrieving the ratings by carId
[Info]14:35 ч. Retrieving the ratings by carId
[Info]14:35 ч. Retrieving the ratings by carId
[Info]14:35 ч. Retrieving the ratings by carId
[Info]14:35 ч. Retrieving the ratings by carId
[Info]15:12 ч. Retrieving the list of cars
[Info]15:12 ч. There are 6 cars in the fleet
[Info]15:12 ч. Retrieving the ratings by carId
[Info]15:12 ч. Retrieving the ratings by carId
[Info]15:12 ч. Retrieving the ratings by carId
[Info]15:12 ч. Retrieving the ratings by carId
[Info]15:12 ч. Retrieving the ratings by carId
[Info]15:12 ч. Retrieving the ratings by carId
[Info]15:12 ч. Retrieving the ratings by carId
[Info]15:12 ч. Retrieving the list of cars
[Info]15:12 ч. There are 6 cars in the fleet
[Info]15:12 ч. Retrieving the ratings by carId
[Info]15:12 ч. Retrieving the ratings by carId
[Info]15:12 ч. Retrieving the ratings by carId
[Info]15:12 ч. Retrieving the ratings by carId
[Info]15:12 ч. Retrieving the ratings by carId
[Info]15:12 ч. Retrieving the ratings by carId
[Info]15:12 ч. Retrieving the ratings by carId
[Info]15:12 ч. Retrieving the ratings by carId
[Info]15:12 ч. Retrieving the ratings by carId
[Info]15:12 ч. Retrieving the ratings by carId
[Info]15:12 ч. Retrieving the list of cars
[Info]15:12 ч. There are 6 cars in the fleet
[Info]15:12 ч. Retrieving the ratings by carId
[Info]15:12 ч. Retrieving the ratings by carId
[Info]15:12 ч. Retrieving the ratings by carId
[Info]15:12 ч. Retrieving the ratings by carId
[Info]15:12 ч. Retrieving the ratings by carId
[Info]15:12 ч. Retrieving the ratings by carId
[Info]15:12 ч. Retrieving the ratings by carId
[Info]15:12 ч. Retrieving the ratings by carId
[Info]15:12 ч. Retrieving the ratings by carId
[Info]15:12 ч. Retrieving the ratings by carId
[Info]15:12 ч. Retrieving the ratings by carId
[Info]15:17 ч. Retrieving the list of cars
[Info]15:17 ч. There are 6 cars in the fleet
[Info]15:17 ч. Retrieving the ratings by carId
[Info]15:17 ч. Retrieving the ratings by carId
[Info]15:17 ч. Retrieving the ratings by carId
[Info]15:17 ч. Retrieving the ratings by carId
[Info]15:17 ч. Retrieving the ratings by carId
[Info]15:17 ч. Retrieving the ratings by carId
[Info]15:17 ч. Retrieving the ratings by carId
[Info]15:17 ч. Retrieving the ratings by carId
[Info]15:17 ч. Retrieving the ratings by carId
[Info]15:17 ч. Retrieving the ratings by carId
[Info]16:01 ч. Retrieving the list of cars
[Info]16:01 ч. There are 6 cars in the fleet
[Info]16:01 ч. Retrieving the ratings by carId
[Info]16:01 ч. Retrieving the ratings by carId
[Info]16:01 ч. Retrieving the ratings by carId
[Info]16:01 ч. Retrieving the ratings by carId
[Info]16:01 ч. Retrieving the ratings by carId
[Info]16:01 ч. Retrieving the ratings by carId
[Info]16:01 ч. Retrieving the ratings by carId
[Info]16:01 ч. Retrieving the ratings by carId
[Info]16:01 ч. Retrieving the ratings by carId
[Info]16:01 ч. Retrieving the list of cars
[Info]16:01 ч. There are 6 cars in the fleet
[Info]16:01 ч. Retrieving the ratings by carId
[Info]16:01 ч. Retrieving the ratings by carId
[Info]16:01 ч. Retrieving the ratings by carId
[Info]16:01 ч. Retrieving the ratings by carId
[Info]16:01 ч. Retrieving the ratings by carId
[Info]16:01 ч. Retrieving the ratings by carId
[Info]16:01 ч. Retrieving the ratings by carId
[Info]16:01 ч. Retrieving the ratings by carId
[Info]16:01 ч. Retrieving the ratings by carId
[Info]16:01 ч. Retrieving the ratings by carId
[Info]16:02 ч. Retrieving the list of cars
[Info]16:02 ч. There are 6 cars in the fleet
[Info]16:02 ч. Retrieving the ratings by carId
[Info]16:02 ч. Retrieving the ratings by carId
[Info]16:02 ч. Retrieving the ratings by carId
[Info]16:02 ч. Retrieving the ratings by carId
[Info]16:02 ч. Retrieving the ratings by carId
[Info]16:02 ч. Retrieving the ratings by carId
[Info]16:02 ч. Retrieving the ratings by carId
[Info]16:02 ч. Retrieving the ratings by carId
[Info]16:02 ч. Retrieving the ratings by carId
[Info]16:04 ч. Retrieving the list of cars
[Info]16:04 ч. There are 6 cars in the fleet
[Info]16:04 ч. Retrieving the ratings by carId
[Info]16:04 ч. Retrieving the ratings by carId
[Info]16:04 ч. Retrieving the ratings by carId
[Info]16:04 ч. Retrieving the ratings by carId
[Info]16:04 ч. Retrieving the ratings by carId
[Info]16:04 ч. Retrieving the ratings by carId
[Info]16:04 ч. Retrieving the ratings by carId
[Info]16:04 ч. Retrieving the ratings by carId
[Info]16:04 ч. Retrieving the ratings by carId
[Info]16:04 ч. Retrieving the ratings by carId
[Info]16:04 ч. Retrieving the ratings by carId
[Info]16:04 ч. Retrieving the list of cars
[Info]16:04 ч. There are 6 cars in the fleet
[Info]16:04 ч. Retrieving the car by Id
[Info]16:04 ч. Retrieving the list of cars
[Info]16:04 ч. There are 6 cars in the fleet
[Info]16:06 ч. Retrieving the car by Id
[Info]16:09 ч. Retrieving the car by Id
[Info]16:10 ч. Retrieving the list of cars
[Info]16:10 ч. There are 6 cars in the fleet
[Info]16:10 ч. Retrieving the list of cars
[Info]16:10 ч. There are 6 cars in the fleet
[Info]16:10 ч. Retrieving the ratings by carId
[Info]16:10 ч. Retrieving the ratings by carId
[Info]16:10 ч. Retrieving the ratings by carId
[Info]16:10 ч. Retrieving the ratings by carId
[Info]16:10 ч. Retrieving the ratings by carId
[Info]16:10 ч. Retrieving the ratings by carId
[Info]16:10 ч. Retrieving the ratings by carId
[Info]16:10 ч. Retrieving the ratings by carId
[Info]16:10 ч. Retrieving the ratings by carId
[Info]16:10 ч. Retrieving the ratings by carId
[Info]16:24 ч. Retrieving the list of cars
[Info]16:24 ч. There are 6 cars in the fleet
[Info]16:24 ч. Retrieving the list of cars
[Info]16:24 ч. There are 6 cars in the fleet
[Info]16:24 ч. Retrieving the ratings by carId
[Info]16:24 ч. Retrieving the ratings by carId
[Info]16:24 ч. Retrieving the ratings by carId
[Info]16:24 ч. Retrieving the ratings by carId
[Info]16:24 ч. Retrieving the ratings by carId
[Info]16:24 ч. Retrieving the ratings by carId
[Info]16:24 ч. Retrieving the ratings by carId
[Info]16:24 ч. Retrieving the ratings by carId
[Info]16:24 ч. Retrieving the ratings by carId
[Info]16:24 ч. Retrieving the ratings by carId
[Info]16:24 ч. Retrieving the ratings by carId
[Info]16:24 ч. Retrieving the list of cars
[Info]16:24 ч. There are 6 cars in the fleet
[Info]16:24 ч. Retrieving the ratings by carId
[Info]16:24 ч. Retrieving the ratings by carId
[Info]16:24 ч. Retrieving the ratings by carId
[Info]16:24 ч. Retrieving the ratings by carId
[Info]16:24 ч. Retrieving the ratings by carId
[Info]16:24 ч. Retrieving the ratings by carId
[Info]16:24 ч. Retrieving the ratings by carId
[Info]16:24 ч. Retrieving the ratings by carId
[Info]16:24 ч. Retrieving the ratings by carId
[Info]16:39 ч. Retrieving the list of cars
[Info]16:39 ч. There are 6 cars in the fleet
[Info]16:39 ч. Retrieving the ratings by carId
[Info]16:39 ч. Retrieving the ratings by carId
[Info]16:39 ч. Retrieving the ratings by carId
[Info]16:39 ч. Retrieving the ratings by carId
[Info]16:39 ч. Retrieving the ratings by carId
[Info]16:39 ч. Retrieving the ratings by carId
[Info]16:39 ч. Retrieving the ratings by carId
[Info]16:39 ч. Retrieving the ratings by carId
[Info]16:39 ч. Retrieving the ratings by carId
[Info]16:39 ч. Retrieving the ratings by carId
[Info]16:39 ч. Retrieving the list of cars
[Info]16:39 ч. There are 6 cars in the fleet
[Info]16:39 ч. Retrieving the ratings by carId
[Info]16:39 ч. Retrieving the ratings by carId
[Info]16:39 ч. Retrieving the ratings by carId
[Info]16:39 ч. Retrieving the ratings by carId
[Info]16:39 ч. Retrieving the ratings by carId
[Info]16:39 ч. Retrieving the ratings by carId
[Info]16:39 ч. Retrieving the ratings by carId
[Info]16:39 ч. Retrieving the ratings by carId
[Info]16:39 ч. Retrieving the ratings by carId
[Info]16:39 ч. Retrieving the ratings by carId
[Info]16:39 ч. Retrieving the list of cars
[Info]16:39 ч. There are 6 cars in the fleet
[Info]16:39 ч. Retrieving the car by Id
[Info]16:39 ч. Retrieving the list of categories
[Info]16:39 ч. There are 3 categories in the fleet
[Info]16:41 ч. Retrieving the list of categories
[Info]16:41 ч. There are 3 categories in the fleet
[Info]16:41 ч. Retrieving the list of categories
[Info]16:41 ч. There are 3 categories in the fleet
[Info]16:43 ч. Retrieving the list of categories
[Info]16:43 ч. There are 3 categories in the fleet
[Info]16:43 ч. Retrieving the list of categories
[Info]16:43 ч. There are 3 categories in the fleet
[Info]16:44 ч. Retrieving the list of categories
[Info]16:44 ч. There are 3 categories in the fleet
[Info]16:44 ч. Retrieving the list of categories
[Info]16:44 ч. There are 3 categories in the fleet
[Info]16:44 ч. Retrieving the list of categories
[Info]16:44 ч. There are 3 categories in the fleet
[Info]16:45 ч. Retrieving the list of categories
[Info]16:45 ч. There are 3 categories in the fleet
[Info]16:46 ч. Retrieving the list of categories
[Info]16:46 ч. There are 3 categories in the fleet
[Info]16:54 ч. Retrieving the list of categories
[Info]16:54 ч. There are 3 categories in the fleet
[Info]16:55 ч. Retrieving the list of categories
[Info]16:55 ч. There are 3 categories in the fleet
[Info]16:55 ч. Retrieving the list of categories
[Info]16:55 ч. There are 3 categories in the fleet
[Info]16:55 ч. Retrieving the list of categories
[Info]16:55 ч. There are 3 categories in the fleet
[Info]16:55 ч. Retrieving the list of categories
[Info]16:55 ч. There are 3 categories in the fleet
[Info]17:01 ч. Retrieving the list of categories
[Info]17:01 ч. There are 3 categories in the fleet
[Info]17:01 ч. Retrieving the list of locations
[Info]17:01 ч. There are 3 locations in the fleet
[Info]17:03 ч. Retrieving the list of locations
[Info]17:03 ч. There are 3 locations in the fleet
[Info]17:03 ч. Retrieving the list of locations
[Info]17:03 ч. There are 3 locations in the fleet
[Info]17:03 ч. Retrieving the list of locations
[Info]17:03 ч. There are 3 locations in the fleet
[Info]17:03 ч. Retrieving the list of locations
[Info]17:03 ч. There are 3 locations in the fleet
[Info]17:05 ч. Retrieving the list of locations
[Info]17:05 ч. There are 3 locations in the fleet
[Info]17:05 ч. Retrieving the list of locations
[Info]17:05 ч. There are 3 locations in the fleet
[Info]17:05 ч. Retrieving the list of locations
[Info]17:05 ч. There are 3 locations in the fleet
[Info]21:37 ч. Retrieving the list of locations
[Info]21:37 ч. There are 3 locations in the fleet
[Info]21:37 ч. Retrieving the list of locations
[Info]21:37 ч. There are 3 locations in the fleet
[Info]21:37 ч. Retrieving the list of locations
[Info]21:37 ч. There are 3 locations in the fleet
[Info]21:37 ч. Retrieving the list of locations
[Info]21:37 ч. There are 3 locations in the fleet
[Info]21:39 ч. Retrieving the list of locations
[Info]21:39 ч. There are 3 locations in the fleet
[Info]21:42 ч. Retrieving the list of locations
[Info]21:42 ч. There are 3 locations in the fleet
[Info]21:42 ч. Retrieving the list of locations
[Info]21:42 ч. There are 3 locations in the fleet
[Info]21:43 ч. Retrieving the list of locations
[Info]21:43 ч. There are 3 locations in the fleet
[Info]21:44 ч. Retrieving the list of locations
[Info]21:44 ч. There are 3 locations in the fleet
[Info]21:47 ч. Retrieving the list of locations
[Info]21:47 ч. There are 3 locations in the fleet
[Info]21:51 ч. Retrieving the list of locations
[Info]21:51 ч. There are 3 locations in the fleet
[Info]21:53 ч. Retrieving the list of locations
[Info]21:53 ч. There are 3 locations in the fleet
[Info]21:55 ч. Retrieving the list of locations
[Info]21:55 ч. There are 3 locations in the fleet
[Info]21:56 ч. Retrieving the list of locations
[Info]21:56 ч. There are 3 locations in the fleet
[Info]21:57 ч. Retrieving the list of locations
[Info]21:57 ч. There are 3 locations in the fleet
[Info]21:58 ч. Retrieving the list of locations
[Info]21:58 ч. There are 3 locations in the fleet
[Info]21:59 ч. Retrieving the list of locations
[Info]21:59 ч. There are 3 locations in the fleet
[Info]21:59 ч. Retrieving the list of locations
[Info]21:59 ч. There are 3 locations in the fleet
[Info]21:59 ч. Retrieving the list of locations
[Info]21:59 ч. There are 3 locations in the fleet
[Info]21:59 ч. Retrieving the list of locations
[Info]21:59 ч. There are 3 locations in the fleet
[Info]21:59 ч. Retrieving the list of locations
[Info]21:59 ч. There are 3 locations in the fleet
[Info]22:00 ч. Retrieving the list of locations
[Info]22:00 ч. There are 3 locations in the fleet
[Info]22:00 ч. Retrieving the list of locations
[Info]22:00 ч. There are 3 locations in the fleet
[Info]22:03 ч. Retrieving the list of locations
[Info]22:03 ч. There are 3 locations in the fleet
[Info]22:03 ч. Retrieving the list of locations
[Info]22:03 ч. There are 3 locations in the fleet
[Info]22:03 ч. Retrieving the list of locations
[Info]22:03 ч. There are 3 locations in the fleet
[Info]22:04 ч. Retrieving the list of locations
[Info]22:04 ч. There are 3 locations in the fleet
[Info]22:06 ч. Retrieving the list of locations
[Info]22:06 ч. There are 3 locations in the fleet
[Info]22:08 ч. Retrieving the list of locations
[Info]22:08 ч. There are 3 locations in the fleet
[Info]22:08 ч. Retrieving the list of locations
[Info]22:08 ч. There are 3 locations in the fleet
[Info]22:47 ч. Retrieving the list of locations
[Info]22:47 ч. There are 3 locations in the fleet
[Info]22:48 ч. Retrieving the list of locations
[Info]22:48 ч. There are 3 locations in the fleet
[Info]22:48 ч. Retrieving the list of locations
[Info]22:48 ч. There are 3 locations in the fleet
[Info]22:48 ч. Retrieving the list of locations
[Info]22:48 ч. There are 3 locations in the fleet
[Info]22:49 ч. Retrieving the list of locations
[Info]22:49 ч. There are 3 locations in the fleet
[Info]22:49 ч. Retrieving the list of locations
[Info]22:49 ч. There are 3 locations in the fleet
[Info]22:49 ч. Retrieving the list of locations
[Info]22:49 ч. There are 3 locations in the fleet
[Info]22:49 ч. Retrieving the list of locations
[Info]22:49 ч. There are 3 locations in the fleet
[Info]22:50 ч. Retrieving the list of locations
[Info]22:50 ч. There are 3 locations in the fleet
[Info]22:50 ч. Retrieving the list of locations
[Info]22:50 ч. There are 3 locations in the fleet
[Info]22:50 ч. Retrieving the list of locations
[Info]22:50 ч. There are 3 locations in the fleet
[Info]22:51 ч. Retrieving the list of locations
[Info]22:51 ч. There are 3 locations in the fleet
[Info]22:52 ч. Retrieving the list of locations
[Info]22:52 ч. There are 3 locations in the fleet
[Info]22:52 ч. Retrieving the list of locations
[Info]22:52 ч. There are 3 locations in the fleet
[Info]22:53 ч. Retrieving the list of locations
[Info]22:53 ч. There are 3 locations in the fleet
[Info]22:53 ч. Retrieving the list of locations
[Info]22:53 ч. There are 3 locations in the fleet
[Info]22:53 ч. Retrieving the list of locations
[Info]22:53 ч. There are 3 locations in the fleet
[Info]23:00 ч. Retrieving the list of cars
[Info]23:00 ч. There are 6 cars in the fleet
[Info]23:00 ч. Retrieving the ratings by carId
[Info]23:00 ч. Retrieving the ratings by carId
[Info]23:00 ч. Retrieving the ratings by carId
[Info]23:00 ч. Retrieving the ratings by carId
[Info]23:00 ч. Retrieving the ratings by carId
[Info]23:00 ч. Retrieving the ratings by carId
[Info]23:00 ч. Retrieving the ratings by carId
[Info]23:00 ч. Retrieving the ratings by carId
[Info]23:00 ч. Retrieving the ratings by carId
[Info]23:00 ч. Retrieving the list of bookings
[Info]23:00 ч. There are 2 bookings in the fleet
[Info]23:00 ч. Retrieving the list of cars
[Info]23:00 ч. There are 6 cars in the fleet
[Info]23:00 ч. Retrieving the list of bookings
[Info]23:00 ч. There are 2 bookings in the fleet
[Info]23:00 ч. Retrieving the list of cars
[Info]23:00 ч. There are 6 cars in the fleet
[Info]23:00 ч. Retrieving the car by Id
[Info]23:00 ч. Retrieving the list of locations
[Info]23:00 ч. There are 3 locations in the fleet
[Info]23:02 ч. Retrieving the list of locations
[Info]23:02 ч. There are 3 locations in the fleet
[Info]23:03 ч. Retrieving the list of cars
[Info]23:03 ч. There are 6 cars in the fleet
[Info]23:03 ч. Retrieving the list of bookings
[Info]23:03 ч. There are 2 bookings in the fleet
[Info]23:04 ч. Retrieving the list of cars
[Info]23:05 ч. There are 6 cars in the fleet
[Info]23:05 ч. Retrieving the car by Id
[Info]23:05 ч. Retrieving the list of locations
[Info]23:05 ч. There are 3 locations in the fleet
[Info]23:05 ч. Retrieving the list of bookings
[Info]23:05 ч. There are 2 bookings in the fleet
[Info]23:10 ч. Retrieving the list of cars
[Info]23:10 ч. There are 6 cars in the fleet
[Info]23:10 ч. Retrieving the car by Id
[Info]23:10 ч. Retrieving the list of locations
[Info]23:10 ч. There are 3 locations in the fleet
[Info]23:11 ч. Retrieving the list of bookings
[Info]23:11 ч. There are 2 bookings in the fleet
[Info]23:14 ч. Retrieving the list of cars
[Info]23:14 ч. There are 6 cars in the fleet
[Info]23:14 ч. Retrieving the ratings by carId
[Info]23:14 ч. Retrieving the ratings by carId
[Info]23:14 ч. Retrieving the ratings by carId
[Info]23:14 ч. Retrieving the ratings by carId
[Info]23:14 ч. Retrieving the ratings by carId
[Info]23:14 ч. Retrieving the ratings by carId
[Info]23:14 ч. Retrieving the ratings by carId
[Info]23:14 ч. Retrieving the ratings by carId
[Info]23:14 ч. Retrieving the ratings by carId
[Info]23:14 ч. Retrieving the ratings by carId
[Info]23:14 ч. Retrieving the list of cars
[Info]23:14 ч. There are 6 cars in the fleet
[Info]23:14 ч. Retrieving the car by Id
[Info]23:14 ч. Retrieving the list of locations
[Info]23:14 ч. There are 3 locations in the fleet
[Info]23:15 ч. Retrieving the list of bookings
[Info]23:15 ч. There are 2 bookings in the fleet
