[Info]15:44 ч. Request Sent
[Info]15:44 ч. Retrieving the list of cars
[Info]15:44 ч. There are 9 cars in the fleet
[Info]15:44 ч. Response Sent
[Info]16:20 ч. Request Sent
[Info]16:20 ч. Retrieving the list of cars
[Info]16:20 ч. There are 9 cars in the fleet
[Info]16:20 ч. Response Sent
[Info]16:21 ч. Request Sent
[Info]16:21 ч. Retrieving the list of cars
[Info]16:21 ч. There are 9 cars in the fleet
[Info]16:21 ч. Response Sent
[Info]16:22 ч. Request Sent
[Info]16:22 ч. Retrieving the list of cars
[Info]16:22 ч. There are 9 cars in the fleet
[Info]16:22 ч. Response Sent
[Info]16:22 ч. Request Sent
[Info]16:22 ч. Retrieving the list of cars
[Info]16:22 ч. There are 9 cars in the fleet
[Info]16:22 ч. Response Sent
[Info]16:58 ч. Request Sent
[Info]16:58 ч. Retrieving the list of cars
[Info]16:58 ч. There are 9 cars in the fleet
[Info]16:58 ч. Response Sent
[Info]17:00 ч. Request Sent
[Info]17:00 ч. Retrieving the list of cars
[Info]17:00 ч. There are 9 cars in the fleet
[Info]17:00 ч. Response Sent
[Info]17:01 ч. Request Sent
[Info]17:01 ч. Retrieving the list of cars
[Info]17:01 ч. There are 9 cars in the fleet
[Info]17:01 ч. Response Sent
[Info]18:00 ч. Request Sent
[Info]18:00 ч. Retrieving the list of cars
[Info]18:00 ч. There are 9 cars in the fleet
[Info]18:00 ч. Response Sent
[Info]18:00 ч. Request Sent
[Info]18:00 ч. Retrieving the list of cars
[Info]18:00 ч. There are 9 cars in the fleet
[Info]18:00 ч. Response Sent
[Info]18:01 ч. Request Sent
[Info]18:01 ч. Retrieving the list of cars
[Info]18:01 ч. There are 9 cars in the fleet
[Info]18:01 ч. Response Sent
[Info]18:01 ч. Request Sent
[Info]18:01 ч. Retrieving the list of cars
[Info]18:01 ч. There are 9 cars in the fleet
[Info]18:01 ч. Response Sent
[Info]18:04 ч. Request Sent
[Info]18:04 ч. Retrieving the list of cars
[Info]18:04 ч. There are 9 cars in the fleet
[Info]18:04 ч. Response Sent
[Info]18:07 ч. Request Sent
[Info]18:07 ч. Retrieving the list of cars
[Info]18:07 ч. There are 9 cars in the fleet
[Info]18:07 ч. Response Sent
[Info]18:08 ч. Request Sent
[Info]18:08 ч. Retrieving the list of cars
[Info]18:08 ч. There are 9 cars in the fleet
[Info]18:08 ч. Response Sent
[Info]18:15 ч. Request Sent
[Info]18:15 ч. Retrieving the list of cars
[Info]18:15 ч. There are 9 cars in the fleet
[Info]18:15 ч. Response Sent
[Info]18:20 ч. Request Sent
[Info]18:20 ч. Retrieving the list of cars
[Info]18:20 ч. There are 9 cars in the fleet
[Info]18:20 ч. Response Sent
[Info]18:20 ч. Request Sent
[Info]18:20 ч. Request Sent
[Info]18:20 ч. Request Sent
[Info]18:20 ч. Request Sent
[Info]18:20 ч. Request Sent
[Info]18:20 ч. Request Sent
[Info]18:20 ч. Retrieving the ratings by carId
[Info]18:20 ч. Retrieving the ratings by carId
[Info]18:20 ч. Response Sent
[Info]18:20 ч. Response Sent
[Info]18:20 ч. Response Sent
[Info]18:20 ч. Request Sent
[Info]18:20 ч. Retrieving the ratings by carId
[Info]18:20 ч. Request Sent
[Info]18:20 ч. Retrieving the ratings by carId
[Info]18:20 ч. Retrieving the ratings by carId
[Info]18:20 ч. Retrieving the ratings by carId
[Info]18:20 ч. Response Sent
[Info]18:20 ч. Response Sent
[Info]18:20 ч. Response Sent
[Info]18:20 ч. Response Sent
[Info]18:20 ч. Response Sent
[Info]18:20 ч. Request Sent
[Info]18:20 ч. Request Sent
[Info]18:20 ч. Retrieving the ratings by carId
[Info]18:20 ч. Retrieving the ratings by carId
[Info]18:20 ч. Retrieving the ratings by carId
[Info]18:20 ч. Response Sent
[Info]18:20 ч. Response Sent
[Info]18:20 ч. Request Sent
[Info]18:20 ч. Request Sent
[Info]18:20 ч. Retrieving the ratings by carId
[Info]18:20 ч. Response Sent
[Info]18:20 ч. Request Sent
[Info]18:20 ч. Retrieving the ratings by carId
[Info]18:20 ч. Response Sent
[Info]18:21 ч. Response Sent
[Info]18:21 ч. Request Sent
[Info]18:21 ч. Request Sent
[Info]18:21 ч. Retrieving the ratings by carId
[Info]18:21 ч. Retrieving the ratings by carId
[Info]18:21 ч. Request Sent
[Info]18:21 ч. Request Sent
[Info]18:21 ч. Retrieving the ratings by carId
[Info]18:21 ч. Retrieving the ratings by carId
[Info]18:21 ч. Retrieving the ratings by carId
[Info]18:21 ч. Response Sent
[Info]18:21 ч. Response Sent
[Info]18:21 ч. Request Sent
[Info]18:21 ч. Retrieving the ratings by carId
[Info]18:21 ч. Request Sent
[Info]18:21 ч. Response Sent
[Info]18:21 ч. Request Sent
[Info]18:21 ч. Retrieving the ratings by carId
[Info]18:21 ч. Response Sent
[Info]18:21 ч. Request Sent
[Info]18:21 ч. Retrieving the ratings by carId
[Info]18:21 ч. Request Sent
[Info]18:21 ч. Response Sent
[Info]18:21 ч. Response Sent
[Info]18:21 ч. Response Sent
[Info]18:21 ч. Response Sent
[Info]18:21 ч. Response Sent
[Info]18:21 ч. Response Sent
[Info]18:21 ч. Request Sent
[Info]18:21 ч. Retrieving the ratings by carId
[Info]18:21 ч. Response Sent
[Info]18:21 ч. Response Sent
[Info]18:21 ч. Request Sent
[Info]18:21 ч. Retrieving the list of cars
[Info]18:21 ч. There are 9 cars in the fleet
[Info]18:21 ч. Response Sent
[Info]18:21 ч. Request Sent
[Info]18:21 ч. Retrieving the ratings by carId
[Info]18:21 ч. Request Sent
[Info]18:21 ч. Retrieving the ratings by carId
[Info]18:21 ч. Request Sent
[Info]18:21 ч. Request Sent
[Info]18:21 ч. Retrieving the ratings by carId
[Info]18:21 ч. Response Sent
[Info]18:21 ч. Request Sent
[Info]18:21 ч. Retrieving the ratings by carId
[Info]18:21 ч. Retrieving the ratings by carId
[Info]18:21 ч. Retrieving the ratings by carId
[Info]18:21 ч. Response Sent
[Info]18:21 ч. Response Sent
[Info]18:21 ч. Response Sent
[Info]18:21 ч. Response Sent
[Info]18:21 ч. Request Sent
[Info]18:21 ч. Response Sent
[Info]18:21 ч. Request Sent
[Info]18:21 ч. Retrieving the ratings by carId
[Info]18:21 ч. Request Sent
[Info]18:21 ч. Retrieving the ratings by carId
[Info]18:21 ч. Retrieving the ratings by carId
[Info]18:21 ч. Response Sent
[Info]18:21 ч. Response Sent
[Info]18:21 ч. Response Sent
[Info]18:21 ч. Response Sent
[Info]18:21 ч. Response Sent
[Info]18:21 ч. Request Sent
[Info]18:21 ч. Retrieving the list of cars
[Info]18:21 ч. There are 9 cars in the fleet
[Info]18:21 ч. Response Sent
[Info]18:21 ч. Request Sent
[Info]18:21 ч. Retrieving the ratings by carId
[Info]18:21 ч. Request Sent
[Info]18:21 ч. Retrieving the ratings by carId
[Info]18:21 ч. Retrieving the ratings by carId
[Info]18:21 ч. Request Sent
[Info]18:21 ч. Request Sent
[Info]18:21 ч. Retrieving the ratings by carId
[Info]18:21 ч. Retrieving the ratings by carId
[Info]18:21 ч. Retrieving the ratings by carId
[Info]18:21 ч. Response Sent
[Info]18:21 ч. Response Sent
[Info]18:21 ч. Response Sent
[Info]18:21 ч. Request Sent
[Info]18:21 ч. Retrieving the ratings by carId
[Info]18:21 ч. Response Sent
[Info]18:21 ч. Response Sent
[Info]18:21 ч. Response Sent
[Info]18:21 ч. Request Sent
[Info]18:21 ч. Request Sent
[Info]18:21 ч. Retrieving the ratings by carId
[Info]18:21 ч. Retrieving the ratings by carId
[Info]18:21 ч. Request Sent
[Info]18:21 ч. Retrieving the ratings by carId
[Info]18:21 ч. Retrieving the ratings by carId
[Info]18:21 ч. Response Sent
[Info]18:21 ч. Response Sent
[Info]18:21 ч. Response Sent
[Info]18:21 ч. Response Sent
[Info]18:21 ч. Response Sent
[Info]18:22 ч. Request Sent
[Info]18:22 ч. Retrieving the list of cars
[Info]18:22 ч. There are 9 cars in the fleet
[Info]18:22 ч. Response Sent
[Info]18:22 ч. Request Sent
[Info]18:22 ч. Request Sent
[Info]18:22 ч. Retrieving the ratings by carId
[Info]18:22 ч. Request Sent
[Info]18:22 ч. Retrieving the ratings by carId
[Info]18:22 ч. Request Sent
[Info]18:22 ч. Retrieving the ratings by carId
[Info]18:22 ч. Request Sent
[Info]18:22 ч. Request Sent
[Info]18:22 ч. Retrieving the ratings by carId
[Info]18:22 ч. Response Sent
[Info]18:22 ч. Request Sent
[Info]18:22 ч. Response Sent
[Info]18:22 ч. Retrieving the ratings by carId
[Info]18:22 ч. Request Sent
[Info]18:22 ч. Retrieving the ratings by carId
[Info]18:22 ч. Response Sent
[Info]18:22 ч. Response Sent
[Info]18:22 ч. Response Sent
[Info]18:22 ч. Response Sent
[Info]18:22 ч. Request Sent
[Info]18:22 ч. Retrieving the ratings by carId
[Info]18:22 ч. Request Sent
[Info]18:22 ч. Retrieving the ratings by carId
[Info]18:22 ч. Response Sent
[Info]18:22 ч. Retrieving the ratings by carId
[Info]18:22 ч. Response Sent
[Info]18:22 ч. Retrieving the ratings by carId
[Info]18:22 ч. Response Sent
[Info]18:22 ч. Response Sent
[Info]18:22 ч. Response Sent
[Info]18:22 ч. Response Sent
[Info]18:22 ч. Request Sent
[Info]18:22 ч. Retrieving the list of cars
[Info]18:22 ч. There are 9 cars in the fleet
[Info]18:22 ч. Response Sent
[Info]18:22 ч. Request Sent
[Info]18:22 ч. Retrieving the ratings by carId
[Info]18:22 ч. Request Sent
[Info]18:22 ч. Retrieving the ratings by carId
[Info]18:22 ч. Request Sent
[Info]18:22 ч. Retrieving the ratings by carId
[Info]18:22 ч. Request Sent
[Info]18:22 ч. Retrieving the ratings by carId
[Info]18:22 ч. Request Sent
[Info]18:22 ч. Response Sent
[Info]18:22 ч. Retrieving the ratings by carId
[Info]18:22 ч. Request Sent
[Info]18:22 ч. Retrieving the ratings by carId
[Info]18:22 ч. Response Sent
[Info]18:22 ч. Request Sent
[Info]18:22 ч. Retrieving the ratings by carId
[Info]18:22 ч. Request Sent
[Info]18:22 ч. Retrieving the ratings by carId
[Info]18:22 ч. Retrieving the ratings by carId
[Info]18:22 ч. Response Sent
[Info]18:22 ч. Response Sent
[Info]18:22 ч. Retrieving the ratings by carId
[Info]18:22 ч. Retrieving the ratings by carId
[Info]18:22 ч. Response Sent
[Info]18:22 ч. Response Sent
[Info]18:22 ч. Response Sent
[Info]18:22 ч. Response Sent
[Info]18:22 ч. Response Sent
[Info]18:22 ч. Request Sent
[Info]18:22 ч. Request Sent
[Info]18:22 ч. Request Sent
[Info]18:22 ч. Retrieving the ratings by carId
[Info]18:22 ч. Retrieving the ratings by carId
[Info]18:22 ч. Response Sent
[Info]18:22 ч. Request Sent
[Info]18:22 ч. Response Sent
[Info]18:22 ч. Retrieving the ratings by carId
[Info]18:22 ч. Response Sent
[Info]18:22 ч. Request Sent
[Info]18:22 ч. Retrieving the ratings by carId
[Info]18:22 ч. Response Sent
[Info]18:22 ч. Request Sent
[Info]18:22 ч. Retrieving the ratings by carId
[Info]18:22 ч. Response Sent
[Info]18:22 ч. Response Sent
[Info]18:31 ч. Request Sent
[Info]18:31 ч. Retrieving the car by Id
[Info]18:31 ч. Response Sent
[Info]18:32 ч. Request Sent
[Info]18:32 ч. Retrieving the car by Id
[Info]18:32 ч. Response Sent
[Info]18:33 ч. Request Sent
[Info]18:33 ч. Retrieving the list of cars
[Info]18:33 ч. There are 9 cars in the fleet
[Info]18:33 ч. Response Sent
[Info]18:33 ч. Request Sent
[Info]18:33 ч. Request Sent
[Info]18:33 ч. Request Sent
[Info]18:33 ч. Retrieving the ratings by carId
[Info]18:33 ч. Retrieving the ratings by carId
[Info]18:33 ч. Retrieving the ratings by carId
[Info]18:33 ч. Retrieving the ratings by carId
[Info]18:33 ч. Request Sent
[Info]18:33 ч. Retrieving the ratings by carId
[Info]18:33 ч. Response Sent
[Info]18:33 ч. Request Sent
[Info]18:33 ч. Response Sent
[Info]18:33 ч. Retrieving the ratings by carId
[Info]18:33 ч. Retrieving the ratings by carId
[Info]18:33 ч. Response Sent
[Info]18:33 ч. Request Sent
[Info]18:33 ч. Retrieving the ratings by carId
[Info]18:33 ч. Response Sent
[Info]18:33 ч. Response Sent
[Info]18:33 ч. Request Sent
[Info]18:33 ч. Response Sent
[Info]18:33 ч. Retrieving the ratings by carId
[Info]18:33 ч. Request Sent
[Info]18:33 ч. Retrieving the ratings by carId
[Info]18:33 ч. Retrieving the ratings by carId
[Info]18:33 ч. Response Sent
[Info]18:33 ч. Response Sent
[Info]18:33 ч. Response Sent
[Info]18:33 ч. Response Sent
[Info]18:33 ч. Response Sent
[Info]18:34 ч. Request Sent
[Info]18:34 ч. Retrieving the list of cars
[Info]18:34 ч. There are 9 cars in the fleet
[Info]18:34 ч. Response Sent
[Info]18:34 ч. Request Sent
[Info]18:34 ч. Retrieving the ratings by carId
[Info]18:34 ч. Request Sent
[Info]18:34 ч. Retrieving the ratings by carId
[Info]18:34 ч. Retrieving the ratings by carId
[Info]18:34 ч. Request Sent
[Info]18:34 ч. Response Sent
[Info]18:34 ч. Request Sent
[Info]18:34 ч. Response Sent
[Info]18:34 ч. Retrieving the ratings by carId
[Info]18:34 ч. Retrieving the ratings by carId
[Info]18:34 ч. Retrieving the ratings by carId
[Info]18:34 ч. Request Sent
[Info]18:34 ч. Retrieving the ratings by carId
[Info]18:34 ч. Response Sent
[Info]18:34 ч. Request Sent
[Info]18:34 ч. Retrieving the ratings by carId
[Info]18:34 ч. Response Sent
[Info]18:34 ч. Response Sent
[Info]18:34 ч. Response Sent
[Info]18:34 ч. Response Sent
[Info]18:34 ч. Request Sent
[Info]18:34 ч. Request Sent
[Info]18:34 ч. Retrieving the ratings by carId
[Info]18:34 ч. Retrieving the ratings by carId
[Info]18:34 ч. Response Sent
[Info]18:34 ч. Request Sent
[Info]18:34 ч. Retrieving the ratings by carId
[Info]18:34 ч. Response Sent
[Info]18:34 ч. Response Sent
[Info]18:34 ч. Response Sent
[Info]18:34 ч. Response Sent
[Info]18:34 ч. Request Sent
[Info]18:34 ч. Request Sent
[Info]18:34 ч. Retrieving the ratings by carId
[Info]18:34 ч. Request Sent
[Info]18:34 ч. Retrieving the ratings by carId
[Info]18:34 ч. Response Sent
[Info]18:34 ч. Request Sent
[Info]18:34 ч. Retrieving the ratings by carId
[Info]18:34 ч. Response Sent
[Info]18:34 ч. Response Sent
[Info]18:34 ч. Request Sent
[Info]18:34 ч. Request Sent
[Info]18:34 ч. Retrieving the ratings by carId
[Info]18:34 ч. Retrieving the ratings by carId
[Info]18:34 ч. Response Sent
[Info]18:34 ч. Response Sent
[Info]18:34 ч. Request Sent
[Info]18:34 ч. Request Sent
[Info]18:34 ч. Request Sent
[Info]18:34 ч. Request Sent
[Info]18:34 ч. Retrieving the ratings by carId
[Info]18:34 ч. Retrieving the ratings by carId
[Info]18:34 ч. Request Sent
[Info]18:34 ч. Retrieving the ratings by carId
[Info]18:34 ч. Retrieving the ratings by carId
[Info]18:34 ч. Response Sent
[Info]18:34 ч. Response Sent
[Info]18:34 ч. Response Sent
[Info]18:34 ч. Request Sent
[Info]18:34 ч. Retrieving the ratings by carId
[Info]18:34 ч. Request Sent
[Info]18:34 ч. Request Sent
[Info]18:34 ч. Request Sent
[Info]18:34 ч. Retrieving the ratings by carId
[Info]18:34 ч. Request Sent
[Info]18:34 ч. Retrieving the ratings by carId
[Info]18:34 ч. Response Sent
[Info]18:34 ч. Response Sent
[Info]18:34 ч. Request Sent
[Info]18:34 ч. Retrieving the ratings by carId
[Info]18:34 ч. Response Sent
[Info]18:34 ч. Response Sent
[Info]18:34 ч. Response Sent
[Info]18:34 ч. Response Sent
[Info]18:36 ч. Request Sent
[Info]18:36 ч. Retrieving the ratings by carId
[Info]18:36 ч. Request Sent
[Info]18:36 ч. Retrieving the ratings by carId
[Info]18:36 ч. Retrieving the ratings by carId
[Info]18:36 ч. Response Sent
[Info]18:36 ч. Request Sent
[Info]18:36 ч. Request Sent
[Info]18:36 ч. Retrieving the ratings by carId
[Info]18:36 ч. Retrieving the ratings by carId
[Info]18:36 ч. Response Sent
[Info]18:36 ч. Response Sent
[Info]18:36 ч. Response Sent
[Info]18:36 ч. Request Sent
[Info]18:36 ч. Retrieving the car by Id
[Info]18:36 ч. Response Sent
[Info]19:03 ч. Request Sent
[Info]19:03 ч. Retrieving the list of cars
[Info]19:03 ч. There are 9 cars in the fleet
[Info]19:03 ч. Response Sent
[Info]19:03 ч. Request Sent
[Info]19:03 ч. Request Sent
[Info]19:03 ч. Retrieving the ratings by carId
[Info]19:03 ч. Retrieving the ratings by carId
[Info]19:03 ч. Request Sent
[Info]19:03 ч. Retrieving the ratings by carId
[Info]19:03 ч. Response Sent
[Info]19:03 ч. Request Sent
[Info]19:03 ч. Retrieving the ratings by carId
[Info]19:03 ч. Request Sent
[Info]19:03 ч. Retrieving the ratings by carId
[Info]19:03 ч. Request Sent
[Info]19:03 ч. Retrieving the ratings by carId
[Info]19:03 ч. Retrieving the ratings by carId
[Info]19:03 ч. Response Sent
[Info]19:03 ч. Response Sent
[Info]19:03 ч. Request Sent
[Info]19:03 ч. Retrieving the ratings by carId
[Info]19:03 ч. Request Sent
[Info]19:03 ч. Request Sent
[Info]19:03 ч. Retrieving the ratings by carId
[Info]19:03 ч. Request Sent
[Info]19:03 ч. Retrieving the ratings by carId
[Info]19:03 ч. Request Sent
[Info]19:03 ч. Retrieving the ratings by carId
[Info]19:03 ч. Response Sent
[Info]19:03 ч. Response Sent
[Info]19:03 ч. Response Sent
[Info]19:03 ч. Request Sent
[Info]19:03 ч. Request Sent
[Info]19:03 ч. Retrieving the ratings by carId
[Info]19:03 ч. Retrieving the ratings by carId
[Info]19:03 ч. Retrieving the ratings by carId
[Info]19:03 ч. Response Sent
[Info]19:03 ч. Response Sent
[Info]19:03 ч. Request Sent
[Info]19:03 ч. Retrieving the ratings by carId
[Info]19:03 ч. Response Sent
[Info]19:03 ч. Request Sent
[Info]19:03 ч. Retrieving the ratings by carId
[Info]19:03 ч. Retrieving the ratings by carId
[Info]19:03 ч. Response Sent
[Info]19:03 ч. Response Sent
[Info]19:03 ч. Response Sent
[Info]19:03 ч. Request Sent
[Info]19:03 ч. Request Sent
[Info]19:03 ч. Retrieving the ratings by carId
[Info]19:03 ч. Request Sent
[Info]19:03 ч. Request Sent
[Info]19:03 ч. Retrieving the ratings by carId
[Info]19:03 ч. Retrieving the ratings by carId
[Info]19:03 ч. Request Sent
[Info]19:03 ч. Retrieving the ratings by carId
[Info]19:03 ч. Response Sent
[Info]19:03 ч. Response Sent
[Info]19:03 ч. Response Sent
[Info]19:03 ч. Request Sent
[Info]19:03 ч. Retrieving the ratings by carId
[Info]19:03 ч. Response Sent
[Info]19:03 ч. Response Sent
[Info]19:03 ч. Request Sent
[Info]19:03 ч. Retrieving the ratings by carId
[Info]19:03 ч. Retrieving the ratings by carId
[Info]19:03 ч. Retrieving the ratings by carId
[Info]19:03 ч. Response Sent
[Info]19:03 ч. Response Sent
[Info]19:03 ч. Request Sent
[Info]19:03 ч. Retrieving the ratings by carId
[Info]19:03 ч. Response Sent
[Info]19:03 ч. Response Sent
[Info]19:03 ч. Response Sent
[Info]19:03 ч. Request Sent
[Info]19:03 ч. Retrieving the ratings by carId
[Info]19:03 ч. Request Sent
[Info]19:03 ч. Retrieving the ratings by carId
[Info]19:03 ч. Response Sent
[Info]19:03 ч. Request Sent
[Info]19:03 ч. Retrieving the ratings by carId
[Info]19:03 ч. Response Sent
[Info]19:03 ч. Response Sent
[Info]19:03 ч. Request Sent
[Info]19:03 ч. Retrieving the ratings by carId
[Info]19:03 ч. Retrieving the ratings by carId
[Info]19:03 ч. Response Sent
[Info]19:03 ч. Response Sent
[Info]19:03 ч. Request Sent
[Info]19:03 ч. Retrieving the ratings by carId
[Info]19:03 ч. Retrieving the ratings by carId
[Info]19:03 ч. Request Sent
[Info]19:03 ч. Retrieving the ratings by carId
[Info]19:03 ч. Retrieving the ratings by carId
[Info]19:03 ч. Request Sent
[Info]19:03 ч. Response Sent
[Info]19:03 ч. Retrieving the ratings by carId
[Info]19:03 ч. Response Sent
[Info]19:03 ч. Response Sent
[Info]19:03 ч. Response Sent
[Info]19:03 ч. Request Sent
[Info]19:03 ч. Response Sent
[Info]19:03 ч. Retrieving the ratings by carId
[Info]19:03 ч. Request Sent
[Info]19:03 ч. Retrieving the ratings by carId
[Info]19:03 ч. Retrieving the ratings by carId
[Info]19:03 ч. Request Sent
[Info]19:03 ч. Retrieving the ratings by carId
[Info]19:03 ч. Response Sent
[Info]19:03 ч. Response Sent
[Info]19:03 ч. Response Sent
[Info]19:03 ч. Request Sent
[Info]19:03 ч. Response Sent
[Info]19:03 ч. Retrieving the ratings by carId
[Info]19:03 ч. Response Sent
[Info]19:03 ч. Response Sent
[Info]19:03 ч. Request Sent
[Info]19:03 ч. Request Sent
[Info]19:03 ч. Retrieving the ratings by carId
[Info]19:03 ч. Retrieving the ratings by carId
[Info]19:03 ч. Retrieving the ratings by carId
[Info]19:03 ч. Response Sent
[Info]19:03 ч. Request Sent
[Info]19:03 ч. Retrieving the ratings by carId
[Info]19:03 ч. Response Sent
[Info]19:03 ч. Request Sent
[Info]19:03 ч. Retrieving the ratings by carId
[Info]19:03 ч. Response Sent
[Info]19:03 ч. Request Sent
[Info]19:03 ч. Retrieving the ratings by carId
[Info]19:03 ч. Response Sent
[Info]19:03 ч. Response Sent
[Info]19:03 ч. Request Sent
[Info]19:03 ч. Request Sent
[Info]19:03 ч. Retrieving the ratings by carId
[Info]19:03 ч. Request Sent
[Info]19:03 ч. Request Sent
[Info]19:03 ч. Retrieving the ratings by carId
[Info]19:03 ч. Request Sent
[Info]19:03 ч. Retrieving the ratings by carId
[Info]19:03 ч. Retrieving the ratings by carId
[Info]19:03 ч. Response Sent
[Info]19:03 ч. Response Sent
[Info]19:03 ч. Response Sent
[Info]19:03 ч. Request Sent
[Info]19:03 ч. Request Sent
[Info]19:03 ч. Retrieving the ratings by carId
[Info]19:03 ч. Response Sent
[Info]19:03 ч. Request Sent
[Info]19:03 ч. Retrieving the ratings by carId
[Info]19:03 ч. Response Sent
[Info]19:03 ч. Request Sent
[Info]19:03 ч. Retrieving the ratings by carId
[Info]19:03 ч. Retrieving the ratings by carId
[Info]19:03 ч. Response Sent
[Info]19:03 ч. Request Sent
[Info]19:03 ч. Retrieving the ratings by carId
[Info]19:03 ч. Response Sent
[Info]19:03 ч. Response Sent
[Info]19:03 ч. Response Sent
[Info]19:04 ч. Request Sent
[Info]19:04 ч. Retrieving the car by Id
[Info]19:04 ч. Response Sent
[Info]19:05 ч. Request Sent
[Info]19:05 ч. Retrieving the list of cars
[Info]19:05 ч. There are 9 cars in the fleet
[Info]19:05 ч. Response Sent
[Info]19:05 ч. Request Sent
[Info]19:05 ч. Retrieving the ratings by carId
[Info]19:05 ч. Request Sent
[Info]19:05 ч. Retrieving the ratings by carId
[Info]19:05 ч. Request Sent
[Info]19:05 ч. Retrieving the ratings by carId
[Info]19:05 ч. Request Sent
[Info]19:05 ч. Request Sent
[Info]19:05 ч. Retrieving the ratings by carId
[Info]19:05 ч. Retrieving the ratings by carId
[Info]19:05 ч. Response Sent
[Info]19:05 ч. Request Sent
[Info]19:05 ч. Request Sent
[Info]19:05 ч. Retrieving the ratings by carId
[Info]19:05 ч. Retrieving the ratings by carId
[Info]19:05 ч. Response Sent
[Info]19:05 ч. Request Sent
[Info]19:05 ч. Retrieving the ratings by carId
[Info]19:05 ч. Response Sent
[Info]19:05 ч. Response Sent
[Info]19:05 ч. Request Sent
[Info]19:05 ч. Retrieving the ratings by carId
[Info]19:05 ч. Request Sent
[Info]19:05 ч. Retrieving the ratings by carId
[Info]19:05 ч. Retrieving the ratings by carId
[Info]19:05 ч. Response Sent
[Info]19:05 ч. Response Sent
[Info]19:05 ч. Response Sent
[Info]19:05 ч. Response Sent
[Info]19:05 ч. Response Sent
[Info]19:05 ч. Response Sent
[Info]19:06 ч. Request Sent
[Info]19:06 ч. Retrieving the ratings by carId
[Info]19:06 ч. Request Sent
[Info]19:06 ч. Retrieving the ratings by carId
[Info]19:06 ч. Retrieving the ratings by carId
[Info]19:06 ч. Response Sent
[Info]19:06 ч. Response Sent
[Info]19:06 ч. Request Sent
[Info]19:06 ч. Retrieving the ratings by carId
[Info]19:06 ч. Response Sent
[Info]19:06 ч. Request Sent
[Info]19:06 ч. Retrieving the ratings by carId
[Info]19:06 ч. Retrieving the ratings by carId
[Info]19:06 ч. Response Sent
[Info]19:06 ч. Response Sent
[Info]19:06 ч. Response Sent
[Info]19:09 ч. Request Sent
[Info]19:09 ч. Retrieving the list of cars
[Info]19:09 ч. There are 9 cars in the fleet
[Info]19:09 ч. Response Sent
[Info]19:09 ч. Request Sent
[Info]19:09 ч. Request Sent
[Info]19:09 ч. Retrieving the ratings by carId
[Info]19:09 ч. Response Sent
[Info]19:09 ч. Request Sent
[Info]19:09 ч. Request Sent
[Info]19:09 ч. Retrieving the ratings by carId
[Info]19:09 ч. Retrieving the ratings by carId
[Info]19:09 ч. Request Sent
[Info]19:09 ч. Retrieving the ratings by carId
[Info]19:09 ч. Retrieving the ratings by carId
[Info]19:09 ч. Retrieving the ratings by carId
[Info]19:09 ч. Response Sent
[Info]19:09 ч. Response Sent
[Info]19:09 ч. Response Sent
[Info]19:09 ч. Response Sent
[Info]19:09 ч. Request Sent
[Info]19:09 ч. Request Sent
[Info]19:09 ч. Retrieving the ratings by carId
[Info]19:09 ч. Retrieving the ratings by carId
[Info]19:09 ч. Retrieving the ratings by carId
[Info]19:09 ч. Retrieving the ratings by carId
[Info]19:09 ч. Retrieving the ratings by carId
[Info]19:09 ч. Response Sent
[Info]19:09 ч. Response Sent
[Info]19:09 ч. Response Sent
[Info]19:09 ч. Response Sent
[Info]19:09 ч. Request Sent
[Info]19:09 ч. Request Sent
[Info]19:09 ч. Retrieving the ratings by carId
[Info]19:09 ч. Retrieving the ratings by carId
[Info]19:09 ч. Retrieving the ratings by carId
[Info]19:09 ч. Response Sent
[Info]19:09 ч. Response Sent
[Info]19:09 ч. Request Sent
[Info]19:09 ч. Retrieving the ratings by carId
[Info]19:09 ч. Retrieving the ratings by carId
[Info]19:09 ч. Request Sent
[Info]19:09 ч. Retrieving the ratings by carId
[Info]19:09 ч. Response Sent
[Info]19:09 ч. Response Sent
[Info]19:09 ч. Response Sent
