[Info]11:13 ч. Request Sent
[Info]11:13 ч. Retrieving the list of categories
[Info]11:13 ч. There are 7 categories in the fleet
[Info]11:13 ч. Response Sent
[Info]11:13 ч. Request Sent
[Info]11:13 ч. Retrieving the list of categories
[Info]11:13 ч. There are 7 categories in the fleet
[Info]11:13 ч. Response Sent
[Info]11:13 ч. Request Sent
[Info]11:13 ч. Retrieving the list of categories
[Info]11:13 ч. There are 7 categories in the fleet
[Info]11:13 ч. Response Sent
[Info]11:22 ч. Request Sent
[Info]11:22 ч. Retrieving the list of categories
[Info]11:22 ч. There are 7 categories in the fleet
[Info]11:22 ч. Response Sent
[Info]11:22 ч. Request Sent
[Info]11:22 ч. Retrieving the list of cars
[Info]11:22 ч. There are 9 cars in the fleet
[Info]11:22 ч. Response Sent
[Info]11:22 ч. Request Sent
[Info]11:22 ч. Request Sent
[Info]11:22 ч. Retrieving the ratings by carId
[Info]11:22 ч. Request Sent
[Info]11:22 ч. Retrieving the ratings by carId
[Info]11:22 ч. Request Sent
[Info]11:22 ч. Retrieving the ratings by carId
[Info]11:22 ч. Request Sent
[Info]11:22 ч. Retrieving the ratings by carId
[Info]11:22 ч. Retrieving the ratings by carId
[Info]11:22 ч. Request Sent
[Info]11:22 ч. Retrieving the ratings by carId
[Info]11:22 ч. Response Sent
[Info]11:22 ч. Response Sent
[Info]11:22 ч. Response Sent
[Info]11:22 ч. Request Sent
[Info]11:22 ч. Retrieving the ratings by carId
[Info]11:22 ч. Request Sent
[Info]11:22 ч. Retrieving the ratings by carId
[Info]11:22 ч. Response Sent
[Info]11:22 ч. Response Sent
[Info]11:22 ч. Response Sent
[Info]11:22 ч. Request Sent
[Info]11:22 ч. Retrieving the ratings by carId
[Info]11:22 ч. Retrieving the ratings by carId
[Info]11:22 ч. Response Sent
[Info]11:22 ч. Retrieving the ratings by carId
[Info]11:22 ч. Response Sent
[Info]11:22 ч. Response Sent
[Info]11:22 ч. Response Sent
[Info]11:22 ч. Response Sent
[Info]11:22 ч. Request Sent
[Info]11:22 ч. Retrieving the ratings by carId
[Info]11:22 ч. Retrieving the ratings by carId
[Info]11:22 ч. Response Sent
[Info]11:22 ч. Request Sent
[Info]11:22 ч. Retrieving the ratings by carId
[Info]11:22 ч. Response Sent
[Info]11:22 ч. Request Sent
[Info]11:22 ч. Retrieving the ratings by carId
[Info]11:22 ч. Response Sent
[Info]11:22 ч. Request Sent
[Info]11:22 ч. Retrieving the ratings by carId
[Info]11:22 ч. Response Sent
[Info]11:22 ч. Response Sent
[Info]11:22 ч. Request Sent
[Info]11:22 ч. Retrieving the ratings by carId
[Info]11:22 ч. Request Sent
[Info]11:22 ч. Request Sent
[Info]11:22 ч. Retrieving the ratings by carId
[Info]11:22 ч. Retrieving the ratings by carId
[Info]11:22 ч. Request Sent
[Info]11:22 ч. Request Sent
[Info]11:22 ч. Retrieving the ratings by carId
[Info]11:22 ч. Retrieving the ratings by carId
[Info]11:22 ч. Retrieving the ratings by carId
[Info]11:22 ч. Response Sent
[Info]11:22 ч. Request Sent
[Info]11:22 ч. Retrieving the ratings by carId
[Info]11:22 ч. Response Sent
[Info]11:22 ч. Retrieving the ratings by carId
[Info]11:22 ч. Request Sent
[Info]11:22 ч. Retrieving the ratings by carId
[Info]11:22 ч. Response Sent
[Info]11:22 ч. Request Sent
[Info]11:22 ч. Retrieving the ratings by carId
[Info]11:22 ч. Retrieving the ratings by carId
[Info]11:22 ч. Request Sent
[Info]11:22 ч. Retrieving the ratings by carId
[Info]11:22 ч. Response Sent
[Info]11:22 ч. Response Sent
[Info]11:22 ч. Response Sent
[Info]11:22 ч. Response Sent
[Info]11:22 ч. Response Sent
[Info]11:39 ч. Request Sent
[Info]11:39 ч. Response Sent
[Info]11:39 ч. Request Sent
[Info]11:39 ч. User logged out the system.
[Info]11:39 ч. Response Sent
[Info]17:06 ч. Request Sent
[Info]17:06 ч. Response Sent
[Info]17:06 ч. Request Sent
[Info]17:06 ч. Response Sent
[Info]17:06 ч. Request Sent
[Info]17:06 ч. Retrieving the list of categories
[Info]17:06 ч. There are 7 categories in the fleet
[Info]17:06 ч. Response Sent
[Info]17:16 ч. Request Sent
[Info]17:16 ч. Retrieving the list of categories
[Info]17:16 ч. There are 7 categories in the fleet
[Info]17:16 ч. Response Sent
[Info]17:16 ч. Request Sent
[Info]17:16 ч. Retrieving the list of categories
[Info]17:16 ч. There are 7 categories in the fleet
[Info]17:16 ч. Response Sent
[Info]17:20 ч. Request Sent
[Info]17:20 ч. Retrieving the list of categories
[Info]17:20 ч. There are 7 categories in the fleet
[Info]17:20 ч. Response Sent
[Info]17:20 ч. Request Sent
[Info]17:20 ч. Retrieving the list of categories
[Info]17:20 ч. There are 7 categories in the fleet
[Info]17:20 ч. Response Sent
[Info]17:20 ч. Request Sent
[Info]17:20 ч. Retrieving the list of categories
[Info]17:20 ч. There are 7 categories in the fleet
[Info]17:20 ч. Response Sent
[Info]17:21 ч. Request Sent
[Info]17:21 ч. Retrieving the list of categories
[Info]17:21 ч. There are 7 categories in the fleet
[Info]17:21 ч. Response Sent
[Info]17:22 ч. Request Sent
[Info]17:22 ч. Retrieving the list of categories
[Info]17:22 ч. There are 7 categories in the fleet
[Info]17:22 ч. Response Sent
[Info]17:22 ч. Request Sent
[Info]17:22 ч. Retrieving the list of categories
[Info]17:22 ч. There are 7 categories in the fleet
[Info]17:22 ч. Response Sent
[Info]17:23 ч. Request Sent
[Info]17:23 ч. Retrieving the list of categories
[Info]17:23 ч. There are 7 categories in the fleet
[Info]17:23 ч. Response Sent
[Info]17:24 ч. Request Sent
[Info]17:24 ч. Retrieving the list of categories
[Info]17:24 ч. There are 7 categories in the fleet
[Info]17:24 ч. Response Sent
[Info]17:25 ч. Request Sent
[Info]17:25 ч. Retrieving the list of categories
[Info]17:25 ч. There are 7 categories in the fleet
[Info]17:25 ч. Response Sent
[Info]17:26 ч. Request Sent
[Info]17:26 ч. Retrieving the list of categories
[Info]17:26 ч. There are 7 categories in the fleet
[Info]17:26 ч. Response Sent
[Info]17:28 ч. Request Sent
[Info]17:28 ч. Retrieving the list of categories
[Info]17:28 ч. There are 7 categories in the fleet
[Info]17:28 ч. Response Sent
[Info]17:28 ч. Request Sent
[Info]17:28 ч. Retrieving the list of categories
[Info]17:28 ч. There are 7 categories in the fleet
[Info]17:28 ч. Response Sent
[Info]17:28 ч. Request Sent
[Info]17:28 ч. Retrieving the list of categories
[Info]17:28 ч. There are 7 categories in the fleet
[Info]17:28 ч. Response Sent
[Info]17:28 ч. Request Sent
[Info]17:28 ч. Retrieving the list of categories
[Info]17:28 ч. There are 7 categories in the fleet
[Info]17:28 ч. Response Sent
[Info]17:29 ч. Request Sent
[Info]17:29 ч. Retrieving the list of categories
[Info]17:29 ч. There are 7 categories in the fleet
[Info]17:29 ч. Response Sent
[Info]17:30 ч. Request Sent
[Info]17:30 ч. Retrieving the list of categories
[Info]17:30 ч. There are 7 categories in the fleet
[Info]17:30 ч. Response Sent
[Info]17:30 ч. Request Sent
[Info]17:30 ч. Retrieving the list of categories
[Info]17:30 ч. There are 7 categories in the fleet
[Info]17:30 ч. Response Sent
[Info]17:30 ч. Request Sent
[Info]17:30 ч. Retrieving the list of categories
[Info]17:30 ч. There are 7 categories in the fleet
[Info]17:30 ч. Response Sent
[Info]17:30 ч. Request Sent
[Info]17:30 ч. Retrieving the list of categories
[Info]17:30 ч. There are 7 categories in the fleet
[Info]17:30 ч. Response Sent
[Info]17:31 ч. Request Sent
[Info]17:31 ч. Retrieving the list of categories
[Info]17:31 ч. There are 7 categories in the fleet
[Info]17:31 ч. Response Sent
[Info]17:35 ч. Request Sent
[Info]17:35 ч. Retrieving the list of categories
[Info]17:35 ч. There are 7 categories in the fleet
[Info]17:35 ч. Response Sent
[Info]17:35 ч. Request Sent
[Info]17:35 ч. Retrieving the list of categories
[Info]17:35 ч. There are 7 categories in the fleet
[Info]17:35 ч. Response Sent
[Info]17:35 ч. Request Sent
[Info]17:35 ч. Retrieving the list of categories
[Info]17:35 ч. There are 7 categories in the fleet
[Info]17:35 ч. Response Sent
[Info]17:35 ч. Request Sent
[Info]17:35 ч. Retrieving the list of categories
[Info]17:35 ч. There are 7 categories in the fleet
[Info]17:35 ч. Response Sent
[Info]17:35 ч. Request Sent
[Info]17:35 ч. Retrieving the list of categories
[Info]17:35 ч. There are 7 categories in the fleet
[Info]17:35 ч. Response Sent
[Info]17:35 ч. Request Sent
[Info]17:35 ч. Retrieving the list of categories
[Info]17:35 ч. There are 7 categories in the fleet
[Info]17:35 ч. Response Sent
[Info]17:35 ч. Request Sent
[Info]17:35 ч. Retrieving the list of categories
[Info]17:35 ч. There are 7 categories in the fleet
[Info]17:35 ч. Response Sent
[Info]17:36 ч. Request Sent
[Info]17:36 ч. Retrieving the list of categories
[Info]17:36 ч. There are 7 categories in the fleet
[Info]17:36 ч. Response Sent
[Info]17:36 ч. Request Sent
[Info]17:36 ч. Retrieving the list of categories
[Info]17:36 ч. There are 7 categories in the fleet
[Info]17:36 ч. Response Sent
[Info]17:37 ч. Request Sent
[Info]17:37 ч. Retrieving the list of categories
[Info]17:37 ч. There are 7 categories in the fleet
[Info]17:37 ч. Response Sent
[Info]17:37 ч. Request Sent
[Info]17:37 ч. Retrieving the list of categories
[Info]17:37 ч. There are 7 categories in the fleet
[Info]17:37 ч. Response Sent
[Info]17:37 ч. Request Sent
[Info]17:37 ч. Retrieving the list of categories
[Info]17:37 ч. There are 7 categories in the fleet
[Info]17:37 ч. Response Sent
[Info]17:37 ч. Request Sent
[Info]17:37 ч. Retrieving the list of categories
[Info]17:37 ч. There are 7 categories in the fleet
[Info]17:37 ч. Response Sent
[Info]17:37 ч. Request Sent
[Info]17:37 ч. Retrieving the list of categories
[Info]17:37 ч. There are 7 categories in the fleet
[Info]17:37 ч. Response Sent
[Info]17:39 ч. Request Sent
[Info]17:39 ч. Retrieving the list of categories
[Info]17:39 ч. There are 7 categories in the fleet
[Info]17:39 ч. Response Sent
[Info]17:39 ч. Request Sent
[Info]17:39 ч. Retrieving the list of categories
[Info]17:39 ч. There are 7 categories in the fleet
[Info]17:39 ч. Response Sent
[Info]17:39 ч. Request Sent
[Info]17:39 ч. Retrieving the list of categories
[Info]17:39 ч. There are 7 categories in the fleet
[Info]17:39 ч. Response Sent
[Info]17:39 ч. Request Sent
[Info]17:39 ч. Retrieving the list of categories
[Info]17:39 ч. There are 7 categories in the fleet
[Info]17:39 ч. Response Sent
[Info]17:41 ч. Request Sent
[Info]17:41 ч. Retrieving the list of categories
[Info]17:41 ч. There are 7 categories in the fleet
[Info]17:41 ч. Response Sent
[Info]17:41 ч. Request Sent
[Info]17:41 ч. Retrieving the list of categories
[Info]17:41 ч. There are 7 categories in the fleet
[Info]17:41 ч. Response Sent
[Info]17:42 ч. Request Sent
[Info]17:42 ч. Retrieving the list of categories
[Info]17:42 ч. There are 7 categories in the fleet
[Info]17:42 ч. Response Sent
[Info]17:42 ч. Request Sent
[Info]17:42 ч. Retrieving the list of categories
[Info]17:42 ч. There are 7 categories in the fleet
[Info]17:42 ч. Response Sent
[Info]17:42 ч. Request Sent
[Info]17:42 ч. Retrieving the list of categories
[Info]17:42 ч. There are 7 categories in the fleet
[Info]17:42 ч. Response Sent
[Info]17:44 ч. Request Sent
[Info]17:44 ч. Retrieving the list of categories
[Info]17:44 ч. There are 7 categories in the fleet
[Info]17:44 ч. Response Sent
[Info]17:44 ч. Request Sent
[Info]17:44 ч. Retrieving the list of categories
[Info]17:44 ч. There are 7 categories in the fleet
[Info]17:44 ч. Response Sent
[Info]17:44 ч. Request Sent
[Info]17:44 ч. Retrieving the list of categories
[Info]17:44 ч. There are 7 categories in the fleet
[Info]17:44 ч. Response Sent
[Info]17:44 ч. Request Sent
[Info]17:44 ч. Retrieving the list of categories
[Info]17:44 ч. There are 7 categories in the fleet
[Info]17:44 ч. Response Sent
[Info]17:44 ч. Request Sent
[Info]17:44 ч. Retrieving the list of categories
[Info]17:44 ч. There are 7 categories in the fleet
[Info]17:44 ч. Response Sent
[Info]17:45 ч. Request Sent
[Info]17:45 ч. Retrieving the list of categories
[Info]17:45 ч. There are 7 categories in the fleet
[Info]17:45 ч. Response Sent
[Info]17:45 ч. Request Sent
[Info]17:45 ч. Retrieving the list of categories
[Info]17:45 ч. There are 7 categories in the fleet
[Info]17:45 ч. Response Sent
[Info]17:45 ч. Request Sent
[Info]17:45 ч. Retrieving the list of categories
[Info]17:45 ч. There are 7 categories in the fleet
[Info]17:45 ч. Response Sent
[Info]17:52 ч. Request Sent
[Info]17:52 ч. Retrieving the list of categories
[Info]17:52 ч. There are 7 categories in the fleet
[Info]17:52 ч. Response Sent
[Info]18:08 ч. Request Sent
[Info]18:08 ч. Retrieving the list of categories
[Info]18:08 ч. There are 7 categories in the fleet
[Info]18:09 ч. Response Sent
[Info]18:10 ч. Request Sent
[Info]18:10 ч. Retrieving the list of categories
[Info]18:10 ч. There are 7 categories in the fleet
[Info]18:10 ч. Response Sent
[Info]18:10 ч. Request Sent
[Info]18:10 ч. Retrieving the list of categories
[Info]18:10 ч. There are 7 categories in the fleet
[Info]18:10 ч. Response Sent
[Info]18:11 ч. Request Sent
[Info]18:11 ч. Retrieving the list of categories
[Info]18:11 ч. There are 7 categories in the fleet
[Info]18:11 ч. Response Sent
[Info]18:11 ч. Request Sent
[Info]18:11 ч. Retrieving the list of categories
[Info]18:11 ч. There are 7 categories in the fleet
[Info]18:11 ч. Response Sent
[Info]18:11 ч. Request Sent
[Info]18:11 ч. Retrieving the list of categories
[Info]18:11 ч. There are 7 categories in the fleet
[Info]18:11 ч. Response Sent
[Info]18:12 ч. Request Sent
[Info]18:12 ч. Retrieving the list of categories
[Info]18:12 ч. There are 7 categories in the fleet
[Info]18:12 ч. Response Sent
[Info]18:12 ч. Request Sent
[Info]18:12 ч. Retrieving the list of categories
[Info]18:12 ч. There are 7 categories in the fleet
[Info]18:12 ч. Response Sent
[Info]18:12 ч. Request Sent
[Info]18:12 ч. Retrieving the list of categories
[Info]18:12 ч. There are 7 categories in the fleet
[Info]18:12 ч. Response Sent
[Info]18:13 ч. Request Sent
[Info]18:13 ч. Retrieving the list of categories
[Info]18:13 ч. There are 7 categories in the fleet
[Info]18:13 ч. Response Sent
[Info]18:13 ч. Request Sent
[Info]18:13 ч. Retrieving the list of categories
[Info]18:13 ч. There are 7 categories in the fleet
[Info]18:13 ч. Response Sent
[Info]18:13 ч. Request Sent
[Info]18:13 ч. Retrieving the list of categories
[Info]18:13 ч. There are 7 categories in the fleet
[Info]18:13 ч. Response Sent
[Info]18:14 ч. Request Sent
[Info]18:14 ч. Retrieving the list of categories
[Info]18:14 ч. There are 7 categories in the fleet
[Info]18:14 ч. Response Sent
[Info]18:15 ч. Request Sent
[Info]18:15 ч. Retrieving the list of categories
[Info]18:15 ч. There are 7 categories in the fleet
[Info]18:15 ч. Response Sent
[Info]18:15 ч. Request Sent
[Info]18:15 ч. Retrieving the list of categories
[Info]18:15 ч. There are 7 categories in the fleet
[Info]18:15 ч. Response Sent
[Info]18:16 ч. Request Sent
[Info]18:16 ч. Retrieving the list of categories
[Info]18:16 ч. There are 7 categories in the fleet
[Info]18:16 ч. Response Sent
[Info]18:16 ч. Request Sent
[Info]18:16 ч. Retrieving the list of categories
[Info]18:16 ч. There are 7 categories in the fleet
[Info]18:16 ч. Response Sent
[Info]18:17 ч. Request Sent
[Info]18:17 ч. Retrieving the list of categories
[Info]18:17 ч. There are 7 categories in the fleet
[Info]18:17 ч. Response Sent
[Info]18:17 ч. Request Sent
[Info]18:17 ч. Retrieving the list of categories
[Info]18:17 ч. There are 7 categories in the fleet
[Info]18:17 ч. Response Sent
[Info]18:17 ч. Request Sent
[Info]18:17 ч. Retrieving the list of categories
[Info]18:17 ч. There are 7 categories in the fleet
[Info]18:17 ч. Response Sent
[Info]18:17 ч. Request Sent
[Info]18:17 ч. Retrieving the list of categories
[Info]18:17 ч. There are 7 categories in the fleet
[Info]18:17 ч. Response Sent
[Info]18:19 ч. Request Sent
[Info]18:19 ч. Retrieving the list of categories
[Info]18:19 ч. There are 7 categories in the fleet
[Info]18:19 ч. Response Sent
[Info]18:21 ч. Request Sent
[Info]18:21 ч. Retrieving the list of categories
[Info]18:21 ч. There are 7 categories in the fleet
[Info]18:21 ч. Response Sent
[Info]18:21 ч. Request Sent
[Info]18:21 ч. Retrieving the list of categories
[Info]18:21 ч. There are 7 categories in the fleet
[Info]18:21 ч. Response Sent
[Info]18:22 ч. Request Sent
[Info]18:22 ч. Retrieving the list of categories
[Info]18:22 ч. There are 7 categories in the fleet
[Info]18:22 ч. Response Sent
[Info]18:23 ч. Request Sent
[Info]18:23 ч. Retrieving the list of categories
[Info]18:23 ч. There are 7 categories in the fleet
[Info]18:23 ч. Response Sent
[Info]18:24 ч. Request Sent
[Info]18:24 ч. Retrieving the list of categories
[Info]18:24 ч. There are 7 categories in the fleet
[Info]18:24 ч. Response Sent
[Info]18:24 ч. Request Sent
[Info]18:24 ч. Retrieving the list of categories
[Info]18:24 ч. There are 7 categories in the fleet
[Info]18:24 ч. Response Sent
[Info]18:24 ч. Request Sent
[Info]18:24 ч. Retrieving the list of categories
[Info]18:24 ч. There are 7 categories in the fleet
[Info]18:24 ч. Response Sent
[Info]18:24 ч. Request Sent
[Info]18:24 ч. Retrieving the list of categories
[Info]18:24 ч. There are 7 categories in the fleet
[Info]18:24 ч. Response Sent
[Info]18:26 ч. Request Sent
[Info]18:26 ч. Retrieving the list of categories
[Info]18:26 ч. There are 7 categories in the fleet
[Info]18:26 ч. Response Sent
[Info]18:26 ч. Request Sent
[Info]18:26 ч. Retrieving the list of categories
[Info]18:26 ч. There are 7 categories in the fleet
[Info]18:26 ч. Response Sent
[Info]18:26 ч. Request Sent
[Info]18:26 ч. Retrieving the list of categories
[Info]18:26 ч. There are 7 categories in the fleet
[Info]18:26 ч. Response Sent
[Info]18:29 ч. Request Sent
[Info]18:29 ч. Retrieving the list of categories
[Info]18:29 ч. There are 7 categories in the fleet
[Info]18:29 ч. Response Sent
[Info]18:30 ч. Request Sent
[Info]18:30 ч. Retrieving the list of categories
[Info]18:30 ч. There are 7 categories in the fleet
[Info]18:30 ч. Response Sent
[Info]18:30 ч. Request Sent
[Info]18:30 ч. Retrieving the list of categories
[Info]18:30 ч. There are 7 categories in the fleet
[Info]18:30 ч. Response Sent
[Info]18:30 ч. Request Sent
[Info]18:30 ч. Retrieving the list of categories
[Info]18:30 ч. There are 7 categories in the fleet
[Info]18:30 ч. Response Sent
[Info]18:32 ч. Request Sent
[Info]18:32 ч. Retrieving the list of categories
[Info]18:32 ч. There are 7 categories in the fleet
[Info]18:32 ч. Response Sent
[Info]18:33 ч. Request Sent
[Info]18:33 ч. Retrieving the list of categories
[Info]18:33 ч. There are 7 categories in the fleet
[Info]18:33 ч. Response Sent
[Info]18:33 ч. Request Sent
[Info]18:33 ч. Retrieving the list of categories
[Info]18:33 ч. There are 7 categories in the fleet
[Info]18:33 ч. Response Sent
[Info]18:33 ч. Request Sent
[Info]18:33 ч. Retrieving the list of categories
[Info]18:33 ч. There are 7 categories in the fleet
[Info]18:33 ч. Response Sent
[Info]18:33 ч. Request Sent
[Info]18:33 ч. Retrieving the list of categories
[Info]18:33 ч. There are 7 categories in the fleet
[Info]18:33 ч. Response Sent
[Info]18:33 ч. Request Sent
[Info]18:33 ч. Retrieving the list of categories
[Info]18:33 ч. There are 7 categories in the fleet
[Info]18:33 ч. Response Sent
[Info]18:33 ч. Request Sent
[Info]18:33 ч. Retrieving the list of categories
[Info]18:33 ч. There are 7 categories in the fleet
[Info]18:33 ч. Response Sent
[Info]18:34 ч. Request Sent
[Info]18:34 ч. Retrieving the list of categories
[Info]18:34 ч. There are 7 categories in the fleet
[Info]18:34 ч. Response Sent
[Info]18:34 ч. Request Sent
[Info]18:34 ч. Retrieving the list of categories
[Info]18:34 ч. There are 7 categories in the fleet
[Info]18:34 ч. Response Sent
[Info]18:34 ч. Request Sent
[Info]18:34 ч. Retrieving the list of categories
[Info]18:34 ч. There are 7 categories in the fleet
[Info]18:34 ч. Response Sent
[Info]18:36 ч. Request Sent
[Info]18:36 ч. Retrieving the list of categories
[Info]18:36 ч. There are 7 categories in the fleet
[Info]18:36 ч. Response Sent
[Info]18:36 ч. Request Sent
[Info]18:36 ч. Response Sent
[Info]18:36 ч. Request Sent
[Info]18:36 ч. Toyota Auris was created  at 18:36:44.7646358
[Info]18:36 ч. Response Sent
[Info]18:36 ч. Request Sent
[Info]18:36 ч. Retrieving the list of cars
[Info]18:36 ч. There are 10 cars in the fleet
[Info]18:36 ч. Response Sent
[Info]18:37 ч. Request Sent
[Info]18:37 ч. Retrieving the list of categories
[Info]18:37 ч. There are 7 categories in the fleet
[Info]18:37 ч. Response Sent
[Info]18:37 ч. Request Sent
[Info]18:37 ч. Retrieving the list of categories
[Info]18:37 ч. There are 7 categories in the fleet
[Info]18:37 ч. Response Sent
[Info]18:37 ч. Request Sent
[Info]18:37 ч. Retrieving the list of categories
[Info]18:37 ч. There are 7 categories in the fleet
[Info]18:37 ч. Response Sent
[Info]18:38 ч. Request Sent
[Info]18:38 ч. Retrieving the list of categories
[Info]18:38 ч. There are 7 categories in the fleet
[Info]18:38 ч. Response Sent
[Info]18:38 ч. Request Sent
[Info]18:38 ч. Retrieving the list of categories
[Info]18:38 ч. There are 7 categories in the fleet
[Info]18:38 ч. Response Sent
[Info]18:38 ч. Request Sent
[Info]18:38 ч. Retrieving the list of categories
[Info]18:38 ч. There are 7 categories in the fleet
[Info]18:38 ч. Response Sent
[Info]18:39 ч. Request Sent
[Info]18:39 ч. Retrieving the list of categories
[Info]18:39 ч. There are 7 categories in the fleet
[Info]18:39 ч. Response Sent
[Info]18:39 ч. Request Sent
[Info]18:39 ч. Retrieving the list of categories
[Info]18:39 ч. There are 7 categories in the fleet
[Info]18:39 ч. Response Sent
[Info]18:39 ч. Request Sent
[Info]18:39 ч. Retrieving the list of categories
[Info]18:39 ч. There are 7 categories in the fleet
[Info]18:39 ч. Response Sent
[Info]18:39 ч. Request Sent
[Info]18:39 ч. Retrieving the list of categories
[Info]18:39 ч. There are 7 categories in the fleet
[Info]18:39 ч. Response Sent
[Info]18:40 ч. Request Sent
[Info]18:40 ч. Retrieving the list of categories
[Info]18:40 ч. There are 7 categories in the fleet
[Info]18:40 ч. Response Sent
[Info]18:40 ч. Request Sent
[Info]18:40 ч. Request Sent
[Info]18:40 ч. Request Sent
[Info]18:40 ч. Response Sent
[Info]18:40 ч. Request Sent
[Info]18:40 ч. Toyota Auris was created  at 18:40:49.8370988
[Info]18:40 ч. Response Sent
[Info]18:40 ч. Request Sent
[Info]18:40 ч. Retrieving the list of cars
[Info]18:40 ч. There are 11 cars in the fleet
[Info]18:40 ч. Response Sent
[Info]18:41 ч. Request Sent
[Info]18:41 ч. Response Sent
[Info]18:41 ч. Request Sent
[Info]18:41 ч. Car with ID 4001 was deleted
[Info]18:41 ч. Response Sent
[Info]18:41 ч. Request Sent
[Info]18:41 ч. Retrieving the list of cars
[Info]18:41 ч. There are 10 cars in the fleet
[Info]18:41 ч. Response Sent
[Info]18:42 ч. Request Sent
[Info]18:42 ч. Response Sent
[Info]18:42 ч. Request Sent
[Info]18:42 ч. Retrieving the list of categories
[Info]18:42 ч. There are 7 categories in the fleet
[Info]18:42 ч. Response Sent
[Info]18:42 ч. Request Sent
[Info]18:42 ч. Request Sent
[Info]18:42 ч. Response Sent
[Info]18:42 ч. Retrieving the car by Id
[Info]18:42 ч. Retrieving the car by Id
[Info]18:42 ч. Response Sent
[Info]18:42 ч. Response Sent
[Info]18:42 ч. Request Sent
[Info]18:42 ч. Retrieving the list of cars
[Info]18:42 ч. There are 10 cars in the fleet
[Info]18:42 ч. Response Sent
[Info]18:42 ч. Request Sent
[Info]18:42 ч. Response Sent
[Info]18:42 ч. Request Sent
[Info]18:42 ч. Car with ID 4002 was deleted
[Info]18:42 ч. Response Sent
[Info]18:42 ч. Request Sent
[Info]18:42 ч. Retrieving the list of cars
[Info]18:42 ч. There are 9 cars in the fleet
[Info]18:42 ч. Response Sent
[Info]18:43 ч. Request Sent
[Info]18:43 ч. Retrieving the list of cars
[Info]18:43 ч. There are 9 cars in the fleet
[Info]18:43 ч. Response Sent
[Info]18:43 ч. Request Sent
[Info]18:43 ч. Retrieving the list of cars
[Info]18:43 ч. There are 9 cars in the fleet
[Info]18:43 ч. Response Sent
[Info]18:43 ч. Request Sent
[Info]18:43 ч. Retrieving the list of cars
[Info]18:43 ч. There are 9 cars in the fleet
[Info]18:43 ч. Response Sent
[Info]18:44 ч. Request Sent
[Info]18:44 ч. Retrieving the list of cars
[Info]18:44 ч. There are 9 cars in the fleet
[Info]18:44 ч. Response Sent
[Info]18:44 ч. Request Sent
[Info]18:44 ч. Retrieving the list of cars
[Info]18:44 ч. There are 9 cars in the fleet
[Info]18:44 ч. Response Sent
[Info]18:44 ч. Request Sent
[Info]18:44 ч. Retrieving the list of categories
[Info]18:44 ч. There are 7 categories in the fleet
[Info]18:44 ч. Response Sent
[Info]18:44 ч. Request Sent
[Info]18:44 ч. Retrieving the list of cars
[Info]18:44 ч. There are 9 cars in the fleet
[Info]18:44 ч. Response Sent
[Info]18:46 ч. Request Sent
[Info]18:46 ч. Retrieving the list of categories
[Info]18:46 ч. There are 7 categories in the fleet
[Info]18:46 ч. Response Sent
[Info]18:46 ч. Request Sent
[Info]18:46 ч. Retrieving the list of categories
[Info]18:46 ч. There are 7 categories in the fleet
[Info]18:46 ч. Response Sent
[Info]18:46 ч. Request Sent
[Info]18:46 ч. Retrieving the list of categories
[Info]18:46 ч. There are 7 categories in the fleet
[Info]18:46 ч. Response Sent
[Info]18:47 ч. Request Sent
[Info]18:47 ч. Retrieving the list of categories
[Info]18:47 ч. There are 7 categories in the fleet
[Info]18:47 ч. Response Sent
[Info]18:47 ч. Request Sent
[Info]18:47 ч. Retrieving the list of categories
[Info]18:47 ч. There are 7 categories in the fleet
[Info]18:47 ч. Response Sent
[Info]18:49 ч. Request Sent
[Info]18:49 ч. Retrieving the list of categories
[Info]18:49 ч. There are 7 categories in the fleet
[Info]18:49 ч. Response Sent
[Info]18:49 ч. Request Sent
[Info]18:49 ч. Retrieving the list of categories
[Info]18:49 ч. There are 7 categories in the fleet
[Info]18:49 ч. Response Sent
[Info]18:49 ч. Request Sent
[Info]18:49 ч. Retrieving the list of categories
[Info]18:49 ч. There are 7 categories in the fleet
[Info]18:49 ч. Response Sent
[Info]18:49 ч. Request Sent
[Info]18:49 ч. Retrieving the list of categories
[Info]18:49 ч. There are 7 categories in the fleet
[Info]18:49 ч. Response Sent
[Info]18:50 ч. Request Sent
[Info]18:50 ч. Retrieving the list of categories
[Info]18:50 ч. There are 7 categories in the fleet
[Info]18:50 ч. Response Sent
[Info]18:50 ч. Request Sent
[Info]18:50 ч. Retrieving the list of categories
[Info]18:50 ч. There are 7 categories in the fleet
[Info]18:50 ч. Response Sent
[Info]18:51 ч. Request Sent
[Info]18:51 ч. Retrieving the list of categories
[Info]18:51 ч. There are 7 categories in the fleet
[Info]18:51 ч. Response Sent
[Info]18:51 ч. Request Sent
[Info]18:51 ч. Retrieving the list of categories
[Info]18:51 ч. There are 7 categories in the fleet
[Info]18:51 ч. Response Sent
[Info]18:53 ч. Request Sent
[Info]18:53 ч. Retrieving the list of categories
[Info]18:53 ч. There are 7 categories in the fleet
[Info]18:53 ч. Response Sent
[Info]18:53 ч. Request Sent
[Info]18:53 ч. Retrieving the list of categories
[Info]18:53 ч. There are 7 categories in the fleet
[Info]18:53 ч. Response Sent
[Info]18:54 ч. Request Sent
[Info]18:54 ч. Retrieving the list of categories
[Info]18:54 ч. There are 7 categories in the fleet
[Info]18:54 ч. Response Sent
[Info]18:54 ч. Request Sent
[Info]18:54 ч. Request Sent
[Info]18:54 ч. Retrieving the list of categories
[Info]18:54 ч. There are 7 categories in the fleet
[Info]18:54 ч. Response Sent
[Info]18:55 ч. Request Sent
[Info]18:55 ч. Retrieving the list of categories
[Info]18:55 ч. There are 7 categories in the fleet
[Info]18:55 ч. Response Sent
[Info]18:55 ч. Request Sent
[Info]18:55 ч. Retrieving the list of categories
[Info]18:55 ч. There are 7 categories in the fleet
[Info]18:55 ч. Response Sent
[Info]18:56 ч. Request Sent
[Info]18:56 ч. Retrieving the list of categories
[Info]18:56 ч. There are 7 categories in the fleet
[Info]18:56 ч. Response Sent
[Info]18:56 ч. Request Sent
[Info]18:56 ч. Retrieving the list of categories
[Info]18:56 ч. There are 7 categories in the fleet
[Info]18:56 ч. Response Sent
[Info]18:56 ч. Request Sent
[Info]18:56 ч. Response Sent
[Info]18:56 ч. Request Sent
[Info]18:56 ч. Response Sent
[Info]18:56 ч. Request Sent
[Info]18:56 ч. Toyota Auris was created  at 18:56:20.3849420
[Info]18:56 ч. Response Sent
[Info]18:56 ч. Request Sent
[Info]18:56 ч. Retrieving the list of cars
[Info]18:56 ч. There are 10 cars in the fleet
[Info]18:56 ч. Response Sent
[Info]18:59 ч. Request Sent
[Info]18:59 ч. Retrieving the list of categories
[Info]18:59 ч. There are 7 categories in the fleet
[Info]18:59 ч. Response Sent
[Info]18:59 ч. Request Sent
[Info]18:59 ч. Retrieving the list of categories
[Info]18:59 ч. There are 7 categories in the fleet
[Info]18:59 ч. Response Sent
[Info]18:59 ч. Request Sent
[Info]18:59 ч. Retrieving the list of categories
[Info]18:59 ч. There are 7 categories in the fleet
[Info]18:59 ч. Response Sent
[Info]19:00 ч. Request Sent
[Info]19:00 ч. Retrieving the list of categories
[Info]19:00 ч. There are 7 categories in the fleet
[Info]19:00 ч. Response Sent
[Info]19:01 ч. Request Sent
[Info]19:01 ч. Retrieving the list of categories
[Info]19:01 ч. There are 7 categories in the fleet
[Info]19:01 ч. Response Sent
[Info]19:01 ч. Request Sent
[Info]19:01 ч. Retrieving the list of categories
[Info]19:01 ч. There are 7 categories in the fleet
[Info]19:01 ч. Response Sent
[Info]19:01 ч. Request Sent
[Info]19:01 ч. Retrieving the list of categories
[Info]19:01 ч. There are 7 categories in the fleet
[Info]19:01 ч. Response Sent
[Info]19:01 ч. Request Sent
[Info]19:01 ч. Retrieving the list of categories
[Info]19:01 ч. There are 7 categories in the fleet
[Info]19:01 ч. Response Sent
[Info]19:01 ч. Request Sent
[Info]19:01 ч. Retrieving the list of categories
[Info]19:01 ч. There are 7 categories in the fleet
[Info]19:01 ч. Response Sent
[Info]19:01 ч. Request Sent
[Info]19:01 ч. Retrieving the list of categories
[Info]19:01 ч. There are 7 categories in the fleet
[Info]19:01 ч. Response Sent
[Info]19:02 ч. Request Sent
[Info]19:02 ч. Retrieving the list of categories
[Info]19:02 ч. There are 7 categories in the fleet
[Info]19:02 ч. Response Sent
[Info]19:02 ч. Request Sent
[Info]19:02 ч. Retrieving the list of categories
[Info]19:02 ч. There are 7 categories in the fleet
[Info]19:02 ч. Response Sent
[Info]19:02 ч. Request Sent
[Info]19:02 ч. Retrieving the list of categories
[Info]19:02 ч. There are 7 categories in the fleet
[Info]19:02 ч. Response Sent
[Info]19:03 ч. Request Sent
[Info]19:03 ч. Retrieving the list of categories
[Info]19:03 ч. There are 7 categories in the fleet
[Info]19:03 ч. Response Sent
[Info]19:03 ч. Request Sent
[Info]19:03 ч. Retrieving the list of categories
[Info]19:03 ч. There are 7 categories in the fleet
[Info]19:03 ч. Response Sent
[Info]19:03 ч. Request Sent
[Info]19:03 ч. Retrieving the list of categories
[Info]19:03 ч. There are 7 categories in the fleet
[Info]19:03 ч. Response Sent
[Info]19:03 ч. Request Sent
[Info]19:03 ч. Retrieving the list of categories
[Info]19:03 ч. There are 7 categories in the fleet
[Info]19:03 ч. Response Sent
[Info]19:06 ч. Request Sent
[Info]19:06 ч. Retrieving the list of categories
[Info]19:06 ч. There are 7 categories in the fleet
[Info]19:06 ч. Response Sent
[Info]19:06 ч. Request Sent
[Info]19:06 ч. Retrieving the list of categories
[Info]19:06 ч. There are 7 categories in the fleet
[Info]19:06 ч. Response Sent
[Info]19:06 ч. Request Sent
[Info]19:06 ч. Retrieving the list of categories
[Info]19:06 ч. There are 7 categories in the fleet
[Info]19:06 ч. Response Sent
[Info]19:06 ч. Request Sent
[Info]19:06 ч. Retrieving the list of categories
[Info]19:06 ч. There are 7 categories in the fleet
[Info]19:06 ч. Response Sent
[Info]19:07 ч. Request Sent
[Info]19:07 ч. Retrieving the list of categories
[Info]19:07 ч. There are 7 categories in the fleet
[Info]19:07 ч. Response Sent
[Info]19:07 ч. Request Sent
[Info]19:07 ч. Retrieving the list of categories
[Info]19:07 ч. There are 7 categories in the fleet
[Info]19:07 ч. Response Sent
[Info]19:07 ч. Request Sent
[Info]19:07 ч. Retrieving the list of categories
[Info]19:07 ч. There are 7 categories in the fleet
[Info]19:07 ч. Response Sent
[Info]19:08 ч. Request Sent
[Info]19:08 ч. Retrieving the list of categories
[Info]19:08 ч. There are 7 categories in the fleet
[Info]19:08 ч. Response Sent
[Info]19:27 ч. Request Sent
[Info]19:27 ч. Retrieving the list of categories
[Info]19:27 ч. There are 7 categories in the fleet
[Info]19:27 ч. Response Sent
[Info]19:27 ч. Request Sent
[Info]19:27 ч. Retrieving the list of categories
[Info]19:27 ч. There are 7 categories in the fleet
[Info]19:27 ч. Response Sent
[Info]19:27 ч. Request Sent
[Info]19:27 ч. Retrieving the list of categories
[Info]19:27 ч. There are 7 categories in the fleet
[Info]19:27 ч. Response Sent
[Info]19:27 ч. Request Sent
[Info]19:27 ч. Retrieving the list of categories
[Info]19:27 ч. There are 7 categories in the fleet
[Info]19:27 ч. Response Sent
[Info]19:28 ч. Request Sent
[Info]19:28 ч. Retrieving the list of categories
[Info]19:28 ч. There are 7 categories in the fleet
[Info]19:28 ч. Response Sent
[Info]19:28 ч. Request Sent
[Info]19:28 ч. Retrieving the list of categories
[Info]19:28 ч. There are 7 categories in the fleet
[Info]19:28 ч. Response Sent
[Info]19:30 ч. Request Sent
[Info]19:30 ч. Retrieving the list of categories
[Info]19:30 ч. There are 7 categories in the fleet
[Info]19:30 ч. Response Sent
[Info]19:30 ч. Request Sent
[Info]19:30 ч. Retrieving the list of categories
[Info]19:30 ч. There are 7 categories in the fleet
[Info]19:30 ч. Response Sent
[Info]19:30 ч. Request Sent
[Info]19:30 ч. Retrieving the list of categories
[Info]19:30 ч. There are 7 categories in the fleet
[Info]19:30 ч. Response Sent
[Info]19:30 ч. Request Sent
[Info]19:30 ч. Retrieving the list of categories
[Info]19:30 ч. There are 7 categories in the fleet
[Info]19:30 ч. Response Sent
[Info]19:30 ч. Request Sent
[Info]19:30 ч. Retrieving the list of categories
[Info]19:30 ч. There are 7 categories in the fleet
[Info]19:30 ч. Response Sent
[Info]19:30 ч. Request Sent
[Info]19:30 ч. Retrieving the list of categories
[Info]19:30 ч. There are 7 categories in the fleet
[Info]19:30 ч. Response Sent
[Info]19:30 ч. Request Sent
[Info]19:30 ч. Retrieving the list of categories
[Info]19:30 ч. There are 7 categories in the fleet
[Info]19:30 ч. Response Sent
[Info]19:32 ч. Request Sent
[Info]19:32 ч. Retrieving the list of categories
[Info]19:32 ч. There are 7 categories in the fleet
[Info]19:32 ч. Response Sent
[Info]19:32 ч. Request Sent
[Info]19:32 ч. Retrieving the list of categories
[Info]19:33 ч. There are 7 categories in the fleet
[Info]19:33 ч. Response Sent
[Info]19:33 ч. Request Sent
[Info]19:33 ч. Retrieving the list of cars
[Info]19:33 ч. There are 10 cars in the fleet
[Info]19:33 ч. Response Sent
[Info]19:33 ч. Request Sent
[Info]19:33 ч. Response Sent
[Info]19:33 ч. Request Sent
[Info]19:33 ч. Retrieving the list of categories
[Info]19:33 ч. Request Sent
[Info]19:33 ч. Request Sent
[Info]19:33 ч. Retrieving the car by Id
[Info]19:33 ч. There are 7 categories in the fleet
[Info]19:33 ч. Response Sent
[Info]19:33 ч. Request Sent
[Info]19:33 ч. Retrieving the car by Id
[Info]19:33 ч. Response Sent
[Info]19:33 ч. Response Sent
[Info]19:33 ч. Request Sent
[Info]19:33 ч. Response Sent
[Info]19:33 ч. Request Sent
[Info]19:33 ч. Request Sent
[Info]19:33 ч. Retrieving the list of cars
[Info]19:33 ч. There are 10 cars in the fleet
[Info]19:33 ч. Response Sent
[Info]19:33 ч. Request with the updated car was sent!
[Info]19:33 ч. The car was updated
[Info]19:33 ч. Response Sent
[Info]19:34 ч. Request Sent
[Info]19:34 ч. Response Sent
[Info]19:34 ч. Request Sent
[Info]19:34 ч. Request Sent
[Info]19:34 ч. Request Sent
[Info]19:34 ч. Response Sent
[Info]19:34 ч. Retrieving the car by Id
[Info]19:34 ч. Request Sent
[Info]19:34 ч. Retrieving the car by Id
[Info]19:34 ч. Response Sent
[Info]19:34 ч. There are 7 categories in the fleet
[Info]19:34 ч. Response Sent
[Info]19:34 ч. Response Sent
[Info]19:34 ч. Request Sent
[Info]19:34 ч. Retrieving the list of categories
[Info]19:34 ч. There are 7 categories in the fleet
[Info]19:34 ч. Response Sent
[Info]19:34 ч. Request Sent
[Info]19:34 ч. Response Sent
[Info]19:34 ч. Request Sent
[Info]19:34 ч. Request with the updated car was sent!
[Info]19:34 ч. The car was updated
[Info]19:34 ч. Response Sent
[Info]19:34 ч. Request Sent
[Info]19:34 ч. Retrieving the list of cars
[Info]19:34 ч. There are 10 cars in the fleet
[Info]19:34 ч. Response Sent
[Info]19:34 ч. Request Sent
[Info]19:34 ч. Response Sent
[Info]19:34 ч. Request Sent
[Info]19:34 ч. Retrieving the list of categories
[Info]19:34 ч. Request Sent
[Info]19:34 ч. Retrieving the car by Id
[Info]19:34 ч. Request Sent
[Info]19:34 ч. Response Sent
[Info]19:34 ч. There are 7 categories in the fleet
[Info]19:34 ч. Response Sent
[Info]19:34 ч. Request Sent
[Info]19:34 ч. Retrieving the car by Id
[Info]19:34 ч. Response Sent
[Info]19:34 ч. Response Sent
[Info]19:35 ч. Request Sent
[Info]19:35 ч. Response Sent
[Info]19:35 ч. Request Sent
[Info]19:35 ч. Request with the updated car was sent!
[Info]19:35 ч. Request Sent
[Info]19:35 ч. Retrieving the list of cars
[Info]19:35 ч. The car was updated
[Info]19:35 ч. Response Sent
[Info]19:35 ч. There are 10 cars in the fleet
[Info]19:35 ч. Response Sent
[Info]19:35 ч. Request Sent
[Info]19:35 ч. Retrieving the list of cars
[Info]19:35 ч. There are 10 cars in the fleet
[Info]19:35 ч. Response Sent
[Info]19:36 ч. Request Sent
[Info]19:36 ч. Retrieving the list of cars
[Info]19:36 ч. There are 10 cars in the fleet
[Info]19:36 ч. Response Sent
[Info]19:36 ч. Request Sent
[Info]19:36 ч. Response Sent
[Info]19:36 ч. Request Sent
[Info]19:36 ч. Retrieving the list of categories
[Info]19:36 ч. Request Sent
[Info]19:36 ч. Response Sent
[Info]19:36 ч. Request Sent
[Info]19:36 ч. Retrieving the car by Id
[Info]19:36 ч. Request Sent
[Info]19:36 ч. There are 7 categories in the fleet
[Info]19:36 ч. Response Sent
[Info]19:36 ч. Response Sent
[Info]19:36 ч. Response Sent
[Info]19:36 ч. Request Sent
[Info]19:36 ч. Response Sent
[Info]19:36 ч. Request Sent
[Info]19:36 ч. Request with the updated car was sent!
[Info]19:36 ч. The car was updated
[Info]19:36 ч. Response Sent
[Info]19:36 ч. Request Sent
[Info]19:36 ч. Retrieving the list of cars
[Info]19:36 ч. There are 10 cars in the fleet
[Info]19:36 ч. Response Sent
[Info]19:38 ч. Request Sent
[Info]19:38 ч. Response Sent
[Info]19:38 ч. Request Sent
[Info]19:38 ч. Request Sent
[Info]19:38 ч. Response Sent
[Info]19:38 ч. Request Sent
[Info]19:38 ч. Request Sent
[Info]19:38 ч. Retrieving the car by Id
[Info]19:38 ч. There are 7 categories in the fleet
[Info]19:38 ч. Response Sent
[Info]19:38 ч. Response Sent
[Info]19:38 ч. Response Sent
[Info]19:38 ч. Request Sent
[Info]19:38 ч. Response Sent
[Info]19:38 ч. Request Sent
[Info]19:38 ч. Request with the updated car was sent!
[Info]19:38 ч. The car was updated
[Info]19:38 ч. Response Sent
[Info]19:38 ч. Request Sent
[Info]19:38 ч. Retrieving the list of cars
[Info]19:38 ч. There are 10 cars in the fleet
[Info]19:38 ч. Response Sent
[Info]19:43 ч. Request Sent
[Info]19:44 ч. Retrieving the list of cars
[Info]19:44 ч. There are 10 cars in the fleet
[Info]19:44 ч. Response Sent
[Info]19:44 ч. Request Sent
[Info]19:44 ч. Request Sent
[Info]19:44 ч. Request Sent
[Info]19:44 ч. Response Sent
[Info]19:44 ч. Response Sent
[Info]19:44 ч. Request Sent
[Info]19:44 ч. Request Sent
[Info]19:44 ч. Retrieving the list of categories
[Info]19:44 ч. Retrieving the car by Id
[Info]19:44 ч. There are 7 categories in the fleet
[Info]19:44 ч. Response Sent
[Info]19:44 ч. Response Sent
[Info]19:44 ч. Response Sent
[Info]19:44 ч. Request Sent
[Info]19:44 ч. Response Sent
[Info]19:44 ч. Request Sent
[Info]19:44 ч. Request Sent
[Info]19:44 ч. Retrieving the list of cars
[Info]19:44 ч. There are 10 cars in the fleet
[Info]19:44 ч. Response Sent
[Info]19:44 ч. Request with the updated car was sent!
[Info]19:44 ч. The car was updated
[Info]19:44 ч. Response Sent
[Info]19:47 ч. Request Sent
[Info]19:47 ч. Retrieving the list of cars
[Info]19:47 ч. There are 10 cars in the fleet
[Info]19:47 ч. Response Sent
[Info]19:47 ч. Request Sent
[Info]19:47 ч. Response Sent
[Info]19:47 ч. Request Sent
[Info]19:47 ч. Retrieving the list of categories
[Info]19:47 ч. Request Sent
[Info]19:47 ч. Retrieving the car by Id
[Info]19:47 ч. There are 7 categories in the fleet
[Info]19:47 ч. Response Sent
[Info]19:47 ч. Request Sent
[Info]19:47 ч. Response Sent
[Info]19:47 ч. Retrieving the car by Id
[Info]19:47 ч. Response Sent
[Info]19:47 ч. Request Sent
[Info]19:47 ч. Response Sent
[Info]19:47 ч. Request Sent
[Info]19:47 ч. Request with the updated car was sent!
[Info]19:47 ч. The car was updated
[Info]19:47 ч. Response Sent
[Info]19:47 ч. Request Sent
[Info]19:47 ч. Response Sent
[Info]19:47 ч. Request Sent
[Info]19:47 ч. Request with the updated car was sent!
[Info]19:47 ч. The car was updated
[Info]19:47 ч. Response Sent
[Info]19:47 ч. Request Sent
[Info]19:47 ч. Retrieving the list of categories
[Info]19:47 ч. There are 7 categories in the fleet
[Info]19:47 ч. Response Sent
[Info]19:48 ч. Request Sent
[Info]19:48 ч. Retrieving the list of categories
[Info]19:48 ч. There are 7 categories in the fleet
[Info]19:48 ч. Response Sent
[Info]19:49 ч. Request Sent
[Info]19:49 ч. Retrieving the list of categories
[Info]19:49 ч. There are 7 categories in the fleet
[Info]19:49 ч. Response Sent
[Info]19:50 ч. Request Sent
[Info]19:50 ч. Retrieving the list of categories
[Info]19:50 ч. There are 7 categories in the fleet
[Info]19:50 ч. Response Sent
[Info]19:50 ч. Request Sent
[Info]19:50 ч. Retrieving the list of categories
[Info]19:50 ч. There are 7 categories in the fleet
[Info]19:50 ч. Response Sent
[Info]19:50 ч. Request Sent
[Info]19:50 ч. Retrieving the list of categories
[Info]19:50 ч. There are 7 categories in the fleet
[Info]19:50 ч. Response Sent
[Info]19:53 ч. Request Sent
[Info]19:53 ч. Retrieving the list of categories
[Info]19:53 ч. There are 7 categories in the fleet
[Info]19:53 ч. Response Sent
[Info]19:53 ч. Request Sent
[Info]19:53 ч. Retrieving the list of categories
[Info]19:53 ч. There are 7 categories in the fleet
[Info]19:53 ч. Response Sent
[Info]19:54 ч. Request Sent
[Info]19:54 ч. Retrieving the list of categories
[Info]19:54 ч. There are 7 categories in the fleet
[Info]19:54 ч. Response Sent
[Info]19:54 ч. Request Sent
[Info]19:54 ч. Retrieving the list of categories
[Info]19:54 ч. There are 7 categories in the fleet
[Info]19:54 ч. Response Sent
[Info]19:54 ч. Request Sent
[Info]19:54 ч. Retrieving the list of categories
[Info]19:54 ч. There are 7 categories in the fleet
[Info]19:54 ч. Response Sent
[Info]19:54 ч. Request Sent
[Info]19:54 ч. Response Sent
[Info]19:54 ч. Request Sent
[Info]19:54 ч. Request with the updated car was sent!
[Info]19:54 ч. The car was updated
[Info]19:54 ч. Response Sent
[Info]19:54 ч. Request Sent
[Info]19:54 ч. Retrieving the list of categories
[Info]19:54 ч. There are 7 categories in the fleet
[Info]19:54 ч. Response Sent
[Info]19:54 ч. Request Sent
[Info]19:54 ч. Retrieving the list of categories
[Info]19:54 ч. There are 7 categories in the fleet
[Info]19:54 ч. Response Sent
[Info]20:39 ч. Request Sent
[Info]20:39 ч. Retrieving the list of categories
[Info]20:39 ч. There are 7 categories in the fleet
[Info]20:39 ч. Response Sent
[Info]20:40 ч. Request Sent
[Info]20:40 ч. Retrieving the list of categories
[Info]20:40 ч. There are 7 categories in the fleet
[Info]20:40 ч. Response Sent
[Info]20:40 ч. Request Sent
[Info]20:40 ч. Retrieving the list of categories
[Info]20:40 ч. There are 7 categories in the fleet
[Info]20:40 ч. Response Sent
[Info]20:40 ч. Request Sent
[Info]20:40 ч. Response Sent
[Info]20:40 ч. Request Sent
[Info]20:40 ч. Retrieving the list of categories
[Info]20:40 ч. Request Sent
[Info]20:40 ч. Retrieving the car by Id
[Info]20:40 ч. Request Sent
[Info]20:40 ч. There are 7 categories in the fleet
[Info]20:40 ч. Response Sent
[Info]20:40 ч. Response Sent
[Info]20:40 ч. Request Sent
[Info]20:40 ч. Retrieving the car by Id
[Info]20:40 ч. Response Sent
[Info]20:40 ч. Response Sent
[Info]20:40 ч. Request Sent
[Info]20:40 ч. Retrieving the car by Id
[Info]20:40 ч. Response Sent
[Info]20:40 ч. Request Sent
[Info]20:40 ч. Response Sent
[Info]20:40 ч. Request Sent
[Info]20:40 ч. Retrieving the list of categories
[Info]20:40 ч. There are 7 categories in the fleet
[Info]20:40 ч. Response Sent
[Info]20:40 ч. Request Sent
[Info]20:40 ч. Retrieving the list of categories
[Info]20:40 ч. There are 7 categories in the fleet
[Info]20:40 ч. Response Sent
[Info]20:40 ч. Request Sent
[Info]20:40 ч. Response Sent
[Info]20:40 ч. Request Sent
[Info]20:40 ч. Request with the updated car was sent!
[Info]20:40 ч. The car was updated
[Info]20:40 ч. Response Sent
[Info]20:40 ч. Request Sent
[Info]20:40 ч. Retrieving the list of categories
[Info]20:40 ч. There are 7 categories in the fleet
[Info]20:40 ч. Response Sent
[Info]20:41 ч. Request Sent
[Info]20:41 ч. Retrieving the list of categories
[Info]20:41 ч. There are 7 categories in the fleet
[Info]20:41 ч. Response Sent
[Info]20:41 ч. Request Sent
[Info]20:41 ч. Retrieving the list of categories
[Info]20:41 ч. There are 7 categories in the fleet
[Info]20:41 ч. Response Sent
[Info]20:41 ч. Request Sent
[Info]20:41 ч. Response Sent
[Info]20:41 ч. Request Sent
[Info]20:41 ч. Retrieving the list of categories
[Info]20:41 ч. Request Sent
[Info]20:41 ч. Retrieving the car by Id
[Info]20:41 ч. There are 7 categories in the fleet
[Info]20:41 ч. Response Sent
[Info]20:41 ч. Response Sent
[Info]20:41 ч. Request Sent
[Info]20:41 ч. Retrieving the list of categories
[Info]20:41 ч. There are 7 categories in the fleet
[Info]20:41 ч. Response Sent
[Info]20:41 ч. Request Sent
[Info]20:41 ч. Response Sent
[Info]20:41 ч. Request Sent
[Info]20:41 ч. Retrieving the list of categories
[Info]20:41 ч. Request Sent
[Info]20:41 ч. Request Sent
[Info]20:41 ч. Retrieving the car by Id
[Info]20:41 ч. There are 7 categories in the fleet
[Info]20:41 ч. Response Sent
[Info]20:41 ч. Request Sent
[Info]20:41 ч. Retrieving the car by Id
[Info]20:41 ч. Response Sent
[Info]20:41 ч. Response Sent
[Info]20:42 ч. Request Sent
[Info]20:42 ч. Response Sent
[Info]20:42 ч. Request Sent
[Info]20:42 ч. Request with the updated car was sent!
[Info]20:42 ч. The car was updated
[Info]20:42 ч. Response Sent
[Info]20:42 ч. Request Sent
[Info]20:42 ч. Retrieving the list of cars
[Info]20:42 ч. There are 10 cars in the fleet
[Info]20:42 ч. Response Sent
[Info]20:43 ч. Request Sent
[Info]20:43 ч. Retrieving the list of cars
[Info]20:43 ч. There are 10 cars in the fleet
[Info]20:43 ч. Response Sent
[Info]20:43 ч. Request Sent
[Info]20:43 ч. Response Sent
[Info]20:43 ч. Request Sent
[Info]20:43 ч. Request Sent
[Info]20:43 ч. Retrieving the car by Id
[Info]20:43 ч. Retrieving the list of categories
[Info]20:43 ч. Request Sent
[Info]20:43 ч. Response Sent
[Info]20:43 ч. There are 7 categories in the fleet
[Info]20:43 ч. Response Sent
[Info]20:43 ч. Retrieving the car by Id
[Info]20:43 ч. Response Sent
[Info]20:43 ч. Response Sent
[Info]20:43 ч. Request Sent
[Info]20:43 ч. Response Sent
[Info]20:43 ч. Request Sent
[Info]20:43 ч. Request with the updated car was sent!
[Info]20:43 ч. The car was updated
[Info]20:43 ч. Response Sent
[Info]20:49 ч. Request Sent
[Info]20:49 ч. Retrieving the list of categories
[Info]20:49 ч. There are 7 categories in the fleet
[Info]20:49 ч. Response Sent
[Info]20:49 ч. Request Sent
[Info]20:49 ч. Retrieving the list of categories
[Info]20:49 ч. There are 7 categories in the fleet
[Info]20:49 ч. Response Sent
[Info]20:49 ч. Request Sent
[Info]20:49 ч. Response Sent
[Info]20:49 ч. Request Sent
[Info]20:49 ч. Request Sent
[Info]20:49 ч. Retrieving the list of categories
[Info]20:49 ч. Response Sent
[Info]20:49 ч. Request Sent
[Info]20:49 ч. Retrieving the car by Id
[Info]20:49 ч. There are 7 categories in the fleet
[Info]20:49 ч. Response Sent
[Info]20:49 ч. Response Sent
[Info]20:49 ч. Request Sent
[Info]20:49 ч. Response Sent
[Info]20:49 ч. Request Sent
[Info]20:49 ч. Request with the updated car was sent!
[Info]20:49 ч. The car was updated
[Info]20:49 ч. Response Sent
[Info]20:49 ч. Request Sent
[Info]20:49 ч. Retrieving the list of cars
[Info]20:49 ч. There are 10 cars in the fleet
[Info]20:49 ч. Response Sent
[Info]21:03 ч. Request Sent
[Info]21:03 ч. Response Sent
[Info]21:03 ч. Request Sent
[Info]21:03 ч. Retrieving the list of categories
[Info]21:03 ч. Request Sent
[Info]21:03 ч. Retrieving the car by Id
[Info]21:03 ч. Response Sent
[Info]21:03 ч. Request Sent
[Info]21:03 ч. Retrieving the car by Id
[Info]21:03 ч. There are 7 categories in the fleet
[Info]21:03 ч. Response Sent
[Info]21:03 ч. Response Sent
[Info]21:03 ч. Response Sent
[Info]21:03 ч. Request Sent
[Info]21:03 ч. Response Sent
[Info]21:03 ч. Request Sent
[Info]21:03 ч. Request with the updated car was sent!
[Info]21:03 ч. The car was updated
[Info]21:03 ч. Response Sent
[Info]21:03 ч. Request Sent
[Info]21:03 ч. Retrieving the list of cars
[Info]21:03 ч. There are 10 cars in the fleet
[Info]21:03 ч. Response Sent
[Info]21:11 ч. Request Sent
[Info]21:11 ч. Response Sent
[Info]21:11 ч. Request Sent
[Info]21:11 ч. Retrieving the list of categories
[Info]21:11 ч. Request Sent
[Info]21:11 ч. Response Sent
[Info]21:11 ч. Retrieving the car by Id
[Info]21:11 ч. Request Sent
[Info]21:11 ч. There are 7 categories in the fleet
[Info]21:11 ч. Retrieving the car by Id
[Info]21:11 ч. Response Sent
[Info]21:11 ч. Response Sent
[Info]21:11 ч. Response Sent
[Info]21:12 ч. Request Sent
[Info]21:12 ч. Retrieving the list of categories
[Info]21:12 ч. There are 7 categories in the fleet
[Info]21:12 ч. Response Sent
[Info]21:12 ч. Request Sent
[Info]21:12 ч. Response Sent
[Info]21:12 ч. Request Sent
[Info]21:12 ч. Retrieving the car by Id
[Info]21:12 ч. Response Sent
[Info]21:12 ч. Request Sent
[Info]21:12 ч. Response Sent
[Info]21:12 ч. Request Sent
[Info]21:12 ч. Retrieving the list of categories
[Info]21:12 ч. Request Sent
[Info]21:12 ч. Response Sent
[Info]21:12 ч. Request Sent
[Info]21:12 ч. Retrieving the car by Id
[Info]21:12 ч. Request Sent
[Info]21:12 ч. Retrieving the car by Id
[Info]21:12 ч. There are 7 categories in the fleet
[Info]21:12 ч. Response Sent
[Info]21:12 ч. Response Sent
[Info]21:12 ч. Response Sent
[Info]21:13 ч. Request Sent
[Info]21:13 ч. Retrieving the list of cars
[Info]21:13 ч. There are 10 cars in the fleet
[Info]21:13 ч. Response Sent
[Info]21:43 ч. Request Sent
[Info]21:43 ч. Response Sent
[Info]21:43 ч. Request Sent
[Info]21:43 ч. User logged out the system.
[Info]21:43 ч. Response Sent
[Info]21:43 ч. Request Sent
[Info]21:43 ч. Response Sent
[Info]21:43 ч. Request Sent
[Info]21:43 ч. Response Sent
[Info]21:43 ч. Request Sent
[Info]21:43 ч. Retrieving the list of cars
[Info]21:43 ч. There are 10 cars in the fleet
[Info]21:43 ч. Response Sent
[Info]21:43 ч. Request Sent
[Info]21:43 ч. Request Sent
[Info]21:43 ч. Request Sent
[Info]21:43 ч. Request Sent
[Info]21:43 ч. Request Sent
[Info]21:43 ч. Request Sent
[Info]21:43 ч. Retrieving the ratings by carId
[Info]21:43 ч. Retrieving the ratings by carId
[Info]21:43 ч. Retrieving the ratings by carId
[Info]21:43 ч. Request Sent
[Info]21:43 ч. Retrieving the ratings by carId
[Info]21:43 ч. Retrieving the ratings by carId
[Info]21:43 ч. Request Sent
[Info]21:43 ч. Retrieving the ratings by carId
[Info]21:43 ч. Retrieving the ratings by carId
[Info]21:43 ч. Request Sent
[Info]21:43 ч. Request Sent
[Info]21:43 ч. Request Sent
[Info]21:43 ч. Retrieving the ratings by carId
[Info]21:43 ч. Retrieving the ratings by carId
[Info]21:43 ч. Response Sent
[Info]21:43 ч. Response Sent
[Info]21:43 ч. Response Sent
[Info]21:43 ч. Response Sent
[Info]21:43 ч. Response Sent
[Info]21:43 ч. Response Sent
[Info]21:43 ч. Response Sent
[Info]21:43 ч. Response Sent
[Info]21:44 ч. Response Sent
[Info]21:44 ч. Response Sent
[Info]21:44 ч. Request Sent
[Info]21:44 ч. Retrieving the car by Id
[Info]21:44 ч. Response Sent
[Info]21:44 ч. Request Sent
[Info]21:44 ч. Request Sent
[Info]21:44 ч. Response Sent
[Info]21:44 ч. Retrieving the list of locations
[Info]21:44 ч. There are 5 locations in the fleet
[Info]21:44 ч. Response Sent
[Info]21:49 ч. Request Sent
[Info]21:49 ч. Request Sent
[Info]21:49 ч. Retrieving the car by Id
[Info]21:49 ч. Retrieving the list of locations
[Info]21:49 ч. There are 5 locations in the fleet
[Info]21:49 ч. Response Sent
[Info]21:49 ч. Request Sent
[Info]21:49 ч. Retrieving the car by Id
[Info]21:49 ч. Request Sent
[Info]21:49 ч. Retrieving the list of locations
[Info]21:49 ч. Response Sent
[Info]21:49 ч. There are 5 locations in the fleet
[Info]21:49 ч. Response Sent
[Info]21:50 ч. Request Sent
[Info]21:50 ч. Retrieving the list of locations
[Info]21:50 ч. There are 5 locations in the fleet
[Info]21:50 ч. Response Sent
[Info]21:53 ч. Request Sent
[Info]21:53 ч. Retrieving the car by Id
[Info]21:53 ч. Request Sent
[Info]21:53 ч. Retrieving the list of locations
[Info]21:53 ч. Response Sent
[Info]21:53 ч. There are 5 locations in the fleet
[Info]21:53 ч. Response Sent
[Info]21:53 ч. Request Sent
[Info]21:53 ч. Retrieving the list of locations
[Info]21:53 ч. There are 5 locations in the fleet
[Info]21:53 ч. Response Sent
[Info]21:54 ч. Request Sent
[Info]21:54 ч. Retrieving the list of locations
[Info]21:54 ч. There are 5 locations in the fleet
[Info]21:54 ч. Response Sent
[Info]21:55 ч. Request Sent
[Info]21:55 ч. Retrieving the list of locations
[Info]21:55 ч. There are 5 locations in the fleet
[Info]21:55 ч. Response Sent
[Info]21:57 ч. Request Sent
[Info]21:57 ч. Response Sent
[Info]21:57 ч. Request Sent
[Info]21:57 ч. A new booking was created  at 21:57:00.9763265
[Info]21:57 ч. Response Sent
[Info]21:57 ч. Request Sent
[Info]21:57 ч. Retrieving the list of bookings
[Info]21:57 ч. There are 7 bookings in the fleet
[Info]21:57 ч. Response Sent
[Info]22:01 ч. Request Sent
[Info]22:01 ч. Retrieving the list of bookings
[Info]22:01 ч. There are 7 bookings in the fleet
[Info]22:01 ч. Response Sent
[Info]22:02 ч. Request Sent
[Info]22:02 ч. Retrieving the list of bookings
[Info]22:02 ч. There are 7 bookings in the fleet
[Info]22:02 ч. Response Sent
[Info]22:02 ч. Request Sent
[Info]22:02 ч. Retrieving the list of bookings
[Info]22:02 ч. There are 7 bookings in the fleet
[Info]22:02 ч. Response Sent
[Info]22:03 ч. Request Sent
[Info]22:03 ч. Retrieving the list of cars
[Info]22:03 ч. There are 10 cars in the fleet
[Info]22:03 ч. Response Sent
[Info]22:03 ч. Request Sent
[Info]22:03 ч. Retrieving the ratings by carId
[Info]22:03 ч. Request Sent
[Info]22:03 ч. Retrieving the ratings by carId
[Info]22:03 ч. Retrieving the ratings by carId
[Info]22:03 ч. Request Sent
[Info]22:03 ч. Request Sent
[Info]22:03 ч. Retrieving the ratings by carId
[Info]22:03 ч. Request Sent
[Info]22:03 ч. Retrieving the ratings by carId
[Info]22:03 ч. Request Sent
[Info]22:03 ч. Retrieving the ratings by carId
[Info]22:03 ч. Request Sent
[Info]22:03 ч. Retrieving the ratings by carId
[Info]22:03 ч. Request Sent
[Info]22:03 ч. Retrieving the ratings by carId
[Info]22:03 ч. Request Sent
[Info]22:03 ч. Retrieving the ratings by carId
[Info]22:03 ч. Response Sent
[Info]22:03 ч. Retrieving the ratings by carId
[Info]22:03 ч. Retrieving the ratings by carId
[Info]22:03 ч. Response Sent
[Info]22:03 ч. Response Sent
[Info]22:03 ч. Response Sent
[Info]22:03 ч. Response Sent
[Info]22:03 ч. Response Sent
[Info]22:03 ч. Response Sent
[Info]22:03 ч. Response Sent
[Info]22:03 ч. Response Sent
[Info]22:03 ч. Response Sent
[Info]22:03 ч. Request Sent
[Info]22:03 ч. Request Sent
[Info]22:03 ч. Retrieving the ratings by carId
[Info]22:03 ч. Request Sent
[Info]22:03 ч. Request Sent
[Info]22:03 ч. Request Sent
[Info]22:03 ч. Retrieving the ratings by carId
[Info]22:03 ч. Retrieving the ratings by carId
[Info]22:03 ч. Retrieving the ratings by carId
[Info]22:03 ч. Retrieving the ratings by carId
[Info]22:03 ч. Retrieving the ratings by carId
[Info]22:03 ч. Response Sent
[Info]22:03 ч. Response Sent
[Info]22:03 ч. Response Sent
[Info]22:03 ч. Response Sent
[Info]22:03 ч. Response Sent
[Info]22:03 ч. Response Sent
[Info]22:03 ч. Response Sent
[Info]22:03 ч. Response Sent
[Info]22:03 ч. Request Sent
[Info]22:03 ч. Request Sent
[Info]22:03 ч. Retrieving the ratings by carId
[Info]22:03 ч. Retrieving the ratings by carId
[Info]22:03 ч. Request Sent
[Info]22:03 ч. Request Sent
[Info]22:03 ч. Request Sent
[Info]22:03 ч. Retrieving the ratings by carId
[Info]22:03 ч. Request Sent
[Info]22:03 ч. Retrieving the ratings by carId
[Info]22:03 ч. Request Sent
[Info]22:03 ч. Retrieving the ratings by carId
[Info]22:03 ч. Request Sent
[Info]22:03 ч. Retrieving the ratings by carId
[Info]22:03 ч. Request Sent
[Info]22:03 ч. Retrieving the ratings by carId
[Info]22:03 ч. Response Sent
[Info]22:03 ч. Response Sent
[Info]22:03 ч. Response Sent
[Info]22:03 ч. Request Sent
[Info]22:03 ч. Response Sent
[Info]22:03 ч. Retrieving the ratings by carId
[Info]22:03 ч. Response Sent
[Info]22:03 ч. Response Sent
[Info]22:03 ч. Response Sent
[Info]22:03 ч. Response Sent
[Info]22:03 ч. Response Sent
[Info]22:03 ч. Response Sent
[Info]22:46 ч. Request Sent
[Info]22:46 ч. Retrieving the list of bookings
[Info]22:46 ч. There are 7 bookings in the fleet
[Info]22:46 ч. Response Sent
[Info]22:46 ч. Request Sent
[Info]22:46 ч. Response Sent
[Info]22:46 ч. Request Sent
[Info]22:46 ч. Response Sent
[Info]22:46 ч. Request Sent
[Info]22:46 ч. Request Sent
[Info]22:46 ч. Retrieving the renter by Id
[Info]22:46 ч. Response Sent
[Info]22:56 ч. Request Sent
[Info]22:56 ч. Response Sent
[Info]22:56 ч. Request Sent
[Info]22:56 ч. Retrieving the renter by Id
[Info]22:56 ч. Response Sent
[Info]22:57 ч. Request Sent
[Info]22:57 ч. Response Sent
[Info]22:57 ч. Request Sent
[Info]22:57 ч. Retrieving the renter by Id
[Info]22:57 ч. Response Sent
[Info]22:57 ч. Request Sent
[Info]22:57 ч. Response Sent
[Info]22:57 ч. Request Sent
[Info]22:57 ч. Retrieving the renter by Id
[Info]22:57 ч. Response Sent
[Info]22:58 ч. Request Sent
[Info]22:58 ч. Response Sent
[Info]22:58 ч. Request Sent
[Info]22:58 ч. Retrieving the renter by Id
[Info]22:58 ч. Response Sent
[Info]23:04 ч. Request Sent
[Info]23:04 ч. Response Sent
[Info]23:04 ч. Request Sent
[Info]23:04 ч. Retrieving the renter by Id
[Info]23:04 ч. Response Sent
[Info]23:04 ч. Request Sent
[Info]23:04 ч. Response Sent
[Info]23:04 ч. Request Sent
[Info]23:04 ч. Response Sent
[Info]23:04 ч. Request Sent
[Info]23:04 ч. Retrieving the renter by Id
[Info]23:04 ч. Request Sent
[Info]23:04 ч. Retrieving the renter by Id
[Info]23:04 ч. Response Sent
[Info]23:04 ч. Response Sent
[Info]23:05 ч. Request Sent
[Info]23:05 ч. Response Sent
[Info]23:05 ч. Request Sent
[Info]23:05 ч. Retrieving the renter by Id
[Info]23:05 ч. Response Sent
[Info]23:17 ч. Request Sent
[Info]23:17 ч. Response Sent
[Info]23:17 ч. Request Sent
[Info]23:17 ч. Retrieving the renter by Id
[Info]23:17 ч. Request Sent
[Info]23:17 ч. Retrieving the renter by Id
[Info]23:17 ч. Response Sent
[Info]23:17 ч. Response Sent
[Info]23:22 ч. Request Sent
[Info]23:22 ч. Response Sent
[Info]23:22 ч. Request Sent
[Info]23:22 ч. User logged out the system.
[Info]23:22 ч. Response Sent
[Info]23:22 ч. Request Sent
[Info]23:22 ч. Response Sent
[Info]23:22 ч. Request Sent
[Info]23:22 ч. Response Sent
[Info]23:23 ч. Request Sent
[Info]23:23 ч. Request Sent
[Info]23:23 ч. Response Sent
[Info]23:23 ч. Request Sent
[Info]23:23 ч. Request Sent
[Info]23:23 ч. Retrieving the renter by Id
[Info]23:23 ч. Response Sent
[Info]23:24 ч. Request Sent
[Info]23:24 ч. Response Sent
[Info]23:24 ч. Request Sent
[Info]23:24 ч. Response Sent
[Info]23:24 ч. Request Sent
[Info]23:24 ч. Request Sent
[Info]23:24 ч. Retrieving the renter by Id
[Info]23:24 ч. Retrieving the renter by Id
[Info]23:24 ч. Response Sent
[Info]23:24 ч. Response Sent
[Info]23:25 ч. Request Sent
[Info]23:25 ч. Response Sent
[Info]23:25 ч. Request Sent
[Info]23:25 ч. Response Sent
[Info]23:25 ч. Request Sent
[Info]23:25 ч. Retrieving the renter by Id
[Info]23:25 ч. Response Sent
[Info]23:25 ч. Response Sent
[Info]23:28 ч. Request Sent
[Info]23:28 ч. Response Sent
[Info]23:28 ч. Request Sent
[Info]23:28 ч. Retrieving the renter by Id
[Info]23:28 ч. Response Sent
[Info]23:28 ч. Request Sent
[Info]23:28 ч. Retrieving the renter by Id
[Info]23:28 ч. Response Sent
[Info]23:29 ч. Request Sent
[Info]23:29 ч. Response Sent
[Info]23:29 ч. Request Sent
[Info]23:29 ч. User logged out the system.
[Info]23:29 ч. Response Sent
[Info]23:29 ч. Request Sent
[Info]23:29 ч. Response Sent
[Info]23:29 ч. Request Sent
[Info]23:29 ч. Response Sent
[Info]23:29 ч. Request Sent
[Info]23:29 ч. Request Sent
[Info]23:29 ч. Response Sent
[Info]23:29 ч. Response Sent
[Info]23:29 ч. Request Sent
[Info]23:29 ч. Retrieving the renter by Id
[Info]23:29 ч. Response Sent
[Info]23:29 ч. Request Sent
[Info]23:29 ч. Retrieving the renter by Id
[Info]23:29 ч. Response Sent
[Info]23:31 ч. Request Sent
[Info]23:31 ч. Response Sent
[Info]23:31 ч. Request Sent
[Info]23:31 ч. Retrieving the renter by Id
[Info]23:31 ч. Response Sent
[Info]23:32 ч. Request Sent
[Info]23:32 ч. Response Sent
[Info]23:32 ч. Request Sent
[Info]23:32 ч. Response Sent
[Info]23:32 ч. Request Sent
[Info]23:32 ч. Retrieving the renter by Id
[Info]23:32 ч. Response Sent
[Info]23:32 ч. Request Sent
[Info]23:32 ч. Retrieving the renter by Id
[Info]23:32 ч. Response Sent
[Info]23:33 ч. Request Sent
[Info]23:33 ч. Response Sent
[Info]23:33 ч. Request Sent
[Info]23:33 ч. Retrieving the renter by Id
[Info]23:33 ч. Response Sent
[Info]23:33 ч. Request Sent
[Info]23:33 ч. Response Sent
[Info]23:33 ч. Request Sent
[Info]23:33 ч. Response Sent
[Info]23:33 ч. Request Sent
[Info]23:33 ч. Retrieving the renter by Id
[Info]23:33 ч. Response Sent
[Info]23:33 ч. Request Sent
[Info]23:33 ч. Retrieving the renter by Id
[Info]23:33 ч. Response Sent
[Info]23:34 ч. Request Sent
[Info]23:34 ч. Response Sent
[Info]23:34 ч. Request Sent
[Info]23:34 ч. User logged out the system.
[Info]23:34 ч. Response Sent
[Info]23:34 ч. Request Sent
[Info]23:34 ч. Response Sent
[Info]23:34 ч. Request Sent
[Info]23:34 ч. Response Sent
[Info]23:34 ч. Request Sent
[Info]23:34 ч. Request Sent
[Info]23:34 ч. Response Sent
[Info]23:34 ч. Request Sent
[Info]23:34 ч. Retrieving the renter by Id
[Info]23:34 ч. Response Sent
[Info]23:34 ч. Request Sent
[Info]23:34 ч. Retrieving the renter by Id
[Info]23:34 ч. Response Sent
