[Info]08:44 ч. Request Sent
[Info]08:44 ч. Retrieving the list of latest cars
[Info]08:44 ч. There are 6 cars in the fleet
[Info]08:44 ч. Response Sent
[Info]08:44 ч. Request Sent
[Info]08:44 ч. Request Sent
[Info]08:44 ч. Request Sent
[Info]08:44 ч. Request Sent
[Info]08:44 ч. Request Sent
[Info]08:44 ч. Request Sent
[Info]08:44 ч. Retrieving the ratings by carId
[Info]08:44 ч. Response Sent
[Info]08:44 ч. Request Sent
[Info]08:44 ч. Request Sent
[Info]08:44 ч. Retrieving the ratings by carId
[Info]08:44 ч. Response Sent
[Info]08:44 ч. Response Sent
[Info]08:44 ч. Response Sent
[Info]08:44 ч. Response Sent
[Info]08:44 ч. Request Sent
[Info]08:44 ч. Retrieving the ratings by carId
[Info]08:44 ч. Response Sent
[Info]08:44 ч. Request Sent
[Info]08:44 ч. Retrieving the ratings by carId
[Info]08:44 ч. Retrieving the ratings by carId
[Info]08:44 ч. Response Sent
[Info]08:44 ч. Response Sent
[Info]08:44 ч. Response Sent
[Info]08:44 ч. Response Sent
[Info]08:44 ч. Request Sent
[Info]08:44 ч. Retrieving the list of cars
[Info]08:44 ч. There are 11 cars in the fleet
[Info]08:44 ч. Response Sent
[Info]08:44 ч. Request Sent
[Info]08:44 ч. Response Sent
[Info]08:44 ч. Request Sent
[Info]08:44 ч. Car with ID 2 was deleted
[Info]08:44 ч. Response Sent
[Info]08:44 ч. Request Sent
[Info]08:44 ч. Retrieving the list of cars
[Info]08:44 ч. There are 11 cars in the fleet
[Info]08:44 ч. Response Sent
[Info]08:44 ч. Request Sent
[Info]08:44 ч. Response Sent
[Info]08:44 ч. Request Sent
[Info]08:44 ч. User logged out the system.
[Info]08:44 ч. Response Sent
[Info]08:44 ч. Request Sent
[Info]08:44 ч. Response Sent
[Info]08:44 ч. Request Sent
[Info]08:44 ч. Response Sent
[Info]08:44 ч. Request Sent
[Info]08:44 ч. Retrieving the list of latest cars
[Info]08:44 ч. There are 6 cars in the fleet
[Info]08:44 ч. Response Sent
[Info]08:44 ч. Request Sent
[Info]08:44 ч. Retrieving the ratings by carId
[Info]08:44 ч. Request Sent
[Info]08:44 ч. Retrieving the ratings by carId
[Info]08:44 ч. Request Sent
[Info]08:44 ч. Retrieving the ratings by carId
[Info]08:44 ч. Request Sent
[Info]08:44 ч. Retrieving the ratings by carId
[Info]08:44 ч. Request Sent
[Info]08:44 ч. Retrieving the ratings by carId
[Info]08:44 ч. Response Sent
[Info]08:44 ч. Request Sent
[Info]08:44 ч. Response Sent
[Info]08:44 ч. Response Sent
[Info]08:44 ч. Response Sent
[Info]08:44 ч. Response Sent
[Info]08:44 ч. Request Sent
[Info]08:44 ч. Request Sent
[Info]08:44 ч. Retrieving the ratings by carId
[Info]08:44 ч. Retrieving the ratings by carId
[Info]08:44 ч. Request Sent
[Info]08:44 ч. Retrieving the ratings by carId
[Info]08:44 ч. Retrieving the ratings by carId
[Info]08:44 ч. Retrieving the ratings by carId
[Info]08:44 ч. Response Sent
[Info]08:44 ч. Response Sent
[Info]08:44 ч. Response Sent
[Info]08:44 ч. Response Sent
[Info]08:44 ч. Response Sent
[Info]08:44 ч. Request Sent
[Info]08:44 ч. Retrieving the list of bookings
[Info]08:44 ч. There are 5 bookings in the fleet
[Info]08:44 ч. Response Sent
[Info]08:44 ч. Request Sent
[Info]08:44 ч. Response Sent
[Info]08:44 ч. Request Sent
[Info]08:44 ч. A booking was deleted from the list
[Info]08:44 ч. Response Sent
[Info]08:44 ч. Request Sent
[Info]08:44 ч. Retrieving the list of bookings
[Info]08:44 ч. There are 4 bookings in the fleet
[Info]08:44 ч. Response Sent
[Info]08:49 ч. Request Sent
[Info]08:49 ч. Retrieving the list of bookings
[Info]08:49 ч. There are 5 bookings in the fleet
[Info]08:49 ч. Response Sent
[Info]08:49 ч. Request Sent
[Info]08:49 ч. Response Sent
[Info]08:49 ч. Request Sent
[Info]08:49 ч. A booking was deleted from the list
[Info]08:49 ч. Response Sent
[Info]08:49 ч. Request Sent
[Info]08:49 ч. Retrieving the list of bookings
[Info]08:49 ч. There are 4 bookings in the fleet
[Info]08:49 ч. Response Sent
[Info]08:50 ч. Request Sent
[Info]08:50 ч. Retrieving the list of latest cars
[Info]08:50 ч. There are 6 cars in the fleet
[Info]08:50 ч. Response Sent
[Info]08:50 ч. Request Sent
[Info]08:50 ч. Request Sent
[Info]08:50 ч. Request Sent
[Info]08:50 ч. Request Sent
[Info]08:50 ч. Retrieving the ratings by carId
[Info]08:50 ч. Retrieving the ratings by carId
[Info]08:50 ч. Retrieving the ratings by carId
[Info]08:50 ч. Retrieving the ratings by carId
[Info]08:50 ч. Response Sent
[Info]08:50 ч. Request Sent
[Info]08:50 ч. Request Sent
[Info]08:50 ч. Retrieving the ratings by carId
[Info]08:50 ч. Response Sent
[Info]08:50 ч. Request Sent
[Info]08:50 ч. Response Sent
[Info]08:50 ч. Retrieving the ratings by carId
[Info]08:50 ч. Response Sent
[Info]08:50 ч. Request Sent
[Info]08:50 ч. Request Sent
[Info]08:50 ч. Retrieving the ratings by carId
[Info]08:50 ч. Retrieving the ratings by carId
[Info]08:50 ч. Response Sent
[Info]08:50 ч. Response Sent
[Info]08:50 ч. Response Sent
[Info]08:50 ч. Response Sent
[Info]08:50 ч. Request Sent
[Info]08:50 ч. Retrieving the list of cars
[Info]08:50 ч. There are 9 cars in the fleet
[Info]08:50 ч. Response Sent
[Info]08:50 ч. Request Sent
[Info]08:50 ч. Retrieving the list of bookings
[Info]08:50 ч. There are 5 bookings in the fleet
[Info]08:50 ч. Response Sent
[Info]08:50 ч. Request Sent
[Info]08:50 ч. Response Sent
[Info]08:50 ч. Request Sent
[Info]08:50 ч. User logged out the system.
[Info]08:50 ч. Response Sent
[Info]08:50 ч. Request Sent
[Info]08:50 ч. Response Sent
[Info]08:50 ч. Request Sent
[Info]08:50 ч. Response Sent
[Info]08:50 ч. Request Sent
[Info]08:50 ч. Retrieving the list of latest cars
[Info]08:50 ч. There are 6 cars in the fleet
[Info]08:50 ч. Response Sent
[Info]08:50 ч. Request Sent
[Info]08:50 ч. Request Sent
[Info]08:50 ч. Retrieving the ratings by carId
[Info]08:50 ч. Retrieving the ratings by carId
[Info]08:50 ч. Request Sent
[Info]08:50 ч. Retrieving the ratings by carId
[Info]08:50 ч. Request Sent
[Info]08:50 ч. Request Sent
[Info]08:50 ч. Request Sent
[Info]08:50 ч. Retrieving the ratings by carId
[Info]08:50 ч. Retrieving the ratings by carId
[Info]08:50 ч. Response Sent
[Info]08:50 ч. Request Sent
[Info]08:50 ч. Response Sent
[Info]08:50 ч. Response Sent
[Info]08:50 ч. Request Sent
[Info]08:50 ч. Retrieving the ratings by carId
[Info]08:50 ч. Request Sent
[Info]08:50 ч. Retrieving the ratings by carId
[Info]08:50 ч. Response Sent
[Info]08:50 ч. Response Sent
[Info]08:50 ч. Request Sent
[Info]08:50 ч. Retrieving the ratings by carId
[Info]08:50 ч. Response Sent
[Info]08:50 ч. Retrieving the ratings by carId
[Info]08:50 ч. Retrieving the ratings by carId
[Info]08:50 ч. Response Sent
[Info]08:50 ч. Response Sent
[Info]08:50 ч. Response Sent
[Info]08:51 ч. Request Sent
[Info]08:51 ч. Retrieving the list of cars
[Info]08:51 ч. There are 11 cars in the fleet
[Info]08:51 ч. Response Sent
[Info]08:51 ч. Request Sent
[Info]08:51 ч. Response Sent
[Info]08:51 ч. Request Sent
[Info]08:51 ч. Car with ID 2 was deleted
[Info]08:51 ч. Response Sent
[Info]08:51 ч. Request Sent
[Info]08:51 ч. Retrieving the list of cars
[Info]08:51 ч. There are 11 cars in the fleet
[Info]08:51 ч. Response Sent
[Info]08:53 ч. Request Sent
[Info]08:53 ч. Retrieving the list of cars
[Info]08:53 ч. There are 11 cars in the fleet
[Info]08:53 ч. Response Sent
[Info]08:53 ч. Request Sent
[Info]08:53 ч. Response Sent
[Info]08:53 ч. Request Sent
[Info]08:53 ч. Car with ID 2 was deleted
[Info]08:53 ч. Response Sent
[Info]08:53 ч. Request Sent
[Info]08:53 ч. Retrieving the list of cars
[Info]08:53 ч. There are 10 cars in the fleet
[Info]08:53 ч. Response Sent
[Info]08:53 ч. Request Sent
[Info]08:53 ч. Request Sent
[Info]08:53 ч. Response Sent
[Info]08:53 ч. Response Sent
[Info]08:53 ч. Retrieving the list of categories
[Info]08:53 ч. Request Sent
[Info]08:53 ч. Retrieving the car by Id
[Info]08:53 ч. There are 7 categories in the fleet
[Info]08:53 ч. Response Sent
[Info]08:53 ч. Response Sent
[Info]08:53 ч. Request Sent
[Info]08:53 ч. Retrieving the car by Id
[Info]08:53 ч. Response Sent
[Info]08:53 ч. Request Sent
[Info]08:53 ч. Response Sent
[Info]08:53 ч. Request Sent
[Info]08:53 ч. Request Sent
[Info]08:53 ч. Retrieving the list of cars
[Info]08:53 ч. There are 10 cars in the fleet
[Info]08:53 ч. Response Sent
[Info]08:53 ч. Request with the updated car was sent!
[Info]08:53 ч. The car was updated
[Info]08:53 ч. Response Sent
[Info]08:53 ч. Request Sent
[Info]08:53 ч. Response Sent
[Info]08:53 ч. Request Sent
[Info]08:53 ч. Request Sent
[Info]08:53 ч. Response Sent
[Info]08:53 ч. Request Sent
[Info]08:53 ч. Retrieving the car by Id
[Info]08:53 ч. There are 7 categories in the fleet
[Info]08:53 ч. Response Sent
[Info]08:53 ч. Response Sent
[Info]08:53 ч. Request Sent
[Info]08:53 ч. Retrieving the car by Id
[Info]08:53 ч. Response Sent
[Info]08:53 ч. Request Sent
[Info]08:53 ч. Response Sent
[Info]08:53 ч. Request Sent
[Info]08:53 ч. Request with the updated car was sent!
[Info]08:53 ч. The car was updated
[Info]08:53 ч. Request Sent
[Info]08:53 ч. Retrieving the list of cars
[Info]08:53 ч. There are 10 cars in the fleet
[Info]08:53 ч. Response Sent
[Info]08:55 ч. Request Sent
[Info]08:55 ч. Response Sent
[Info]08:55 ч. Request Sent
[Info]08:55 ч. Retrieving the list of categories
[Info]08:55 ч. Response Sent
[Info]08:55 ч. Request Sent
[Info]08:55 ч. Retrieving the car by Id
[Info]08:55 ч. There are 7 categories in the fleet
[Info]08:55 ч. Response Sent
[Info]08:55 ч. Response Sent
[Info]08:55 ч. Request Sent
[Info]08:55 ч. Retrieving the car by Id
[Info]08:55 ч. Response Sent
[Info]08:55 ч. Request Sent
[Info]08:55 ч. Response Sent
[Info]08:55 ч. Request Sent
[Info]08:55 ч. Request with the updated car was sent!
[Info]08:55 ч. The car was updated
[Info]08:55 ч. Response Sent
[Info]08:55 ч. Request Sent
[Info]08:55 ч. Retrieving the list of cars
[Info]08:55 ч. There are 11 cars in the fleet
[Info]08:55 ч. Response Sent
[Info]08:55 ч. Request Sent
[Info]08:55 ч. Response Sent
[Info]08:55 ч. Request Sent
[Info]08:55 ч. Retrieving the car by Id
[Info]08:55 ч. Response Sent
[Info]08:55 ч. Retrieving the list of categories
[Info]08:55 ч. There are 7 categories in the fleet
[Info]08:55 ч. Response Sent
[Info]08:55 ч. Response Sent
[Info]08:55 ч. Request Sent
[Info]08:55 ч. Retrieving the car by Id
[Info]08:55 ч. Response Sent
[Info]08:55 ч. Request Sent
[Info]08:55 ч. Response Sent
[Info]08:55 ч. Request Sent
[Info]08:55 ч. Request with the updated car was sent!
[Info]08:55 ч. The car was updated
[Info]08:55 ч. Response Sent
[Info]08:55 ч. Request Sent
[Info]08:55 ч. Retrieving the list of cars
[Info]08:55 ч. There are 11 cars in the fleet
[Info]08:55 ч. Response Sent
[Info]08:55 ч. Request Sent
[Info]08:55 ч. Response Sent
[Info]08:55 ч. Request Sent
[Info]08:55 ч. User logged out the system.
[Info]08:55 ч. Response Sent
[Info]08:56 ч. Request Sent
[Info]08:56 ч. Response Sent
[Info]08:56 ч. Request Sent
[Info]08:56 ч. Response Sent
[Info]08:56 ч. Request Sent
[Info]08:56 ч. Retrieving the list of latest cars
[Info]08:56 ч. There are 6 cars in the fleet
[Info]08:56 ч. Response Sent
[Info]08:56 ч. Request Sent
[Info]08:56 ч. Request Sent
[Info]08:56 ч. Request Sent
[Info]08:56 ч. Request Sent
[Info]08:56 ч. Retrieving the ratings by carId
[Info]08:56 ч. Retrieving the ratings by carId
[Info]08:56 ч. Retrieving the ratings by carId
[Info]08:56 ч. Request Sent
[Info]08:56 ч. Retrieving the ratings by carId
[Info]08:56 ч. Retrieving the ratings by carId
[Info]08:56 ч. Retrieving the ratings by carId
[Info]08:56 ч. Response Sent
[Info]08:56 ч. Request Sent
[Info]08:56 ч. Request Sent
[Info]08:56 ч. Retrieving the ratings by carId
[Info]08:56 ч. Response Sent
[Info]08:56 ч. Response Sent
[Info]08:56 ч. Request Sent
[Info]08:56 ч. Response Sent
[Info]08:56 ч. Retrieving the ratings by carId
[Info]08:56 ч. Request Sent
[Info]08:56 ч. Retrieving the ratings by carId
[Info]08:56 ч. Retrieving the ratings by carId
[Info]08:56 ч. Response Sent
[Info]08:56 ч. Retrieving the ratings by carId
[Info]08:56 ч. Response Sent
[Info]08:56 ч. Response Sent
[Info]08:56 ч. Response Sent
[Info]08:56 ч. Response Sent
[Info]08:56 ч. Request Sent
[Info]08:56 ч. Retrieving the list of categories
[Info]08:56 ч. There are 7 categories in the fleet
[Info]08:56 ч. Response Sent
[Info]08:57 ч. Request Sent
[Info]08:57 ч. Retrieving the list of categories
[Info]08:57 ч. There are 7 categories in the fleet
[Info]08:57 ч. Response Sent
[Info]08:57 ч. Request Sent
[Info]08:57 ч. Request Sent
[Info]08:57 ч. Response Sent
[Info]08:57 ч. Request Sent
[Info]08:57 ч. VW Tiguan was created  at 08:57:20.6166217
[Info]08:57 ч. Response Sent
[Info]08:57 ч. Request Sent
[Info]08:57 ч. Retrieving the list of cars
[Info]08:57 ч. There are 2 cars in the fleet
[Info]08:57 ч. Response Sent
[Info]08:57 ч. Request Sent
[Info]08:57 ч. Retrieving the list of cars
[Info]08:57 ч. There are 10 cars in the fleet
[Info]08:57 ч. Response Sent
[Info]08:57 ч. Request Sent
[Info]08:57 ч. Retrieving the list of latest cars
[Info]08:57 ч. There are 6 cars in the fleet
[Info]08:57 ч. Response Sent
[Info]08:57 ч. Request Sent
[Info]08:57 ч. Retrieving the ratings by carId
[Info]08:57 ч. Request Sent
[Info]08:57 ч. Retrieving the ratings by carId
[Info]08:57 ч. Request Sent
[Info]08:57 ч. Retrieving the ratings by carId
[Info]08:57 ч. Request Sent
[Info]08:57 ч. Response Sent
[Info]08:57 ч. Request Sent
[Info]08:57 ч. Retrieving the ratings by carId
[Info]08:57 ч. Request Sent
[Info]08:57 ч. Retrieving the ratings by carId
[Info]08:57 ч. Response Sent
[Info]08:57 ч. Response Sent
[Info]08:57 ч. Request Sent
[Info]08:57 ч. Retrieving the ratings by carId
[Info]08:57 ч. Request Sent
[Info]08:57 ч. Retrieving the ratings by carId
[Info]08:57 ч. Request Sent
[Info]08:57 ч. Request Sent
[Info]08:57 ч. Retrieving the ratings by carId
[Info]08:57 ч. Retrieving the ratings by carId
[Info]08:57 ч. Response Sent
[Info]08:57 ч. Request Sent
[Info]08:57 ч. Response Sent
[Info]08:57 ч. Retrieving the ratings by carId
[Info]08:57 ч. Response Sent
[Info]08:57 ч. Response Sent
[Info]08:57 ч. Response Sent
[Info]08:57 ч. Response Sent
[Info]08:57 ч. Response Sent
[Info]08:57 ч. Request Sent
[Info]08:57 ч. Response Sent
[Info]08:57 ч. Request Sent
[Info]08:57 ч. User logged out the system.
[Info]08:57 ч. Response Sent
[Info]08:57 ч. Request Sent
[Info]08:57 ч. Response Sent
[Info]08:57 ч. Request Sent
[Info]08:58 ч. Request Sent
[Info]08:58 ч. Response Sent
[Info]08:58 ч. Request Sent
[Info]08:58 ч. Response Sent
[Info]08:58 ч. Request Sent
[Info]08:58 ч. Retrieving the list of latest cars
[Info]08:58 ч. There are 6 cars in the fleet
[Info]08:58 ч. Response Sent
[Info]08:58 ч. Request Sent
[Info]08:58 ч. Retrieving the ratings by carId
[Info]08:58 ч. Request Sent
[Info]08:58 ч. Retrieving the ratings by carId
[Info]08:58 ч. Request Sent
[Info]08:58 ч. Request Sent
[Info]08:58 ч. Retrieving the ratings by carId
[Info]08:58 ч. Retrieving the ratings by carId
[Info]08:58 ч. Request Sent
[Info]08:58 ч. Request Sent
[Info]08:58 ч. Retrieving the ratings by carId
[Info]08:58 ч. Retrieving the ratings by carId
[Info]08:58 ч. Response Sent
[Info]08:58 ч. Request Sent
[Info]08:58 ч. Retrieving the ratings by carId
[Info]08:58 ч. Retrieving the ratings by carId
[Info]08:58 ч. Request Sent
[Info]08:58 ч. Retrieving the ratings by carId
[Info]08:58 ч. Request Sent
[Info]08:58 ч. Retrieving the ratings by carId
[Info]08:58 ч. Request Sent
[Info]08:58 ч. Response Sent
[Info]08:58 ч. Retrieving the ratings by carId
[Info]08:58 ч. Response Sent
[Info]08:58 ч. Retrieving the ratings by carId
[Info]08:58 ч. Response Sent
[Info]08:58 ч. Response Sent
[Info]08:58 ч. Response Sent
[Info]08:58 ч. Response Sent
[Info]08:58 ч. Response Sent
[Info]08:58 ч. Request Sent
[Info]08:58 ч. Retrieving the car by Id
[Info]08:58 ч. Response Sent
[Info]08:58 ч. Request Sent
[Info]08:58 ч. Retrieving the car by Id
[Info]08:58 ч. Request Sent
[Info]08:58 ч. Response Sent
[Info]08:58 ч. Retrieving the list of locations
[Info]08:58 ч. There are 5 locations in the fleet
[Info]08:58 ч. Response Sent
[Info]08:58 ч. Request Sent
[Info]08:58 ч. Response Sent
[Info]08:58 ч. Request Sent
[Info]08:59 ч. A new booking was created  at 08:59:18.7491652
[Info]08:59 ч. Response Sent
[Info]08:59 ч. Request Sent
[Info]08:59 ч. Retrieving the list of bookings
[Info]08:59 ч. There are 1 bookings in the fleet
[Info]08:59 ч. Response Sent
[Info]09:05 ч. Request Sent
[Info]09:05 ч. Response Sent
[Info]09:05 ч. Request Sent
[Info]09:05 ч. User logged out the system.
[Info]09:05 ч. Response Sent
[Info]09:05 ч. Request Sent
[Info]09:05 ч. Response Sent
[Info]09:05 ч. Request Sent
[Info]09:05 ч. Response Sent
[Info]09:05 ч. Request Sent
[Info]09:05 ч. Request Sent
[Info]09:05 ч. Request Sent
[Info]09:05 ч. Request Sent
[Info]09:05 ч. Response Sent
[Info]09:05 ч. User logged out the system.
[Info]09:05 ч. Request Sent
[Info]09:05 ч. Response Sent
[Info]09:05 ч. Request Sent
[Info]09:05 ч. User logged out the system.
[Info]09:05 ч. Response Sent
[Info]09:05 ч. Request Sent
[Info]09:05 ч. User logged out the system.
[Info]09:05 ч. Response Sent
[Info]09:05 ч. There are 10 cars in the fleet
[Info]09:05 ч. Response Sent
[Info]09:05 ч. There are 10 cars in the fleet
[Info]09:05 ч. Response Sent
[Info]09:09 ч. Request Sent
[Info]09:09 ч. Retrieving the list of latest cars
[Info]09:09 ч. There are 6 cars in the fleet
[Info]09:09 ч. Response Sent
[Info]09:09 ч. Request Sent
[Info]09:09 ч. Request Sent
[Info]09:09 ч. Retrieving the ratings by carId
[Info]09:09 ч. Request Sent
[Info]09:09 ч. Retrieving the ratings by carId
[Info]09:09 ч. Request Sent
[Info]09:09 ч. Retrieving the ratings by carId
[Info]09:09 ч. Request Sent
[Info]09:09 ч. Retrieving the ratings by carId
[Info]09:09 ч. Response Sent
[Info]09:09 ч. Response Sent
[Info]09:09 ч. Request Sent
[Info]09:09 ч. Retrieving the ratings by carId
[Info]09:09 ч. Response Sent
[Info]09:09 ч. Request Sent
[Info]09:09 ч. Retrieving the ratings by carId
[Info]09:09 ч. Request Sent
[Info]09:09 ч. Retrieving the ratings by carId
[Info]09:09 ч. Retrieving the ratings by carId
[Info]09:09 ч. Response Sent
[Info]09:09 ч. Request Sent
[Info]09:09 ч. Response Sent
[Info]09:09 ч. Retrieving the ratings by carId
[Info]09:09 ч. Request Sent
[Info]09:09 ч. Retrieving the ratings by carId
[Info]09:09 ч. Response Sent
[Info]09:09 ч. Response Sent
[Info]09:09 ч. Response Sent
[Info]09:09 ч. Response Sent
[Info]09:09 ч. Response Sent
[Info]09:09 ч. Response Sent
[Info]09:14 ч. Request Sent
[Info]09:14 ч. Retrieving the list of cars
[Info]09:14 ч. There are 10 cars in the fleet
[Info]09:14 ч. Response Sent
[Info]09:14 ч. Request Sent
[Info]09:14 ч. Response Sent
[Info]09:14 ч. Request Sent
[Info]09:14 ч. Response Sent
[Info]09:14 ч. Request Sent
[Info]09:14 ч. Retrieving the list of latest cars
[Info]09:14 ч. There are 6 cars in the fleet
[Info]09:14 ч. Response Sent
[Info]09:14 ч. Request Sent
[Info]09:14 ч. Request Sent
[Info]09:14 ч. Retrieving the ratings by carId
[Info]09:14 ч. Retrieving the ratings by carId
[Info]09:14 ч. Request Sent
[Info]09:14 ч. Retrieving the ratings by carId
[Info]09:14 ч. Request Sent
[Info]09:14 ч. Request Sent
[Info]09:14 ч. Retrieving the ratings by carId
[Info]09:14 ч. Retrieving the ratings by carId
[Info]09:14 ч. Response Sent
[Info]09:14 ч. Response Sent
[Info]09:14 ч. Request Sent
[Info]09:14 ч. Response Sent
[Info]09:14 ч. Retrieving the ratings by carId
[Info]09:14 ч. Response Sent
[Info]09:14 ч. Response Sent
[Info]09:14 ч. Request Sent
[Info]09:14 ч. Retrieving the ratings by carId
[Info]09:14 ч. Request Sent
[Info]09:14 ч. Retrieving the ratings by carId
[Info]09:14 ч. Request Sent
[Info]09:14 ч. Retrieving the ratings by carId
[Info]09:14 ч. Response Sent
[Info]09:14 ч. Retrieving the ratings by carId
[Info]09:14 ч. Response Sent
[Info]09:14 ч. Response Sent
[Info]09:14 ч. Response Sent
[Info]09:14 ч. Response Sent
[Info]09:14 ч. Request Sent
[Info]09:14 ч. Retrieving the list of cars
[Info]09:14 ч. There are 10 cars in the fleet
[Info]09:14 ч. Response Sent
[Info]09:14 ч. Request Sent
[Info]09:14 ч. Retrieving the list of categories
[Info]09:14 ч. There are 7 categories in the fleet
[Info]09:14 ч. Response Sent
[Info]09:14 ч. Request Sent
[Info]09:14 ч. Retrieving the list of cars
[Info]09:14 ч. There are 11 cars in the fleet
[Info]09:14 ч. Response Sent
[Info]09:14 ч. Request Sent
[Info]09:14 ч. Response Sent
[Info]09:14 ч. Request Sent
[Info]09:14 ч. User logged out the system.
[Info]09:14 ч. Response Sent
[Info]09:14 ч. Request Sent
[Info]09:14 ч. Response Sent
[Info]09:14 ч. Request Sent
[Info]09:14 ч. Response Sent
[Info]09:14 ч. Request Sent
[Info]09:14 ч. Retrieving the list of latest cars
[Info]09:14 ч. There are 6 cars in the fleet
[Info]09:14 ч. Response Sent
[Info]09:14 ч. Request Sent
[Info]09:14 ч. Request Sent
[Info]09:14 ч. Request Sent
[Info]09:14 ч. Retrieving the ratings by carId
[Info]09:14 ч. Retrieving the ratings by carId
[Info]09:14 ч. Request Sent
[Info]09:14 ч. Retrieving the ratings by carId
[Info]09:14 ч. Retrieving the ratings by carId
[Info]09:14 ч. Retrieving the ratings by carId
[Info]09:14 ч. Response Sent
[Info]09:14 ч. Response Sent
[Info]09:14 ч. Response Sent
[Info]09:14 ч. Request Sent
[Info]09:14 ч. Request Sent
[Info]09:14 ч. Retrieving the ratings by carId
[Info]09:14 ч. Retrieving the ratings by carId
[Info]09:14 ч. Retrieving the ratings by carId
[Info]09:14 ч. Request Sent
[Info]09:14 ч. Retrieving the ratings by carId
[Info]09:14 ч. Response Sent
[Info]09:14 ч. Request Sent
[Info]09:14 ч. Retrieving the ratings by carId
[Info]09:14 ч. Response Sent
[Info]09:14 ч. Response Sent
[Info]09:14 ч. Response Sent
[Info]09:14 ч. Response Sent
[Info]09:14 ч. Response Sent
[Info]09:14 ч. Response Sent
[Info]09:36 ч. Request Sent
[Info]09:36 ч. Retrieving the list of latest cars
[Info]09:36 ч. There are 6 cars in the fleet
[Info]09:36 ч. Response Sent
[Info]09:36 ч. Request Sent
[Info]09:36 ч. Retrieving the ratings by carId
[Info]09:36 ч. Request Sent
[Info]09:36 ч. Retrieving the ratings by carId
[Info]09:36 ч. Request Sent
[Info]09:36 ч. Request Sent
[Info]09:36 ч. Retrieving the ratings by carId
[Info]09:36 ч. Request Sent
[Info]09:36 ч. Retrieving the ratings by carId
[Info]09:36 ч. Retrieving the ratings by carId
[Info]09:36 ч. Request Sent
[Info]09:36 ч. Retrieving the ratings by carId
[Info]09:36 ч. Response Sent
[Info]09:36 ч. Response Sent
[Info]09:36 ч. Request Sent
[Info]09:36 ч. Response Sent
[Info]09:36 ч. Request Sent
[Info]09:36 ч. Retrieving the ratings by carId
[Info]09:36 ч. Retrieving the ratings by carId
[Info]09:36 ч. Request Sent
[Info]09:36 ч. Response Sent
[Info]09:36 ч. Request Sent
[Info]09:36 ч. Retrieving the ratings by carId
[Info]09:36 ч. Request Sent
[Info]09:36 ч. Retrieving the ratings by carId
[Info]09:36 ч. Response Sent
[Info]09:36 ч. Response Sent
[Info]09:36 ч. Response Sent
[Info]09:36 ч. Response Sent
[Info]09:36 ч. Response Sent
[Info]09:36 ч. Response Sent
[Info]09:37 ч. Request Sent
[Info]09:37 ч. Retrieving the list of latest cars
[Info]09:37 ч. There are 6 cars in the fleet
[Info]09:37 ч. Response Sent
[Info]09:37 ч. Request Sent
[Info]09:37 ч. Retrieving the ratings by carId
[Info]09:37 ч. Request Sent
[Info]09:37 ч. Request Sent
[Info]09:37 ч. Retrieving the ratings by carId
[Info]09:37 ч. Request Sent
[Info]09:37 ч. Retrieving the ratings by carId
[Info]09:37 ч. Request Sent
[Info]09:37 ч. Request Sent
[Info]09:37 ч. Retrieving the ratings by carId
[Info]09:37 ч. Response Sent
[Info]09:37 ч. Response Sent
[Info]09:37 ч. Response Sent
[Info]09:37 ч. Request Sent
[Info]09:37 ч. Retrieving the ratings by carId
[Info]09:37 ч. Response Sent
[Info]09:37 ч. Response Sent
[Info]09:37 ч. Request Sent
[Info]09:37 ч. Response Sent
[Info]09:37 ч. Retrieving the ratings by carId
[Info]09:37 ч. Request Sent
[Info]09:37 ч. Retrieving the ratings by carId
[Info]09:37 ч. Retrieving the ratings by carId
[Info]09:37 ч. Retrieving the ratings by carId
[Info]09:37 ч. Retrieving the ratings by carId
[Info]09:37 ч. Response Sent
[Info]09:37 ч. Response Sent
[Info]09:37 ч. Response Sent
[Info]09:37 ч. Response Sent
[Info]09:37 ч. Response Sent
[Info]09:37 ч. Response Sent
[Info]09:41 ч. Request Sent
[Info]09:41 ч. Response Sent
[Info]09:41 ч. Request Sent
[Info]09:41 ч. User logged out the system.
[Info]09:41 ч. Response Sent
[Info]09:48 ч. Request Sent
[Info]09:48 ч. Response Sent
[Info]09:48 ч. Request Sent
[Info]09:48 ч. Response Sent
[Info]09:48 ч. Request Sent
[Info]09:48 ч. Retrieving the list of latest cars
[Info]09:48 ч. There are 6 cars in the fleet
[Info]09:48 ч. Response Sent
[Info]09:48 ч. Request Sent
[Info]09:48 ч. Retrieving the ratings by carId
[Info]09:48 ч. Request Sent
[Info]09:48 ч. Request Sent
[Info]09:48 ч. Retrieving the ratings by carId
[Info]09:48 ч. Retrieving the ratings by carId
[Info]09:48 ч. Request Sent
[Info]09:48 ч. Retrieving the ratings by carId
[Info]09:48 ч. Request Sent
[Info]09:48 ч. Retrieving the ratings by carId
[Info]09:48 ч. Retrieving the ratings by carId
[Info]09:48 ч. Response Sent
[Info]09:48 ч. Request Sent
[Info]09:48 ч. Retrieving the ratings by carId
[Info]09:48 ч. Response Sent
[Info]09:48 ч. Request Sent
[Info]09:48 ч. Retrieving the ratings by carId
[Info]09:48 ч. Response Sent
[Info]09:48 ч. Response Sent
[Info]09:48 ч. Response Sent
[Info]09:48 ч. Request Sent
[Info]09:48 ч. Retrieving the ratings by carId
[Info]09:48 ч. Request Sent
[Info]09:48 ч. Retrieving the ratings by carId
[Info]09:48 ч. Response Sent
[Info]09:48 ч. Response Sent
[Info]09:48 ч. Response Sent
[Info]09:48 ч. Request Sent
[Info]09:48 ч. Retrieving the ratings by carId
[Info]09:48 ч. Response Sent
[Info]09:48 ч. Retrieving the ratings by carId
[Info]09:48 ч. Response Sent
[Info]09:48 ч. Response Sent
[Info]09:48 ч. Response Sent
[Info]09:48 ч. Request Sent
[Info]09:48 ч. Retrieving the list of cars
[Info]09:48 ч. There are 10 cars in the fleet
[Info]09:48 ч. Response Sent
[Info]09:49 ч. Request Sent
[Info]09:49 ч. Retrieving the car by Id
[Info]09:49 ч. Response Sent
[Info]09:49 ч. Request Sent
[Info]09:49 ч. Retrieving the list of bookings
[Info]09:49 ч. There are 5 bookings in the fleet
[Info]09:49 ч. Response Sent
[Info]09:49 ч. Request Sent
[Info]09:49 ч. Response Sent
[Info]09:49 ч. Request Sent
[Info]09:49 ч. Response Sent
[Info]09:49 ч. Request Sent
[Info]09:49 ч. Retrieving the renter by Id
[Info]09:49 ч. Response Sent
[Info]09:49 ч. Request Sent
[Info]09:49 ч. Retrieving the renter by Id
[Info]09:49 ч. Response Sent
[Info]09:49 ч. Request Sent
[Info]09:49 ч. Response Sent
[Info]09:49 ч. Request Sent
[Info]09:49 ч. User logged out the system.
[Info]09:49 ч. Response Sent
[Info]09:49 ч. Request Sent
[Info]09:49 ч. Response Sent
[Info]09:49 ч. Request Sent
[Info]09:49 ч. Response Sent
[Info]09:49 ч. Request Sent
[Info]09:49 ч. Retrieving the list of latest cars
[Info]09:49 ч. There are 6 cars in the fleet
[Info]09:49 ч. Response Sent
[Info]09:49 ч. Request Sent
[Info]09:49 ч. Request Sent
[Info]09:49 ч. Retrieving the ratings by carId
[Info]09:49 ч. Retrieving the ratings by carId
[Info]09:49 ч. Request Sent
[Info]09:49 ч. Retrieving the ratings by carId
[Info]09:49 ч. Retrieving the ratings by carId
[Info]09:49 ч. Retrieving the ratings by carId
[Info]09:49 ч. Response Sent
[Info]09:49 ч. Retrieving the ratings by carId
[Info]09:49 ч. Response Sent
[Info]09:49 ч. Request Sent
[Info]09:49 ч. Request Sent
[Info]09:49 ч. Retrieving the ratings by carId
[Info]09:49 ч. Request Sent
[Info]09:49 ч. Response Sent
[Info]09:49 ч. Response Sent
[Info]09:49 ч. Request Sent
[Info]09:49 ч. Retrieving the ratings by carId
[Info]09:49 ч. Request Sent
[Info]09:49 ч. Retrieving the ratings by carId
[Info]09:49 ч. Request Sent
[Info]09:49 ч. Response Sent
[Info]09:49 ч. Retrieving the ratings by carId
[Info]09:49 ч. Response Sent
[Info]09:49 ч. Response Sent
[Info]09:49 ч. Response Sent
[Info]09:49 ч. Response Sent
[Info]09:49 ч. Response Sent
[Info]09:49 ч. Response Sent
[Info]09:50 ч. Request Sent
[Info]09:50 ч. Retrieving the list of cars
[Info]09:50 ч. There are 10 cars in the fleet
[Info]09:50 ч. Response Sent
[Info]09:50 ч. Request Sent
[Info]09:50 ч. Retrieving the car by Id
[Info]09:50 ч. Response Sent
[Info]09:50 ч. Request Sent
[Info]09:50 ч. Retrieving the list of categories
[Info]09:50 ч. There are 7 categories in the fleet
[Info]09:50 ч. Response Sent
[Info]09:50 ч. Request Sent
[Info]09:50 ч. Retrieving the list of cars
[Info]09:50 ч. There are 11 cars in the fleet
[Info]09:50 ч. Response Sent
[Info]09:50 ч. Request Sent
[Info]09:50 ч. Response Sent
[Info]09:50 ч. Request Sent
[Info]09:50 ч. Retrieving the list of categories
[Info]09:50 ч. Request Sent
[Info]09:50 ч. Retrieving the car by Id
[Info]09:50 ч. There are 7 categories in the fleet
[Info]09:50 ч. Response Sent
[Info]09:50 ч. Response Sent
[Info]09:50 ч. Request Sent
[Info]09:50 ч. Retrieving the car by Id
[Info]09:50 ч. Response Sent
[Info]09:50 ч. Request Sent
[Info]09:50 ч. Response Sent
[Info]09:50 ч. Request Sent
[Info]09:50 ч. User logged out the system.
[Info]09:50 ч. Response Sent
[Info]09:56 ч. Request Sent
[Info]09:56 ч. Response Sent
[Info]09:56 ч. Request Sent
[Info]09:56 ч. Response Sent
[Info]09:56 ч. Request Sent
[Info]09:56 ч. Retrieving the list of latest cars
[Info]09:56 ч. There are 6 cars in the fleet
[Info]09:56 ч. Response Sent
[Info]09:56 ч. Request Sent
[Info]09:56 ч. Retrieving the ratings by carId
[Info]09:56 ч. Request Sent
[Info]09:56 ч. Request Sent
[Info]09:56 ч. Retrieving the ratings by carId
[Info]09:56 ч. Retrieving the ratings by carId
[Info]09:56 ч. Retrieving the ratings by carId
[Info]09:56 ч. Request Sent
[Info]09:56 ч. Response Sent
[Info]09:56 ч. Retrieving the ratings by carId
[Info]09:56 ч. Request Sent
[Info]09:56 ч. Retrieving the ratings by carId
[Info]09:56 ч. Response Sent
[Info]09:56 ч. Request Sent
[Info]09:56 ч. Retrieving the ratings by carId
[Info]09:56 ч. Response Sent
[Info]09:56 ч. Response Sent
[Info]09:56 ч. Request Sent
[Info]09:56 ч. Response Sent
[Info]09:56 ч. Retrieving the ratings by carId
[Info]09:56 ч. Request Sent
[Info]09:56 ч. Retrieving the ratings by carId
[Info]09:56 ч. Response Sent
[Info]09:56 ч. Request Sent
[Info]09:56 ч. Response Sent
[Info]09:56 ч. Retrieving the ratings by carId
[Info]09:56 ч. Request Sent
[Info]09:56 ч. Retrieving the ratings by carId
[Info]09:56 ч. Response Sent
[Info]09:56 ч. Response Sent
[Info]09:56 ч. Response Sent
[Info]09:56 ч. Response Sent
[Info]09:56 ч. Request Sent
[Info]09:56 ч. Retrieving the list of cars
[Info]09:56 ч. There are 10 cars in the fleet
[Info]09:56 ч. Response Sent
[Info]09:57 ч. Request Sent
[Info]09:57 ч. Retrieving the car by Id
[Info]09:57 ч. Response Sent
[Info]09:57 ч. Request Sent
[Info]09:57 ч. Response Sent
[Info]09:57 ч. Request Sent
[Info]09:57 ч. 5 was given  at 09:57:17.8517204
[Info]09:57 ч. Response Sent
[Info]09:57 ч. Request Sent
[Info]09:57 ч. Retrieving the car by Id
[Info]09:57 ч. Retrieving the list of locations
[Info]09:57 ч. Response Sent
[Info]09:57 ч. There are 5 locations in the fleet
[Info]09:57 ч. Response Sent
[Info]09:57 ч. Request Sent
[Info]09:57 ч. Response Sent
[Info]09:57 ч. Request Sent
[Info]09:57 ч. A new booking was created  at 09:57:51.7217625
[Info]09:57 ч. Response Sent
[Info]09:57 ч. Request Sent
[Info]09:57 ч. Retrieving the list of bookings
[Info]09:57 ч. There are 6 bookings in the fleet
[Info]09:57 ч. Response Sent
[Info]09:58 ч. Request Sent
[Info]09:58 ч. Response Sent
[Info]09:58 ч. Request Sent
[Info]09:58 ч. A booking was deleted from the list
[Info]09:58 ч. Response Sent
[Info]09:58 ч. Request Sent
[Info]09:58 ч. Retrieving the list of bookings
[Info]09:58 ч. There are 5 bookings in the fleet
[Info]09:58 ч. Response Sent
[Info]09:58 ч. Request Sent
[Info]09:58 ч. Request Sent
[Info]09:58 ч. Response Sent
[Info]09:58 ч. Request Sent
[Info]09:58 ч. Retrieving the renter by Id
[Info]09:58 ч. Response Sent
[Info]09:58 ч. Request Sent
[Info]09:58 ч. Retrieving the renter by Id
[Info]09:58 ч. Response Sent
[Info]09:58 ч. Request Sent
[Info]09:58 ч. Response Sent
[Info]09:58 ч. Request Sent
[Info]09:58 ч. User logged out the system.
[Info]09:58 ч. Response Sent
[Info]09:58 ч. Request Sent
[Info]09:58 ч. Response Sent
[Info]09:58 ч. Request Sent
[Info]09:58 ч. Response Sent
[Info]09:58 ч. Request Sent
[Info]09:58 ч. Retrieving the list of latest cars
[Info]09:58 ч. There are 6 cars in the fleet
[Info]09:58 ч. Response Sent
[Info]09:58 ч. Request Sent
[Info]09:58 ч. Retrieving the ratings by carId
[Info]09:58 ч. Request Sent
[Info]09:58 ч. Retrieving the ratings by carId
[Info]09:58 ч. Request Sent
[Info]09:58 ч. Retrieving the ratings by carId
[Info]09:58 ч. Request Sent
[Info]09:58 ч. Request Sent
[Info]09:58 ч. Retrieving the ratings by carId
[Info]09:58 ч. Retrieving the ratings by carId
[Info]09:58 ч. Request Sent
[Info]09:58 ч. Retrieving the ratings by carId
[Info]09:58 ч. Response Sent
[Info]09:58 ч. Request Sent
[Info]09:58 ч. Retrieving the ratings by carId
[Info]09:58 ч. Response Sent
[Info]09:58 ч. Retrieving the ratings by carId
[Info]09:58 ч. Response Sent
[Info]09:58 ч. Response Sent
[Info]09:58 ч. Request Sent
[Info]09:58 ч. Retrieving the ratings by carId
[Info]09:58 ч. Request Sent
[Info]09:58 ч. Retrieving the ratings by carId
[Info]09:58 ч. Request Sent
[Info]09:58 ч. Retrieving the ratings by carId
[Info]09:58 ч. Response Sent
[Info]09:58 ч. Retrieving the ratings by carId
[Info]09:58 ч. Response Sent
[Info]09:58 ч. Response Sent
[Info]09:58 ч. Response Sent
[Info]09:58 ч. Response Sent
[Info]09:58 ч. Response Sent
[Info]09:58 ч. Request Sent
[Info]09:58 ч. Retrieving the list of cars
[Info]09:58 ч. There are 10 cars in the fleet
[Info]09:58 ч. Response Sent
[Info]09:58 ч. Request Sent
[Info]09:58 ч. Retrieving the car by Id
[Info]09:58 ч. Response Sent
[Info]09:58 ч. Request Sent
[Info]09:58 ч. Retrieving the list of categories
[Info]09:58 ч. There are 7 categories in the fleet
[Info]09:58 ч. Response Sent
[Info]09:58 ч. Request Sent
[Info]09:58 ч. Retrieving the list of cars
[Info]09:58 ч. There are 11 cars in the fleet
[Info]09:58 ч. Response Sent
[Info]09:58 ч. Request Sent
[Info]09:58 ч. Request Sent
[Info]09:58 ч. Response Sent
[Info]09:58 ч. Request Sent
[Info]09:58 ч. Retrieving the list of categories
[Info]09:58 ч. Request Sent
[Info]09:58 ч. Retrieving the car by Id
[Info]09:58 ч. There are 7 categories in the fleet
[Info]09:58 ч. Response Sent
[Info]09:58 ч. Response Sent
[Info]09:58 ч. Request Sent
[Info]09:58 ч. Retrieving the car by Id
[Info]09:58 ч. Response Sent
[Info]09:58 ч. Request Sent
[Info]09:58 ч. Response Sent
[Info]09:58 ч. Request Sent
[Info]09:58 ч. Car with ID 2 was deleted
[Info]09:58 ч. Response Sent
[Info]09:58 ч. Request Sent
[Info]09:58 ч. Retrieving the list of cars
[Info]09:58 ч. There are 10 cars in the fleet
[Info]09:58 ч. Response Sent
[Info]09:59 ч. Request Sent
[Info]09:59 ч. Response Sent
[Info]09:59 ч. Request Sent
[Info]09:59 ч. User logged out the system.
[Info]09:59 ч. Response Sent
[Info]11:29 ч. Request Sent
[Info]11:29 ч. Response Sent
[Info]11:29 ч. Request Sent
[Info]11:29 ч. Response Sent
[Info]11:29 ч. Request Sent
[Info]11:29 ч. Retrieving the list of latest cars
[Info]11:29 ч. There are 6 cars in the fleet
[Info]11:29 ч. Response Sent
[Info]11:29 ч. Request Sent
[Info]11:29 ч. Retrieving the ratings by carId
[Info]11:29 ч. Request Sent
[Info]11:29 ч. Retrieving the ratings by carId
[Info]11:29 ч. Response Sent
[Info]11:29 ч. Request Sent
[Info]11:29 ч. Request Sent
[Info]11:29 ч. Retrieving the ratings by carId
[Info]11:29 ч. Retrieving the ratings by carId
[Info]11:29 ч. Retrieving the ratings by carId
[Info]11:29 ч. Request Sent
[Info]11:29 ч. Retrieving the ratings by carId
[Info]11:29 ч. Request Sent
[Info]11:29 ч. Retrieving the ratings by carId
[Info]11:29 ч. Response Sent
[Info]11:29 ч. Request Sent
[Info]11:29 ч. Retrieving the ratings by carId
[Info]11:29 ч. Request Sent
[Info]11:29 ч. Request Sent
[Info]11:29 ч. Retrieving the ratings by carId
[Info]11:29 ч. Request Sent
[Info]11:29 ч. Retrieving the ratings by carId
[Info]11:29 ч. Response Sent
[Info]11:29 ч. Response Sent
[Info]11:29 ч. Response Sent
[Info]11:29 ч. Response Sent
[Info]11:29 ч. Response Sent
[Info]11:29 ч. Response Sent
[Info]11:29 ч. Request Sent
[Info]11:29 ч. Retrieving the list of cars
[Info]11:29 ч. There are 9 cars in the fleet
[Info]11:29 ч. Response Sent
[Info]11:30 ч. Request Sent
[Info]11:30 ч. Retrieving the car by Id
[Info]11:30 ч. Response Sent
[Info]11:30 ч. Request Sent
[Info]11:30 ч. Response Sent
[Info]11:30 ч. Request Sent
[Info]11:30 ч. 5 was given  at 11:30:09.5970541
[Info]11:30 ч. Response Sent
[Info]11:30 ч. Request Sent
[Info]11:30 ч. Request Sent
[Info]11:30 ч. Retrieving the car by Id
[Info]11:30 ч. Retrieving the list of locations
[Info]11:30 ч. Response Sent
[Info]11:30 ч. Response Sent
[Info]11:30 ч. Request Sent
[Info]11:30 ч. Retrieving the list of bookings
[Info]11:30 ч. There are 5 bookings in the fleet
[Info]11:30 ч. Response Sent
[Info]11:31 ч. Request Sent
[Info]11:31 ч. Response Sent
[Info]11:31 ч. Request Sent
[Info]11:31 ч. Response Sent
[Info]11:31 ч. Request Sent
[Info]11:31 ч. Retrieving the renter by Id
[Info]11:31 ч. Response Sent
[Info]11:31 ч. Request Sent
[Info]11:31 ч. Retrieving the renter by Id
[Info]11:31 ч. Response Sent
[Info]11:31 ч. Request Sent
[Info]11:31 ч. Response Sent
[Info]11:31 ч. Request Sent
[Info]11:31 ч. User logged out the system.
[Info]11:31 ч. Response Sent
[Info]11:31 ч. Request Sent
[Info]11:31 ч. Response Sent
[Info]11:31 ч. Request Sent
[Info]11:31 ч. Response Sent
[Info]11:31 ч. Request Sent
[Info]11:31 ч. Retrieving the list of latest cars
[Info]11:31 ч. There are 6 cars in the fleet
[Info]11:31 ч. Response Sent
[Info]11:31 ч. Request Sent
[Info]11:31 ч. Retrieving the ratings by carId
[Info]11:31 ч. Request Sent
[Info]11:31 ч. Request Sent
[Info]11:31 ч. Retrieving the ratings by carId
[Info]11:31 ч. Retrieving the ratings by carId
[Info]11:31 ч. Retrieving the ratings by carId
[Info]11:31 ч. Request Sent
[Info]11:31 ч. Request Sent
[Info]11:31 ч. Retrieving the ratings by carId
[Info]11:31 ч. Retrieving the ratings by carId
[Info]11:31 ч. Response Sent
[Info]11:31 ч. Response Sent
[Info]11:31 ч. Request Sent
[Info]11:31 ч. Retrieving the ratings by carId
[Info]11:31 ч. Response Sent
[Info]11:31 ч. Request Sent
[Info]11:31 ч. Retrieving the ratings by carId
[Info]11:31 ч. Response Sent
[Info]11:31 ч. Request Sent
[Info]11:31 ч. Retrieving the ratings by carId
[Info]11:31 ч. Retrieving the ratings by carId
[Info]11:31 ч. Request Sent
[Info]11:31 ч. Retrieving the ratings by carId
[Info]11:31 ч. Response Sent
[Info]11:31 ч. Request Sent
[Info]11:31 ч. Retrieving the ratings by carId
[Info]11:31 ч. Response Sent
[Info]11:31 ч. Response Sent
[Info]11:31 ч. Response Sent
[Info]11:31 ч. Response Sent
[Info]11:31 ч. Response Sent
[Info]11:31 ч. Request Sent
[Info]11:31 ч. Retrieving the list of cars
[Info]11:31 ч. There are 9 cars in the fleet
[Info]11:31 ч. Response Sent
[Info]11:31 ч. Request Sent
[Info]11:31 ч. Retrieving the car by Id
[Info]11:31 ч. Response Sent
[Info]11:31 ч. Request Sent
[Info]11:31 ч. Retrieving the list of categories
[Info]11:31 ч. There are 7 categories in the fleet
[Info]11:31 ч. Response Sent
[Info]11:31 ч. Request Sent
[Info]11:31 ч. Retrieving the list of cars
[Info]11:31 ч. There are 10 cars in the fleet
[Info]11:31 ч. Response Sent
[Info]11:31 ч. Request Sent
[Info]11:31 ч. Response Sent
[Info]11:31 ч. Request Sent
[Info]11:31 ч. Response Sent
[Info]11:31 ч. Request Sent
[Info]11:31 ч. Retrieving the car by Id
[Info]11:31 ч. There are 7 categories in the fleet
[Info]11:31 ч. Response Sent
[Info]11:31 ч. Response Sent
[Info]11:31 ч. Request Sent
[Info]11:31 ч. Retrieving the car by Id
[Info]11:31 ч. Response Sent
[Info]11:31 ч. Request Sent
[Info]11:31 ч. Response Sent
[Info]11:31 ч. Request Sent
[Info]11:31 ч. Request Sent
[Info]11:31 ч. Retrieving the list of cars
[Info]11:31 ч. Request with the updated car was sent!
[Info]11:31 ч. The car was updated
[Info]11:31 ч. Response Sent
[Info]11:31 ч. There are 10 cars in the fleet
[Info]11:31 ч. Response Sent
[Info]11:31 ч. Request Sent
[Info]11:31 ч. Response Sent
[Info]11:31 ч. Request Sent
[Info]11:31 ч. User logged out the system.
[Info]11:31 ч. Response Sent
[Info]11:32 ч. Request Sent
[Info]11:32 ч. Retrieving the list of latest cars
[Info]11:32 ч. There are 6 cars in the fleet
[Info]11:32 ч. Response Sent
[Info]11:32 ч. Request Sent
[Info]11:32 ч. Retrieving the ratings by carId
[Info]11:32 ч. Request Sent
[Info]11:32 ч. Request Sent
[Info]11:32 ч. Request Sent
[Info]11:32 ч. Request Sent
[Info]11:32 ч. Retrieving the ratings by carId
[Info]11:32 ч. Request Sent
[Info]11:32 ч. Retrieving the ratings by carId
[Info]11:32 ч. Retrieving the ratings by carId
[Info]11:32 ч. Response Sent
[Info]11:32 ч. Response Sent
[Info]11:32 ч. Request Sent
[Info]11:32 ч. Request Sent
[Info]11:32 ч. Retrieving the ratings by carId
[Info]11:32 ч. Retrieving the ratings by carId
[Info]11:32 ч. Response Sent
[Info]11:32 ч. Response Sent
[Info]11:32 ч. Request Sent
[Info]11:32 ч. Retrieving the ratings by carId
[Info]11:32 ч. Request Sent
[Info]11:32 ч. Retrieving the ratings by carId
[Info]11:32 ч. Request Sent
[Info]11:32 ч. Retrieving the ratings by carId
[Info]11:32 ч. Response Sent
[Info]11:32 ч. Response Sent
[Info]11:32 ч. Response Sent
[Info]11:32 ч. Response Sent
[Info]11:32 ч. Response Sent
[Info]11:32 ч. Request Sent
[Info]11:32 ч. Retrieving the list of cars
[Info]11:32 ч. There are 10 cars in the fleet
[Info]11:32 ч. Response Sent
[Info]11:32 ч. Request Sent
[Info]11:32 ч. Retrieving the car by Id
[Info]11:32 ч. Response Sent
[Info]11:44 ч. Request Sent
[Info]11:44 ч. Response Sent
[Info]11:44 ч. Request Sent
[Info]11:44 ч. Response Sent
[Info]11:44 ч. Request Sent
[Info]11:44 ч. Retrieving the list of latest cars
[Info]11:44 ч. There are 6 cars in the fleet
[Info]11:44 ч. Response Sent
[Info]11:44 ч. Request Sent
[Info]11:44 ч. Retrieving the ratings by carId
[Info]11:44 ч. Request Sent
[Info]11:44 ч. Retrieving the ratings by carId
[Info]11:44 ч. Request Sent
[Info]11:44 ч. Request Sent
[Info]11:44 ч. Retrieving the ratings by carId
[Info]11:44 ч. Retrieving the ratings by carId
[Info]11:44 ч. Request Sent
[Info]11:44 ч. Request Sent
[Info]11:44 ч. Retrieving the ratings by carId
[Info]11:44 ч. Response Sent
[Info]11:44 ч. Request Sent
[Info]11:44 ч. Retrieving the ratings by carId
[Info]11:44 ч. Response Sent
[Info]11:44 ч. Response Sent
[Info]11:44 ч. Request Sent
[Info]11:44 ч. Request Sent
[Info]11:44 ч. Retrieving the ratings by carId
[Info]11:44 ч. Response Sent
[Info]11:44 ч. Response Sent
[Info]11:44 ч. Response Sent
[Info]11:44 ч. Response Sent
[Info]11:44 ч. Response Sent
[Info]11:44 ч. Request Sent
[Info]11:44 ч. Request Sent
[Info]11:44 ч. Retrieving the ratings by carId
[Info]11:44 ч. Retrieving the ratings by carId
[Info]11:44 ч. Request Sent
[Info]11:44 ч. Retrieving the ratings by carId
[Info]11:44 ч. Response Sent
[Info]11:44 ч. Response Sent
[Info]11:44 ч. Response Sent
[Info]11:44 ч. Response Sent
[Info]11:44 ч. Request Sent
[Info]11:44 ч. Retrieving the car by Id
[Info]11:44 ч. Response Sent
[Info]11:44 ч. Request Sent
[Info]11:44 ч. Retrieving the list of cars
[Info]11:44 ч. There are 10 cars in the fleet
[Info]11:44 ч. Response Sent
[Info]11:44 ч. Request Sent
[Info]11:44 ч. Retrieving the car by Id
[Info]11:44 ч. Response Sent
[Info]11:44 ч. Request Sent
[Info]11:44 ч. Response Sent
[Info]11:44 ч. Request Sent
[Info]11:44 ч. 5 was given  at 11:44:57.6593238
[Info]11:44 ч. Response Sent
[Info]11:45 ч. Request Sent
[Info]11:45 ч. Retrieving the car by Id
[Info]11:45 ч. Request Sent
[Info]11:45 ч. Retrieving the list of locations
[Info]11:45 ч. There are 5 locations in the fleet
[Info]11:45 ч. Response Sent
[Info]11:45 ч. Response Sent
[Info]11:45 ч. Request Sent
[Info]11:45 ч. Retrieving the list of bookings
[Info]11:45 ч. There are 5 bookings in the fleet
[Info]11:45 ч. Response Sent
[Info]11:45 ч. Request Sent
[Info]11:45 ч. Request Sent
[Info]11:45 ч. Response Sent
[Info]11:45 ч. Request Sent
[Info]11:45 ч. Retrieving the renter by Id
[Info]11:45 ч. Response Sent
[Info]11:45 ч. Request Sent
[Info]11:45 ч. Retrieving the renter by Id
[Info]11:45 ч. Response Sent
[Info]11:46 ч. Request Sent
[Info]11:46 ч. Response Sent
[Info]11:46 ч. Request Sent
[Info]11:46 ч. User logged out the system.
[Info]11:46 ч. Response Sent
[Info]11:46 ч. Request Sent
[Info]11:46 ч. Response Sent
[Info]11:46 ч. Request Sent
[Info]11:46 ч. Response Sent
[Info]11:46 ч. Request Sent
[Info]11:46 ч. Retrieving the list of latest cars
[Info]11:46 ч. There are 6 cars in the fleet
[Info]11:46 ч. Response Sent
[Info]11:46 ч. Request Sent
[Info]11:46 ч. Retrieving the ratings by carId
[Info]11:46 ч. Request Sent
[Info]11:46 ч. Retrieving the ratings by carId
[Info]11:46 ч. Request Sent
[Info]11:46 ч. Retrieving the ratings by carId
[Info]11:46 ч. Request Sent
[Info]11:46 ч. Retrieving the ratings by carId
[Info]11:46 ч. Response Sent
[Info]11:46 ч. Request Sent
[Info]11:46 ч. Retrieving the ratings by carId
[Info]11:46 ч. Request Sent
[Info]11:46 ч. Retrieving the ratings by carId
[Info]11:46 ч. Request Sent
[Info]11:46 ч. Retrieving the ratings by carId
[Info]11:46 ч. Response Sent
[Info]11:46 ч. Request Sent
[Info]11:46 ч. Retrieving the ratings by carId
[Info]11:46 ч. Request Sent
[Info]11:46 ч. Response Sent
[Info]11:46 ч. Retrieving the ratings by carId
[Info]11:46 ч. Response Sent
[Info]11:46 ч. Request Sent
[Info]11:46 ч. Request Sent
[Info]11:46 ч. Retrieving the ratings by carId
[Info]11:46 ч. Retrieving the ratings by carId
[Info]11:46 ч. Request Sent
[Info]11:46 ч. Retrieving the ratings by carId
[Info]11:46 ч. Response Sent
[Info]11:46 ч. Response Sent
[Info]11:46 ч. Response Sent
[Info]11:46 ч. Response Sent
[Info]11:46 ч. Response Sent
[Info]11:46 ч. Request Sent
[Info]11:46 ч. Retrieving the list of cars
[Info]11:46 ч. There are 10 cars in the fleet
[Info]11:46 ч. Response Sent
[Info]11:46 ч. Request Sent
[Info]11:46 ч. Retrieving the car by Id
[Info]11:46 ч. Response Sent
[Info]11:46 ч. Request Sent
[Info]11:46 ч. Retrieving the list of categories
[Info]11:46 ч. There are 7 categories in the fleet
[Info]11:46 ч. Response Sent
[Info]11:46 ч. Request Sent
[Info]11:46 ч. Retrieving the list of cars
[Info]11:46 ч. There are 10 cars in the fleet
[Info]11:46 ч. Response Sent
[Info]11:46 ч. Request Sent
[Info]11:46 ч. Response Sent
[Info]11:46 ч. Request Sent
[Info]11:46 ч. Request Sent
[Info]11:46 ч. Response Sent
[Info]11:46 ч. Request Sent
[Info]11:46 ч. Retrieving the car by Id
[Info]11:46 ч. There are 7 categories in the fleet
[Info]11:46 ч. Response Sent
[Info]11:46 ч. Response Sent
[Info]11:46 ч. Request Sent
[Info]11:46 ч. Retrieving the car by Id
[Info]11:46 ч. Response Sent
[Info]11:46 ч. Request Sent
[Info]11:46 ч. Response Sent
[Info]11:46 ч. Request Sent
[Info]11:46 ч. User logged out the system.
[Info]11:46 ч. Response Sent
[Info]11:46 ч. Request Sent
[Info]11:46 ч. Retrieving the list of latest cars
[Info]11:46 ч. There are 6 cars in the fleet
[Info]11:46 ч. Response Sent
[Info]11:46 ч. Request Sent
[Info]11:46 ч. Retrieving the ratings by carId
[Info]11:46 ч. Request Sent
[Info]11:46 ч. Retrieving the ratings by carId
[Info]11:46 ч. Request Sent
[Info]11:46 ч. Retrieving the ratings by carId
[Info]11:46 ч. Retrieving the ratings by carId
[Info]11:46 ч. Response Sent
[Info]11:46 ч. Request Sent
[Info]11:46 ч. Retrieving the ratings by carId
[Info]11:46 ч. Retrieving the ratings by carId
[Info]11:46 ч. Retrieving the ratings by carId
[Info]11:46 ч. Response Sent
[Info]11:46 ч. Response Sent
[Info]11:46 ч. Request Sent
[Info]11:46 ч. Response Sent
[Info]11:46 ч. Request Sent
[Info]11:46 ч. Retrieving the ratings by carId
[Info]11:46 ч. Response Sent
[Info]11:46 ч. Response Sent
[Info]11:46 ч. Request Sent
[Info]11:46 ч. Retrieving the ratings by carId
[Info]11:46 ч. Response Sent
[Info]11:46 ч. Request Sent
[Info]11:46 ч. Retrieving the ratings by carId
[Info]11:46 ч. Response Sent
[Info]11:46 ч. Request Sent
[Info]11:46 ч. Retrieving the ratings by carId
[Info]11:46 ч. Response Sent
[Info]11:46 ч. Response Sent
[Info]11:46 ч. Response Sent
[Info]11:46 ч. Response Sent
[Info]11:46 ч. Request Sent
[Info]11:46 ч. Retrieving the list of cars
[Info]11:46 ч. There are 10 cars in the fleet
[Info]11:46 ч. Response Sent
[Info]11:46 ч. Request Sent
[Info]11:46 ч. Retrieving the car by Id
[Info]11:46 ч. Response Sent
[Info]13:21 ч. Request Sent
[Info]13:21 ч. Response Sent
[Info]13:21 ч. Request Sent
[Info]13:21 ч. Response Sent
[Info]13:21 ч. Request Sent
[Info]13:21 ч. Retrieving the list of latest cars
[Info]13:21 ч. There are 6 cars in the fleet
[Info]13:21 ч. Response Sent
[Info]13:21 ч. Request Sent
[Info]13:21 ч. Request Sent
[Info]13:21 ч. Request Sent
[Info]13:21 ч. Retrieving the ratings by carId
[Info]13:21 ч. Retrieving the ratings by carId
[Info]13:21 ч. Retrieving the ratings by carId
[Info]13:21 ч. Request Sent
[Info]13:21 ч. Retrieving the ratings by carId
[Info]13:21 ч. Retrieving the ratings by carId
[Info]13:21 ч. Request Sent
[Info]13:21 ч. Response Sent
[Info]13:21 ч. Response Sent
[Info]13:21 ч. Request Sent
[Info]13:21 ч. Retrieving the ratings by carId
[Info]13:21 ч. Response Sent
[Info]13:21 ч. Response Sent
[Info]13:21 ч. Request Sent
[Info]13:21 ч. Retrieving the ratings by carId
[Info]13:21 ч. Request Sent
[Info]13:21 ч. Retrieving the ratings by carId
[Info]13:21 ч. Response Sent
[Info]13:21 ч. Retrieving the ratings by carId
[Info]13:21 ч. Request Sent
[Info]13:21 ч. Retrieving the ratings by carId
[Info]13:21 ч. Response Sent
[Info]13:21 ч. Response Sent
[Info]13:21 ч. Response Sent
[Info]13:21 ч. Response Sent
[Info]13:21 ч. Request Sent
[Info]13:21 ч. Retrieving the list of cars
[Info]13:21 ч. There are 10 cars in the fleet
[Info]13:21 ч. Response Sent
[Info]13:22 ч. Request Sent
[Info]13:22 ч. Retrieving the car by Id
[Info]13:22 ч. Response Sent
[Info]13:22 ч. Request Sent
[Info]13:22 ч. Response Sent
[Info]13:22 ч. Request Sent
[Info]13:22 ч. 5 was given  at 13:22:16.5216817
[Info]13:22 ч. Response Sent
[Info]13:22 ч. Request Sent
[Info]13:22 ч. Retrieving the car by Id
[Info]13:22 ч. Request Sent
[Info]13:22 ч. Retrieving the list of locations
[Info]13:22 ч. There are 5 locations in the fleet
[Info]13:22 ч. Response Sent
[Info]13:22 ч. Response Sent
[Info]13:22 ч. Request Sent
[Info]13:22 ч. Retrieving the list of bookings
[Info]13:22 ч. There are 5 bookings in the fleet
[Info]13:22 ч. Response Sent
[Info]13:22 ч. Request Sent
[Info]13:22 ч. Response Sent
[Info]13:22 ч. Response Sent
[Info]13:22 ч. Retrieving the renter by Id
[Info]13:23 ч. Response Sent
[Info]13:23 ч. Request Sent
[Info]13:23 ч. Retrieving the renter by Id
[Info]13:23 ч. Response Sent
[Info]13:23 ч. Request Sent
[Info]13:23 ч. Response Sent
[Info]13:23 ч. Request Sent
[Info]13:23 ч. User logged out the system.
[Info]13:23 ч. Response Sent
[Info]13:23 ч. Request Sent
[Info]13:23 ч. Response Sent
[Info]13:23 ч. Request Sent
[Info]13:23 ч. Response Sent
[Info]13:23 ч. Request Sent
[Info]13:23 ч. Retrieving the list of latest cars
[Info]13:23 ч. There are 6 cars in the fleet
[Info]13:23 ч. Response Sent
[Info]13:23 ч. Request Sent
[Info]13:23 ч. Retrieving the ratings by carId
[Info]13:23 ч. Request Sent
[Info]13:23 ч. Request Sent
[Info]13:23 ч. Retrieving the ratings by carId
[Info]13:23 ч. Retrieving the ratings by carId
[Info]13:23 ч. Request Sent
[Info]13:23 ч. Retrieving the ratings by carId
[Info]13:23 ч. Request Sent
[Info]13:23 ч. Retrieving the ratings by carId
[Info]13:23 ч. Request Sent
[Info]13:23 ч. Request Sent
[Info]13:23 ч. Retrieving the ratings by carId
[Info]13:23 ч. Response Sent
[Info]13:23 ч. Response Sent
[Info]13:23 ч. Response Sent
[Info]13:23 ч. Response Sent
[Info]13:23 ч. Request Sent
[Info]13:23 ч. Retrieving the ratings by carId
[Info]13:23 ч. Response Sent
[Info]13:23 ч. Retrieving the ratings by carId
[Info]13:23 ч. Request Sent
[Info]13:23 ч. Retrieving the ratings by carId
[Info]13:23 ч. Response Sent
[Info]13:23 ч. Response Sent
[Info]13:23 ч. Retrieving the ratings by carId
[Info]13:23 ч. Retrieving the ratings by carId
[Info]13:23 ч. Response Sent
[Info]13:23 ч. Response Sent
[Info]13:23 ч. Response Sent
[Info]13:23 ч. Request Sent
[Info]13:23 ч. Retrieving the list of cars
[Info]13:23 ч. There are 10 cars in the fleet
[Info]13:23 ч. Response Sent
[Info]13:23 ч. Request Sent
[Info]13:23 ч. Retrieving the car by Id
[Info]13:23 ч. Response Sent
[Info]13:23 ч. Request Sent
[Info]13:23 ч. Retrieving the list of categories
[Info]13:23 ч. There are 7 categories in the fleet
[Info]13:23 ч. Response Sent
[Info]13:23 ч. Request Sent
[Info]13:23 ч. Retrieving the list of cars
[Info]13:23 ч. There are 10 cars in the fleet
[Info]13:23 ч. Response Sent
[Info]13:23 ч. Request Sent
[Info]13:23 ч. Response Sent
[Info]13:23 ч. Request Sent
[Info]13:23 ч. Request Sent
[Info]13:23 ч. Retrieving the list of categories
[Info]13:23 ч. Response Sent
[Info]13:23 ч. Request Sent
[Info]13:23 ч. Retrieving the car by Id
[Info]13:23 ч. There are 7 categories in the fleet
[Info]13:23 ч. Response Sent
[Info]13:23 ч. Response Sent
[Info]13:23 ч. Request Sent
[Info]13:23 ч. Retrieving the car by Id
[Info]13:23 ч. Response Sent
[Info]13:24 ч. Request Sent
[Info]13:24 ч. Response Sent
[Info]13:24 ч. Request Sent
[Info]13:24 ч. User logged out the system.
[Info]13:24 ч. Response Sent
[Info]13:24 ч. Request Sent
[Info]13:24 ч. Retrieving the list of latest cars
[Info]13:24 ч. There are 6 cars in the fleet
[Info]13:24 ч. Response Sent
[Info]13:24 ч. Request Sent
[Info]13:24 ч. Retrieving the ratings by carId
[Info]13:24 ч. Request Sent
[Info]13:24 ч. Retrieving the ratings by carId
[Info]13:24 ч. Request Sent
[Info]13:24 ч. Request Sent
[Info]13:24 ч. Request Sent
[Info]13:24 ч. Request Sent
[Info]13:24 ч. Retrieving the ratings by carId
[Info]13:24 ч. Retrieving the ratings by carId
[Info]13:24 ч. Response Sent
[Info]13:24 ч. Response Sent
[Info]13:24 ч. Request Sent
[Info]13:24 ч. Response Sent
[Info]13:24 ч. Request Sent
[Info]13:24 ч. Retrieving the ratings by carId
[Info]13:24 ч. Response Sent
[Info]13:24 ч. Request Sent
[Info]13:24 ч. Retrieving the ratings by carId
[Info]13:24 ч. Request Sent
[Info]13:24 ч. Request Sent
[Info]13:24 ч. Retrieving the ratings by carId
[Info]13:24 ч. Retrieving the ratings by carId
[Info]13:24 ч. Response Sent
[Info]13:24 ч. Response Sent
[Info]13:24 ч. Request Sent
[Info]13:24 ч. Retrieving the ratings by carId
[Info]13:24 ч. Response Sent
[Info]13:24 ч. Response Sent
[Info]13:24 ч. Response Sent
[Info]13:24 ч. Response Sent
[Info]13:24 ч. Request Sent
[Info]13:24 ч. Retrieving the list of cars
[Info]13:24 ч. There are 10 cars in the fleet
[Info]13:24 ч. Response Sent
[Info]13:24 ч. Request Sent
[Info]13:24 ч. Retrieving the car by Id
[Info]13:24 ч. Response Sent
[Info]14:37 ч. Request Sent
[Info]14:37 ч. Response Sent
[Info]14:37 ч. Request Sent
[Info]14:37 ч. Response Sent
[Info]14:37 ч. Request Sent
[Info]14:37 ч. Retrieving the list of latest cars
[Info]14:37 ч. There are 6 cars in the fleet
[Info]14:37 ч. Response Sent
[Info]14:37 ч. Request Sent
[Info]14:37 ч. Retrieving the ratings by carId
[Info]14:37 ч. Request Sent
[Info]14:37 ч. Request Sent
[Info]14:37 ч. Retrieving the ratings by carId
[Info]14:37 ч. Retrieving the ratings by carId
[Info]14:37 ч. Request Sent
[Info]14:37 ч. Retrieving the ratings by carId
[Info]14:37 ч. Request Sent
[Info]14:37 ч. Retrieving the ratings by carId
[Info]14:37 ч. Request Sent
[Info]14:37 ч. Retrieving the ratings by carId
[Info]14:37 ч. Response Sent
[Info]14:37 ч. Request Sent
[Info]14:37 ч. Retrieving the ratings by carId
[Info]14:37 ч. Response Sent
[Info]14:37 ч. Response Sent
[Info]14:37 ч. Request Sent
[Info]14:37 ч. Retrieving the ratings by carId
[Info]14:37 ч. Request Sent
[Info]14:37 ч. Retrieving the ratings by carId
[Info]14:37 ч. Response Sent
[Info]14:37 ч. Request Sent
[Info]14:37 ч. Response Sent
[Info]14:37 ч. Request Sent
[Info]14:37 ч. Retrieving the ratings by carId
[Info]14:37 ч. Response Sent
[Info]14:37 ч. Response Sent
[Info]14:37 ч. Response Sent
[Info]14:37 ч. Response Sent
[Info]14:37 ч. Request Sent
[Info]14:37 ч. Retrieving the list of bookings
[Info]14:37 ч. There are 5 bookings in the fleet
[Info]14:37 ч. Response Sent
[Info]14:38 ч. Request Sent
[Info]14:38 ч. Retrieving the list of bookings
[Info]14:38 ч. There are 5 bookings in the fleet
[Info]14:38 ч. Response Sent
[Info]14:39 ч. Request Sent
[Info]14:39 ч. Retrieving the list of cars
[Info]14:39 ч. There are 10 cars in the fleet
[Info]14:39 ч. Response Sent
[Info]14:40 ч. Request Sent
[Info]14:40 ч. Response Sent
[Info]14:40 ч. Request Sent
[Info]14:40 ч. User logged out the system.
[Info]14:40 ч. Response Sent
[Info]15:06 ч. Request Sent
[Info]15:06 ч. Response Sent
[Info]15:06 ч. Request Sent
[Info]15:06 ч. Response Sent
[Info]15:06 ч. Request Sent
[Info]15:06 ч. Retrieving the list of latest cars
[Info]15:06 ч. There are 6 cars in the fleet
[Info]15:06 ч. Response Sent
[Info]15:06 ч. Request Sent
[Info]15:06 ч. Retrieving the ratings by carId
[Info]15:06 ч. Request Sent
[Info]15:06 ч. Retrieving the ratings by carId
[Info]15:06 ч. Request Sent
[Info]15:06 ч. Retrieving the ratings by carId
[Info]15:06 ч. Request Sent
[Info]15:06 ч. Request Sent
[Info]15:06 ч. Retrieving the ratings by carId
[Info]15:06 ч. Request Sent
[Info]15:06 ч. Retrieving the ratings by carId
[Info]15:06 ч. Retrieving the ratings by carId
[Info]15:06 ч. Response Sent
[Info]15:06 ч. Response Sent
[Info]15:06 ч. Request Sent
[Info]15:06 ч. Request Sent
[Info]15:06 ч. Retrieving the ratings by carId
[Info]15:06 ч. Response Sent
[Info]15:06 ч. Response Sent
[Info]15:06 ч. Request Sent
[Info]15:06 ч. Response Sent
[Info]15:06 ч. Retrieving the ratings by carId
[Info]15:06 ч. Request Sent
[Info]15:06 ч. Retrieving the ratings by carId
[Info]15:06 ч. Response Sent
[Info]15:06 ч. Response Sent
[Info]15:06 ч. Request Sent
[Info]15:06 ч. Retrieving the ratings by carId
[Info]15:06 ч. Response Sent
[Info]15:06 ч. Response Sent
[Info]15:06 ч. Response Sent
[Info]15:06 ч. Response Sent
[Info]15:06 ч. Request Sent
[Info]15:06 ч. Retrieving the car by Id
[Info]15:06 ч. Response Sent
[Info]15:06 ч. Request Sent
[Info]15:06 ч. Retrieving the list of latest cars
[Info]15:06 ч. There are 6 cars in the fleet
[Info]15:06 ч. Response Sent
[Info]15:06 ч. Request Sent
[Info]15:06 ч. Retrieving the ratings by carId
[Info]15:06 ч. Request Sent
[Info]15:06 ч. Retrieving the ratings by carId
[Info]15:06 ч. Request Sent
[Info]15:06 ч. Retrieving the ratings by carId
[Info]15:06 ч. Request Sent
[Info]15:06 ч. Request Sent
[Info]15:06 ч. Retrieving the ratings by carId
[Info]15:06 ч. Retrieving the ratings by carId
[Info]15:06 ч. Response Sent
[Info]15:06 ч. Request Sent
[Info]15:06 ч. Retrieving the ratings by carId
[Info]15:06 ч. Retrieving the ratings by carId
[Info]15:06 ч. Request Sent
[Info]15:06 ч. Retrieving the ratings by carId
[Info]15:06 ч. Response Sent
[Info]15:06 ч. Response Sent
[Info]15:06 ч. Request Sent
[Info]15:06 ч. Retrieving the ratings by carId
[Info]15:06 ч. Response Sent
[Info]15:06 ч. Response Sent
[Info]15:06 ч. Request Sent
[Info]15:06 ч. Response Sent
[Info]15:06 ч. Response Sent
[Info]15:06 ч. Response Sent
[Info]15:06 ч. Retrieving the ratings by carId
[Info]15:06 ч. Response Sent
[Info]15:06 ч. Response Sent
[Info]15:06 ч. Response Sent
[Info]15:06 ч. Request Sent
[Info]15:06 ч. Retrieving the list of cars
[Info]15:06 ч. There are 10 cars in the fleet
[Info]15:06 ч. Response Sent
[Info]15:06 ч. Request Sent
[Info]15:06 ч. Retrieving the car by Id
[Info]15:06 ч. Response Sent
[Info]15:06 ч. Request Sent
[Info]15:06 ч. Response Sent
[Info]15:06 ч. Request Sent
[Info]15:06 ч. 5 was given  at 15:06:46.6573571
[Info]15:06 ч. Response Sent
[Info]15:06 ч. Request Sent
[Info]15:06 ч. Retrieving the car by Id
[Info]15:06 ч. Request Sent
[Info]15:06 ч. Retrieving the list of locations
[Info]15:06 ч. There are 5 locations in the fleet
[Info]15:06 ч. Response Sent
[Info]15:06 ч. Response Sent
[Info]15:07 ч. Request Sent
[Info]15:07 ч. Response Sent
[Info]15:07 ч. Request Sent
[Info]15:07 ч. Request Sent
[Info]15:07 ч. Retrieving the list of locations
[Info]15:07 ч. There are 5 locations in the fleet
[Info]15:07 ч. Response Sent
[Info]15:07 ч. A new booking was created  at 15:07:57.3064739
[Info]15:08 ч. Response Sent
[Info]15:08 ч. Request Sent
[Info]15:08 ч. Retrieving the list of bookings
[Info]15:08 ч. There are 6 bookings in the fleet
[Info]15:08 ч. Response Sent
[Info]15:11 ч. Request Sent
[Info]15:11 ч. Retrieving the list of cars
[Info]15:11 ч. There are 10 cars in the fleet
[Info]15:11 ч. Response Sent
[Info]15:11 ч. Request Sent
[Info]15:11 ч. Retrieving the list of latest cars
[Info]15:11 ч. There are 6 cars in the fleet
[Info]15:11 ч. Response Sent
[Info]15:11 ч. Request Sent
[Info]15:11 ч. Request Sent
[Info]15:11 ч. Request Sent
[Info]15:11 ч. Request Sent
[Info]15:11 ч. Retrieving the ratings by carId
[Info]15:11 ч. Retrieving the ratings by carId
[Info]15:11 ч. Response Sent
[Info]15:11 ч. Request Sent
[Info]15:11 ч. Retrieving the ratings by carId
[Info]15:11 ч. Response Sent
[Info]15:11 ч. Response Sent
[Info]15:11 ч. Response Sent
[Info]15:11 ч. Request Sent
[Info]15:11 ч. Retrieving the ratings by carId
[Info]15:11 ч. Request Sent
[Info]15:11 ч. Retrieving the ratings by carId
[Info]15:11 ч. Response Sent
[Info]15:11 ч. Response Sent
[Info]15:11 ч. Response Sent
[Info]15:11 ч. Request Sent
[Info]15:11 ч. Response Sent
[Info]15:11 ч. Retrieving the ratings by carId
[Info]15:11 ч. Response Sent
[Info]15:11 ч. Request Sent
[Info]15:11 ч. Retrieving the ratings by carId
[Info]15:11 ч. Request Sent
[Info]15:11 ч. Retrieving the ratings by carId
[Info]15:11 ч. Response Sent
[Info]15:11 ч. Response Sent
[Info]15:11 ч. Response Sent
[Info]15:11 ч. Request Sent
[Info]15:11 ч. Retrieving the car by Id
[Info]15:11 ч. Response Sent
[Info]15:11 ч. Request Sent
[Info]15:11 ч. Response Sent
[Info]15:11 ч. Request Sent
[Info]15:11 ч. 5 was given  at 15:11:49.0357555
[Info]15:11 ч. Response Sent
[Info]15:11 ч. Request Sent
[Info]15:11 ч. Retrieving the list of latest cars
[Info]15:11 ч. There are 6 cars in the fleet
[Info]15:11 ч. Response Sent
[Info]15:11 ч. Request Sent
[Info]15:11 ч. Retrieving the ratings by carId
[Info]15:11 ч. Request Sent
[Info]15:11 ч. Request Sent
[Info]15:11 ч. Retrieving the ratings by carId
[Info]15:11 ч. Request Sent
[Info]15:11 ч. Request Sent
[Info]15:11 ч. Retrieving the ratings by carId
[Info]15:11 ч. Request Sent
[Info]15:11 ч. Retrieving the ratings by carId
[Info]15:11 ч. Response Sent
[Info]15:11 ч. Request Sent
[Info]15:11 ч. Retrieving the ratings by carId
[Info]15:11 ч. Response Sent
[Info]15:11 ч. Request Sent
[Info]15:11 ч. Response Sent
[Info]15:11 ч. Response Sent
[Info]15:11 ч. Response Sent
[Info]15:11 ч. Request Sent
[Info]15:11 ч. Retrieving the ratings by carId
[Info]15:11 ч. Request Sent
[Info]15:11 ч. Response Sent
[Info]15:11 ч. Retrieving the ratings by carId
[Info]15:11 ч. Response Sent
[Info]15:11 ч. Retrieving the ratings by carId
[Info]15:11 ч. Response Sent
[Info]15:11 ч. Response Sent
[Info]15:11 ч. Response Sent
[Info]15:11 ч. Response Sent
[Info]15:11 ч. Request Sent
[Info]15:11 ч. Retrieving the car by Id
[Info]15:11 ч. Response Sent
[Info]15:12 ч. Request Sent
[Info]15:12 ч. Response Sent
[Info]15:12 ч. Request Sent
[Info]15:12 ч. 3 was given  at 15:12:02.5844017
[Info]15:12 ч. Response Sent
[Info]15:12 ч. Request Sent
[Info]15:12 ч. Retrieving the list of bookings
[Info]15:12 ч. There are 6 bookings in the fleet
[Info]15:12 ч. Response Sent
[Info]15:12 ч. Request Sent
[Info]15:12 ч. Retrieving the list of cars
[Info]15:12 ч. There are 10 cars in the fleet
[Info]15:12 ч. Response Sent
[Info]15:12 ч. Request Sent
[Info]15:12 ч. Retrieving the list of bookings
[Info]15:12 ч. There are 6 bookings in the fleet
[Info]15:12 ч. Response Sent
[Info]15:12 ч. Request Sent
[Info]15:12 ч. Retrieving the list of cars
[Info]15:12 ч. There are 10 cars in the fleet
[Info]15:12 ч. Response Sent
[Info]15:12 ч. Request Sent
[Info]15:12 ч. Retrieving the list of bookings
[Info]15:12 ч. There are 6 bookings in the fleet
[Info]15:12 ч. Response Sent
[Info]15:12 ч. Request Sent
[Info]15:12 ч. Response Sent
[Info]15:12 ч. Request Sent
[Info]15:12 ч. User logged out the system.
[Info]15:12 ч. Response Sent
[Info]15:16 ч. Request Sent
[Info]15:16 ч. Response Sent
[Info]15:16 ч. Request Sent
[Info]15:16 ч. Response Sent
[Info]15:16 ч. Request Sent
[Info]15:16 ч. Retrieving the list of latest cars
[Info]15:16 ч. There are 6 cars in the fleet
[Info]15:16 ч. Response Sent
[Info]15:16 ч. Request Sent
[Info]15:16 ч. Request Sent
[Info]15:16 ч. Retrieving the ratings by carId
[Info]15:16 ч. Retrieving the ratings by carId
[Info]15:16 ч. Request Sent
[Info]15:16 ч. Retrieving the ratings by carId
[Info]15:16 ч. Request Sent
[Info]15:16 ч. Retrieving the ratings by carId
[Info]15:16 ч. Request Sent
[Info]15:16 ч. Retrieving the ratings by carId
[Info]15:16 ч. Response Sent
[Info]15:16 ч. Request Sent
[Info]15:16 ч. Retrieving the ratings by carId
[Info]15:16 ч. Response Sent
[Info]15:16 ч. Response Sent
[Info]15:16 ч. Request Sent
[Info]15:16 ч. Response Sent
[Info]15:16 ч. Request Sent
[Info]15:16 ч. Retrieving the ratings by carId
[Info]15:16 ч. Retrieving the ratings by carId
[Info]15:16 ч. Request Sent
[Info]15:16 ч. Retrieving the ratings by carId
[Info]15:16 ч. Request Sent
[Info]15:16 ч. Request Sent
[Info]15:16 ч. Retrieving the ratings by carId
[Info]15:16 ч. Response Sent
[Info]15:16 ч. Response Sent
[Info]15:16 ч. Response Sent
[Info]15:16 ч. Response Sent
[Info]15:16 ч. Request Sent
[Info]15:16 ч. Retrieving the list of cars
[Info]15:16 ч. There are 10 cars in the fleet
[Info]15:16 ч. Response Sent
[Info]15:17 ч. Request Sent
[Info]15:17 ч. Retrieving the car by Id
[Info]15:17 ч. Response Sent
[Info]15:17 ч. Request Sent
[Info]15:17 ч. Retrieving the car by Id
[Info]15:17 ч. Retrieving the list of locations
[Info]15:17 ч. Response Sent
[Info]15:17 ч. There are 5 locations in the fleet
[Info]15:17 ч. Response Sent
[Info]15:17 ч. Request Sent
[Info]15:17 ч. Retrieving the list of bookings
[Info]15:17 ч. There are 6 bookings in the fleet
[Info]15:17 ч. Response Sent
[Info]15:18 ч. Request Sent
[Info]15:18 ч. Response Sent
[Info]15:18 ч. Response Sent
[Info]15:18 ч. Request Sent
[Info]15:18 ч. Retrieving the renter by Id
[Info]15:18 ч. Response Sent
[Info]15:18 ч. Request Sent
[Info]15:18 ч. Retrieving the renter by Id
[Info]15:18 ч. Response Sent
[Info]15:18 ч. Request Sent
[Info]15:18 ч. Response Sent
[Info]15:18 ч. Request Sent
[Info]15:18 ч. User logged out the system.
[Info]15:18 ч. Response Sent
[Info]15:18 ч. Request Sent
[Info]15:18 ч. Response Sent
[Info]15:18 ч. Request Sent
[Info]15:18 ч. Response Sent
[Info]15:18 ч. Request Sent
[Info]15:18 ч. Retrieving the list of latest cars
[Info]15:18 ч. There are 6 cars in the fleet
[Info]15:18 ч. Response Sent
[Info]15:18 ч. Request Sent
[Info]15:18 ч. Retrieving the ratings by carId
[Info]15:18 ч. Request Sent
[Info]15:18 ч. Retrieving the ratings by carId
[Info]15:18 ч. Request Sent
[Info]15:18 ч. Retrieving the ratings by carId
[Info]15:18 ч. Retrieving the ratings by carId
[Info]15:18 ч. Retrieving the ratings by carId
[Info]15:18 ч. Response Sent
[Info]15:18 ч. Request Sent
[Info]15:18 ч. Retrieving the ratings by carId
[Info]15:18 ч. Request Sent
[Info]15:18 ч. Retrieving the ratings by carId
[Info]15:18 ч. Response Sent
[Info]15:18 ч. Request Sent
[Info]15:18 ч. Retrieving the ratings by carId
[Info]15:18 ч. Response Sent
[Info]15:18 ч. Request Sent
[Info]15:18 ч. Response Sent
[Info]15:18 ч. Retrieving the ratings by carId
[Info]15:18 ч. Retrieving the ratings by carId
[Info]15:18 ч. Response Sent
[Info]15:18 ч. Response Sent
[Info]15:18 ч. Response Sent
[Info]15:18 ч. Request Sent
[Info]15:18 ч. Response Sent
[Info]15:18 ч. Retrieving the ratings by carId
[Info]15:18 ч. Response Sent
[Info]15:18 ч. Request Sent
[Info]15:18 ч. Retrieving the list of cars
[Info]15:18 ч. There are 10 cars in the fleet
[Info]15:18 ч. Response Sent
[Info]15:18 ч. Request Sent
[Info]15:18 ч. Retrieving the car by Id
[Info]15:18 ч. Response Sent
[Info]15:18 ч. Request Sent
[Info]15:18 ч. Retrieving the list of categories
[Info]15:18 ч. There are 7 categories in the fleet
[Info]15:18 ч. Response Sent
[Info]15:18 ч. Request Sent
[Info]15:18 ч. Retrieving the list of cars
[Info]15:18 ч. There are 10 cars in the fleet
[Info]15:18 ч. Response Sent
[Info]15:19 ч. Request Sent
[Info]15:19 ч. Response Sent
[Info]15:19 ч. Request Sent
[Info]15:19 ч. Retrieving the car by Id
[Info]15:19 ч. Retrieving the list of categories
[Info]15:19 ч. Response Sent
[Info]15:19 ч. Response Sent
[Info]15:19 ч. There are 7 categories in the fleet
[Info]15:19 ч. Response Sent
[Info]15:19 ч. Request Sent
[Info]15:19 ч. Retrieving the car by Id
[Info]15:19 ч. Response Sent
[Info]15:19 ч. Request Sent
[Info]15:19 ч. Response Sent
[Info]15:19 ч. Request Sent
[Info]15:19 ч. Retrieving the renter by Id
[Info]15:19 ч. Response Sent
[Info]15:19 ч. Request Sent
[Info]15:19 ч. Retrieving the renter by Id
[Info]15:19 ч. Response Sent
[Info]15:19 ч. Request Sent
[Info]15:19 ч. Response Sent
[Info]15:19 ч. Request Sent
[Info]15:19 ч. User logged out the system.
[Info]15:19 ч. Response Sent
[Info]15:19 ч. Request Sent
[Info]15:19 ч. Retrieving the list of latest cars
[Info]15:19 ч. There are 6 cars in the fleet
[Info]15:19 ч. Response Sent
[Info]15:19 ч. Request Sent
[Info]15:19 ч. Retrieving the ratings by carId
[Info]15:19 ч. Request Sent
[Info]15:19 ч. Retrieving the ratings by carId
[Info]15:19 ч. Request Sent
[Info]15:19 ч. Request Sent
[Info]15:19 ч. Request Sent
[Info]15:19 ч. Retrieving the ratings by carId
[Info]15:19 ч. Response Sent
[Info]15:19 ч. Retrieving the ratings by carId
[Info]15:19 ч. Retrieving the ratings by carId
[Info]15:19 ч. Request Sent
[Info]15:19 ч. Retrieving the ratings by carId
[Info]15:19 ч. Response Sent
[Info]15:19 ч. Retrieving the ratings by carId
[Info]15:19 ч. Response Sent
[Info]15:19 ч. Response Sent
[Info]15:19 ч. Response Sent
[Info]15:19 ч. Request Sent
[Info]15:19 ч. Retrieving the ratings by carId
[Info]15:19 ч. Response Sent
[Info]15:19 ч. Request Sent
[Info]15:19 ч. Retrieving the ratings by carId
[Info]15:19 ч. Response Sent
[Info]15:19 ч. Retrieving the ratings by carId
[Info]15:19 ч. Request Sent
[Info]15:19 ч. Retrieving the ratings by carId
[Info]15:19 ч. Response Sent
[Info]15:19 ч. Response Sent
[Info]15:19 ч. Response Sent
[Info]15:19 ч. Response Sent
[Info]15:19 ч. Response Sent
[Info]15:19 ч. Request Sent
[Info]15:19 ч. Retrieving the list of cars
[Info]15:19 ч. There are 10 cars in the fleet
[Info]15:19 ч. Response Sent
[Info]15:19 ч. Request Sent
[Info]15:19 ч. Retrieving the car by Id
[Info]15:19 ч. Response Sent
[Info]15:36 ч. Request Sent
[Info]15:36 ч. Response Sent
[Info]15:36 ч. Request Sent
[Info]15:36 ч. Response Sent
[Info]15:36 ч. Request Sent
[Info]15:36 ч. Retrieving the list of latest cars
[Info]15:36 ч. There are 6 cars in the fleet
[Info]15:36 ч. Response Sent
[Info]15:36 ч. Request Sent
[Info]15:36 ч. Retrieving the ratings by carId
[Info]15:36 ч. Retrieving the ratings by carId
[Info]15:36 ч. Request Sent
[Info]15:36 ч. Retrieving the ratings by carId
[Info]15:36 ч. Retrieving the ratings by carId
[Info]15:36 ч. Request Sent
[Info]15:36 ч. Retrieving the ratings by carId
[Info]15:36 ч. Retrieving the ratings by carId
[Info]15:36 ч. Request Sent
[Info]15:36 ч. Response Sent
[Info]15:36 ч. Response Sent
[Info]15:36 ч. Retrieving the ratings by carId
[Info]15:36 ч. Response Sent
[Info]15:36 ч. Request Sent
[Info]15:36 ч. Request Sent
[Info]15:36 ч. Retrieving the ratings by carId
[Info]15:36 ч. Response Sent
[Info]15:36 ч. Request Sent
[Info]15:36 ч. Retrieving the ratings by carId
[Info]15:36 ч. Response Sent
[Info]15:36 ч. Request Sent
[Info]15:36 ч. Retrieving the ratings by carId
[Info]15:36 ч. Response Sent
[Info]15:36 ч. Response Sent
[Info]15:36 ч. Response Sent
[Info]15:36 ч. Response Sent
[Info]15:36 ч. Response Sent
[Info]15:36 ч. Request Sent
[Info]15:36 ч. Retrieving the list of cars
[Info]15:36 ч. There are 10 cars in the fleet
[Info]15:36 ч. Response Sent
[Info]15:36 ч. Request Sent
[Info]15:36 ч. Retrieving the car by Id
[Info]15:36 ч. Response Sent
[Info]15:36 ч. Request Sent
[Info]15:36 ч. Response Sent
[Info]15:36 ч. Request Sent
[Info]15:36 ч. 5 was given  at 15:36:46.2693142
[Info]15:36 ч. Response Sent
[Info]15:36 ч. Request Sent
[Info]15:36 ч. Retrieving the car by Id
[Info]15:36 ч. Request Sent
[Info]15:36 ч. Retrieving the list of locations
[Info]15:36 ч. Response Sent
[Info]15:36 ч. There are 5 locations in the fleet
[Info]15:36 ч. Response Sent
[Info]15:37 ч. Request Sent
[Info]15:37 ч. Response Sent
[Info]15:37 ч. Request Sent
[Info]15:37 ч. A new booking was created  at 15:37:09.1717120
[Info]15:37 ч. Response Sent
[Info]15:37 ч. Request Sent
[Info]15:37 ч. Retrieving the list of bookings
[Info]15:37 ч. There are 1 bookings in the fleet
[Info]15:37 ч. Response Sent
[Info]15:37 ч. Request Sent
[Info]15:37 ч. Response Sent
[Info]15:37 ч. Request Sent
[Info]15:37 ч. A booking was deleted from the list
[Info]15:37 ч. Response Sent
[Info]15:37 ч. Request Sent
[Info]15:37 ч. Retrieving the list of bookings
[Info]15:37 ч. There are 0 bookings in the fleet
[Info]15:37 ч. Response Sent
[Info]15:37 ч. Request Sent
[Info]15:37 ч. Response Sent
[Info]15:37 ч. Request Sent
[Info]15:37 ч. User logged out the system.
[Info]15:37 ч. Response Sent
[Info]15:52 ч. Request Sent
[Info]15:52 ч. Response Sent
[Info]15:52 ч. Request Sent
[Info]15:52 ч. Response Sent
[Info]15:52 ч. Request Sent
[Info]15:52 ч. Retrieving the list of latest cars
[Info]15:52 ч. There are 6 cars in the fleet
[Info]15:52 ч. Response Sent
[Info]15:52 ч. Request Sent
[Info]15:52 ч. Retrieving the ratings by carId
[Info]15:52 ч. Request Sent
[Info]15:52 ч. Request Sent
[Info]15:52 ч. Request Sent
[Info]15:52 ч. Retrieving the ratings by carId
[Info]15:52 ч. Request Sent
[Info]15:52 ч. Retrieving the ratings by carId
[Info]15:52 ч. Retrieving the ratings by carId
[Info]15:52 ч. Response Sent
[Info]15:52 ч. Request Sent
[Info]15:52 ч. Retrieving the ratings by carId
[Info]15:52 ч. Response Sent
[Info]15:52 ч. Response Sent
[Info]15:52 ч. Response Sent
[Info]15:52 ч. Request Sent
[Info]15:52 ч. Retrieving the ratings by carId
[Info]15:52 ч. Retrieving the ratings by carId
[Info]15:52 ч. Response Sent
[Info]15:52 ч. Response Sent
[Info]15:52 ч. Request Sent
[Info]15:52 ч. Retrieving the ratings by carId
[Info]15:52 ч. Response Sent
[Info]15:52 ч. Response Sent
[Info]15:52 ч. Request Sent
[Info]15:52 ч. Response Sent
[Info]15:52 ч. Retrieving the ratings by carId
[Info]15:52 ч. Retrieving the ratings by carId
[Info]15:52 ч. Response Sent
[Info]15:52 ч. Response Sent
[Info]15:53 ч. Request Sent
[Info]15:53 ч. Retrieving the list of cars
[Info]15:53 ч. There are 10 cars in the fleet
[Info]15:53 ч. Response Sent
[Info]15:53 ч. Request Sent
[Info]15:53 ч. Retrieving the car by Id
[Info]15:53 ч. Response Sent
[Info]15:53 ч. Request Sent
[Info]15:53 ч. Retrieving the car by Id
[Info]15:53 ч. Request Sent
[Info]15:53 ч. Retrieving the list of locations
[Info]15:53 ч. There are 5 locations in the fleet
[Info]15:53 ч. Response Sent
[Info]15:53 ч. Response Sent
[Info]15:53 ч. Request Sent
[Info]15:53 ч. Retrieving the list of bookings
[Info]15:53 ч. There are 6 bookings in the fleet
[Info]15:53 ч. Response Sent
[Info]15:54 ч. Request Sent
[Info]15:54 ч. Response Sent
[Info]15:54 ч. Request Sent
[Info]15:54 ч. Retrieving the renter by Id
[Info]15:54 ч. Response Sent
[Info]15:54 ч. Request Sent
[Info]15:54 ч. Retrieving the renter by Id
[Info]15:54 ч. Response Sent
[Info]15:54 ч. Request Sent
[Info]15:54 ч. Response Sent
[Info]15:54 ч. Request Sent
[Info]15:54 ч. User logged out the system.
[Info]15:54 ч. Response Sent
[Info]15:54 ч. Request Sent
[Info]15:54 ч. Response Sent
[Info]15:54 ч. Request Sent
[Info]15:54 ч. Response Sent
[Info]15:54 ч. Request Sent
[Info]15:54 ч. Retrieving the list of latest cars
[Info]15:54 ч. There are 6 cars in the fleet
[Info]15:54 ч. Response Sent
[Info]15:54 ч. Request Sent
[Info]15:54 ч. Retrieving the ratings by carId
[Info]15:54 ч. Request Sent
[Info]15:54 ч. Retrieving the ratings by carId
[Info]15:54 ч. Request Sent
[Info]15:54 ч. Request Sent
[Info]15:54 ч. Request Sent
[Info]15:54 ч. Retrieving the ratings by carId
[Info]15:54 ч. Retrieving the ratings by carId
[Info]15:54 ч. Retrieving the ratings by carId
[Info]15:54 ч. Response Sent
[Info]15:54 ч. Response Sent
[Info]15:54 ч. Request Sent
[Info]15:54 ч. Response Sent
[Info]15:54 ч. Response Sent
[Info]15:54 ч. Retrieving the ratings by carId
[Info]15:54 ч. Response Sent
[Info]15:54 ч. Request Sent
[Info]15:54 ч. Retrieving the ratings by carId
[Info]15:54 ч. Retrieving the ratings by carId
[Info]15:54 ч. Request Sent
[Info]15:54 ч. Retrieving the ratings by carId
[Info]15:54 ч. Response Sent
[Info]15:54 ч. Response Sent
[Info]15:54 ч. Request Sent
[Info]15:54 ч. Retrieving the ratings by carId
[Info]15:54 ч. Response Sent
[Info]15:54 ч. Response Sent
[Info]15:54 ч. Response Sent
[Info]15:54 ч. Response Sent
[Info]15:54 ч. Request Sent
[Info]15:54 ч. Retrieving the list of cars
[Info]15:54 ч. There are 10 cars in the fleet
[Info]15:54 ч. Response Sent
[Info]15:54 ч. Request Sent
[Info]15:54 ч. Retrieving the car by Id
[Info]15:54 ч. Response Sent
[Info]15:54 ч. Request Sent
[Info]15:54 ч. Retrieving the list of categories
[Info]15:54 ч. There are 7 categories in the fleet
[Info]15:54 ч. Response Sent
[Info]15:54 ч. Request Sent
[Info]15:54 ч. Retrieving the list of cars
[Info]15:54 ч. There are 10 cars in the fleet
[Info]15:54 ч. Response Sent
[Info]15:55 ч. Request Sent
[Info]15:55 ч. Response Sent
[Info]15:55 ч. Request Sent
[Info]15:55 ч. Car with ID 3 was deleted
[Info]15:55 ч. Response Sent
[Info]15:55 ч. Request Sent
[Info]15:55 ч. Retrieving the list of cars
[Info]15:55 ч. There are 9 cars in the fleet
[Info]15:55 ч. Response Sent
[Info]15:55 ч. Request Sent
[Info]15:55 ч. Response Sent
[Info]15:55 ч. Request Sent
[Info]15:55 ч. Car with ID 1001 was deleted
[Info]15:55 ч. Response Sent
[Info]15:55 ч. Request Sent
[Info]15:55 ч. Retrieving the list of cars
[Info]15:55 ч. There are 8 cars in the fleet
[Info]15:55 ч. Response Sent
[Info]15:57 ч. Request Sent
[Info]15:57 ч. Response Sent
[Info]15:57 ч. Request Sent
[Info]15:57 ч. User logged out the system.
[Info]15:57 ч. Response Sent
[Info]15:57 ч. Request Sent
[Info]15:57 ч. Response Sent
[Info]15:57 ч. Request Sent
[Info]15:57 ч. Response Sent
[Info]16:27 ч. Request Sent
[Info]16:27 ч. Response Sent
[Info]16:27 ч. Request Sent
[Info]16:28 ч. Response Sent
[Info]16:28 ч. Request Sent
[Info]16:28 ч. Retrieving the list of latest cars
[Info]16:28 ч. There are 6 cars in the fleet
[Info]16:28 ч. Response Sent
[Info]16:28 ч. Request Sent
[Info]16:28 ч. Retrieving the ratings by carId
[Info]16:28 ч. Request Sent
[Info]16:28 ч. Request Sent
[Info]16:28 ч. Request Sent
[Info]16:28 ч. Retrieving the ratings by carId
[Info]16:28 ч. Retrieving the ratings by carId
[Info]16:28 ч. Response Sent
[Info]16:28 ч. Request Sent
[Info]16:28 ч. Retrieving the ratings by carId
[Info]16:28 ч. Response Sent
[Info]16:28 ч. Response Sent
[Info]16:28 ч. Request Sent
[Info]16:28 ч. Request Sent
[Info]16:28 ч. Retrieving the ratings by carId
[Info]16:28 ч. Response Sent
[Info]16:28 ч. Response Sent
[Info]16:28 ч. Response Sent
[Info]16:28 ч. Request Sent
[Info]16:28 ч. Request Sent
[Info]16:28 ч. Retrieving the ratings by carId
[Info]16:28 ч. Retrieving the ratings by carId
[Info]16:28 ч. Response Sent
[Info]16:28 ч. Response Sent
[Info]16:28 ч. Response Sent
[Info]16:28 ч. Request Sent
[Info]16:28 ч. Retrieving the ratings by carId
[Info]16:28 ч. Response Sent
[Info]16:28 ч. Request Sent
[Info]16:28 ч. Response Sent
[Info]16:28 ч. Request Sent
[Info]16:28 ч. User logged out the system.
[Info]16:28 ч. Response Sent
[Info]16:49 ч. Request Sent
[Info]16:49 ч. Response Sent
[Info]16:49 ч. Request Sent
[Info]16:49 ч. Response Sent
[Info]16:49 ч. Request Sent
[Info]16:49 ч. Retrieving the list of latest cars
[Info]16:49 ч. There are 6 cars in the fleet
[Info]16:49 ч. Response Sent
[Info]16:49 ч. Request Sent
[Info]16:49 ч. Retrieving the ratings by carId
[Info]16:49 ч. Request Sent
[Info]16:49 ч. Retrieving the ratings by carId
[Info]16:49 ч. Request Sent
[Info]16:49 ч. Retrieving the ratings by carId
[Info]16:49 ч. Request Sent
[Info]16:49 ч. Retrieving the ratings by carId
[Info]16:49 ч. Retrieving the ratings by carId
[Info]16:49 ч. Response Sent
[Info]16:49 ч. Request Sent
[Info]16:49 ч. Retrieving the ratings by carId
[Info]16:49 ч. Request Sent
[Info]16:49 ч. Retrieving the ratings by carId
[Info]16:49 ч. Response Sent
[Info]16:49 ч. Request Sent
[Info]16:49 ч. Retrieving the ratings by carId
[Info]16:49 ч. Response Sent
[Info]16:49 ч. Response Sent
[Info]16:49 ч. Request Sent
[Info]16:49 ч. Retrieving the ratings by carId
[Info]16:49 ч. Response Sent
[Info]16:49 ч. Request Sent
[Info]16:49 ч. Retrieving the ratings by carId
[Info]16:49 ч. Response Sent
[Info]16:49 ч. Response Sent
[Info]16:49 ч. Response Sent
[Info]16:49 ч. Request Sent
[Info]16:49 ч. Retrieving the ratings by carId
[Info]16:49 ч. Request Sent
[Info]16:49 ч. Retrieving the ratings by carId
[Info]16:49 ч. Response Sent
[Info]16:49 ч. Response Sent
[Info]16:49 ч. Request Sent
[Info]16:49 ч. Retrieving the list of cars
[Info]16:49 ч. There are 10 cars in the fleet
[Info]16:49 ч. Response Sent
[Info]16:49 ч. Request Sent
[Info]16:49 ч. Retrieving the car by Id
[Info]16:49 ч. Response Sent
[Info]16:49 ч. Request Sent
[Info]16:49 ч. Response Sent
[Info]16:49 ч. Request Sent
[Info]16:49 ч. 5 was given  at 16:49:53.4048872
[Info]16:49 ч. Response Sent
[Info]16:49 ч. Request Sent
[Info]16:49 ч. Retrieving the car by Id
[Info]16:49 ч. Request Sent
[Info]16:49 ч. Retrieving the list of locations
[Info]16:49 ч. There are 5 locations in the fleet
[Info]16:49 ч. Response Sent
[Info]16:49 ч. Response Sent
[Info]16:50 ч. Request Sent
[Info]16:50 ч. Response Sent
[Info]16:50 ч. Request Sent
[Info]16:50 ч. A new booking was created  at 16:50:20.3230532
[Info]16:50 ч. Response Sent
[Info]16:50 ч. Request Sent
[Info]16:50 ч. Retrieving the list of bookings
[Info]16:50 ч. There are 7 bookings in the fleet
[Info]16:50 ч. Response Sent
[Info]16:50 ч. Request Sent
[Info]16:50 ч. Response Sent
[Info]16:50 ч. Request Sent
[Info]16:50 ч. A booking was deleted from the list
[Info]16:50 ч. Response Sent
[Info]16:50 ч. Request Sent
[Info]16:50 ч. Retrieving the list of bookings
[Info]16:50 ч. There are 6 bookings in the fleet
[Info]16:50 ч. Response Sent
[Info]16:50 ч. Request Sent
[Info]16:50 ч. Request Sent
[Info]16:50 ч. Response Sent
[Info]16:50 ч. Request Sent
[Info]16:50 ч. Retrieving the renter by Id
[Info]16:50 ч. Response Sent
[Info]16:50 ч. Request Sent
[Info]16:50 ч. Retrieving the renter by Id
[Info]16:50 ч. Response Sent
[Info]16:50 ч. Request Sent
[Info]16:50 ч. Response Sent
[Info]16:50 ч. Request Sent
[Info]16:50 ч. User logged out the system.
[Info]16:50 ч. Response Sent
[Info]16:50 ч. Request Sent
[Info]16:50 ч. Response Sent
[Info]16:50 ч. Request Sent
[Info]16:50 ч. Response Sent
[Info]16:50 ч. Request Sent
[Info]16:50 ч. Retrieving the list of latest cars
[Info]16:50 ч. There are 6 cars in the fleet
[Info]16:50 ч. Response Sent
[Info]16:50 ч. Request Sent
[Info]16:50 ч. Request Sent
[Info]16:50 ч. Retrieving the ratings by carId
[Info]16:50 ч. Request Sent
[Info]16:50 ч. Retrieving the ratings by carId
[Info]16:50 ч. Request Sent
[Info]16:50 ч. Retrieving the ratings by carId
[Info]16:50 ч. Request Sent
[Info]16:50 ч. Retrieving the ratings by carId
[Info]16:50 ч. Retrieving the ratings by carId
[Info]16:50 ч. Response Sent
[Info]16:50 ч. Response Sent
[Info]16:50 ч. Request Sent
[Info]16:50 ч. Request Sent
[Info]16:50 ч. Response Sent
[Info]16:50 ч. Retrieving the ratings by carId
[Info]16:50 ч. Response Sent
[Info]16:50 ч. Request Sent
[Info]16:50 ч. Request Sent
[Info]16:50 ч. Retrieving the ratings by carId
[Info]16:50 ч. Retrieving the ratings by carId
[Info]16:50 ч. Response Sent
[Info]16:50 ч. Response Sent
[Info]16:50 ч. Request Sent
[Info]16:50 ч. Response Sent
[Info]16:50 ч. Retrieving the ratings by carId
[Info]16:50 ч. Response Sent
[Info]16:50 ч. Response Sent
[Info]16:50 ч. Response Sent
[Info]16:50 ч. Response Sent
[Info]16:51 ч. Request Sent
[Info]16:51 ч. Retrieving the list of cars
[Info]16:51 ч. There are 10 cars in the fleet
[Info]16:51 ч. Response Sent
[Info]16:51 ч. Request Sent
[Info]16:51 ч. Retrieving the car by Id
[Info]16:51 ч. Response Sent
[Info]16:51 ч. Request Sent
[Info]16:51 ч. Retrieving the list of categories
[Info]16:51 ч. There are 7 categories in the fleet
[Info]16:51 ч. Response Sent
[Info]16:51 ч. Request Sent
[Info]16:51 ч. Retrieving the list of cars
[Info]16:51 ч. There are 10 cars in the fleet
[Info]16:51 ч. Response Sent
[Info]16:51 ч. Request Sent
[Info]16:51 ч. Request Sent
[Info]16:51 ч. Request Sent
[Info]16:51 ч. Response Sent
[Info]16:51 ч. Request Sent
[Info]16:51 ч. Retrieving the car by Id
[Info]16:51 ч. Response Sent
[Info]16:51 ч. Request Sent
[Info]16:51 ч. Retrieving the car by Id
[Info]16:51 ч. There are 7 categories in the fleet
[Info]16:51 ч. Response Sent
[Info]16:51 ч. Response Sent
[Info]16:51 ч. Request Sent
[Info]16:51 ч. Response Sent
[Info]16:51 ч. Request Sent
[Info]16:51 ч. Car with ID 2 was deleted
[Info]16:51 ч. Response Sent
[Info]16:51 ч. Request Sent
[Info]16:51 ч. Retrieving the list of cars
[Info]16:51 ч. There are 9 cars in the fleet
[Info]16:51 ч. Response Sent
[Info]16:51 ч. Request Sent
[Info]16:51 ч. Response Sent
[Info]16:51 ч. Response Sent
[Info]16:51 ч. Retrieving the renter by Id
[Info]16:51 ч. Response Sent
[Info]16:51 ч. Request Sent
[Info]16:51 ч. Retrieving the renter by Id
[Info]16:51 ч. Response Sent
[Info]16:51 ч. Request Sent
[Info]16:51 ч. Response Sent
[Info]16:51 ч. Request Sent
[Info]16:51 ч. User logged out the system.
[Info]16:51 ч. Response Sent
[Info]16:51 ч. Request Sent
[Info]16:51 ч. Retrieving the list of latest cars
[Info]16:51 ч. There are 6 cars in the fleet
[Info]16:51 ч. Response Sent
[Info]16:51 ч. Request Sent
[Info]16:51 ч. Retrieving the ratings by carId
[Info]16:51 ч. Request Sent
[Info]16:51 ч. Request Sent
[Info]16:51 ч. Retrieving the ratings by carId
[Info]16:51 ч. Request Sent
[Info]16:51 ч. Retrieving the ratings by carId
[Info]16:51 ч. Request Sent
[Info]16:51 ч. Request Sent
[Info]16:51 ч. Retrieving the ratings by carId
[Info]16:51 ч. Response Sent
[Info]16:51 ч. Request Sent
[Info]16:51 ч. Retrieving the ratings by carId
[Info]16:51 ч. Response Sent
[Info]16:51 ч. Request Sent
[Info]16:51 ч. Response Sent
[Info]16:51 ч. Retrieving the ratings by carId
[Info]16:51 ч. Retrieving the ratings by carId
[Info]16:51 ч. Response Sent
[Info]16:51 ч. Retrieving the ratings by carId
[Info]16:51 ч. Response Sent
[Info]16:51 ч. Request Sent
[Info]16:51 ч. Retrieving the ratings by carId
[Info]16:51 ч. Response Sent
[Info]16:51 ч. Request Sent
[Info]16:51 ч. Response Sent
[Info]16:51 ч. Response Sent
[Info]16:51 ч. Retrieving the ratings by carId
[Info]16:51 ч. Response Sent
[Info]16:51 ч. Response Sent
[Info]16:51 ч. Request Sent
[Info]16:51 ч. Retrieving the list of cars
[Info]16:51 ч. There are 9 cars in the fleet
[Info]16:51 ч. Response Sent
[Info]16:51 ч. Request Sent
[Info]16:51 ч. Retrieving the car by Id
[Info]16:51 ч. Response Sent
