[Info]17:20 ч. Request Sent
[Info]17:20 ч. Retrieving the list of cars
[Info]17:20 ч. There are 9 cars in the fleet
[Info]17:20 ч. Response Sent
[Info]17:20 ч. Request Sent
[Info]17:20 ч. Retrieving the ratings by carId
[Info]17:20 ч. Request Sent
[Info]17:20 ч. Retrieving the ratings by carId
[Info]17:20 ч. Request Sent
[Info]17:20 ч. Retrieving the ratings by carId
[Info]17:20 ч. Request Sent
[Info]17:20 ч. Retrieving the ratings by carId
[Info]17:20 ч. Request Sent
[Info]17:20 ч. Retrieving the ratings by carId
[Info]17:20 ч. Response Sent
[Info]17:20 ч. Retrieving the ratings by carId
[Info]17:20 ч. Retrieving the ratings by carId
[Info]17:20 ч. Response Sent
[Info]17:20 ч. Response Sent
[Info]17:20 ч. Retrieving the ratings by carId
[Info]17:20 ч. Retrieving the ratings by carId
[Info]17:20 ч. Response Sent
[Info]17:20 ч. Request Sent
[Info]17:20 ч. Response Sent
[Info]17:20 ч. Response Sent
[Info]17:20 ч. Request Sent
[Info]17:20 ч. Retrieving the ratings by carId
[Info]17:20 ч. Retrieving the ratings by carId
[Info]17:20 ч. Response Sent
[Info]17:20 ч. Response Sent
[Info]17:20 ч. Response Sent
[Info]17:20 ч. Response Sent
[Info]17:20 ч. Response Sent
[Info]17:20 ч. Request Sent
[Info]17:20 ч. Retrieving the car by Id
[Info]17:20 ч. Response Sent
[Info]17:20 ч. Request Sent
[Info]17:20 ч. Retrieving the list of categories
[Info]17:20 ч. There are 7 categories in the fleet
[Info]17:20 ч. Response Sent
[Info]17:20 ч. Request Sent
[Info]17:20 ч. Retrieving the list of cars
[Info]17:20 ч. There are 9 cars in the fleet
[Info]17:20 ч. Response Sent
[Info]17:21 ч. Request Sent
[Info]17:21 ч. Response Sent
[Info]17:21 ч. Request Sent
[Info]17:21 ч. User logged out the system.
[Info]17:21 ч. Response Sent
[Info]17:21 ч. Request Sent
[Info]17:21 ч. Response Sent
[Info]17:21 ч. Request Sent
[Info]17:21 ч. Response Sent
[Info]17:21 ч. Request Sent
[Info]17:21 ч. Retrieving the list of bookings
[Info]17:21 ч. There are 6 bookings in the fleet
[Info]17:21 ч. Response Sent
[Info]17:21 ч. Request Sent
[Info]17:21 ч. Retrieving the list of cars
[Info]17:21 ч. There are 9 cars in the fleet
[Info]17:21 ч. Response Sent
[Info]17:21 ч. Request Sent
[Info]17:21 ч. Retrieving the ratings by carId
[Info]17:21 ч. Request Sent
[Info]17:21 ч. Retrieving the ratings by carId
[Info]17:21 ч. Request Sent
[Info]17:21 ч. Retrieving the ratings by carId
[Info]17:21 ч. Request Sent
[Info]17:21 ч. Retrieving the ratings by carId
[Info]17:21 ч. Response Sent
[Info]17:21 ч. Request Sent
[Info]17:21 ч. Request Sent
[Info]17:21 ч. Retrieving the ratings by carId
[Info]17:21 ч. Retrieving the ratings by carId
[Info]17:21 ч. Response Sent
[Info]17:21 ч. Response Sent
[Info]17:21 ч. Response Sent
[Info]17:21 ч. Request Sent
[Info]17:21 ч. Retrieving the ratings by carId
[Info]17:21 ч. Request Sent
[Info]17:21 ч. Request Sent
[Info]17:21 ч. Retrieving the ratings by carId
[Info]17:21 ч. Retrieving the ratings by carId
[Info]17:21 ч. Response Sent
[Info]17:21 ч. Response Sent
[Info]17:21 ч. Response Sent
[Info]17:21 ч. Request Sent
[Info]17:21 ч. Retrieving the ratings by carId
[Info]17:21 ч. Response Sent
[Info]17:21 ч. Response Sent
[Info]17:21 ч. Response Sent
[Info]17:21 ч. Request Sent
[Info]17:21 ч. Retrieving the car by Id
[Info]17:21 ч. Response Sent
[Info]17:21 ч. Request Sent
[Info]17:21 ч. Retrieving the car by Id
[Info]17:21 ч. Retrieving the list of locations
[Info]17:21 ч. Response Sent
[Info]17:21 ч. There are 5 locations in the fleet
[Info]17:21 ч. Response Sent
[Info]17:21 ч. Request Sent
[Info]17:21 ч. Retrieving the list of cars
[Info]17:21 ч. There are 9 cars in the fleet
[Info]17:21 ч. Response Sent
[Info]17:21 ч. Request Sent
[Info]17:21 ч. Request Sent
[Info]17:21 ч. Retrieving the ratings by carId
[Info]17:21 ч. Request Sent
[Info]17:21 ч. Retrieving the ratings by carId
[Info]17:21 ч. Retrieving the ratings by carId
[Info]17:21 ч. Retrieving the ratings by carId
[Info]17:21 ч. Request Sent
[Info]17:21 ч. Retrieving the ratings by carId
[Info]17:21 ч. Response Sent
[Info]17:21 ч. Request Sent
[Info]17:21 ч. Retrieving the ratings by carId
[Info]17:21 ч. Response Sent
[Info]17:21 ч. Request Sent
[Info]17:21 ч. Retrieving the ratings by carId
[Info]17:21 ч. Response Sent
[Info]17:21 ч. Request Sent
[Info]17:21 ч. Response Sent
[Info]17:21 ч. Retrieving the ratings by carId
[Info]17:21 ч. Request Sent
[Info]17:21 ч. Request Sent
[Info]17:21 ч. Retrieving the ratings by carId
[Info]17:21 ч. Request Sent
[Info]17:21 ч. Response Sent
[Info]17:21 ч. Retrieving the ratings by carId
[Info]17:21 ч. Response Sent
[Info]17:21 ч. Response Sent
[Info]17:21 ч. Response Sent
[Info]17:21 ч. Response Sent
[Info]17:21 ч. Response Sent
[Info]17:21 ч. Response Sent
