[Info]09:39 ч. Request Sent
[Info]09:39 ч. Response Sent
[Info]09:39 ч. Request Sent
[Info]09:39 ч. Response Sent
[Info]09:39 ч. Request Sent
[Info]09:39 ч. Retrieving the list of categories
[Info]09:39 ч. There are 7 categories in the fleet
[Info]09:39 ч. Response Sent
[Info]09:39 ч. Request Sent
[Info]09:39 ч. Retrieving the list of cars
[Info]09:39 ч. There are 9 cars in the fleet
[Info]09:39 ч. Response Sent
[Info]09:46 ч. Request Sent
[Info]09:46 ч. Response Sent
[Info]09:46 ч. Request Sent
[Info]09:46 ч. User logged out the system.
[Info]09:46 ч. Response Sent
[Info]09:46 ч. Request Sent
[Info]09:46 ч. Response Sent
[Info]09:46 ч. Request Sent
[Info]09:46 ч. Response Sent
[Info]09:46 ч. Request Sent
[Info]09:46 ч. Retrieving the list of bookings
[Info]09:46 ч. There are 6 bookings in the fleet
[Info]09:46 ч. Response Sent
[Info]09:47 ч. Request Sent
[Info]09:47 ч. Retrieving the list of bookings
[Info]09:47 ч. There are 6 bookings in the fleet
[Info]09:47 ч. Response Sent
[Info]09:51 ч. Request Sent
[Info]09:51 ч. Retrieving the list of bookings
[Info]09:51 ч. There are 6 bookings in the fleet
[Info]09:51 ч. Response Sent
[Info]09:53 ч. Request Sent
[Info]09:53 ч. Retrieving the list of bookings
[Info]09:53 ч. There are 6 bookings in the fleet
[Info]09:53 ч. Response Sent
[Info]09:54 ч. Request Sent
[Info]09:54 ч. Retrieving the list of bookings
[Info]09:54 ч. There are 6 bookings in the fleet
[Info]09:54 ч. Response Sent
[Info]09:54 ч. Request Sent
[Info]09:54 ч. Retrieving the list of bookings
[Info]09:54 ч. There are 6 bookings in the fleet
[Info]09:54 ч. Response Sent
[Info]09:55 ч. Request Sent
[Info]09:55 ч. Retrieving the list of bookings
[Info]09:55 ч. There are 6 bookings in the fleet
[Info]09:55 ч. Response Sent
[Info]09:56 ч. Request Sent
[Info]09:56 ч. Retrieving the list of bookings
[Info]09:56 ч. There are 6 bookings in the fleet
[Info]09:56 ч. Response Sent
[Info]09:56 ч. Request Sent
[Info]09:56 ч. Retrieving the list of bookings
[Info]09:56 ч. There are 6 bookings in the fleet
[Info]09:56 ч. Response Sent
[Info]09:57 ч. Request Sent
[Info]09:57 ч. Retrieving the list of bookings
[Info]09:57 ч. There are 6 bookings in the fleet
[Info]09:57 ч. Response Sent
[Info]09:57 ч. Request Sent
[Info]09:57 ч. Retrieving the list of bookings
[Info]09:57 ч. There are 6 bookings in the fleet
[Info]09:57 ч. Response Sent
[Info]09:57 ч. Request Sent
[Info]09:57 ч. Retrieving the list of bookings
[Info]09:57 ч. There are 6 bookings in the fleet
[Info]09:57 ч. Response Sent
[Info]09:59 ч. Request Sent
[Info]09:59 ч. Retrieving the list of bookings
[Info]09:59 ч. There are 6 bookings in the fleet
[Info]09:59 ч. Response Sent
[Info]09:59 ч. Request Sent
[Info]09:59 ч. Retrieving the list of bookings
[Info]09:59 ч. There are 6 bookings in the fleet
[Info]09:59 ч. Response Sent
[Info]10:33 ч. Request Sent
[Info]10:33 ч. Retrieving the list of bookings
[Info]10:33 ч. There are 6 bookings in the fleet
[Info]10:33 ч. Response Sent
[Info]10:35 ч. Request Sent
[Info]10:35 ч. Retrieving the list of bookings
[Info]10:35 ч. There are 6 bookings in the fleet
[Info]10:35 ч. Response Sent
[Info]10:35 ч. Request Sent
[Info]10:35 ч. Retrieving the list of bookings
[Info]10:35 ч. There are 6 bookings in the fleet
[Info]10:35 ч. Response Sent
[Info]10:36 ч. Request Sent
[Info]10:36 ч. Retrieving the list of bookings
[Info]10:36 ч. There are 6 bookings in the fleet
[Info]10:36 ч. Response Sent
[Info]10:36 ч. Request Sent
[Info]10:36 ч. Retrieving the list of bookings
[Info]10:36 ч. There are 6 bookings in the fleet
[Info]10:36 ч. Response Sent
[Info]10:36 ч. Request Sent
[Info]10:36 ч. Retrieving the list of bookings
[Info]10:36 ч. There are 6 bookings in the fleet
[Info]10:36 ч. Response Sent
[Info]10:39 ч. Request Sent
[Info]10:39 ч. Retrieving the list of bookings
[Info]10:39 ч. There are 6 bookings in the fleet
[Info]10:39 ч. Response Sent
[Info]10:42 ч. Request Sent
[Info]10:42 ч. Retrieving the list of bookings
[Info]10:42 ч. There are 6 bookings in the fleet
[Info]10:42 ч. Response Sent
[Info]10:42 ч. Request Sent
[Info]10:42 ч. Retrieving the list of cars
[Info]10:42 ч. There are 9 cars in the fleet
[Info]10:42 ч. Response Sent
[Info]10:42 ч. Request Sent
[Info]10:42 ч. Retrieving the ratings by carId
[Info]10:42 ч. Request Sent
[Info]10:42 ч. Request Sent
[Info]10:42 ч. Retrieving the ratings by carId
[Info]10:42 ч. Retrieving the ratings by carId
[Info]10:42 ч. Request Sent
[Info]10:42 ч. Response Sent
[Info]10:42 ч. Retrieving the ratings by carId
[Info]10:42 ч. Request Sent
[Info]10:42 ч. Retrieving the ratings by carId
[Info]10:42 ч. Retrieving the ratings by carId
[Info]10:42 ч. Request Sent
[Info]10:42 ч. Retrieving the ratings by carId
[Info]10:42 ч. Response Sent
[Info]10:42 ч. Response Sent
[Info]10:42 ч. Request Sent
[Info]10:42 ч. Retrieving the ratings by carId
[Info]10:42 ч. Request Sent
[Info]10:42 ч. Retrieving the ratings by carId
[Info]10:42 ч. Response Sent
[Info]10:42 ч. Response Sent
[Info]10:42 ч. Request Sent
[Info]10:42 ч. Retrieving the ratings by carId
[Info]10:42 ч. Response Sent
[Info]10:42 ч. Retrieving the ratings by carId
[Info]10:42 ч. Response Sent
[Info]10:42 ч. Response Sent
[Info]10:42 ч. Response Sent
[Info]10:42 ч. Request Sent
[Info]10:42 ч. Retrieving the ratings by carId
[Info]10:42 ч. Response Sent
[Info]10:42 ч. Response Sent
[Info]10:42 ч. Response Sent
[Info]10:42 ч. Request Sent
[Info]10:42 ч. Retrieving the list of bookings
[Info]10:42 ч. There are 6 bookings in the fleet
[Info]10:42 ч. Response Sent
[Info]10:42 ч. Request Sent
[Info]10:42 ч. Retrieving the list of cars
[Info]10:42 ч. There are 9 cars in the fleet
[Info]10:42 ч. Response Sent
[Info]10:42 ч. Request Sent
[Info]10:42 ч. Request Sent
[Info]10:42 ч. Retrieving the ratings by carId
[Info]10:42 ч. Request Sent
[Info]10:42 ч. Retrieving the ratings by carId
[Info]10:42 ч. Retrieving the ratings by carId
[Info]10:42 ч. Retrieving the ratings by carId
[Info]10:42 ч. Retrieving the ratings by carId
[Info]10:42 ч. Response Sent
[Info]10:42 ч. Request Sent
[Info]10:42 ч. Retrieving the ratings by carId
[Info]10:42 ч. Response Sent
[Info]10:42 ч. Response Sent
[Info]10:42 ч. Response Sent
[Info]10:42 ч. Request Sent
[Info]10:42 ч. Request Sent
[Info]10:42 ч. Retrieving the ratings by carId
[Info]10:42 ч. Retrieving the ratings by carId
[Info]10:42 ч. Response Sent
[Info]10:42 ч. Response Sent
[Info]10:42 ч. Request Sent
[Info]10:42 ч. Retrieving the ratings by carId
[Info]10:42 ч. Retrieving the ratings by carId
[Info]10:42 ч. Response Sent
[Info]10:42 ч. Response Sent
[Info]10:42 ч. Response Sent
[Info]10:42 ч. Response Sent
[Info]10:42 ч. Response Sent
[Info]10:42 ч. Request Sent
[Info]10:42 ч. Retrieving the car by Id
[Info]10:42 ч. Response Sent
[Info]10:50 ч. Request Sent
[Info]10:50 ч. Request Sent
[Info]10:50 ч. Retrieving the list of locations
[Info]10:50 ч. Response Sent
[Info]10:50 ч. There are 5 locations in the fleet
[Info]10:50 ч. Response Sent
[Info]10:51 ч. Request Sent
[Info]10:51 ч. Retrieving the list of locations
[Info]10:51 ч. Request Sent
[Info]10:51 ч. There are 5 locations in the fleet
[Info]10:51 ч. Response Sent
[Info]10:51 ч. Response Sent
[Info]10:51 ч. Request Sent
[Info]10:51 ч. Retrieving the list of locations
[Info]10:51 ч. There are 5 locations in the fleet
[Info]10:51 ч. Response Sent
[Info]10:51 ч. Request Sent
[Info]10:51 ч. Retrieving the list of locations
[Info]10:51 ч. There are 5 locations in the fleet
[Info]10:51 ч. Response Sent
[Info]10:52 ч. Request Sent
[Info]10:52 ч. Retrieving the list of bookings
[Info]10:52 ч. There are 6 bookings in the fleet
[Info]10:52 ч. Response Sent
[Info]10:52 ч. Request Sent
[Info]10:52 ч. Retrieving the list of bookings
[Info]10:52 ч. There are 6 bookings in the fleet
[Info]10:52 ч. Response Sent
[Info]10:52 ч. Request Sent
[Info]10:52 ч. Response Sent
[Info]10:52 ч. Request Sent
[Info]10:52 ч. Retrieving the renter by Id
[Info]10:52 ч. Response Sent
[Info]10:52 ч. Request Sent
[Info]10:52 ч. Retrieving the renter by Id
[Info]10:52 ч. Response Sent
[Info]10:52 ч. Request Sent
[Info]10:52 ч. Retrieving the list of bookings
[Info]10:52 ч. There are 6 bookings in the fleet
[Info]10:52 ч. Response Sent
[Info]10:52 ч. Request Sent
[Info]10:52 ч. Retrieving the list of cars
[Info]10:52 ч. There are 9 cars in the fleet
[Info]10:52 ч. Response Sent
[Info]10:52 ч. Request Sent
[Info]10:52 ч. Request Sent
[Info]10:52 ч. Request Sent
[Info]10:52 ч. Retrieving the ratings by carId
[Info]10:52 ч. Retrieving the ratings by carId
[Info]10:52 ч. Retrieving the ratings by carId
[Info]10:52 ч. Request Sent
[Info]10:52 ч. Retrieving the ratings by carId
[Info]10:52 ч. Request Sent
[Info]10:52 ч. Retrieving the ratings by carId
[Info]10:52 ч. Request Sent
[Info]10:52 ч. Retrieving the ratings by carId
[Info]10:52 ч. Response Sent
[Info]10:52 ч. Response Sent
[Info]10:52 ч. Request Sent
[Info]10:52 ч. Retrieving the ratings by carId
[Info]10:52 ч. Request Sent
[Info]10:52 ч. Request Sent
[Info]10:52 ч. Retrieving the ratings by carId
[Info]10:52 ч. Retrieving the ratings by carId
[Info]10:52 ч. Request Sent
[Info]10:52 ч. Retrieving the ratings by carId
[Info]10:52 ч. Response Sent
[Info]10:52 ч. Response Sent
[Info]10:52 ч. Request Sent
[Info]10:52 ч. Retrieving the ratings by carId
[Info]10:52 ч. Response Sent
[Info]10:52 ч. Response Sent
[Info]10:52 ч. Response Sent
[Info]10:52 ч. Request Sent
[Info]10:52 ч. Retrieving the ratings by carId
[Info]10:52 ч. Response Sent
[Info]10:52 ч. Response Sent
