[Info]08:28 ч. Request Sent
[Info]08:28 ч. Retrieving the list of latest cars
[Info]08:28 ч. There are 6 cars in the fleet
[Info]08:28 ч. Response Sent
[Info]08:30 ч. Request Sent
[Info]08:30 ч. Retrieving the list of latest cars
[Info]08:30 ч. There are 6 cars in the fleet
[Info]08:30 ч. Response Sent
[Info]08:30 ч. Request Sent
[Info]08:30 ч. Retrieving the list of latest cars
[Info]08:30 ч. There are 6 cars in the fleet
[Info]08:30 ч. Response Sent
[Info]08:34 ч. Request Sent
[Info]08:34 ч. Retrieving the list of latest cars
[Info]08:34 ч. There are 6 cars in the fleet
[Info]08:34 ч. Response Sent
[Info]08:38 ч. Request Sent
[Info]08:38 ч. Retrieving the list of latest cars
[Info]08:38 ч. There are 6 cars in the fleet
[Info]08:38 ч. Response Sent
[Info]08:39 ч. Request Sent
[Info]08:39 ч. Retrieving the list of latest cars
[Info]08:39 ч. There are 6 cars in the fleet
[Info]08:39 ч. Response Sent
[Info]08:39 ч. Request Sent
[Info]08:39 ч. Retrieving the car by Id
[Info]08:39 ч. Response Sent
[Info]08:39 ч. Request Sent
[Info]08:39 ч. Retrieving the list of latest cars
[Info]08:39 ч. There are 6 cars in the fleet
[Info]08:39 ч. Response Sent
[Info]08:40 ч. Request Sent
[Info]08:40 ч. Retrieving the list of latest cars
[Info]08:40 ч. There are 6 cars in the fleet
[Info]08:40 ч. Response Sent
[Info]08:41 ч. Request Sent
[Info]08:41 ч. Retrieving the list of latest cars
[Info]08:41 ч. There are 6 cars in the fleet
[Info]08:41 ч. Response Sent
[Info]08:42 ч. Request Sent
[Info]08:42 ч. Retrieving the list of latest cars
[Info]08:42 ч. There are 6 cars in the fleet
[Info]08:42 ч. Response Sent
[Info]08:43 ч. Request Sent
[Info]08:43 ч. Retrieving the car by Id
[Info]08:43 ч. Response Sent
[Info]08:43 ч. Request Sent
[Info]08:43 ч. Retrieving the list of latest cars
[Info]08:43 ч. There are 6 cars in the fleet
[Info]08:43 ч. Response Sent
[Info]08:45 ч. Request Sent
[Info]08:45 ч. Retrieving the list of latest cars
[Info]08:45 ч. There are 6 cars in the fleet
[Info]08:45 ч. Response Sent
[Info]08:47 ч. Request Sent
[Info]08:47 ч. Retrieving the list of latest cars
[Info]08:47 ч. There are 6 cars in the fleet
[Info]08:47 ч. Response Sent
[Info]08:49 ч. Request Sent
[Info]08:49 ч. Retrieving the list of latest cars
[Info]08:49 ч. There are 6 cars in the fleet
[Info]08:49 ч. Response Sent
[Info]08:49 ч. Request Sent
[Info]08:49 ч. Response Sent
[Info]08:50 ч. Request Sent
[Info]08:50 ч. Retrieving the list of cars
[Info]08:50 ч. There are 14 cars in the fleet
[Info]08:50 ч. Response Sent
[Info]08:50 ч. Request Sent
[Info]08:50 ч. Retrieving the list of cars
[Info]08:50 ч. There are 14 cars in the fleet
[Info]08:50 ч. Response Sent
[Info]08:51 ч. Request Sent
[Info]08:51 ч. Retrieving the list of cars
[Info]08:51 ч. There are 14 cars in the fleet
[Info]08:51 ч. Response Sent
[Info]08:56 ч. Request Sent
[Info]08:56 ч. Retrieving the list of cars
[Info]08:56 ч. There are 14 cars in the fleet
[Info]08:56 ч. Response Sent
[Info]08:56 ч. Request Sent
[Info]08:56 ч. Retrieving the list of cars
[Info]08:56 ч. There are 14 cars in the fleet
[Info]08:56 ч. Response Sent
[Info]08:56 ч. Request Sent
[Info]08:56 ч. Retrieving the list of cars
[Info]08:56 ч. There are 14 cars in the fleet
[Info]08:56 ч. Response Sent
[Info]08:57 ч. Request Sent
[Info]08:57 ч. Retrieving the list of cars
[Info]08:57 ч. There are 14 cars in the fleet
[Info]08:57 ч. Response Sent
[Info]08:57 ч. Request Sent
[Info]08:57 ч. Retrieving the list of cars
[Info]08:57 ч. There are 14 cars in the fleet
[Info]08:57 ч. Response Sent
[Info]08:57 ч. Request Sent
[Info]08:57 ч. Retrieving the list of cars
[Info]08:57 ч. There are 14 cars in the fleet
[Info]08:57 ч. Response Sent
[Info]08:58 ч. Request Sent
[Info]08:58 ч. Retrieving the list of cars
[Info]08:58 ч. There are 14 cars in the fleet
[Info]08:58 ч. Response Sent
[Info]09:07 ч. Request Sent
[Info]09:07 ч. Retrieving the ratings by carId
[Info]09:07 ч. Response Sent
[Info]09:10 ч. Request Sent
[Info]09:10 ч. Retrieving the list of cars
[Info]09:10 ч. There are 14 cars in the fleet
[Info]09:10 ч. Response Sent
[Info]10:01 ч. Request Sent
[Info]10:01 ч. Retrieving the list of cars
[Info]10:01 ч. There are 14 cars in the fleet
[Info]10:01 ч. Response Sent
[Info]10:02 ч. Request Sent
[Info]10:02 ч. Retrieving the list of cars
[Info]10:02 ч. There are 14 cars in the fleet
[Info]10:02 ч. Response Sent
[Info]10:03 ч. Request Sent
[Info]10:03 ч. Retrieving the list of cars
[Info]10:03 ч. There are 14 cars in the fleet
[Info]10:03 ч. Response Sent
[Info]10:24 ч. Request Sent
[Info]10:24 ч. Retrieving the list of cars
[Info]10:24 ч. There are 14 cars in the fleet
[Info]10:24 ч. Response Sent
[Info]10:28 ч. Request Sent
[Info]10:28 ч. Retrieving the list of cars
[Info]10:28 ч. There are 14 cars in the fleet
[Info]10:28 ч. Response Sent
[Info]10:29 ч. Request Sent
[Info]10:29 ч. Retrieving the list of cars
[Info]10:29 ч. There are 14 cars in the fleet
[Info]10:29 ч. Response Sent
[Info]10:29 ч. Request Sent
[Info]10:29 ч. Request Sent
[Info]10:29 ч. Retrieving the car by Id
[Info]10:29 ч. Retrieving the ratings by carId
[Info]10:29 ч. Response Sent
[Info]10:29 ч. Response Sent
[Info]10:29 ч. Request Sent
[Info]10:29 ч. Retrieving the car by Id
[Info]10:29 ч. Request Sent
[Info]10:29 ч. Retrieving the ratings by carId
[Info]10:29 ч. Response Sent
[Info]10:29 ч. Response Sent
[Info]10:29 ч. Request Sent
[Info]10:29 ч. Retrieving the list of cars
[Info]10:29 ч. There are 14 cars in the fleet
[Info]10:29 ч. Response Sent
[Info]10:30 ч. Request Sent
[Info]10:30 ч. Retrieving the ratings by carId
[Info]10:30 ч. Retrieving the car by Id
[Info]10:30 ч. Response Sent
[Info]10:30 ч. Response Sent
[Info]10:32 ч. Request Sent
[Info]10:32 ч. Retrieving the ratings by carId
[Info]10:32 ч. Retrieving the car by Id
[Info]10:32 ч. Response Sent
[Info]10:32 ч. Response Sent
[Info]10:42 ч. Request Sent
[Info]10:42 ч. Retrieving the car by Id
[Info]10:42 ч. Retrieving the ratings by carId
[Info]10:42 ч. Response Sent
[Info]10:42 ч. Response Sent
[Info]10:44 ч. Request Sent
[Info]10:44 ч. Retrieving the car by Id
[Info]10:44 ч. Request Sent
[Info]10:44 ч. Retrieving the ratings by carId
[Info]10:44 ч. Response Sent
[Info]10:44 ч. Response Sent
[Info]10:44 ч. Request Sent
[Info]10:44 ч. Retrieving the car by Id
[Info]10:44 ч. Request Sent
[Info]10:44 ч. Retrieving the ratings by carId
[Info]10:44 ч. Response Sent
[Info]10:44 ч. Response Sent
[Info]10:45 ч. Request Sent
[Info]10:45 ч. Retrieving the ratings by carId
[Info]10:45 ч. Retrieving the car by Id
[Info]10:45 ч. Response Sent
[Info]10:45 ч. Response Sent
[Info]10:47 ч. Request Sent
[Info]10:47 ч. Request Sent
[Info]10:47 ч. Retrieving the ratings by carId
[Info]10:47 ч. Response Sent
[Info]10:47 ч. Response Sent
[Info]10:47 ч. Request Sent
[Info]10:47 ч. Retrieving the car by Id
[Info]10:47 ч. Response Sent
[Info]10:47 ч. Request Sent
[Info]10:47 ч. Retrieving the ratings by carId
[Info]10:47 ч. Response Sent
[Info]10:48 ч. Request Sent
[Info]10:48 ч. Retrieving the car by Id
[Info]10:48 ч. Request Sent
[Info]10:48 ч. Retrieving the ratings by carId
[Info]10:48 ч. Response Sent
[Info]10:48 ч. Response Sent
[Info]10:48 ч. Request Sent
[Info]10:48 ч. Request Sent
[Info]10:48 ч. Retrieving the car by Id
[Info]10:48 ч. Retrieving the ratings by carId
[Info]10:48 ч. Response Sent
[Info]10:48 ч. Response Sent
[Info]10:48 ч. Request Sent
[Info]10:48 ч. Retrieving the ratings by carId
[Info]10:48 ч. Retrieving the car by Id
[Info]10:48 ч. Response Sent
[Info]10:48 ч. Response Sent
[Info]10:52 ч. Request Sent
[Info]10:52 ч. Retrieving the list of cars
[Info]10:52 ч. There are 14 cars in the fleet
[Info]10:52 ч. Response Sent
[Info]10:52 ч. Request Sent
[Info]10:52 ч. Retrieving the car by Id
[Info]10:52 ч. Request Sent
[Info]10:52 ч. Retrieving the ratings by carId
[Info]10:52 ч. Response Sent
[Info]10:52 ч. Response Sent
[Info]10:53 ч. Request Sent
[Info]10:53 ч. Request Sent
[Info]10:53 ч. Retrieving the car by Id
[Info]10:53 ч. Retrieving the ratings by carId
[Info]10:53 ч. Response Sent
[Info]10:53 ч. Response Sent
[Info]10:53 ч. Request Sent
[Info]10:53 ч. Retrieving the list of cars
[Info]10:53 ч. There are 14 cars in the fleet
[Info]10:53 ч. Response Sent
[Info]10:53 ч. Request Sent
[Info]10:53 ч. Retrieving the car by Id
[Info]10:53 ч. Request Sent
[Info]10:53 ч. Retrieving the ratings by carId
[Info]10:53 ч. Response Sent
[Info]10:53 ч. Response Sent
[Info]10:53 ч. Request Sent
[Info]10:53 ч. Retrieving the list of cars
[Info]10:53 ч. There are 14 cars in the fleet
[Info]10:53 ч. Response Sent
[Info]10:53 ч. Request Sent
[Info]10:53 ч. Retrieving the ratings by carId
[Info]10:53 ч. Retrieving the car by Id
[Info]10:53 ч. Response Sent
[Info]10:53 ч. Response Sent
[Info]10:53 ч. Request Sent
[Info]10:53 ч. Retrieving the car by Id
[Info]10:53 ч. Request Sent
[Info]10:53 ч. Retrieving the ratings by carId
[Info]10:53 ч. Response Sent
[Info]10:53 ч. Response Sent
[Info]10:56 ч. Request Sent
[Info]10:56 ч. Retrieving the car by Id
[Info]10:56 ч. Request Sent
[Info]10:56 ч. Retrieving the ratings by carId
[Info]10:56 ч. Response Sent
[Info]10:56 ч. Response Sent
[Info]10:57 ч. Request Sent
[Info]10:57 ч. Request Sent
[Info]10:57 ч. Retrieving the car by Id
[Info]10:57 ч. Retrieving the ratings by carId
[Info]10:57 ч. Response Sent
[Info]10:57 ч. Response Sent
[Info]10:58 ч. Request Sent
[Info]10:58 ч. Retrieving the car by Id
[Info]10:58 ч. Request Sent
[Info]10:58 ч. Retrieving the ratings by carId
[Info]10:58 ч. Response Sent
[Info]10:58 ч. Response Sent
[Info]10:59 ч. Request Sent
[Info]10:59 ч. Request Sent
[Info]10:59 ч. Retrieving the ratings by carId
[Info]10:59 ч. Response Sent
[Info]10:59 ч. Response Sent
[Info]11:00 ч. Request Sent
[Info]11:00 ч. Retrieving the car by Id
[Info]11:00 ч. Request Sent
[Info]11:00 ч. Retrieving the ratings by carId
[Info]11:00 ч. Response Sent
[Info]11:00 ч. Response Sent
[Info]11:01 ч. Request Sent
[Info]11:01 ч. Retrieving the car by Id
[Info]11:01 ч. Retrieving the ratings by carId
[Info]11:01 ч. Response Sent
[Info]11:01 ч. Response Sent
[Info]11:01 ч. Request Sent
[Info]11:01 ч. Request Sent
[Info]11:01 ч. Retrieving the car by Id
[Info]11:01 ч. Retrieving the ratings by carId
[Info]11:01 ч. Response Sent
[Info]11:01 ч. Response Sent
[Info]11:03 ч. Request Sent
[Info]11:03 ч. Retrieving the ratings by carId
[Info]11:03 ч. Response Sent
[Info]11:03 ч. Request Sent
[Info]11:03 ч. Retrieving the car by Id
[Info]11:03 ч. Response Sent
[Info]11:04 ч. Request Sent
[Info]11:04 ч. Retrieving the ratings by carId
[Info]11:04 ч. Retrieving the car by Id
[Info]11:04 ч. Response Sent
[Info]11:04 ч. Response Sent
[Info]11:05 ч. Request Sent
[Info]11:05 ч. Retrieving the ratings by carId
[Info]11:05 ч. Retrieving the car by Id
[Info]11:05 ч. Response Sent
[Info]11:05 ч. Response Sent
[Info]11:06 ч. Request Sent
[Info]11:06 ч. Retrieving the ratings by carId
[Info]11:06 ч. Request Sent
[Info]11:06 ч. Retrieving the car by Id
[Info]11:06 ч. Response Sent
[Info]11:06 ч. Response Sent
[Info]11:06 ч. Request Sent
[Info]11:06 ч. Retrieving the list of cars
[Info]11:06 ч. There are 14 cars in the fleet
[Info]11:06 ч. Response Sent
[Info]11:06 ч. Request Sent
[Info]11:06 ч. Retrieving the car by Id
[Info]11:06 ч. Request Sent
[Info]11:06 ч. Retrieving the ratings by carId
[Info]11:06 ч. Response Sent
[Info]11:06 ч. Response Sent
[Info]11:08 ч. Request Sent
[Info]11:08 ч. Retrieving the car by Id
[Info]11:08 ч. Request Sent
[Info]11:08 ч. Retrieving the ratings by carId
[Info]11:08 ч. Response Sent
[Info]11:08 ч. Response Sent
[Info]11:08 ч. Request Sent
[Info]11:08 ч. Retrieving the car by Id
[Info]11:08 ч. Request Sent
[Info]11:08 ч. Retrieving the ratings by carId
[Info]11:08 ч. Response Sent
[Info]11:08 ч. Response Sent
[Info]11:09 ч. Request Sent
[Info]11:09 ч. Retrieving the car by Id
[Info]11:09 ч. Retrieving the ratings by carId
[Info]11:09 ч. Response Sent
[Info]11:09 ч. Response Sent
[Info]11:09 ч. Request Sent
[Info]11:09 ч. Request Sent
[Info]11:09 ч. Retrieving the ratings by carId
[Info]11:09 ч. Retrieving the car by Id
[Info]11:09 ч. Response Sent
[Info]11:09 ч. Response Sent
[Info]11:10 ч. Request Sent
[Info]11:10 ч. Retrieving the car by Id
[Info]11:10 ч. Request Sent
[Info]11:10 ч. Retrieving the ratings by carId
[Info]11:10 ч. Response Sent
[Info]11:10 ч. Response Sent
[Info]11:12 ч. Request Sent
[Info]11:12 ч. Retrieving the ratings by carId
[Info]11:12 ч. Request Sent
[Info]11:12 ч. Retrieving the car by Id
[Info]11:12 ч. Response Sent
[Info]11:12 ч. Response Sent
[Info]11:19 ч. Request Sent
[Info]11:19 ч. Retrieving the ratings by carId
[Info]11:19 ч. Retrieving the car by Id
[Info]11:19 ч. Response Sent
[Info]11:19 ч. Response Sent
[Info]11:20 ч. Request Sent
[Info]11:20 ч. Retrieving the car by Id
[Info]11:20 ч. Response Sent
[Info]11:20 ч. Request Sent
[Info]11:20 ч. Retrieving the ratings by carId
[Info]11:20 ч. Response Sent
[Info]11:20 ч. Request Sent
[Info]11:20 ч. Retrieving the ratings by carId
[Info]11:20 ч. Retrieving the car by Id
[Info]11:20 ч. Response Sent
[Info]11:20 ч. Response Sent
[Info]11:20 ч. Request Sent
[Info]11:20 ч. Retrieving the car by Id
[Info]11:20 ч. Request Sent
[Info]11:20 ч. Retrieving the ratings by carId
[Info]11:20 ч. Response Sent
[Info]11:20 ч. Response Sent
[Info]11:20 ч. Request Sent
[Info]11:20 ч. Retrieving the list of cars
[Info]11:20 ч. There are 14 cars in the fleet
[Info]11:20 ч. Response Sent
[Info]11:21 ч. Request Sent
[Info]11:21 ч. Retrieving the list of cars
[Info]11:21 ч. There are 14 cars in the fleet
[Info]11:21 ч. Response Sent
[Info]11:24 ч. Request Sent
[Info]11:24 ч. Retrieving the list of cars
[Info]11:24 ч. There are 14 cars in the fleet
[Info]11:24 ч. Response Sent
[Info]11:24 ч. Request Sent
[Info]11:24 ч. Retrieving the car by Id
[Info]11:24 ч. Retrieving the ratings by carId
[Info]11:24 ч. Response Sent
[Info]11:24 ч. Response Sent
[Info]11:24 ч. Request Sent
[Info]11:24 ч. Retrieving the list of cars
[Info]11:24 ч. There are 14 cars in the fleet
[Info]11:24 ч. Response Sent
[Info]11:25 ч. Request Sent
[Info]11:25 ч. Retrieving the ratings by carId
[Info]11:25 ч. Retrieving the car by Id
[Info]11:25 ч. Response Sent
[Info]11:25 ч. Response Sent
[Info]11:25 ч. Request Sent
[Info]11:25 ч. Retrieving the list of cars
[Info]11:25 ч. There are 14 cars in the fleet
[Info]11:25 ч. Response Sent
[Info]11:28 ч. Request Sent
[Info]11:28 ч. Retrieving the list of cars
[Info]11:28 ч. There are 14 cars in the fleet
[Info]11:28 ч. Response Sent
[Info]11:31 ч. Request Sent
[Info]11:31 ч. Retrieving the list of cars
[Info]11:31 ч. There are 14 cars in the fleet
[Info]11:31 ч. Response Sent
[Info]11:31 ч. Request Sent
[Info]11:31 ч. Retrieving the car by Id
[Info]11:31 ч. Retrieving the ratings by carId
[Info]11:31 ч. Response Sent
[Info]11:31 ч. Response Sent
[Info]11:31 ч. Request Sent
[Info]11:31 ч. Retrieving the list of cars
[Info]11:31 ч. There are 14 cars in the fleet
[Info]11:31 ч. Response Sent
[Info]11:31 ч. Request Sent
[Info]11:31 ч. Request Sent
[Info]11:31 ч. Retrieving the car by Id
[Info]11:31 ч. Response Sent
[Info]11:31 ч. Response Sent
[Info]11:31 ч. Request Sent
[Info]11:31 ч. Retrieving the list of cars
[Info]11:31 ч. There are 14 cars in the fleet
[Info]11:31 ч. Response Sent
[Info]11:31 ч. Request Sent
[Info]11:31 ч. Retrieving the car by Id
[Info]11:31 ч. Retrieving the ratings by carId
[Info]11:31 ч. Response Sent
[Info]11:31 ч. Response Sent
[Info]11:31 ч. Request Sent
[Info]11:31 ч. Retrieving the list of cars
[Info]11:31 ч. There are 14 cars in the fleet
[Info]11:31 ч. Response Sent
[Info]11:31 ч. Request Sent
[Info]11:31 ч. Request Sent
[Info]11:31 ч. Retrieving the ratings by carId
[Info]11:31 ч. Response Sent
[Info]11:31 ч. Response Sent
[Info]12:16 ч. Request Sent
[Info]12:16 ч. Response Sent
[Info]12:16 ч. Request Sent
[Info]12:17 ч. Response Sent
[Info]12:18 ч. Request Sent
[Info]12:18 ч. Response Sent
[Info]12:18 ч. Request Sent
[Info]12:18 ч. Request Sent
[Info]12:18 ч. Response Sent
[Info]12:18 ч. Request Sent
[Info]12:18 ч. Response Sent
[Info]12:18 ч. Request Sent
[Info]12:18 ч. Response Sent
[Info]12:18 ч. Request Sent
[Info]12:18 ч. Response Sent
[Info]12:18 ч. Request Sent
[Info]12:18 ч. Response Sent
[Info]12:18 ч. Request Sent
[Info]12:18 ч. Retrieving the list of cars
[Info]12:18 ч. There are 0 cars in the fleet
[Info]12:18 ч. Response Sent
[Info]12:18 ч. Request Sent
[Info]12:18 ч. Response Sent
[Info]12:18 ч. Request Sent
[Info]12:18 ч. Retrieving the list of cars
[Info]12:18 ч. There are 14 cars in the fleet
[Info]12:18 ч. Response Sent
[Info]12:18 ч. Request Sent
[Info]12:18 ч. Response Sent
[Info]12:18 ч. Request Sent
[Info]12:18 ч. Retrieving the car by Id
[Info]12:18 ч. Response Sent
[Info]12:18 ч. Request Sent
[Info]12:18 ч. Retrieving the ratings by carId
[Info]12:18 ч. Response Sent
[Info]12:18 ч. Response Sent
[Info]12:19 ч. Request Sent
[Info]12:19 ч. Response Sent
[Info]12:19 ч. Request Sent
[Info]12:19 ч. Retrieving the renter by Id
[Info]12:19 ч. Response Sent
[Info]12:19 ч. Request Sent
[Info]12:19 ч. Response Sent
[Info]12:19 ч. Request Sent
[Info]12:19 ч. Retrieving the list of cars
[Info]12:19 ч. There are 14 cars in the fleet
[Info]12:19 ч. Response Sent
[Info]12:19 ч. Request Sent
[Info]12:19 ч. Response Sent
[Info]12:19 ч. Request Sent
[Info]12:19 ч. Retrieving the list of cars
[Info]12:19 ч. There are 0 cars in the fleet
[Info]12:19 ч. Response Sent
[Info]12:28 ч. Request Sent
[Info]12:28 ч. Response Sent
[Info]12:28 ч. Request Sent
[Info]12:28 ч. Response Sent
[Info]12:34 ч. Request Sent
[Info]12:34 ч. Response Sent
[Info]12:34 ч. Request Sent
[Info]12:34 ч. Response Sent
[Info]12:34 ч. Request Sent
[Info]12:34 ч. Response Sent
[Info]12:34 ч. Request Sent
[Info]12:34 ч. Retrieving the list of cars
[Info]12:34 ч. There are 14 cars in the fleet
[Info]12:34 ч. Response Sent
[Info]12:35 ч. Request Sent
[Info]12:35 ч. Response Sent
[Info]12:35 ч. Request Sent
[Info]12:35 ч. Response Sent
[Info]12:37 ч. Request Sent
[Info]12:37 ч. Response Sent
[Info]12:37 ч. Request Sent
[Info]12:37 ч. Retrieving the list of cars
[Info]12:37 ч. There are 14 cars in the fleet
[Info]12:37 ч. Response Sent
[Info]12:46 ч. Request Sent
[Info]12:46 ч. Response Sent
[Info]12:46 ч. Request Sent
[Info]12:46 ч. Response Sent
[Info]12:46 ч. Request Sent
[Info]12:46 ч. Response Sent
[Info]12:46 ч. Request Sent
[Info]12:46 ч. Retrieving the list of cars
[Info]12:46 ч. There are 0 cars in the fleet
[Info]12:46 ч. Response Sent
[Info]12:47 ч. Request Sent
[Info]12:47 ч. Response Sent
[Info]12:47 ч. Request Sent
[Info]12:47 ч. Retrieving the list of cars
[Info]12:47 ч. There are 14 cars in the fleet
[Info]12:47 ч. Response Sent
[Info]12:47 ч. Request Sent
[Info]12:49 ч. Request Sent
[Info]12:49 ч. Response Sent
[Info]12:49 ч. Request Sent
[Info]12:49 ч. Request Sent
[Info]12:49 ч. Response Sent
[Info]12:49 ч. Request Sent
[Info]12:49 ч. Response Sent
[Info]12:49 ч. Response Sent
[Info]12:49 ч. Request Sent
[Info]12:49 ч. Response Sent
[Info]12:49 ч. Request Sent
[Info]12:49 ч. Retrieving the list of cars
[Info]12:49 ч. There are 14 cars in the fleet
[Info]12:49 ч. Response Sent
[Info]12:49 ч. Request Sent
[Info]12:55 ч. Request Sent
[Info]12:55 ч. Response Sent
[Info]12:55 ч. Request Sent
[Info]12:55 ч. Request Sent
[Info]12:55 ч. Response Sent
[Info]12:55 ч. Request Sent
[Info]12:55 ч. Response Sent
[Info]12:55 ч. Request Sent
[Info]12:55 ч. Retrieving the list of cars
[Info]12:55 ч. There are 14 cars in the fleet
[Info]12:55 ч. Response Sent
[Info]12:56 ч. Request Sent
[Info]12:58 ч. Request Sent
[Info]12:58 ч. Response Sent
[Info]12:58 ч. Request Sent
[Info]12:58 ч. Request Sent
[Info]12:59 ч. Response Sent
[Info]12:59 ч. Request Sent
[Info]12:59 ч. Response Sent
[Info]12:59 ч. Request Sent
[Info]12:59 ч. Retrieving the list of cars
[Info]12:59 ч. There are 0 cars in the fleet
[Info]12:59 ч. Response Sent
[Info]12:59 ч. Request Sent
[Info]12:59 ч. Response Sent
[Info]12:59 ч. Request Sent
[Info]12:59 ч. Retrieving the list of cars
[Info]12:59 ч. There are 14 cars in the fleet
[Info]12:59 ч. Response Sent
[Info]12:59 ч. Request Sent
[Info]12:59 ч. Request Sent
[Info]12:59 ч. Response Sent
[Info]12:59 ч. Request Sent
[Info]12:59 ч. Response Sent
[Info]13:24 ч. Request Sent
[Info]13:24 ч. Response Sent
[Info]13:24 ч. Request Sent
[Info]13:24 ч. Retrieving the list of cars
[Info]13:24 ч. There are 14 cars in the fleet
[Info]13:24 ч. Response Sent
[Info]13:25 ч. Request Sent
[Info]13:25 ч. Response Sent
[Info]13:25 ч. Request Sent
[Info]13:25 ч. Retrieving the list of cars
[Info]13:25 ч. There are 0 cars in the fleet
[Info]13:25 ч. Response Sent
[Info]13:32 ч. Request Sent
[Info]13:32 ч. Response Sent
[Info]13:32 ч. Request Sent
[Info]13:32 ч. Response Sent
[Info]13:32 ч. Request Sent
[Info]13:32 ч. Response Sent
[Info]13:32 ч. Request Sent
[Info]13:32 ч. Retrieving the list of categories
[Info]13:32 ч. There are 7 categories in the fleet
[Info]13:32 ч. Response Sent
[Info]13:32 ч. Request Sent
[Info]13:34 ч. Request Sent
[Info]13:34 ч. Response Sent
[Info]13:34 ч. Request Sent
[Info]13:34 ч. Response Sent
[Info]13:34 ч. Request Sent
[Info]13:34 ч. Response Sent
[Info]13:35 ч. Request Sent
[Info]13:35 ч. Response Sent
[Info]13:35 ч. Request Sent
[Info]13:35 ч. Retrieving the list of categories
[Info]13:35 ч. There are 7 categories in the fleet
[Info]13:35 ч. Response Sent
[Info]13:46 ч. Request Sent
[Info]13:46 ч. Response Sent
[Info]13:46 ч. Request Sent
[Info]13:46 ч. Response Sent
[Info]13:46 ч. Request Sent
[Info]13:46 ч. Response Sent
[Info]13:46 ч. Request Sent
[Info]13:46 ч. Retrieving the list of categories
[Info]13:46 ч. There are 7 categories in the fleet
[Info]13:46 ч. Response Sent
[Info]13:47 ч. Request Sent
[Info]13:47 ч. Request Sent
[Info]13:47 ч. Response Sent
[Info]13:47 ч. Request Sent
[Info]13:47 ч. Response Sent
[Info]14:14 ч. Request Sent
[Info]14:14 ч. Response Sent
[Info]14:14 ч. Request Sent
[Info]14:14 ч. Response Sent
[Info]14:14 ч. Request Sent
[Info]14:14 ч. Response Sent
[Info]14:14 ч. Request Sent
[Info]14:14 ч. Retrieving the list of categories
[Info]14:14 ч. There are 7 categories in the fleet
[Info]14:14 ч. Response Sent
[Info]14:14 ч. Request Sent
[Info]14:16 ч. Request Sent
[Info]14:16 ч. Response Sent
[Info]14:16 ч. Request Sent
[Info]14:16 ч. Response Sent
[Info]14:16 ч. Request Sent
[Info]14:16 ч. Response Sent
[Info]14:21 ч. Request Sent
[Info]14:21 ч. Response Sent
[Info]14:21 ч. Request Sent
[Info]14:21 ч. Response Sent
[Info]14:21 ч. Request Sent
[Info]14:21 ч. Response Sent
[Info]14:21 ч. Request Sent
[Info]14:21 ч. Retrieving the list of categories
[Info]14:21 ч. There are 7 categories in the fleet
[Info]14:21 ч. Response Sent
[Info]14:22 ч. Request Sent
[Info]14:22 ч. Response Sent
[Info]14:22 ч. Request Sent
[Info]14:22 ч. Response Sent
[Info]14:22 ч. Request Sent
[Info]14:22 ч. Response Sent
[Info]14:23 ч. Request Sent
[Info]14:23 ч. Response Sent
[Info]14:23 ч. Request Sent
[Info]14:23 ч. Response Sent
[Info]14:23 ч. Request Sent
[Info]14:23 ч. Response Sent
[Info]14:23 ч. Request Sent
[Info]14:23 ч. Retrieving the list of categories
[Info]14:23 ч. There are 7 categories in the fleet
[Info]14:23 ч. Response Sent
[Info]14:24 ч. Request Sent
[Info]14:24 ч. Request Sent
[Info]14:24 ч. Response Sent
[Info]14:24 ч. Request Sent
[Info]14:24 ч. Response Sent
[Info]14:26 ч. Request Sent
[Info]14:26 ч. Response Sent
[Info]14:26 ч. Request Sent
[Info]14:26 ч. Retrieving the list of categories
[Info]14:26 ч. There are 7 categories in the fleet
[Info]14:26 ч. Response Sent
[Info]14:26 ч. Request Sent
[Info]14:27 ч. Request Sent
[Info]14:27 ч. Response Sent
[Info]14:27 ч. Request Sent
[Info]14:27 ч. Response Sent
[Info]14:29 ч. Request Sent
[Info]14:29 ч. Response Sent
[Info]14:29 ч. Request Sent
[Info]14:29 ч. Response Sent
[Info]14:30 ч. Request Sent
[Info]14:30 ч. Response Sent
[Info]14:30 ч. Request Sent
[Info]14:30 ч. Retrieving the list of categories
[Info]14:30 ч. There are 7 categories in the fleet
[Info]14:30 ч. Response Sent
[Info]14:30 ч. Request Sent
[Info]14:30 ч. Request Sent
[Info]14:30 ч. Response Sent
[Info]14:30 ч. Request Sent
[Info]14:30 ч. Toyota Auris was created  at 14:30:45.1834432
[Info]14:30 ч. Response Sent
[Info]14:30 ч. Request Sent
[Info]14:30 ч. Response Sent
[Info]14:30 ч. Request Sent
[Info]14:30 ч. Retrieving the list of cars
[Info]14:30 ч. There are 1 cars in the fleet
[Info]14:30 ч. Response Sent
