[Info]16:19 ч. Request Sent
[Info]16:19 ч. Retrieving the list of cars
[Info]16:19 ч. There are 9 cars in the fleet
[Info]16:19 ч. Response Sent
[Info]16:19 ч. Request Sent
[Info]16:19 ч. Retrieving the ratings by carId
[Info]16:19 ч. Request Sent
[Info]16:19 ч. Retrieving the ratings by carId
[Info]16:19 ч. Request Sent
[Info]16:19 ч. Retrieving the ratings by carId
[Info]16:19 ч. Request Sent
[Info]16:19 ч. Retrieving the ratings by carId
[Info]16:19 ч. Request Sent
[Info]16:19 ч. Retrieving the ratings by carId
[Info]16:19 ч. Request Sent
[Info]16:19 ч. Retrieving the ratings by carId
[Info]16:19 ч. Response Sent
[Info]16:19 ч. Request Sent
[Info]16:19 ч. Retrieving the ratings by carId
[Info]16:19 ч. Response Sent
[Info]16:19 ч. Request Sent
[Info]16:19 ч. Retrieving the ratings by carId
[Info]16:19 ч. Response Sent
[Info]16:19 ч. Response Sent
[Info]16:19 ч. Request Sent
[Info]16:19 ч. Retrieving the ratings by carId
[Info]16:19 ч. Request Sent
[Info]16:19 ч. Retrieving the ratings by carId
[Info]16:19 ч. Response Sent
[Info]16:19 ч. Response Sent
[Info]16:19 ч. Response Sent
[Info]16:19 ч. Response Sent
[Info]16:19 ч. Response Sent
[Info]16:19 ч. Request Sent
[Info]16:19 ч. Retrieving the ratings by carId
[Info]16:19 ч. Request Sent
[Info]16:19 ч. Retrieving the ratings by carId
[Info]16:19 ч. Response Sent
[Info]16:19 ч. Request Sent
[Info]16:19 ч. Request Sent
[Info]16:19 ч. Retrieving the ratings by carId
[Info]16:19 ч. Retrieving the ratings by carId
[Info]16:19 ч. Retrieving the ratings by carId
[Info]16:19 ч. Response Sent
[Info]16:19 ч. Response Sent
[Info]16:19 ч. Response Sent
[Info]16:19 ч. Request Sent
[Info]16:19 ч. Request Sent
[Info]16:19 ч. Retrieving the ratings by carId
[Info]16:19 ч. Retrieving the ratings by carId
[Info]16:19 ч. Request Sent
[Info]16:19 ч. Retrieving the ratings by carId
[Info]16:19 ч. Response Sent
[Info]16:19 ч. Response Sent
[Info]16:19 ч. Response Sent
[Info]16:19 ч. Request Sent
[Info]16:19 ч. Retrieving the list of cars
[Info]16:19 ч. There are 9 cars in the fleet
[Info]16:19 ч. Response Sent
[Info]16:19 ч. Request Sent
[Info]16:19 ч. Retrieving the ratings by carId
[Info]16:19 ч. Request Sent
[Info]16:19 ч. Retrieving the ratings by carId
[Info]16:19 ч. Request Sent
[Info]16:19 ч. Response Sent
[Info]16:19 ч. Request Sent
[Info]16:19 ч. Retrieving the ratings by carId
[Info]16:19 ч. Request Sent
[Info]16:19 ч. Retrieving the ratings by carId
[Info]16:19 ч. Request Sent
[Info]16:19 ч. Retrieving the ratings by carId
[Info]16:19 ч. Request Sent
[Info]16:19 ч. Retrieving the ratings by carId
[Info]16:19 ч. Response Sent
[Info]16:19 ч. Request Sent
[Info]16:19 ч. Retrieving the ratings by carId
[Info]16:19 ч. Response Sent
[Info]16:19 ч. Response Sent
[Info]16:19 ч. Request Sent
[Info]16:19 ч. Response Sent
[Info]16:19 ч. Retrieving the ratings by carId
[Info]16:19 ч. Request Sent
[Info]16:19 ч. Retrieving the ratings by carId
[Info]16:19 ч. Response Sent
[Info]16:19 ч. Response Sent
[Info]16:19 ч. Retrieving the ratings by carId
[Info]16:19 ч. Response Sent
[Info]16:19 ч. Response Sent
[Info]16:19 ч. Response Sent
[Info]16:19 ч. Response Sent
[Info]16:19 ч. Request Sent
[Info]16:19 ч. Retrieving the ratings by carId
[Info]16:19 ч. Response Sent
[Info]16:24 ч. Request Sent
[Info]16:24 ч. Retrieving the list of cars
[Info]16:24 ч. There are 9 cars in the fleet
[Info]16:24 ч. Response Sent
[Info]16:24 ч. Request Sent
[Info]16:24 ч. Retrieving the ratings by carId
[Info]16:24 ч. Request Sent
[Info]16:24 ч. Retrieving the ratings by carId
[Info]16:24 ч. Request Sent
[Info]16:24 ч. Retrieving the ratings by carId
[Info]16:24 ч. Request Sent
[Info]16:24 ч. Retrieving the ratings by carId
[Info]16:24 ч. Retrieving the ratings by carId
[Info]16:24 ч. Request Sent
[Info]16:24 ч. Retrieving the ratings by carId
[Info]16:24 ч. Response Sent
[Info]16:24 ч. Request Sent
[Info]16:24 ч. Response Sent
[Info]16:24 ч. Retrieving the ratings by carId
[Info]16:24 ч. Response Sent
[Info]16:24 ч. Response Sent
[Info]16:24 ч. Request Sent
[Info]16:24 ч. Retrieving the ratings by carId
[Info]16:24 ч. Request Sent
[Info]16:24 ч. Response Sent
[Info]16:24 ч. Retrieving the ratings by carId
[Info]16:24 ч. Response Sent
[Info]16:24 ч. Retrieving the ratings by carId
[Info]16:24 ч. Response Sent
[Info]16:24 ч. Retrieving the ratings by carId
[Info]16:24 ч. Response Sent
[Info]16:24 ч. Response Sent
[Info]16:24 ч. Response Sent
[Info]16:44 ч. Request Sent
[Info]16:44 ч. Response Sent
[Info]16:44 ч. Request Sent
[Info]16:44 ч. Request Sent
[Info]16:44 ч. Response Sent
