[Info]08:55 ч. Request Sent
[Info]08:55 ч. Response Sent
[Info]08:55 ч. Request Sent
[Info]08:55 ч. Request Sent
[Info]08:55 ч. Response Sent
[Info]08:55 ч. Request Sent
[Info]08:55 ч. Response Sent
[Info]08:55 ч. Request Sent
[Info]08:55 ч. Response Sent
[Info]19:20 ч. Request Sent
[Info]19:20 ч. Retrieving the list of latest cars
[Info]19:21 ч. There are 6 cars in the fleet
[Info]19:21 ч. Response Sent
[Info]19:21 ч. Request Sent
[Info]19:21 ч. Response Sent
[Info]19:21 ч. Request Sent
[Info]19:21 ч. Response Sent
[Info]19:21 ч. Request Sent
[Info]19:21 ч. Response Sent
[Info]19:21 ч. Request Sent
[Info]19:21 ч. Response Sent
[Info]19:27 ч. Request Sent
[Info]19:27 ч. Response Sent
[Info]19:27 ч. Request Sent
[Info]19:27 ч. Response Sent
[Info]19:27 ч. Request Sent
[Info]19:27 ч. Response Sent
[Info]19:27 ч. Request Sent
[Info]19:27 ч. Response Sent
[Info]19:28 ч. Request Sent
[Info]19:28 ч. Response Sent
[Info]19:28 ч. Request Sent
[Info]19:28 ч. Response Sent
[Info]19:28 ч. Request Sent
[Info]19:28 ч. Response Sent
[Info]19:28 ч. Request Sent
[Info]19:28 ч. Response Sent
[Info]19:28 ч. Request Sent
[Info]19:28 ч. Response Sent
[Info]19:28 ч. Request Sent
[Info]19:28 ч. Response Sent
[Info]19:28 ч. Request Sent
[Info]19:28 ч. Response Sent
[Info]19:28 ч. Request Sent
[Info]19:28 ч. Response Sent
[Info]19:35 ч. Request Sent
[Info]19:35 ч. Response Sent
[Info]19:35 ч. Request Sent
[Info]19:35 ч. Response Sent
[Info]19:36 ч. Request Sent
[Info]19:36 ч. Response Sent
[Info]19:36 ч. Request Sent
[Info]19:36 ч. Response Sent
[Info]19:36 ч. Request Sent
[Info]19:36 ч. Response Sent
[Info]19:36 ч. Request Sent
[Info]19:36 ч. Response Sent
[Info]19:36 ч. Request Sent
[Info]19:36 ч. Response Sent
[Info]19:36 ч. Request Sent
[Info]19:36 ч. Response Sent
[Info]19:50 ч. Request Sent
[Info]19:50 ч. Response Sent
[Info]19:50 ч. Request Sent
[Info]19:50 ч. Response Sent
[Info]19:50 ч. Request Sent
[Info]19:50 ч. Response Sent
[Info]19:50 ч. Request Sent
[Info]19:50 ч. Response Sent
[Info]19:52 ч. Request Sent
[Info]19:52 ч. Response Sent
[Info]19:52 ч. Request Sent
[Info]19:52 ч. Response Sent
[Info]19:52 ч. Request Sent
[Info]19:52 ч. Response Sent
[Info]19:52 ч. Request Sent
[Info]19:52 ч. User logged out the system.
[Info]19:52 ч. Response Sent
