[Info]20:39 ч. Request Sent
[Info]20:39 ч. Retrieving the list of cars
[Info]20:39 ч. There are 9 cars in the fleet
[Info]20:39 ч. Response Sent
[Info]20:39 ч. Request Sent
[Info]20:39 ч. Request Sent
[Info]20:39 ч. Request Sent
[Info]20:39 ч. Request Sent
[Info]20:39 ч. Request Sent
[Info]20:39 ч. Request Sent
[Info]20:39 ч. Retrieving the ratings by carId
[Info]20:39 ч. Response Sent
[Info]20:39 ч. Response Sent
[Info]20:39 ч. Response Sent
[Info]20:39 ч. Request Sent
[Info]20:39 ч. Request Sent
[Info]20:39 ч. Retrieving the ratings by carId
[Info]20:39 ч. Retrieving the ratings by carId
[Info]20:39 ч. Request Sent
[Info]20:39 ч. Request Sent
[Info]20:39 ч. Retrieving the ratings by carId
[Info]20:39 ч. Response Sent
[Info]20:39 ч. Response Sent
[Info]20:39 ч. Response Sent
[Info]20:39 ч. Response Sent
[Info]20:39 ч. Response Sent
[Info]20:39 ч. Request Sent
[Info]20:39 ч. Retrieving the list of bookings
[Info]20:39 ч. There are 6 bookings in the fleet
[Info]20:39 ч. Response Sent
[Info]20:43 ч. Request Sent
[Info]20:43 ч. Retrieving the list of bookings
[Info]20:43 ч. There are 6 bookings in the fleet
[Info]20:43 ч. Response Sent
[Info]20:43 ч. Request Sent
[Info]20:43 ч. Retrieving the list of bookings
[Info]20:43 ч. There are 6 bookings in the fleet
[Info]20:43 ч. Response Sent
[Info]20:45 ч. Request Sent
[Info]20:45 ч. Retrieving the list of bookings
[Info]20:45 ч. There are 6 bookings in the fleet
[Info]20:45 ч. Response Sent
[Info]20:45 ч. Request Sent
[Info]20:45 ч. Retrieving the list of bookings
[Info]20:45 ч. There are 6 bookings in the fleet
[Info]20:45 ч. Response Sent
[Info]20:46 ч. Request Sent
[Info]20:46 ч. Retrieving the list of bookings
[Info]20:46 ч. There are 6 bookings in the fleet
[Info]20:46 ч. Response Sent
[Info]20:46 ч. Request Sent
[Info]20:46 ч. Retrieving the list of bookings
[Info]20:46 ч. There are 6 bookings in the fleet
[Info]20:46 ч. Response Sent
[Info]20:46 ч. Request Sent
[Info]20:46 ч. Retrieving the list of bookings
[Info]20:46 ч. There are 6 bookings in the fleet
[Info]20:46 ч. Response Sent
[Info]20:46 ч. Request Sent
[Info]20:46 ч. Retrieving the list of bookings
[Info]20:46 ч. There are 6 bookings in the fleet
[Info]20:46 ч. Response Sent
[Info]20:47 ч. Request Sent
[Info]20:47 ч. Retrieving the list of bookings
[Info]20:47 ч. There are 6 bookings in the fleet
[Info]20:47 ч. Response Sent
[Info]20:48 ч. Request Sent
[Info]20:48 ч. Retrieving the list of bookings
[Info]20:48 ч. There are 6 bookings in the fleet
[Info]20:48 ч. Response Sent
[Info]20:48 ч. Request Sent
[Info]20:48 ч. Retrieving the list of bookings
[Info]20:48 ч. There are 6 bookings in the fleet
[Info]20:48 ч. Response Sent
[Info]20:48 ч. Request Sent
[Info]20:48 ч. Retrieving the list of bookings
[Info]20:48 ч. There are 6 bookings in the fleet
[Info]20:48 ч. Response Sent
[Info]20:50 ч. Request Sent
[Info]20:50 ч. Retrieving the list of bookings
[Info]20:50 ч. There are 6 bookings in the fleet
[Info]20:50 ч. Response Sent
[Info]20:52 ч. Request Sent
[Info]20:52 ч. Retrieving the list of bookings
[Info]20:52 ч. There are 6 bookings in the fleet
[Info]20:52 ч. Response Sent
[Info]20:52 ч. Request Sent
[Info]20:52 ч. Retrieving the list of bookings
[Info]20:52 ч. There are 6 bookings in the fleet
[Info]20:52 ч. Response Sent
[Info]20:52 ч. Request Sent
[Info]20:52 ч. Retrieving the list of bookings
[Info]20:52 ч. There are 6 bookings in the fleet
[Info]20:52 ч. Response Sent
[Info]20:52 ч. Request Sent
[Info]20:52 ч. Retrieving the list of bookings
[Info]20:52 ч. There are 6 bookings in the fleet
[Info]20:52 ч. Response Sent
[Info]20:52 ч. Request Sent
[Info]20:52 ч. Retrieving the list of bookings
[Info]20:52 ч. There are 6 bookings in the fleet
[Info]20:52 ч. Response Sent
[Info]20:53 ч. Request Sent
[Info]20:53 ч. Retrieving the list of bookings
[Info]20:53 ч. There are 6 bookings in the fleet
[Info]20:53 ч. Response Sent
[Info]20:53 ч. Request Sent
[Info]20:53 ч. Retrieving the list of bookings
[Info]20:53 ч. There are 6 bookings in the fleet
[Info]20:53 ч. Response Sent
[Info]20:54 ч. Request Sent
[Info]20:54 ч. Retrieving the list of bookings
[Info]20:54 ч. There are 6 bookings in the fleet
[Info]20:54 ч. Response Sent
[Info]20:55 ч. Request Sent
[Info]20:55 ч. Retrieving the list of cars
[Info]20:55 ч. There are 9 cars in the fleet
[Info]20:55 ч. Response Sent
[Info]20:55 ч. Request Sent
[Info]20:55 ч. Request Sent
[Info]20:55 ч. Retrieving the ratings by carId
[Info]20:55 ч. Request Sent
[Info]20:55 ч. Retrieving the ratings by carId
[Info]20:55 ч. Retrieving the ratings by carId
[Info]20:55 ч. Request Sent
[Info]20:55 ч. Request Sent
[Info]20:55 ч. Retrieving the ratings by carId
[Info]20:55 ч. Retrieving the ratings by carId
[Info]20:55 ч. Request Sent
[Info]20:55 ч. Retrieving the ratings by carId
[Info]20:55 ч. Response Sent
[Info]20:55 ч. Request Sent
[Info]20:55 ч. Retrieving the ratings by carId
[Info]20:55 ч. Request Sent
[Info]20:55 ч. Retrieving the ratings by carId
[Info]20:55 ч. Request Sent
[Info]20:55 ч. Retrieving the ratings by carId
[Info]20:55 ч. Retrieving the ratings by carId
[Info]20:55 ч. Retrieving the ratings by carId
[Info]20:55 ч. Response Sent
[Info]20:55 ч. Response Sent
[Info]20:55 ч. Response Sent
[Info]20:55 ч. Response Sent
[Info]20:55 ч. Response Sent
[Info]20:55 ч. Response Sent
[Info]20:55 ч. Response Sent
[Info]20:55 ч. Response Sent
[Info]20:56 ч. Request Sent
[Info]20:56 ч. Retrieving the car by Id
[Info]20:56 ч. Response Sent
[Info]20:56 ч. Request Sent
[Info]20:56 ч. Request Sent
[Info]20:56 ч. Retrieving the car by Id
[Info]20:56 ч. Response Sent
[Info]20:56 ч. Retrieving the list of locations
[Info]20:56 ч. There are 5 locations in the fleet
[Info]20:56 ч. Response Sent
[Info]20:56 ч. Request Sent
[Info]20:56 ч. Retrieving the list of locations
[Info]20:56 ч. There are 5 locations in the fleet
[Info]20:56 ч. Response Sent
[Info]20:58 ч. Request Sent
[Info]20:58 ч. Retrieving the list of locations
[Info]20:58 ч. There are 5 locations in the fleet
[Info]20:58 ч. Response Sent
[Info]20:58 ч. Request Sent
[Info]20:58 ч. Retrieving the list of locations
[Info]20:58 ч. There are 5 locations in the fleet
[Info]20:58 ч. Response Sent
[Info]20:59 ч. Request Sent
[Info]20:59 ч. Retrieving the list of locations
[Info]20:59 ч. There are 5 locations in the fleet
[Info]20:59 ч. Response Sent
[Info]21:00 ч. Request Sent
[Info]21:00 ч. Retrieving the list of locations
[Info]21:00 ч. There are 5 locations in the fleet
[Info]21:00 ч. Response Sent
[Info]21:02 ч. Request Sent
[Info]21:02 ч. Retrieving the list of locations
[Info]21:02 ч. There are 5 locations in the fleet
[Info]21:02 ч. Response Sent
[Info]21:02 ч. Request Sent
[Info]21:02 ч. Retrieving the list of locations
[Info]21:02 ч. There are 5 locations in the fleet
[Info]21:02 ч. Response Sent
[Info]21:02 ч. Request Sent
[Info]21:02 ч. Retrieving the car by Id
[Info]21:02 ч. Response Sent
[Info]21:02 ч. Request Sent
[Info]21:02 ч. Retrieving the list of locations
[Info]21:02 ч. There are 5 locations in the fleet
[Info]21:02 ч. Response Sent
[Info]21:02 ч. Request Sent
[Info]21:02 ч. Retrieving the car by Id
[Info]21:02 ч. Request Sent
[Info]21:02 ч. Retrieving the list of locations
[Info]21:02 ч. Response Sent
[Info]21:02 ч. There are 5 locations in the fleet
[Info]21:02 ч. Response Sent
[Info]21:04 ч. Request Sent
[Info]21:04 ч. Retrieving the car by Id
[Info]21:04 ч. Request Sent
[Info]21:04 ч. Retrieving the list of locations
[Info]21:04 ч. Response Sent
[Info]21:04 ч. There are 5 locations in the fleet
[Info]21:04 ч. Response Sent
[Info]21:04 ч. Request Sent
[Info]21:04 ч. Retrieving the list of locations
[Info]21:04 ч. There are 5 locations in the fleet
[Info]21:04 ч. Response Sent
[Info]21:04 ч. Request Sent
[Info]21:04 ч. Retrieving the car by Id
[Info]21:04 ч. Request Sent
[Info]21:04 ч. Retrieving the list of locations
[Info]21:04 ч. Response Sent
[Info]21:04 ч. There are 5 locations in the fleet
[Info]21:04 ч. Response Sent
[Info]21:06 ч. Request Sent
[Info]21:06 ч. Retrieving the list of locations
[Info]21:06 ч. There are 5 locations in the fleet
[Info]21:06 ч. Response Sent
[Info]21:06 ч. Request Sent
[Info]21:06 ч. Retrieving the car by Id
[Info]21:06 ч. Request Sent
[Info]21:06 ч. Retrieving the list of locations
[Info]21:06 ч. Response Sent
[Info]21:06 ч. There are 5 locations in the fleet
[Info]21:06 ч. Response Sent
[Info]21:06 ч. Request Sent
[Info]21:06 ч. Request Sent
[Info]21:06 ч. Retrieving the car by Id
[Info]21:06 ч. Retrieving the list of locations
[Info]21:06 ч. There are 5 locations in the fleet
[Info]21:06 ч. Response Sent
[Info]21:06 ч. Response Sent
[Info]21:06 ч. Request Sent
[Info]21:06 ч. Retrieving the list of locations
[Info]21:06 ч. There are 5 locations in the fleet
[Info]21:06 ч. Response Sent
[Info]21:08 ч. Request Sent
[Info]21:08 ч. Retrieving the list of locations
[Info]21:08 ч. There are 5 locations in the fleet
[Info]21:08 ч. Response Sent
[Info]21:08 ч. Request Sent
[Info]21:08 ч. Retrieving the car by Id
[Info]21:08 ч. Request Sent
[Info]21:08 ч. Retrieving the list of locations
[Info]21:08 ч. There are 5 locations in the fleet
[Info]21:08 ч. Response Sent
[Info]21:08 ч. Request Sent
[Info]21:08 ч. Retrieving the list of locations
[Info]21:08 ч. There are 5 locations in the fleet
[Info]21:08 ч. Response Sent
[Info]21:12 ч. Request Sent
[Info]21:12 ч. Retrieving the list of locations
[Info]21:12 ч. There are 5 locations in the fleet
[Info]21:12 ч. Response Sent
[Info]21:12 ч. Request Sent
[Info]21:12 ч. Request Sent
[Info]21:12 ч. Retrieving the list of locations
[Info]21:12 ч. There are 5 locations in the fleet
[Info]21:12 ч. Response Sent
[Info]21:12 ч. Response Sent
[Info]21:12 ч. Request Sent
[Info]21:12 ч. Retrieving the list of locations
[Info]21:12 ч. There are 5 locations in the fleet
[Info]21:12 ч. Response Sent
[Info]21:12 ч. Request Sent
[Info]21:12 ч. Request Sent
[Info]21:12 ч. Retrieving the list of locations
[Info]21:12 ч. There are 5 locations in the fleet
[Info]21:12 ч. Response Sent
[Info]21:12 ч. Response Sent
[Info]21:12 ч. Request Sent
[Info]21:12 ч. Retrieving the list of locations
[Info]21:12 ч. There are 5 locations in the fleet
[Info]21:12 ч. Response Sent
[Info]21:12 ч. Request Sent
[Info]21:12 ч. Retrieving the car by Id
[Info]21:12 ч. Request Sent
[Info]21:12 ч. Retrieving the list of locations
[Info]21:12 ч. There are 5 locations in the fleet
[Info]21:12 ч. Response Sent
[Info]21:12 ч. Response Sent
[Info]21:13 ч. Request Sent
[Info]21:13 ч. Retrieving the list of locations
[Info]21:13 ч. There are 5 locations in the fleet
[Info]21:13 ч. Response Sent
[Info]21:13 ч. Request Sent
[Info]21:13 ч. Retrieving the car by Id
[Info]21:13 ч. Request Sent
[Info]21:13 ч. Retrieving the list of locations
[Info]21:13 ч. Response Sent
[Info]21:13 ч. There are 5 locations in the fleet
[Info]21:13 ч. Response Sent
[Info]21:13 ч. Request Sent
[Info]21:13 ч. Retrieving the list of locations
[Info]21:13 ч. There are 5 locations in the fleet
[Info]21:13 ч. Response Sent
[Info]21:13 ч. Request Sent
[Info]21:13 ч. Retrieving the car by Id
[Info]21:13 ч. Request Sent
[Info]21:13 ч. Retrieving the list of locations
[Info]21:13 ч. Response Sent
[Info]21:13 ч. There are 5 locations in the fleet
[Info]21:13 ч. Response Sent
[Info]21:15 ч. Request Sent
[Info]21:15 ч. Retrieving the car by Id
[Info]21:15 ч. Request Sent
[Info]21:15 ч. Retrieving the list of locations
[Info]21:15 ч. Response Sent
[Info]21:15 ч. There are 5 locations in the fleet
[Info]21:15 ч. Response Sent
[Info]21:15 ч. Request Sent
[Info]21:15 ч. Retrieving the list of locations
[Info]21:15 ч. There are 5 locations in the fleet
[Info]21:15 ч. Response Sent
[Info]21:15 ч. Request Sent
[Info]21:15 ч. Retrieving the car by Id
[Info]21:15 ч. Retrieving the list of locations
[Info]21:15 ч. Response Sent
[Info]21:15 ч. There are 5 locations in the fleet
[Info]21:15 ч. Response Sent
[Info]21:15 ч. Request Sent
[Info]21:15 ч. Retrieving the list of locations
[Info]21:15 ч. There are 5 locations in the fleet
[Info]21:15 ч. Response Sent
[Info]21:16 ч. Request Sent
[Info]21:16 ч. Retrieving the list of locations
[Info]21:16 ч. There are 5 locations in the fleet
[Info]21:16 ч. Response Sent
[Info]21:17 ч. Request Sent
[Info]21:17 ч. Retrieving the list of locations
[Info]21:17 ч. There are 5 locations in the fleet
[Info]21:17 ч. Response Sent
[Info]21:17 ч. Request Sent
[Info]21:17 ч. Retrieving the car by Id
[Info]21:17 ч. Response Sent
[Info]21:17 ч. Request Sent
[Info]21:17 ч. Retrieving the car by Id
[Info]21:17 ч. Request Sent
[Info]21:17 ч. Retrieving the list of locations
[Info]21:17 ч. Response Sent
[Info]21:17 ч. There are 5 locations in the fleet
[Info]21:17 ч. Response Sent
