[Info]20:04 ч. Request Sent
[Info]20:04 ч. Response Sent
[Info]20:04 ч. Request Sent
[Info]20:04 ч. Request Sent
[Info]20:04 ч. Response Sent
[Info]20:04 ч. Response Sent
[Info]20:04 ч. Request Sent
[Info]20:04 ч. Response Sent
[Info]20:04 ч. Request Sent
[Info]20:04 ч. Retrieving the list of cars
[Info]20:04 ч. There are 6 cars in the fleet
[Info]20:04 ч. Response Sent
[Info]20:05 ч. Request Sent
[Info]20:05 ч. Response Sent
[Info]20:05 ч. Request Sent
[Info]20:05 ч. Response Sent
[Info]20:05 ч. Request Sent
[Info]20:05 ч. Response Sent
[Info]20:05 ч. Request Sent
[Info]20:05 ч. Retrieving the list of cars
[Info]20:05 ч. There are 6 cars in the fleet
[Info]20:05 ч. Response Sent
[Info]20:05 ч. Request Sent
[Info]20:05 ч. Response Sent
[Info]20:05 ч. Request Sent
[Info]20:05 ч. Response Sent
[Info]20:08 ч. Request Sent
[Info]20:08 ч. Response Sent
[Info]20:08 ч. Request Sent
[Info]20:08 ч. Retrieving the list of cars
[Info]20:08 ч. There are 6 cars in the fleet
[Info]20:08 ч. Response Sent
[Info]20:08 ч. Request Sent
[Info]20:08 ч. Response Sent
[Info]20:08 ч. Request Sent
[Info]20:08 ч. Car with ID 9001 was deleted
[Info]20:08 ч. Response Sent
[Info]22:59 ч. Request Sent
[Info]22:59 ч. Response Sent
[Info]22:59 ч. Request Sent
[Info]22:59 ч. Response Sent
[Info]23:00 ч. Request Sent
[Info]23:00 ч. Response Sent
[Info]23:00 ч. Request Sent
[Info]23:00 ч. Retrieving the list of cars
[Info]23:00 ч. There are 5 cars in the fleet
[Info]23:00 ч. Response Sent
[Info]23:00 ч. Request Sent
[Info]23:00 ч. Response Sent
[Info]23:00 ч. Request Sent
[Info]23:00 ч. Retrieving the list of cars
[Info]23:00 ч. There are 5 cars in the fleet
[Info]23:00 ч. Response Sent
[Info]23:01 ч. Request Sent
[Info]23:01 ч. Response Sent
[Info]23:01 ч. Request Sent
[Info]23:01 ч. Retrieving the list of cars
[Info]23:01 ч. There are 5 cars in the fleet
[Info]23:01 ч. Response Sent
[Info]23:02 ч. Request Sent
[Info]23:02 ч. Response Sent
[Info]23:02 ч. Request Sent
[Info]23:02 ч. Retrieving the list of cars
[Info]23:02 ч. There are 5 cars in the fleet
[Info]23:02 ч. Response Sent
[Info]23:04 ч. Request Sent
[Info]23:04 ч. Response Sent
[Info]23:04 ч. Request Sent
[Info]23:04 ч. Retrieving the list of cars
[Info]23:04 ч. There are 5 cars in the fleet
[Info]23:04 ч. Response Sent
[Info]23:05 ч. Request Sent
[Info]23:05 ч. Response Sent
[Info]23:05 ч. Request Sent
[Info]23:05 ч. Retrieving the list of cars
[Info]23:05 ч. There are 5 cars in the fleet
[Info]23:05 ч. Response Sent
[Info]23:05 ч. Request Sent
[Info]23:05 ч. Response Sent
[Info]23:05 ч. Request Sent
[Info]23:05 ч. Retrieving the list of cars
[Info]23:05 ч. There are 5 cars in the fleet
[Info]23:05 ч. Response Sent
[Info]23:06 ч. Request Sent
[Info]23:06 ч. Response Sent
[Info]23:06 ч. Request Sent
[Info]23:06 ч. Retrieving the list of cars
[Info]23:06 ч. There are 5 cars in the fleet
[Info]23:06 ч. Response Sent
[Info]23:07 ч. Request Sent
[Info]23:07 ч. Response Sent
[Info]23:07 ч. Request Sent
[Info]23:07 ч. Retrieving the list of cars
[Info]23:07 ч. There are 5 cars in the fleet
[Info]23:07 ч. Response Sent
[Info]23:09 ч. Request Sent
[Info]23:09 ч. Response Sent
[Info]23:09 ч. Request Sent
[Info]23:09 ч. Retrieving the list of categories
[Info]23:09 ч. There are 7 categories in the fleet
[Info]23:09 ч. Response Sent
[Info]23:11 ч. Request Sent
[Info]23:11 ч. Response Sent
[Info]23:11 ч. Request Sent
[Info]23:11 ч. Retrieving the list of cars
[Info]23:11 ч. There are 5 cars in the fleet
[Info]23:11 ч. Response Sent
[Info]23:11 ч. Request Sent
[Info]23:11 ч. Response Sent
[Info]23:11 ч. Request Sent
[Info]23:11 ч. Retrieving the list of categories
[Info]23:11 ч. There are 7 categories in the fleet
[Info]23:11 ч. Response Sent
[Info]23:11 ч. Request Sent
[Info]23:11 ч. Response Sent
[Info]23:11 ч. Request Sent
[Info]23:11 ч. Response Sent
[Info]23:14 ч. Request Sent
[Info]23:14 ч. Response Sent
[Info]23:14 ч. Request Sent
[Info]23:14 ч. Retrieving the list of cars
[Info]23:14 ч. There are 5 cars in the fleet
[Info]23:14 ч. Response Sent
[Info]23:14 ч. Request Sent
[Info]23:14 ч. Response Sent
[Info]23:14 ч. Request Sent
[Info]23:14 ч. Retrieving the list of categories
[Info]23:14 ч. There are 7 categories in the fleet
[Info]23:14 ч. Response Sent
[Info]23:15 ч. Request Sent
[Info]23:15 ч. Response Sent
[Info]23:15 ч. Request Sent
[Info]23:15 ч. Retrieving the list of categories
[Info]23:15 ч. There are 7 categories in the fleet
[Info]23:15 ч. Response Sent
[Info]23:15 ч. Request Sent
[Info]23:15 ч. Response Sent
[Info]23:15 ч. Request Sent
[Info]23:15 ч. Response Sent
[Info]23:19 ч. Request Sent
[Info]23:19 ч. Response Sent
[Info]23:19 ч. Request Sent
[Info]23:19 ч. Retrieving the list of cars
[Info]23:19 ч. There are 5 cars in the fleet
[Info]23:19 ч. Response Sent
[Info]23:19 ч. Request Sent
[Info]23:19 ч. Response Sent
[Info]23:19 ч. Request Sent
[Info]23:19 ч. Retrieving the list of categories
[Info]23:19 ч. There are 7 categories in the fleet
[Info]23:19 ч. Response Sent
[Info]23:19 ч. Request Sent
[Info]23:19 ч. Response Sent
[Info]23:19 ч. Request Sent
[Info]23:19 ч. Response Sent
[Info]23:21 ч. Request Sent
[Info]23:21 ч. Response Sent
[Info]23:21 ч. Request Sent
[Info]23:21 ч. Retrieving the list of cars
[Info]23:21 ч. There are 5 cars in the fleet
[Info]23:21 ч. Response Sent
[Info]23:21 ч. Request Sent
[Info]23:21 ч. Response Sent
[Info]23:21 ч. Request Sent
[Info]23:21 ч. Retrieving the list of categories
[Info]23:21 ч. There are 7 categories in the fleet
[Info]23:21 ч. Response Sent
[Info]23:21 ч. Request Sent
[Info]23:21 ч. Response Sent
[Info]23:21 ч. Request Sent
[Info]23:21 ч. Response Sent
[Info]23:22 ч. Request Sent
[Info]23:22 ч. Response Sent
[Info]23:22 ч. Request Sent
[Info]23:22 ч. Retrieving the list of cars
[Info]23:22 ч. There are 5 cars in the fleet
[Info]23:22 ч. Response Sent
[Info]23:22 ч. Request Sent
[Info]23:22 ч. Response Sent
[Info]23:22 ч. Request Sent
[Info]23:22 ч. Retrieving the list of categories
[Info]23:22 ч. There are 7 categories in the fleet
[Info]23:22 ч. Response Sent
[Info]23:22 ч. Request Sent
[Info]23:22 ч. Response Sent
[Info]23:22 ч. Request Sent
[Info]23:22 ч. Response Sent
[Info]23:26 ч. Request Sent
[Info]23:27 ч. Request Sent
[Info]23:27 ч. Response Sent
[Info]23:27 ч. Request Sent
[Info]23:27 ч. Retrieving the list of cars
[Info]23:27 ч. There are 5 cars in the fleet
[Info]23:27 ч. Response Sent
[Info]23:27 ч. Request Sent
[Info]23:27 ч. Response Sent
[Info]23:27 ч. Request Sent
[Info]23:27 ч. Retrieving the list of categories
[Info]23:27 ч. There are 7 categories in the fleet
[Info]23:27 ч. Response Sent
[Info]23:27 ч. Request Sent
[Info]23:27 ч. Response Sent
[Info]23:27 ч. Request Sent
[Info]23:28 ч. Request with the updated car was sent!
[Info]23:28 ч. Request Sent
[Info]23:28 ч. Response Sent
[Info]23:28 ч. Request Sent
[Info]23:28 ч. Retrieving the list of cars
[Info]23:28 ч. There are 5 cars in the fleet
[Info]23:28 ч. Response Sent
[Info]23:28 ч. Request Sent
[Info]23:28 ч. Response Sent
[Info]23:28 ч. Request Sent
[Info]23:28 ч. Retrieving the list of categories
[Info]23:28 ч. There are 7 categories in the fleet
[Info]23:28 ч. Response Sent
[Info]23:29 ч. Request Sent
[Info]23:29 ч. Response Sent
[Info]23:29 ч. Request Sent
[Info]23:29 ч. Request Sent
[Info]23:30 ч. Request with the updated car was sent!
[Info]23:30 ч. Request Sent
[Info]23:30 ч. Request with the updated car was sent!
[Info]23:30 ч. Request with the updated car was sent!
