[Info]00:00 ч. Retrieving the car by Id
[Info]00:00 ч. Retrieving the list of cars
[Info]00:00 ч. There are 5 cars in the fleet
[Info]00:01 ч. Retrieving the car by Id
[Info]16:27 ч. Retrieving the car by Id
[Info]16:50 ч. Retrieving the car by Id
[Info]16:51 ч. Retrieving the car by Id
[Info]16:52 ч. Retrieving the car by Id
[Info]16:54 ч. Retrieving the car by Id
[Info]16:59 ч. Retrieving the car by Id
[Info]17:14 ч. Retrieving the car by Id
[Info]17:16 ч. Retrieving the car by Id
[Info]17:26 ч. Retrieving the list of cars
[Info]17:26 ч. There are 5 cars in the fleet
[Info]17:30 ч. Retrieving the list of cars
[Info]17:30 ч. There are 5 cars in the fleet
[Info]17:31 ч. Retrieving the list of cars
[Info]17:31 ч. There are 5 cars in the fleet
[Info]17:31 ч. Retrieving the car by Id
[Info]17:31 ч. Retrieving the car by Id
[Info]17:31 ч. Retrieving the list of cars
[Info]17:31 ч. There are 5 cars in the fleet
[Info]17:34 ч. Retrieving the car by Id
[Info]17:35 ч. Retrieving the list of cars
[Info]17:35 ч. There are 5 cars in the fleet
[Info]17:35 ч. Retrieving the list of cars
[Info]17:35 ч. There are 5 cars in the fleet
[Info]17:58 ч. Retrieving the list of cars
[Info]17:58 ч. There are 5 cars in the fleet
[Info]17:58 ч. Retrieving the list of cars
[Info]17:58 ч. There are 5 cars in the fleet
[Info]17:58 ч. Retrieving the list of cars
[Info]17:58 ч. There are 5 cars in the fleet
[Info]18:01 ч. Retrieving the list of cars
[Info]18:01 ч. There are 5 cars in the fleet
[Info]18:01 ч. Retrieving the list of cars
[Info]18:01 ч. There are 5 cars in the fleet
[Info]18:02 ч. Retrieving the list of cars
[Info]18:02 ч. There are 5 cars in the fleet
[Info]18:02 ч. Retrieving the list of cars
[Info]18:02 ч. There are 5 cars in the fleet
[Info]18:02 ч. Retrieving the list of cars
[Info]18:02 ч. There are 5 cars in the fleet
[Info]18:04 ч. Retrieving the list of cars
[Info]18:04 ч. There are 5 cars in the fleet
[Info]18:11 ч. Retrieving the list of cars
[Info]18:11 ч. There are 5 cars in the fleet
[Info]18:13 ч. Retrieving the list of cars
[Info]18:13 ч. There are 5 cars in the fleet
[Info]18:19 ч. Retrieving the list of cars
[Info]18:19 ч. There are 5 cars in the fleet
[Info]18:19 ч. Retrieving the list of cars
[Info]18:19 ч. There are 5 cars in the fleet
[Info]18:20 ч. Retrieving the list of cars
[Info]18:20 ч. There are 5 cars in the fleet
[Info]18:23 ч. Retrieving the list of cars
[Info]18:23 ч. There are 5 cars in the fleet
[Info]18:24 ч. Retrieving the list of cars
[Info]18:24 ч. There are 5 cars in the fleet
[Info]18:38 ч. Retrieving the list of cars
[Info]18:38 ч. There are 6 cars in the fleet
[Info]18:38 ч. Retrieving the list of cars
[Info]18:38 ч. There are 5 cars in the fleet
[Info]18:39 ч. Retrieving the list of cars
[Info]18:39 ч. There are 5 cars in the fleet
[Info]18:40 ч. Retrieving the list of cars
[Info]18:40 ч. There are 5 cars in the fleet
[Info]18:41 ч. Retrieving the list of cars
[Info]18:41 ч. There are 5 cars in the fleet
[Info]18:49 ч. Retrieving the list of cars
[Info]18:49 ч. There are 5 cars in the fleet
[Info]18:59 ч. Retrieving the ratings by carId
[Info]18:59 ч. Retrieving the list of cars
[Info]18:59 ч. There are 5 cars in the fleet
[Info]18:59 ч. Retrieving the rating by Id
[Info]18:59 ч. Retrieving the rating by Id
[Info]18:59 ч. Retrieving the rating by Id
[Info]18:59 ч. Retrieving the rating by Id
[Info]18:59 ч. Retrieving the list of cars
[Info]18:59 ч. There are 6 cars in the fleet
[Info]18:59 ч. Retrieving the list of cars
[Info]18:59 ч. There are 5 cars in the fleet
[Info]18:59 ч. Retrieving the rating by Id
[Info]18:59 ч. Retrieving the rating by Id
[Info]18:59 ч. Retrieving the rating by Id
[Info]18:59 ч. Retrieving the rating by Id
[Info]18:59 ч. Retrieving the rating by Id
[Info]18:59 ч. Retrieving the rating by Id
[Info]18:59 ч. Retrieving the rating by Id
[Info]18:59 ч. Retrieving the rating by Id
[Info]18:59 ч. Retrieving the rating by Id
[Info]19:00 ч. Retrieving the list of cars
[Info]19:00 ч. There are 5 cars in the fleet
[Info]19:00 ч. Retrieving the rating by Id
[Info]19:00 ч. Retrieving the rating by Id
[Info]19:00 ч. Retrieving the rating by Id
[Info]19:00 ч. Retrieving the rating by Id
[Info]19:00 ч. Retrieving the rating by Id
[Info]19:00 ч. Retrieving the rating by Id
[Info]19:00 ч. Retrieving the rating by Id
[Info]19:00 ч. Retrieving the rating by Id
[Info]19:00 ч. Retrieving the rating by Id
[Info]19:00 ч. Retrieving the rating by Id
[Info]19:01 ч. Retrieving the rating by Id
[Info]19:02 ч. Retrieving the list of cars
[Info]19:02 ч. There are 5 cars in the fleet
[Info]19:04 ч. Retrieving the list of cars
[Info]19:04 ч. There are 5 cars in the fleet
[Info]19:04 ч. Retrieving the ratings by carId
[Info]19:04 ч. Retrieving the ratings by carId
[Info]19:04 ч. Retrieving the ratings by carId
[Info]19:04 ч. Retrieving the list of cars
[Info]19:04 ч. There are 5 cars in the fleet
[Info]19:04 ч. Retrieving the list of bookings
[Info]19:04 ч. There are 3 bookings in the fleet
[Info]19:04 ч. Retrieving the list of cars
[Info]19:04 ч. There are 5 cars in the fleet
[Info]19:04 ч. Retrieving the ratings by carId
[Info]19:04 ч. Retrieving the ratings by carId
[Info]19:04 ч. Retrieving the ratings by carId
[Info]19:04 ч. Retrieving the ratings by carId
[Info]19:04 ч. Retrieving the ratings by carId
[Info]19:04 ч. Retrieving the ratings by carId
[Info]19:04 ч. Retrieving the ratings by carId
[Info]19:04 ч. Retrieving the list of cars
[Info]19:04 ч. There are 5 cars in the fleet
[Info]19:04 ч. Retrieving the ratings by carId
[Info]19:04 ч. Retrieving the ratings by carId
[Info]19:04 ч. Retrieving the ratings by carId
[Info]19:04 ч. Retrieving the ratings by carId
[Info]19:04 ч. Retrieving the ratings by carId
[Info]19:04 ч. Retrieving the ratings by carId
[Info]19:04 ч. Retrieving the ratings by carId
[Info]19:04 ч. Retrieving the ratings by carId
[Info]19:04 ч. Retrieving the ratings by carId
[Info]19:04 ч. Retrieving the ratings by carId
[Info]21:19 ч. Retrieving the list of cars
[Info]21:19 ч. There are 6 cars in the fleet
[Info]21:19 ч. Retrieving the list of categories
[Info]21:19 ч. There are 3 categories in the fleet
[Info]21:20 ч. Retrieving the list of categories
[Info]21:20 ч. There are 3 categories in the fleet
[Info]21:20 ч. Retrieving the list of categories
[Info]21:20 ч. There are 3 categories in the fleet
[Info]21:20 ч. Retrieving the list of categories
[Info]21:20 ч. There are 3 categories in the fleet
[Info]21:22 ч. Retrieving the list of categories
[Info]21:22 ч. There are 3 categories in the fleet
[Info]21:22 ч. Retrieving the list of categories
[Info]21:22 ч. There are 3 categories in the fleet
[Info]21:23 ч. Retrieving the list of cars
[Info]21:23 ч. There are 5 cars in the fleet
[Info]21:23 ч. Retrieving the ratings by carId
[Info]21:23 ч. Retrieving the ratings by carId
[Info]21:23 ч. Retrieving the ratings by carId
[Info]21:23 ч. Retrieving the ratings by carId
[Info]21:23 ч. Retrieving the ratings by carId
[Info]21:23 ч. Retrieving the ratings by carId
[Info]21:23 ч. Retrieving the ratings by carId
[Info]21:23 ч. Retrieving the ratings by carId
[Info]21:23 ч. Retrieving the ratings by carId
[Info]21:23 ч. Retrieving the ratings by carId
[Info]21:25 ч. Retrieving the list of cars
[Info]21:25 ч. There are 5 cars in the fleet
[Info]21:25 ч. Retrieving the car by Id
[Info]21:25 ч. Retrieving the list of locations
[Info]21:25 ч. There are 3 locations in the fleet
[Info]21:25 ч. Retrieving the car by Id
[Info]21:25 ч. Retrieving the list of cars
[Info]21:25 ч. There are 5 cars in the fleet
[Info]21:25 ч. Retrieving the list of cars
[Info]21:25 ч. There are 5 cars in the fleet
[Info]21:25 ч. Retrieving the ratings by carId
[Info]21:25 ч. Retrieving the ratings by carId
[Info]21:25 ч. Retrieving the ratings by carId
[Info]21:25 ч. Retrieving the ratings by carId
[Info]21:25 ч. Retrieving the ratings by carId
[Info]21:25 ч. Retrieving the ratings by carId
[Info]21:25 ч. Retrieving the ratings by carId
[Info]21:25 ч. Retrieving the list of categories
[Info]21:25 ч. There are 3 categories in the fleet
[Info]21:25 ч. Retrieving the list of categories
[Info]21:25 ч. There are 3 categories in the fleet
[Info]21:25 ч. Retrieving the list of categories
[Info]21:25 ч. There are 3 categories in the fleet
[Info]21:26 ч. Retrieving the list of categories
[Info]21:26 ч. There are 3 categories in the fleet
[Info]21:26 ч. Retrieving the list of categories
[Info]21:26 ч. There are 3 categories in the fleet
[Info]21:26 ч. Retrieving the list of categories
[Info]21:26 ч. There are 3 categories in the fleet
[Info]21:26 ч. Retrieving the list of categories
[Info]21:26 ч. There are 3 categories in the fleet
[Info]21:26 ч. Retrieving the list of cars
[Info]21:26 ч. There are 6 cars in the fleet
[Info]21:26 ч. Retrieving the list of cars
[Info]21:26 ч. There are 5 cars in the fleet
[Info]21:26 ч. Retrieving the car by Id
[Info]21:34 ч. Retrieving the ratings by carId
[Info]21:34 ч. Retrieving the rating by Id
[Info]21:34 ч. Retrieving the rating by Id
[Info]22:00 ч. Retrieving the car by Id
[Info]22:01 ч. Retrieving the list of cars
[Info]22:01 ч. There are 5 cars in the fleet
[Info]22:01 ч. Retrieving the ratings by carId
[Info]22:01 ч. Retrieving the ratings by carId
[Info]22:01 ч. Retrieving the ratings by carId
[Info]22:01 ч. Retrieving the ratings by carId
[Info]22:01 ч. Retrieving the ratings by carId
[Info]22:01 ч. Retrieving the ratings by carId
[Info]22:01 ч. Retrieving the ratings by carId
[Info]22:01 ч. Retrieving the ratings by carId
[Info]22:01 ч. Retrieving the ratings by carId
[Info]22:01 ч. Retrieving the list of cars
[Info]22:01 ч. There are 5 cars in the fleet
[Info]22:01 ч. Retrieving the car by Id
[Info]22:01 ч. Retrieving the list of cars
[Info]22:01 ч. There are 5 cars in the fleet
[Info]22:01 ч. Retrieving the ratings by carId
[Info]22:01 ч. Retrieving the ratings by carId
[Info]22:01 ч. Retrieving the ratings by carId
[Info]22:01 ч. Retrieving the ratings by carId
[Info]22:01 ч. Retrieving the ratings by carId
[Info]22:01 ч. Retrieving the ratings by carId
[Info]22:01 ч. Retrieving the list of cars
[Info]22:01 ч. There are 5 cars in the fleet
[Info]22:01 ч. Retrieving the ratings by carId
[Info]22:01 ч. Retrieving the ratings by carId
[Info]22:01 ч. Retrieving the ratings by carId
[Info]22:01 ч. Retrieving the ratings by carId
[Info]22:01 ч. Retrieving the ratings by carId
[Info]22:01 ч. Retrieving the ratings by carId
[Info]22:01 ч. Retrieving the list of cars
[Info]22:01 ч. There are 5 cars in the fleet
[Info]22:01 ч. Retrieving the car by Id
[Info]22:01 ч. 0 was given  at 22:01:56.4160405
[Info]22:01 ч. Retrieving the list of bookings
[Info]22:01 ч. There are 3 bookings in the fleet
[Info]22:02 ч. Retrieving the car by Id
[Info]22:02 ч. 0 was given  at 22:02:04.3552294
[Info]22:02 ч. Retrieving the list of bookings
[Info]22:02 ч. There are 3 bookings in the fleet
[Info]22:10 ч. Retrieving the list of cars
[Info]22:10 ч. There are 5 cars in the fleet
[Info]22:10 ч. Retrieving the ratings by carId
[Info]22:10 ч. Retrieving the ratings by carId
[Info]22:10 ч. Retrieving the ratings by carId
[Info]22:10 ч. Retrieving the ratings by carId
[Info]22:10 ч. Retrieving the ratings by carId
[Info]22:10 ч. Retrieving the ratings by carId
[Info]22:10 ч. Retrieving the ratings by carId
[Info]22:10 ч. Retrieving the ratings by carId
[Info]22:10 ч. Retrieving the ratings by carId
[Info]22:10 ч. Retrieving the ratings by carId
[Info]22:10 ч. Retrieving the car by Id
[Info]22:10 ч. 0 was given  at 22:10:28.5004000
[Info]22:10 ч. 0 was given  at 22:10:28.5085883
[Info]22:10 ч. Retrieving the list of bookings
[Info]22:10 ч. There are 3 bookings in the fleet
[Info]22:13 ч. Retrieving the list of cars
[Info]22:13 ч. There are 5 cars in the fleet
[Info]22:13 ч. Retrieving the ratings by carId
[Info]22:13 ч. Retrieving the ratings by carId
[Info]22:13 ч. Retrieving the ratings by carId
[Info]22:13 ч. Retrieving the ratings by carId
[Info]22:13 ч. Retrieving the ratings by carId
[Info]22:13 ч. Retrieving the ratings by carId
[Info]22:13 ч. Retrieving the ratings by carId
[Info]22:13 ч. Retrieving the ratings by carId
[Info]22:13 ч. Retrieving the ratings by carId
[Info]22:13 ч. Retrieving the car by Id
[Info]22:13 ч. 0 was given  at 22:13:40.3825705
[Info]22:13 ч. 0 was given  at 22:13:40.3855455
[Info]22:13 ч. Retrieving the list of bookings
[Info]22:13 ч. There are 3 bookings in the fleet
[Info]22:14 ч. Retrieving the list of cars
[Info]22:14 ч. There are 5 cars in the fleet
[Info]22:14 ч. Retrieving the ratings by carId
[Info]22:14 ч. Retrieving the ratings by carId
[Info]22:14 ч. Retrieving the ratings by carId
[Info]22:14 ч. Retrieving the ratings by carId
[Info]22:14 ч. Retrieving the ratings by carId
[Info]22:14 ч. Retrieving the ratings by carId
[Info]22:14 ч. Retrieving the ratings by carId
[Info]22:25 ч. Retrieving the car by Id
[Info]22:25 ч. 0 was given  at 22:25:02.3694745
[Info]22:25 ч. 0 was given  at 22:25:02.3930523
[Info]22:25 ч. 5 was given  at 22:25:05.7077569
[Info]22:29 ч. 5 was given  at 22:29:14.6642591
[Info]22:30 ч. 5 was given  at 22:30:45.6184157
[Info]22:33 ч. 0 was given  at 22:33:21.6335966
[Info]22:34 ч. Retrieving the list of cars
[Info]22:34 ч. There are 5 cars in the fleet
[Info]22:34 ч. Retrieving the ratings by carId
[Info]22:34 ч. Retrieving the ratings by carId
[Info]22:34 ч. Retrieving the ratings by carId
[Info]22:34 ч. Retrieving the ratings by carId
[Info]22:34 ч. Retrieving the ratings by carId
[Info]22:34 ч. Retrieving the ratings by carId
[Info]22:34 ч. Retrieving the ratings by carId
[Info]22:34 ч. Retrieving the ratings by carId
[Info]22:34 ч. Retrieving the ratings by carId
[Info]22:34 ч. Retrieving the car by Id
[Info]22:34 ч. 0 was given  at 22:34:47.3602578
[Info]22:37 ч. Retrieving the list of cars
[Info]22:37 ч. There are 5 cars in the fleet
[Info]22:37 ч. Retrieving the ratings by carId
[Info]22:37 ч. Retrieving the ratings by carId
[Info]22:37 ч. Retrieving the ratings by carId
[Info]22:37 ч. Retrieving the ratings by carId
[Info]22:37 ч. Retrieving the ratings by carId
[Info]22:37 ч. Retrieving the ratings by carId
[Info]22:37 ч. Retrieving the ratings by carId
[Info]22:37 ч. Retrieving the ratings by carId
[Info]22:37 ч. Retrieving the ratings by carId
[Info]22:39 ч. Retrieving the ratings by carId
[Info]22:39 ч. Retrieving the ratings by carId
[Info]22:39 ч. Retrieving the ratings by carId
[Info]22:39 ч. Retrieving the ratings by carId
[Info]22:53 ч. Retrieving the ratings by carId
[Info]22:53 ч. Retrieving the ratings by carId
[Info]22:53 ч. Retrieving the ratings by carId
[Info]22:53 ч. Retrieving the list of cars
[Info]22:53 ч. There are 5 cars in the fleet
[Info]22:53 ч. Retrieving the ratings by carId
[Info]22:53 ч. Retrieving the ratings by carId
[Info]22:53 ч. Retrieving the ratings by carId
[Info]22:53 ч. Retrieving the ratings by carId
[Info]22:53 ч. Retrieving the ratings by carId
[Info]22:53 ч. Retrieving the ratings by carId
[Info]22:53 ч. Retrieving the ratings by carId
[Info]22:53 ч. Retrieving the ratings by carId
[Info]22:53 ч. Retrieving the ratings by carId
[Info]23:10 ч. Retrieving the list of cars
[Info]23:10 ч. There are 5 cars in the fleet
[Info]23:10 ч. Retrieving the ratings by carId
[Info]23:10 ч. Retrieving the ratings by carId
[Info]23:10 ч. Retrieving the ratings by carId
[Info]23:10 ч. Retrieving the ratings by carId
[Info]23:10 ч. Retrieving the ratings by carId
[Info]23:10 ч. Retrieving the ratings by carId
[Info]23:10 ч. Retrieving the ratings by carId
[Info]23:10 ч. Retrieving the ratings by carId
[Info]23:10 ч. Retrieving the ratings by carId
[Info]23:10 ч. Retrieving the list of bookings
[Info]23:10 ч. There are 3 bookings in the fleet
[Info]23:10 ч. Retrieving the list of cars
[Info]23:10 ч. There are 5 cars in the fleet
[Info]23:10 ч. Retrieving the car by Id
[Info]23:10 ч. 0 was given  at 23:10:39.1431754
