[Info]11:36 ч. Request Sent
[Info]11:36 ч. Retrieving the list of cars
[Info]11:36 ч. There are 10 cars in the fleet
[Info]11:36 ч. Response Sent
[Info]11:36 ч. Request Sent
[Info]11:36 ч. Request Sent
[Info]11:36 ч. Retrieving the ratings by carId
[Info]11:36 ч. Request Sent
[Info]11:36 ч. Retrieving the ratings by carId
[Info]11:36 ч. Request Sent
[Info]11:36 ч. Retrieving the ratings by carId
[Info]11:36 ч. Request Sent
[Info]11:36 ч. Retrieving the ratings by carId
[Info]11:36 ч. Retrieving the ratings by carId
[Info]11:36 ч. Response Sent
[Info]11:36 ч. Response Sent
[Info]11:36 ч. Request Sent
[Info]11:36 ч. Request Sent
[Info]11:36 ч. Retrieving the ratings by carId
[Info]11:36 ч. Request Sent
[Info]11:36 ч. Response Sent
[Info]11:36 ч. Request Sent
[Info]11:36 ч. Response Sent
[Info]11:36 ч. Retrieving the ratings by carId
[Info]11:36 ч. Retrieving the ratings by carId
[Info]11:36 ч. Response Sent
[Info]11:36 ч. Response Sent
[Info]11:36 ч. Request Sent
[Info]11:36 ч. Response Sent
[Info]11:36 ч. Retrieving the ratings by carId
[Info]11:36 ч. Response Sent
[Info]11:36 ч. Retrieving the ratings by carId
[Info]11:36 ч. Response Sent
[Info]11:36 ч. Response Sent
[Info]11:36 ч. Request Sent
[Info]11:36 ч. Retrieving the car by Id
[Info]11:36 ч. Response Sent
[Info]11:37 ч. Request Sent
[Info]11:37 ч. Response Sent
[Info]11:37 ч. Request Sent
[Info]11:37 ч. Response Sent
[Info]11:37 ч. Request Sent
[Info]11:37 ч. Retrieving the renter by Id
[Info]11:37 ч. Response Sent
[Info]11:37 ч. Request Sent
[Info]11:37 ч. Retrieving the renter by Id
[Info]11:37 ч. Response Sent
[Info]11:37 ч. Request Sent
[Info]11:37 ч. Retrieving the list of cars
[Info]11:37 ч. There are 10 cars in the fleet
[Info]11:37 ч. Response Sent
[Info]11:37 ч. Request Sent
[Info]11:37 ч. Request Sent
[Info]11:37 ч. Request Sent
[Info]11:37 ч. Retrieving the ratings by carId
[Info]11:37 ч. Retrieving the ratings by carId
[Info]11:37 ч. Request Sent
[Info]11:37 ч. Retrieving the ratings by carId
[Info]11:37 ч. Request Sent
[Info]11:37 ч. Retrieving the ratings by carId
[Info]11:37 ч. Response Sent
[Info]11:37 ч. Retrieving the ratings by carId
[Info]11:37 ч. Response Sent
[Info]11:37 ч. Request Sent
[Info]11:37 ч. Response Sent
[Info]11:37 ч. Response Sent
[Info]11:37 ч. Request Sent
[Info]11:37 ч. Request Sent
[Info]11:37 ч. Retrieving the ratings by carId
[Info]11:37 ч. Retrieving the ratings by carId
[Info]11:37 ч. Response Sent
[Info]11:37 ч. Retrieving the ratings by carId
[Info]11:37 ч. Request Sent
[Info]11:37 ч. Retrieving the ratings by carId
[Info]11:37 ч. Request Sent
[Info]11:37 ч. Retrieving the ratings by carId
[Info]11:37 ч. Response Sent
[Info]11:37 ч. Response Sent
[Info]11:37 ч. Response Sent
[Info]11:37 ч. Response Sent
[Info]11:37 ч. Request Sent
[Info]11:37 ч. Retrieving the list of cars
[Info]11:37 ч. There are 10 cars in the fleet
[Info]11:37 ч. Response Sent
[Info]15:47 ч. Request Sent
[Info]15:47 ч. Retrieving the list of cars
[Info]15:47 ч. There are 10 cars in the fleet
[Info]15:47 ч. Response Sent
[Info]15:47 ч. Request Sent
[Info]15:47 ч. Request Sent
[Info]15:47 ч. Request Sent
[Info]15:47 ч. Response Sent
[Info]15:47 ч. Request Sent
[Info]15:47 ч. Retrieving the list of categories
[Info]15:47 ч. Retrieving the car by Id
[Info]15:47 ч. There are 7 categories in the fleet
[Info]15:47 ч. Response Sent
[Info]15:47 ч. Response Sent
[Info]15:47 ч. Request Sent
[Info]15:47 ч. Retrieving the car by Id
[Info]15:47 ч. Response Sent
[Info]15:47 ч. Request Sent
[Info]15:47 ч. Retrieving the list of categories
[Info]15:47 ч. There are 7 categories in the fleet
[Info]15:47 ч. Response Sent
[Info]15:47 ч. Request Sent
[Info]15:47 ч. Response Sent
[Info]15:47 ч. Request Sent
[Info]15:47 ч. Response Sent
[Info]15:47 ч. Request Sent
[Info]15:47 ч. Retrieving the renter by Id
[Info]15:47 ч. Response Sent
[Info]15:47 ч. Request Sent
[Info]15:47 ч. Retrieving the list of categories
[Info]15:47 ч. There are 7 categories in the fleet
[Info]15:47 ч. Response Sent
[Info]15:48 ч. Request Sent
[Info]15:48 ч. Retrieving the list of cars
[Info]15:48 ч. There are 10 cars in the fleet
[Info]15:48 ч. Response Sent
[Info]15:48 ч. Request Sent
[Info]15:48 ч. Request Sent
[Info]15:48 ч. Request Sent
[Info]15:48 ч. Retrieving the ratings by carId
[Info]15:48 ч. Retrieving the ratings by carId
[Info]15:48 ч. Retrieving the ratings by carId
[Info]15:48 ч. Request Sent
[Info]15:48 ч. Retrieving the ratings by carId
[Info]15:48 ч. Request Sent
[Info]15:48 ч. Request Sent
[Info]15:48 ч. Retrieving the ratings by carId
[Info]15:48 ч. Request Sent
[Info]15:48 ч. Retrieving the ratings by carId
[Info]15:48 ч. Request Sent
[Info]15:48 ч. Retrieving the ratings by carId
[Info]15:48 ч. Retrieving the ratings by carId
[Info]15:48 ч. Request Sent
[Info]15:48 ч. Retrieving the ratings by carId
[Info]15:48 ч. Request Sent
[Info]15:48 ч. Request Sent
[Info]15:48 ч. Retrieving the ratings by carId
[Info]15:48 ч. Retrieving the ratings by carId
[Info]15:48 ч. Response Sent
[Info]15:48 ч. Response Sent
[Info]15:48 ч. Response Sent
[Info]15:48 ч. Response Sent
[Info]15:48 ч. Response Sent
[Info]15:48 ч. Response Sent
[Info]15:48 ч. Response Sent
[Info]15:48 ч. Response Sent
[Info]15:48 ч. Response Sent
[Info]15:48 ч. Response Sent
[Info]15:48 ч. Request Sent
[Info]15:48 ч. Retrieving the ratings by carId
[Info]15:48 ч. Retrieving the ratings by carId
[Info]15:48 ч. Response Sent
[Info]15:48 ч. Response Sent
[Info]15:48 ч. Request Sent
[Info]15:48 ч. Retrieving the ratings by carId
[Info]15:48 ч. Request Sent
[Info]15:48 ч. Request Sent
[Info]15:48 ч. Retrieving the ratings by carId
[Info]15:48 ч. Response Sent
[Info]15:48 ч. Request Sent
[Info]15:48 ч. Request Sent
[Info]15:48 ч. Request Sent
[Info]15:48 ч. Retrieving the ratings by carId
[Info]15:48 ч. Retrieving the ratings by carId
[Info]15:48 ч. Retrieving the ratings by carId
[Info]15:48 ч. Retrieving the ratings by carId
[Info]15:48 ч. Response Sent
[Info]15:48 ч. Response Sent
[Info]15:48 ч. Response Sent
[Info]15:48 ч. Response Sent
[Info]15:48 ч. Response Sent
[Info]15:48 ч. Response Sent
[Info]15:48 ч. Request Sent
[Info]15:48 ч. Response Sent
[Info]15:48 ч. Request Sent
[Info]15:48 ч. User logged out the system.
[Info]15:48 ч. Response Sent
[Info]15:48 ч. Request Sent
[Info]15:48 ч. Response Sent
[Info]15:48 ч. Request Sent
[Info]15:48 ч. Response Sent
[Info]15:48 ч. Request Sent
[Info]15:48 ч. Retrieving the list of bookings
[Info]15:48 ч. There are 7 bookings in the fleet
[Info]15:48 ч. Response Sent
[Info]15:48 ч. Request Sent
[Info]15:48 ч. Retrieving the list of cars
[Info]15:48 ч. There are 10 cars in the fleet
[Info]15:48 ч. Response Sent
[Info]15:48 ч. Request Sent
[Info]15:48 ч. Retrieving the ratings by carId
[Info]15:48 ч. Request Sent
[Info]15:48 ч. Retrieving the ratings by carId
[Info]15:48 ч. Request Sent
[Info]15:48 ч. Request Sent
[Info]15:48 ч. Retrieving the ratings by carId
[Info]15:48 ч. Retrieving the ratings by carId
[Info]15:48 ч. Response Sent
[Info]15:48 ч. Response Sent
[Info]15:48 ч. Request Sent
[Info]15:48 ч. Request Sent
[Info]15:48 ч. Request Sent
[Info]15:48 ч. Request Sent
[Info]15:48 ч. Request Sent
[Info]15:48 ч. Retrieving the ratings by carId
[Info]15:48 ч. Response Sent
[Info]15:48 ч. Request Sent
[Info]15:48 ч. Retrieving the ratings by carId
[Info]15:48 ч. Retrieving the ratings by carId
[Info]15:48 ч. Retrieving the ratings by carId
[Info]15:48 ч. Response Sent
[Info]15:48 ч. Response Sent
[Info]15:48 ч. Response Sent
[Info]15:48 ч. Response Sent
[Info]15:48 ч. Response Sent
[Info]15:48 ч. Response Sent
[Info]15:48 ч. Response Sent
[Info]15:48 ч. Request Sent
[Info]15:48 ч. Request Sent
[Info]15:48 ч. Retrieving the ratings by carId
[Info]15:48 ч. Retrieving the ratings by carId
[Info]15:48 ч. Request Sent
[Info]15:48 ч. Retrieving the ratings by carId
[Info]15:48 ч. Retrieving the ratings by carId
[Info]15:48 ч. Retrieving the ratings by carId
[Info]15:48 ч. Retrieving the ratings by carId
[Info]15:48 ч. Response Sent
[Info]15:48 ч. Response Sent
[Info]15:48 ч. Response Sent
[Info]15:48 ч. Response Sent
[Info]15:48 ч. Response Sent
[Info]15:48 ч. Response Sent
[Info]15:48 ч. Request Sent
[Info]15:48 ч. Retrieving the list of bookings
[Info]15:48 ч. There are 7 bookings in the fleet
[Info]15:48 ч. Response Sent
[Info]15:48 ч. Request Sent
[Info]15:48 ч. Retrieving the list of cars
[Info]15:48 ч. There are 10 cars in the fleet
[Info]15:48 ч. Response Sent
[Info]15:49 ч. Request Sent
[Info]15:49 ч. Retrieving the ratings by carId
[Info]15:49 ч. Request Sent
[Info]15:49 ч. Retrieving the ratings by carId
[Info]15:49 ч. Request Sent
[Info]15:49 ч. Request Sent
[Info]15:49 ч. Retrieving the ratings by carId
[Info]15:49 ч. Request Sent
[Info]15:49 ч. Retrieving the ratings by carId
[Info]15:49 ч. Retrieving the ratings by carId
[Info]15:49 ч. Retrieving the ratings by carId
[Info]15:49 ч. Retrieving the ratings by carId
[Info]15:49 ч. Response Sent
[Info]15:49 ч. Response Sent
[Info]15:49 ч. Response Sent
[Info]15:49 ч. Response Sent
[Info]15:49 ч. Response Sent
[Info]15:49 ч. Request Sent
[Info]15:49 ч. Retrieving the ratings by carId
[Info]15:49 ч. Retrieving the ratings by carId
[Info]15:49 ч. Request Sent
[Info]15:49 ч. Response Sent
[Info]15:49 ч. Retrieving the ratings by carId
[Info]15:49 ч. Response Sent
[Info]15:49 ч. Response Sent
[Info]15:49 ч. Response Sent
[Info]15:49 ч. Response Sent
[Info]15:49 ч. Response Sent
[Info]15:49 ч. Response Sent
[Info]15:49 ч. Request Sent
[Info]15:49 ч. Response Sent
[Info]15:49 ч. Request Sent
[Info]15:49 ч. User logged out the system.
[Info]15:49 ч. Response Sent
[Info]15:49 ч. Request Sent
[Info]15:49 ч. Response Sent
[Info]15:49 ч. Request Sent
[Info]15:49 ч. Response Sent
[Info]15:49 ч. Request Sent
[Info]15:49 ч. Retrieving the list of cars
[Info]15:49 ч. There are 10 cars in the fleet
[Info]15:49 ч. Response Sent
[Info]16:04 ч. Request Sent
[Info]16:04 ч. Response Sent
[Info]16:04 ч. Request Sent
[Info]16:04 ч. User logged out the system.
[Info]16:04 ч. Response Sent
[Info]16:04 ч. Request Sent
[Info]16:04 ч. Response Sent
[Info]16:04 ч. Request Sent
[Info]16:04 ч. Response Sent
[Info]16:04 ч. Request Sent
[Info]16:04 ч. Retrieving the list of bookings
[Info]16:04 ч. There are 7 bookings in the fleet
[Info]16:04 ч. Response Sent
[Info]16:04 ч. Request Sent
[Info]16:04 ч. Response Sent
[Info]16:04 ч. Request Sent
[Info]16:14 ч. Request Sent
[Info]16:14 ч. Response Sent
[Info]16:14 ч. Request Sent
[Info]16:14 ч. Retrieving the list of bookings
[Info]16:14 ч. Request Sent
[Info]16:14 ч. Request Sent
[Info]16:14 ч. Response Sent
[Info]16:14 ч. Request Sent
[Info]16:14 ч. Retrieving the list of bookings
[Info]16:14 ч. Request Sent
[Info]16:14 ч. There are 7 bookings in the fleet
[Info]16:14 ч. Response Sent
[Info]16:14 ч. Request Sent
[Info]16:14 ч. Retrieving the list of bookings
[Info]16:14 ч. There are 7 bookings in the fleet
[Info]16:14 ч. Response Sent
[Info]16:17 ч. Request Sent
[Info]16:17 ч. Retrieving the list of bookings
[Info]16:17 ч. There are 7 bookings in the fleet
[Info]16:17 ч. Response Sent
[Info]16:17 ч. Request Sent
[Info]16:17 ч. Retrieving the list of bookings
[Info]16:17 ч. There are 7 bookings in the fleet
[Info]16:17 ч. Response Sent
[Info]16:17 ч. Request Sent
[Info]16:17 ч. Response Sent
[Info]16:17 ч. Request Sent
[Info]16:17 ч. A booking was deleted from the list
[Info]16:17 ч. Response Sent
[Info]16:17 ч. Request Sent
[Info]16:17 ч. Retrieving the list of bookings
[Info]16:17 ч. There are 6 bookings in the fleet
[Info]16:17 ч. Response Sent
[Info]16:27 ч. Request Sent
[Info]16:27 ч. Retrieving the list of bookings
[Info]16:27 ч. There are 6 bookings in the fleet
[Info]16:27 ч. Response Sent
[Info]16:28 ч. Request Sent
[Info]16:28 ч. Retrieving the list of bookings
[Info]16:28 ч. There are 6 bookings in the fleet
[Info]16:28 ч. Response Sent
[Info]16:29 ч. Request Sent
[Info]16:29 ч. Retrieving the list of bookings
[Info]16:29 ч. There are 6 bookings in the fleet
[Info]16:29 ч. Response Sent
[Info]16:30 ч. Request Sent
[Info]16:30 ч. Retrieving the list of bookings
[Info]16:30 ч. There are 6 bookings in the fleet
[Info]16:30 ч. Response Sent
[Info]16:49 ч. Request Sent
[Info]16:49 ч. Retrieving the list of bookings
[Info]16:49 ч. There are 6 bookings in the fleet
[Info]16:49 ч. Response Sent
