[Info]20:17 ч. Request Sent
[Info]20:17 ч. Response Sent
[Info]20:17 ч. Request Sent
[Info]20:17 ч. Request Sent
[Info]20:18 ч. Request Sent
[Info]20:18 ч. Response Sent
[Info]20:18 ч. Request Sent
[Info]20:18 ч. Response Sent
[Info]20:18 ч. Request Sent
[Info]20:18 ч. Response Sent
[Info]20:18 ч. Request Sent
[Info]20:18 ч. Retrieving the list of cars
[Info]20:18 ч. There are 5 cars in the fleet
[Info]20:18 ч. Response Sent
[Info]20:18 ч. Request Sent
[Info]20:18 ч. Response Sent
[Info]20:18 ч. Request Sent
[Info]20:18 ч. Car with ID 7001 was deleted
[Info]20:18 ч. Response Sent
[Info]20:18 ч. Request Sent
[Info]20:18 ч. Response Sent
[Info]20:18 ч. Request Sent
[Info]20:18 ч. Retrieving the list of categories
[Info]20:18 ч. There are 7 categories in the fleet
[Info]20:18 ч. Response Sent
[Info]20:19 ч. Request Sent
[Info]20:19 ч. Response Sent
[Info]20:19 ч. Request Sent
[Info]20:19 ч. Request with the updated car was sent!
[Info]20:20 ч. Request Sent
[Info]20:20 ч. Response Sent
[Info]20:26 ч. Request Sent
[Info]20:26 ч. Response Sent
[Info]20:26 ч. Request Sent
[Info]20:26 ч. Retrieving the list of cars
[Info]20:26 ч. There are 4 cars in the fleet
[Info]20:26 ч. Response Sent
[Info]20:26 ч. Request Sent
[Info]20:26 ч. Response Sent
[Info]20:26 ч. Request Sent
[Info]20:26 ч. Retrieving the list of categories
[Info]20:26 ч. There are 7 categories in the fleet
[Info]20:26 ч. Response Sent
[Info]20:26 ч. Request Sent
[Info]20:26 ч. Response Sent
[Info]20:26 ч. Request Sent
[Info]20:26 ч. Request with the updated car was sent!
[Info]20:27 ч. Request Sent
[Info]20:27 ч. Response Sent
[Info]20:27 ч. Request Sent
[Info]20:27 ч. Retrieving the renter by Id
[Info]20:27 ч. Request Sent
[Info]20:27 ч. Response Sent
[Info]20:27 ч. Request Sent
[Info]20:27 ч. Retrieving the list of cars
[Info]20:27 ч. There are 4 cars in the fleet
[Info]20:27 ч. Response Sent
[Info]20:27 ч. Request Sent
[Info]20:27 ч. Response Sent
[Info]20:27 ч. Request Sent
[Info]20:27 ч. Retrieving the list of categories
[Info]20:27 ч. There are 7 categories in the fleet
[Info]20:27 ч. Response Sent
[Info]20:27 ч. Request Sent
[Info]20:27 ч. Response Sent
[Info]20:27 ч. Request Sent
[Info]20:27 ч. Request with the updated car was sent!
[Info]20:28 ч. Request Sent
[Info]20:28 ч. Response Sent
[Info]20:28 ч. Request Sent
[Info]20:28 ч. Retrieving the list of cars
[Info]20:29 ч. There are 4 cars in the fleet
[Info]20:29 ч. Response Sent
[Info]20:29 ч. Request Sent
[Info]20:29 ч. Response Sent
[Info]20:29 ч. Request Sent
[Info]20:29 ч. Retrieving the list of categories
[Info]20:29 ч. There are 7 categories in the fleet
[Info]20:29 ч. Response Sent
[Info]20:29 ч. Request Sent
[Info]20:29 ч. Response Sent
[Info]20:29 ч. Request Sent
[Info]20:30 ч. Request Sent
[Info]20:30 ч. Response Sent
[Info]20:30 ч. Request Sent
[Info]20:30 ч. Retrieving the list of cars
[Info]20:30 ч. There are 4 cars in the fleet
[Info]20:30 ч. Response Sent
[Info]20:30 ч. Request Sent
[Info]20:30 ч. Response Sent
[Info]20:30 ч. Request Sent
[Info]20:30 ч. Retrieving the list of categories
[Info]20:30 ч. There are 7 categories in the fleet
[Info]20:30 ч. Response Sent
[Info]20:30 ч. Request Sent
[Info]20:30 ч. Response Sent
[Info]20:30 ч. Request Sent
[Info]20:34 ч. Request Sent
[Info]20:34 ч. Response Sent
[Info]20:34 ч. Request Sent
[Info]20:34 ч. Retrieving the list of categories
[Info]20:34 ч. Request Sent
[Info]20:34 ч. Response Sent
[Info]20:34 ч. Request Sent
[Info]20:34 ч. Retrieving the list of cars
[Info]20:34 ч. There are 7 categories in the fleet
[Info]20:34 ч. There are 4 cars in the fleet
[Info]20:34 ч. Response Sent
[Info]20:34 ч. Request Sent
[Info]20:34 ч. Response Sent
[Info]20:34 ч. Request Sent
[Info]20:34 ч. Retrieving the list of categories
[Info]20:34 ч. There are 7 categories in the fleet
[Info]20:34 ч. Response Sent
[Info]20:34 ч. Request Sent
[Info]20:34 ч. Response Sent
[Info]20:34 ч. Request Sent
[Info]20:38 ч. Request Sent
[Info]20:38 ч. Response Sent
[Info]20:38 ч. Request Sent
[Info]20:38 ч. Retrieving the list of cars
[Info]20:38 ч. There are 4 cars in the fleet
[Info]20:38 ч. Response Sent
[Info]20:38 ч. Request Sent
[Info]20:38 ч. Response Sent
[Info]20:38 ч. Request Sent
[Info]20:38 ч. Retrieving the list of categories
[Info]20:38 ч. There are 7 categories in the fleet
[Info]20:38 ч. Response Sent
[Info]20:38 ч. Request Sent
[Info]20:38 ч. Response Sent
[Info]20:38 ч. Request Sent
[Info]20:40 ч. Request Sent
[Info]20:40 ч. Response Sent
[Info]20:40 ч. Request Sent
[Info]20:40 ч. Response Sent
[Info]20:40 ч. Request Sent
[Info]20:40 ч. Request with the updated car was sent!
[Info]20:40 ч. Request with the updated car was sent!
[Info]20:40 ч. Request with the updated car was sent!
[Info]20:42 ч. Request Sent
[Info]20:42 ч. Response Sent
[Info]20:42 ч. Request Sent
[Info]20:42 ч. Retrieving the list of cars
[Info]20:42 ч. There are 4 cars in the fleet
[Info]20:42 ч. Response Sent
[Info]20:42 ч. Request Sent
[Info]20:42 ч. Response Sent
[Info]20:42 ч. Request Sent
[Info]20:42 ч. Retrieving the list of categories
[Info]20:42 ч. There are 7 categories in the fleet
[Info]20:42 ч. Response Sent
[Info]20:42 ч. Request Sent
[Info]20:42 ч. Response Sent
[Info]20:42 ч. Request Sent
[Info]20:42 ч. Request with the updated car was sent!
[Info]20:45 ч. Request Sent
[Info]20:45 ч. Response Sent
[Info]20:45 ч. Request Sent
[Info]20:45 ч. Retrieving the list of cars
[Info]20:45 ч. There are 4 cars in the fleet
[Info]20:45 ч. Response Sent
[Info]20:45 ч. Request Sent
[Info]20:45 ч. Response Sent
[Info]20:45 ч. Request Sent
[Info]20:45 ч. Retrieving the list of categories
[Info]20:45 ч. There are 7 categories in the fleet
[Info]20:45 ч. Response Sent
[Info]20:46 ч. Request Sent
[Info]20:46 ч. Response Sent
[Info]20:46 ч. Request Sent
[Info]20:46 ч. Retrieving the list of cars
[Info]20:46 ч. There are 4 cars in the fleet
[Info]20:46 ч. Response Sent
[Info]20:46 ч. Request Sent
[Info]20:46 ч. Response Sent
[Info]20:46 ч. Request Sent
[Info]20:46 ч. Retrieving the list of categories
[Info]20:46 ч. There are 7 categories in the fleet
[Info]20:46 ч. Response Sent
[Info]20:47 ч. Request Sent
[Info]20:47 ч. Response Sent
[Info]20:47 ч. Request Sent
[Info]20:47 ч. Retrieving the list of categories
[Info]20:47 ч. There are 7 categories in the fleet
[Info]20:47 ч. Response Sent
[Info]20:49 ч. Request Sent
[Info]20:49 ч. Response Sent
[Info]20:49 ч. Request Sent
[Info]20:49 ч. Retrieving the list of cars
[Info]20:49 ч. There are 4 cars in the fleet
[Info]20:49 ч. Response Sent
[Info]20:49 ч. Request Sent
[Info]20:49 ч. Response Sent
[Info]20:49 ч. Request Sent
[Info]20:49 ч. Retrieving the list of categories
[Info]20:49 ч. There are 7 categories in the fleet
[Info]20:49 ч. Response Sent
[Info]21:05 ч. Request Sent
[Info]21:05 ч. Response Sent
[Info]21:05 ч. Request Sent
[Info]21:05 ч. Retrieving the list of cars
[Info]21:05 ч. There are 4 cars in the fleet
[Info]21:05 ч. Response Sent
[Info]21:06 ч. Request Sent
[Info]21:06 ч. Response Sent
[Info]21:06 ч. Request Sent
[Info]21:06 ч. Retrieving the list of categories
[Info]21:06 ч. There are 7 categories in the fleet
[Info]21:06 ч. Response Sent
[Info]21:06 ч. Request Sent
[Info]21:06 ч. Response Sent
[Info]21:06 ч. Request Sent
[Info]21:06 ч. Request with the updated car was sent!
[Info]21:06 ч. The car was updated
[Info]21:06 ч. Response Sent
[Info]21:07 ч. Request Sent
[Info]21:07 ч. Response Sent
[Info]21:07 ч. Request Sent
[Info]21:07 ч. Retrieving the list of cars
[Info]21:07 ч. There are 4 cars in the fleet
[Info]21:07 ч. Response Sent
[Info]21:07 ч. Request Sent
[Info]21:07 ч. Response Sent
[Info]21:07 ч. Request Sent
[Info]21:07 ч. Retrieving the list of categories
[Info]21:07 ч. There are 7 categories in the fleet
[Info]21:07 ч. Response Sent
[Info]21:07 ч. Request Sent
[Info]21:07 ч. Response Sent
[Info]21:07 ч. Request Sent
[Info]21:07 ч. Request with the updated car was sent!
[Info]21:07 ч. The car was updated
[Info]21:07 ч. Response Sent
[Info]21:08 ч. Request Sent
[Info]21:08 ч. Response Sent
[Info]21:08 ч. Request Sent
[Info]21:08 ч. Retrieving the list of cars
[Info]21:08 ч. There are 4 cars in the fleet
[Info]21:08 ч. Response Sent
[Info]21:08 ч. Request Sent
[Info]21:08 ч. Response Sent
[Info]21:08 ч. Request Sent
[Info]21:08 ч. Retrieving the list of cars
[Info]21:08 ч. There are 4 cars in the fleet
[Info]21:08 ч. Response Sent
[Info]21:10 ч. Request Sent
[Info]21:10 ч. Response Sent
[Info]21:10 ч. Request Sent
[Info]21:10 ч. Retrieving the list of cars
[Info]21:10 ч. There are 4 cars in the fleet
[Info]21:10 ч. Response Sent
[Info]21:10 ч. Request Sent
[Info]21:10 ч. Response Sent
[Info]21:10 ч. Request Sent
[Info]21:10 ч. Retrieving the list of categories
[Info]21:10 ч. There are 7 categories in the fleet
[Info]21:10 ч. Response Sent
[Info]21:10 ч. Request Sent
[Info]21:10 ч. Response Sent
[Info]21:10 ч. Request Sent
[Info]21:10 ч. Request with the updated car was sent!
[Info]21:10 ч. The car was updated
[Info]21:10 ч. Response Sent
[Info]21:10 ч. Request Sent
[Info]21:10 ч. Response Sent
[Info]21:10 ч. Request Sent
[Info]21:10 ч. Retrieving the list of cars
[Info]21:10 ч. There are 4 cars in the fleet
[Info]21:10 ч. Response Sent
[Info]21:10 ч. Request Sent
[Info]21:10 ч. Response Sent
[Info]21:10 ч. Request Sent
[Info]21:10 ч. Retrieving the list of categories
[Info]21:10 ч. There are 7 categories in the fleet
[Info]21:10 ч. Response Sent
[Info]21:10 ч. Request Sent
[Info]21:10 ч. Response Sent
[Info]21:10 ч. Request Sent
[Info]21:10 ч. Request with the updated car was sent!
[Info]21:10 ч. The car was updated
[Info]21:10 ч. Response Sent
[Info]21:10 ч. Request Sent
[Info]21:10 ч. Response Sent
[Info]21:10 ч. Request Sent
[Info]21:10 ч. Retrieving the list of cars
[Info]21:10 ч. There are 4 cars in the fleet
[Info]21:10 ч. Response Sent
[Info]21:10 ч. Request Sent
[Info]21:10 ч. Response Sent
[Info]21:10 ч. Request Sent
[Info]21:10 ч. Retrieving the list of cars
[Info]21:10 ч. There are 4 cars in the fleet
[Info]21:10 ч. Response Sent
[Info]21:16 ч. Request Sent
[Info]21:16 ч. Response Sent
[Info]21:16 ч. Request Sent
[Info]21:16 ч. Retrieving the list of cars
[Info]21:16 ч. There are 4 cars in the fleet
[Info]21:16 ч. Response Sent
[Info]21:17 ч. Request Sent
[Info]21:17 ч. Response Sent
[Info]21:17 ч. Request Sent
[Info]21:17 ч. Retrieving the list of cars
[Info]21:17 ч. There are 4 cars in the fleet
[Info]21:17 ч. Response Sent
[Info]21:17 ч. Request Sent
[Info]21:17 ч. Response Sent
[Info]21:17 ч. Request Sent
[Info]21:17 ч. Retrieving the list of cars
[Info]21:17 ч. There are 4 cars in the fleet
[Info]21:17 ч. Response Sent
[Info]21:17 ч. Request Sent
[Info]21:17 ч. Retrieving the list of cars
[Info]21:17 ч. There are 4 cars in the fleet
[Info]21:17 ч. Response Sent
[Info]21:18 ч. Request Sent
[Info]21:18 ч. Response Sent
[Info]21:18 ч. Request Sent
[Info]21:18 ч. Retrieving the list of cars
[Info]21:18 ч. There are 4 cars in the fleet
[Info]21:18 ч. Response Sent
[Info]21:18 ч. Request Sent
[Info]21:18 ч. Response Sent
[Info]21:18 ч. Request Sent
[Info]21:18 ч. Response Sent
[Info]21:18 ч. Request Sent
[Info]21:18 ч. Response Sent
[Info]21:18 ч. Request Sent
[Info]21:18 ч. Retrieving the list of cars
[Info]21:18 ч. There are 4 cars in the fleet
[Info]21:18 ч. Response Sent
[Info]21:20 ч. Request Sent
[Info]21:20 ч. Response Sent
[Info]21:20 ч. Request Sent
[Info]21:20 ч. Retrieving the list of cars
[Info]21:20 ч. There are 4 cars in the fleet
[Info]21:20 ч. Response Sent
[Info]21:20 ч. Request Sent
[Info]21:20 ч. Response Sent
[Info]21:20 ч. Request Sent
[Info]21:20 ч. Retrieving the list of cars
[Info]21:20 ч. There are 4 cars in the fleet
[Info]21:20 ч. Response Sent
[Info]21:21 ч. Request Sent
[Info]21:21 ч. Response Sent
[Info]21:21 ч. Request Sent
[Info]21:21 ч. Retrieving the list of cars
[Info]21:21 ч. There are 4 cars in the fleet
[Info]21:21 ч. Response Sent
[Info]21:21 ч. Request Sent
[Info]21:21 ч. Response Sent
[Info]21:21 ч. Request Sent
[Info]21:21 ч. Retrieving the list of cars
[Info]21:21 ч. There are 4 cars in the fleet
[Info]21:21 ч. Response Sent
[Info]21:21 ч. Request Sent
[Info]21:21 ч. Response Sent
[Info]21:21 ч. Request Sent
[Info]21:21 ч. Retrieving the list of cars
[Info]21:21 ч. There are 4 cars in the fleet
[Info]21:21 ч. Response Sent
[Info]21:22 ч. Request Sent
[Info]21:22 ч. Response Sent
[Info]21:22 ч. Request Sent
[Info]21:22 ч. Retrieving the list of cars
[Info]21:22 ч. There are 4 cars in the fleet
[Info]21:22 ч. Response Sent
[Info]21:22 ч. Request Sent
[Info]21:22 ч. Response Sent
[Info]21:22 ч. Request Sent
[Info]21:22 ч. Retrieving the list of categories
[Info]21:22 ч. There are 7 categories in the fleet
[Info]21:22 ч. Response Sent
[Info]21:22 ч. Request Sent
[Info]21:22 ч. Response Sent
[Info]21:22 ч. Request Sent
[Info]21:22 ч. Request with the updated car was sent!
[Info]21:22 ч. The car was updated
[Info]21:22 ч. Response Sent
[Info]21:22 ч. Request Sent
[Info]21:22 ч. Response Sent
[Info]21:22 ч. Request Sent
[Info]21:22 ч. Retrieving the list of cars
[Info]21:22 ч. There are 4 cars in the fleet
[Info]21:22 ч. Response Sent
[Info]21:22 ч. Request Sent
[Info]21:22 ч. Response Sent
[Info]21:22 ч. Request Sent
[Info]21:22 ч. Retrieving the list of cars
[Info]21:22 ч. There are 19 cars in the fleet
[Info]21:22 ч. Response Sent
[Info]21:22 ч. Request Sent
[Info]21:22 ч. Response Sent
[Info]21:22 ч. Request Sent
[Info]21:22 ч. Retrieving the list of cars
[Info]21:22 ч. There are 4 cars in the fleet
[Info]21:22 ч. Response Sent
[Info]21:22 ч. Request Sent
[Info]21:22 ч. Response Sent
[Info]21:22 ч. Request Sent
[Info]21:22 ч. Retrieving the list of categories
[Info]21:22 ч. There are 7 categories in the fleet
[Info]21:22 ч. Response Sent
[Info]21:25 ч. Request Sent
[Info]21:25 ч. Response Sent
[Info]21:25 ч. Request Sent
[Info]21:25 ч. Retrieving the list of cars
[Info]21:25 ч. There are 4 cars in the fleet
[Info]21:25 ч. Response Sent
[Info]21:25 ч. Request Sent
[Info]21:25 ч. Response Sent
[Info]21:25 ч. Request Sent
[Info]21:25 ч. Retrieving the list of categories
[Info]21:25 ч. There are 7 categories in the fleet
[Info]21:25 ч. Response Sent
[Info]21:26 ч. Request Sent
[Info]21:26 ч. Response Sent
[Info]21:26 ч. Request Sent
[Info]21:26 ч. Retrieving the list of cars
[Info]21:26 ч. There are 4 cars in the fleet
[Info]21:26 ч. Response Sent
[Info]21:26 ч. Request Sent
[Info]21:26 ч. Response Sent
[Info]21:26 ч. Request Sent
[Info]21:26 ч. Retrieving the list of cars
[Info]21:26 ч. There are 4 cars in the fleet
[Info]21:26 ч. Response Sent
[Info]21:26 ч. Request Sent
[Info]21:26 ч. Response Sent
[Info]21:26 ч. Request Sent
[Info]21:26 ч. Retrieving the list of categories
[Info]21:26 ч. There are 7 categories in the fleet
[Info]21:26 ч. Response Sent
[Info]21:26 ч. Request Sent
[Info]21:26 ч. Response Sent
[Info]21:26 ч. Request Sent
[Info]21:26 ч. Retrieving the list of cars
[Info]21:26 ч. There are 4 cars in the fleet
[Info]21:26 ч. Response Sent
[Info]21:27 ч. Request Sent
[Info]21:27 ч. Response Sent
[Info]21:27 ч. Request Sent
[Info]21:27 ч. Retrieving the list of categories
[Info]21:27 ч. There are 7 categories in the fleet
[Info]21:27 ч. Response Sent
[Info]21:27 ч. Request Sent
[Info]21:27 ч. Response Sent
[Info]21:27 ч. Request Sent
[Info]21:27 ч. Retrieving the list of cars
[Info]21:27 ч. There are 4 cars in the fleet
[Info]21:27 ч. Response Sent
[Info]21:27 ч. Request Sent
[Info]21:27 ч. Response Sent
[Info]21:27 ч. Request Sent
[Info]21:27 ч. Retrieving the list of categories
[Info]21:27 ч. There are 7 categories in the fleet
[Info]21:27 ч. Response Sent
[Info]21:27 ч. Request Sent
[Info]21:27 ч. Response Sent
[Info]21:27 ч. Request Sent
[Info]21:27 ч. Retrieving the list of cars
[Info]21:27 ч. There are 4 cars in the fleet
[Info]21:27 ч. Response Sent
[Info]21:27 ч. Request Sent
[Info]21:27 ч. Response Sent
[Info]21:27 ч. Request Sent
[Info]21:27 ч. Retrieving the list of categories
[Info]21:27 ч. There are 7 categories in the fleet
[Info]21:27 ч. Response Sent
[Info]21:28 ч. Request Sent
[Info]21:28 ч. Response Sent
[Info]21:28 ч. Request Sent
[Info]21:28 ч. Retrieving the list of cars
[Info]21:28 ч. There are 4 cars in the fleet
[Info]21:28 ч. Response Sent
[Info]21:28 ч. Request Sent
[Info]21:28 ч. Response Sent
[Info]21:28 ч. Request Sent
[Info]21:28 ч. Retrieving the list of categories
[Info]21:28 ч. There are 7 categories in the fleet
[Info]21:28 ч. Response Sent
[Info]21:29 ч. Request Sent
[Info]21:29 ч. Response Sent
[Info]21:29 ч. Request Sent
[Info]21:29 ч. Request with the updated car was sent!
[Info]21:29 ч. The car was updated
[Info]21:29 ч. Response Sent
[Info]21:29 ч. Request Sent
[Info]21:29 ч. Response Sent
[Info]21:29 ч. Request Sent
[Info]21:29 ч. Retrieving the list of cars
[Info]21:29 ч. There are 4 cars in the fleet
[Info]21:29 ч. Response Sent
[Info]21:29 ч. Request Sent
[Info]21:29 ч. Response Sent
[Info]21:29 ч. Request Sent
[Info]21:29 ч. Retrieving the list of categories
[Info]21:29 ч. There are 7 categories in the fleet
[Info]21:29 ч. Response Sent
[Info]21:29 ч. Request Sent
[Info]21:30 ч. Response Sent
[Info]21:30 ч. Request Sent
[Info]21:30 ч. Retrieving the list of cars
[Info]21:30 ч. There are 4 cars in the fleet
[Info]21:30 ч. Response Sent
[Info]21:30 ч. Request Sent
[Info]21:30 ч. Response Sent
[Info]21:30 ч. Request Sent
[Info]21:30 ч. Retrieving the list of categories
[Info]21:30 ч. There are 7 categories in the fleet
[Info]21:30 ч. Response Sent
[Info]21:30 ч. Request Sent
[Info]21:30 ч. Response Sent
[Info]21:30 ч. Request Sent
[Info]21:30 ч. Retrieving the list of cars
[Info]21:30 ч. There are 4 cars in the fleet
[Info]21:30 ч. Response Sent
[Info]21:30 ч. Request Sent
[Info]21:30 ч. Response Sent
[Info]21:30 ч. Request Sent
[Info]21:30 ч. Retrieving the list of categories
[Info]21:30 ч. There are 7 categories in the fleet
[Info]21:30 ч. Response Sent
[Info]21:32 ч. Request Sent
[Info]21:32 ч. Response Sent
[Info]21:32 ч. Request Sent
[Info]21:32 ч. Retrieving the list of cars
[Info]21:32 ч. There are 4 cars in the fleet
[Info]21:32 ч. Response Sent
[Info]21:32 ч. Request Sent
[Info]21:32 ч. Response Sent
[Info]21:32 ч. Request Sent
[Info]21:32 ч. Retrieving the list of cars
[Info]21:32 ч. There are 4 cars in the fleet
[Info]21:32 ч. Response Sent
[Info]21:32 ч. Request Sent
[Info]21:32 ч. Response Sent
[Info]21:32 ч. Request Sent
[Info]21:32 ч. Retrieving the list of categories
[Info]21:32 ч. There are 7 categories in the fleet
[Info]21:32 ч. Response Sent
[Info]21:32 ч. Request Sent
[Info]21:32 ч. Response Sent
[Info]21:32 ч. Request Sent
[Info]21:32 ч. Retrieving the list of cars
[Info]21:32 ч. There are 19 cars in the fleet
[Info]21:32 ч. Response Sent
[Info]21:35 ч. Request Sent
[Info]21:35 ч. Response Sent
[Info]21:35 ч. Request Sent
[Info]21:35 ч. Retrieving the list of cars
[Info]21:35 ч. There are 19 cars in the fleet
[Info]21:35 ч. Response Sent
[Info]21:35 ч. Request Sent
[Info]21:35 ч. Response Sent
[Info]21:35 ч. Request Sent
[Info]21:35 ч. Response Sent
[Info]21:35 ч. Request Sent
[Info]21:35 ч. Request Sent
[Info]21:35 ч. Retrieving the car by Id
[Info]21:35 ч. Retrieving the ratings by carId
[Info]21:35 ч. Response Sent
[Info]21:35 ч. Response Sent
[Info]21:35 ч. Request Sent
[Info]21:35 ч. Retrieving the list of cars
[Info]21:35 ч. There are 19 cars in the fleet
[Info]21:35 ч. Response Sent
[Info]21:35 ч. Request Sent
[Info]21:35 ч. Response Sent
[Info]21:35 ч. Request Sent
[Info]21:35 ч. Retrieving the ratings by carId
[Info]21:35 ч. Response Sent
[Info]21:35 ч. Request Sent
[Info]21:35 ч. Retrieving the car by Id
[Info]21:35 ч. Response Sent
[Info]21:35 ч. Request Sent
[Info]21:35 ч. Response Sent
[Info]21:35 ч. Request Sent
[Info]21:35 ч. Response Sent
[Info]21:35 ч. Request Sent
[Info]21:35 ч. Retrieving the ratings by carId
[Info]21:35 ч. Retrieving the car by Id
[Info]21:35 ч. Response Sent
[Info]21:35 ч. Response Sent
[Info]21:35 ч. Request Sent
[Info]21:35 ч. Response Sent
[Info]21:35 ч. Request Sent
[Info]21:35 ч. Retrieving the list of cars
[Info]21:35 ч. There are 19 cars in the fleet
[Info]21:35 ч. Response Sent
[Info]21:35 ч. Request Sent
[Info]21:35 ч. Response Sent
[Info]21:35 ч. Request Sent
[Info]21:35 ч. Retrieving the list of cars
[Info]21:35 ч. There are 4 cars in the fleet
[Info]21:35 ч. Response Sent
[Info]21:35 ч. Request Sent
[Info]21:35 ч. Response Sent
[Info]21:35 ч. Request Sent
[Info]21:35 ч. Retrieving the list of categories
[Info]21:35 ч. There are 7 categories in the fleet
[Info]21:35 ч. Response Sent
[Info]21:35 ч. Request Sent
[Info]21:35 ч. Response Sent
[Info]21:35 ч. Request Sent
[Info]21:35 ч. Retrieving the renter by Id
[Info]21:35 ч. Response Sent
[Info]21:35 ч. Request Sent
[Info]21:35 ч. Retrieving the list of cars
[Info]21:35 ч. There are 19 cars in the fleet
[Info]21:35 ч. Response Sent
[Info]21:35 ч. Request Sent
[Info]21:35 ч. Retrieving the list of cars
[Info]21:35 ч. There are 4 cars in the fleet
[Info]21:35 ч. Response Sent
