[Info]00:32 ч. Request Sent
[Info]00:32 ч. Response Sent
[Info]00:32 ч. Request Sent
[Info]00:32 ч. Response Sent
[Info]00:32 ч. Request Sent
[Info]00:32 ч. Response Sent
[Info]00:32 ч. Request Sent
[Info]00:32 ч. Retrieving the renter by Id
[Info]00:32 ч. Response Sent
[Info]01:00 ч. Request Sent
[Info]01:00 ч. Response Sent
[Info]01:00 ч. Request Sent
[Info]01:00 ч. Response Sent
[Info]01:00 ч. Request Sent
[Info]01:00 ч. Response Sent
[Info]01:00 ч. Request Sent
[Info]01:00 ч. Retrieving the renter by Id
[Info]01:00 ч. Response Sent
[Info]08:30 ч. Request Sent
[Info]08:30 ч. Response Sent
[Info]08:30 ч. Request Sent
[Info]08:30 ч. Response Sent
[Info]08:30 ч. Request Sent
[Info]08:30 ч. Response Sent
[Info]08:30 ч. Request Sent
[Info]08:30 ч. Retrieving the renter by Id
[Info]08:30 ч. Response Sent
[Info]08:32 ч. Request Sent
[Info]08:32 ч. Response Sent
[Info]08:32 ч. Request Sent
[Info]08:32 ч. Response Sent
[Info]08:32 ч. Request Sent
[Info]08:32 ч. Response Sent
[Info]08:32 ч. Request Sent
[Info]08:32 ч. Retrieving the renter by Id
[Info]08:32 ч. Response Sent
[Info]08:54 ч. Request Sent
[Info]08:54 ч. Response Sent
[Info]08:54 ч. Request Sent
[Info]08:54 ч. Response Sent
[Info]08:54 ч. Request Sent
[Info]08:54 ч. Response Sent
[Info]08:54 ч. Request Sent
[Info]08:54 ч. Retrieving the renter by Id
[Info]08:54 ч. Response Sent
[Info]10:46 ч. Request Sent
[Info]10:46 ч. Response Sent
[Info]10:46 ч. Request Sent
[Info]10:46 ч. Response Sent
[Info]10:47 ч. Request Sent
[Info]10:47 ч. Response Sent
[Info]10:47 ч. Request Sent
[Info]10:47 ч. Retrieving the renter by Id
[Info]10:47 ч. Response Sent
[Info]10:47 ч. Request Sent
[Info]10:47 ч. Response Sent
[Info]10:47 ч. Request Sent
[Info]10:47 ч. Retrieving the renter by Id
[Info]10:47 ч. Response Sent
[Info]10:47 ч. Request Sent
[Info]10:47 ч. Response Sent
[Info]10:47 ч. Request Sent
[Info]10:47 ч. Retrieving the renter by Id
[Info]10:47 ч. Response Sent
[Info]10:57 ч. Request Sent
[Info]10:57 ч. Response Sent
[Info]10:57 ч. Request Sent
[Info]10:57 ч. Response Sent
[Info]10:57 ч. Request Sent
[Info]10:57 ч. Response Sent
[Info]10:57 ч. Request Sent
[Info]10:57 ч. Retrieving the renter by Id
[Info]10:57 ч. Response Sent
[Info]10:59 ч. Request Sent
[Info]10:59 ч. Response Sent
[Info]10:59 ч. Request Sent
[Info]10:59 ч. Retrieving the renter by Id
[Info]10:59 ч. Response Sent
[Info]10:59 ч. Request Sent
[Info]10:59 ч. Response Sent
[Info]10:59 ч. Request Sent
[Info]10:59 ч. Response Sent
[Info]10:59 ч. Request Sent
[Info]10:59 ч. Response Sent
[Info]10:59 ч. Request Sent
[Info]10:59 ч. Retrieving the renter by Id
[Info]10:59 ч. Response Sent
[Info]11:16 ч. Request Sent
[Info]11:16 ч. Response Sent
[Info]11:16 ч. Request Sent
[Info]11:16 ч. Response Sent
[Info]11:16 ч. Request Sent
[Info]11:16 ч. Response Sent
[Info]11:16 ч. Request Sent
[Info]11:16 ч. Retrieving the renter by Id
[Info]11:16 ч. Response Sent
[Info]11:16 ч. Request Sent
[Info]11:16 ч. Retrieving the renter by Id
[Info]11:16 ч. Response Sent
[Info]11:16 ч. Request Sent
[Info]11:16 ч. Retrieving the renter by Id
[Info]11:16 ч. Response Sent
[Info]17:01 ч. Request Sent
[Info]17:01 ч. Response Sent
[Info]17:01 ч. Request Sent
[Info]17:01 ч. Response Sent
[Info]17:01 ч. Request Sent
[Info]17:01 ч. Response Sent
[Info]17:01 ч. Request Sent
[Info]17:01 ч. Retrieving the renter by Id
[Info]17:01 ч. Response Sent
[Info]17:01 ч. Request Sent
[Info]17:01 ч. Response Sent
[Info]17:01 ч. Request Sent
[Info]17:01 ч. Retrieving the renter by Id
[Info]17:01 ч. Response Sent
[Info]17:02 ч. Request Sent
[Info]17:02 ч. Response Sent
[Info]17:02 ч. Request Sent
[Info]17:02 ч. Response Sent
[Info]17:02 ч. Request Sent
[Info]17:02 ч. Response Sent
[Info]17:02 ч. Request Sent
[Info]17:02 ч. Retrieving the renter by Id
[Info]17:02 ч. Response Sent
[Info]17:02 ч. Request Sent
[Info]17:02 ч. Retrieving the renter by Id
[Info]17:02 ч. Response Sent
[Info]17:06 ч. Request Sent
[Info]17:06 ч. Response Sent
[Info]17:06 ч. Request Sent
[Info]17:06 ч. Response Sent
[Info]17:06 ч. Request Sent
[Info]17:06 ч. Response Sent
[Info]17:06 ч. Request Sent
[Info]17:06 ч. Retrieving the renter by Id
[Info]17:06 ч. Response Sent
[Info]17:06 ч. Request Sent
[Info]17:06 ч. Retrieving the renter by Id
[Info]17:06 ч. Response Sent
[Info]17:09 ч. Request Sent
[Info]17:09 ч. Response Sent
[Info]17:09 ч. Request Sent
[Info]17:09 ч. Response Sent
[Info]17:09 ч. Request Sent
[Info]17:09 ч. Response Sent
[Info]17:09 ч. Request Sent
[Info]17:09 ч. Retrieving the renter by Id
[Info]17:09 ч. Response Sent
[Info]17:09 ч. Request Sent
[Info]17:09 ч. Retrieving the renter by Id
[Info]17:09 ч. Response Sent
[Info]17:11 ч. Request Sent
[Info]17:11 ч. Response Sent
[Info]17:11 ч. Request Sent
[Info]17:11 ч. Response Sent
[Info]17:11 ч. Request Sent
[Info]17:11 ч. Response Sent
[Info]17:11 ч. Request Sent
[Info]17:11 ч. Retrieving the renter by Id
[Info]17:11 ч. Response Sent
[Info]17:11 ч. Request Sent
[Info]17:11 ч. Retrieving the renter by Id
[Info]17:11 ч. Response Sent
[Info]17:11 ч. Request Sent
[Info]17:11 ч. Response Sent
[Info]17:11 ч. Request Sent
[Info]17:11 ч. Retrieving the renter by Id
[Info]17:11 ч. Response Sent
[Info]17:13 ч. Request Sent
[Info]17:13 ч. Response Sent
[Info]17:13 ч. Request Sent
[Info]17:13 ч. Response Sent
[Info]17:13 ч. Request Sent
[Info]17:13 ч. Response Sent
[Info]17:13 ч. Request Sent
[Info]17:13 ч. Retrieving the renter by Id
[Info]17:13 ч. Response Sent
[Info]17:13 ч. Request Sent
[Info]17:13 ч. Retrieving the renter by Id
[Info]17:13 ч. Response Sent
[Info]17:17 ч. Request Sent
[Info]17:17 ч. Response Sent
[Info]17:17 ч. Request Sent
[Info]17:17 ч. Response Sent
[Info]17:17 ч. Request Sent
[Info]17:17 ч. Response Sent
[Info]17:17 ч. Request Sent
[Info]17:17 ч. Retrieving the renter by Id
[Info]17:17 ч. Response Sent
[Info]17:17 ч. Request Sent
[Info]17:17 ч. Retrieving the renter by Id
[Info]17:17 ч. Response Sent
[Info]17:17 ч. Request Sent
[Info]17:17 ч. Retrieving the renter by Id
[Info]17:17 ч. Response Sent
[Info]17:17 ч. Request Sent
[Info]17:17 ч. Retrieving the renter by Id
[Info]17:17 ч. Response Sent
[Info]17:25 ч. Request Sent
[Info]17:25 ч. Response Sent
[Info]17:25 ч. Request Sent
[Info]17:25 ч. Response Sent
[Info]17:25 ч. Request Sent
[Info]17:25 ч. Response Sent
[Info]17:25 ч. Request Sent
[Info]17:25 ч. Retrieving the renter by Id
[Info]17:25 ч. Response Sent
[Info]17:25 ч. Request Sent
[Info]17:25 ч. Response Sent
[Info]17:25 ч. Request Sent
[Info]17:25 ч. Response Sent
[Info]17:26 ч. Request Sent
[Info]17:26 ч. Response Sent
[Info]17:26 ч. Request Sent
[Info]17:26 ч. Response Sent
[Info]17:26 ч. Request Sent
[Info]17:26 ч. Response Sent
[Info]17:26 ч. Request Sent
[Info]17:26 ч. Retrieving the renter by Id
[Info]17:26 ч. Response Sent
[Info]17:26 ч. Request Sent
[Info]17:26 ч. Response Sent
[Info]17:26 ч. Request Sent
[Info]17:26 ч. Response Sent
[Info]17:27 ч. Request Sent
[Info]17:27 ч. Response Sent
[Info]17:27 ч. Request Sent
[Info]17:27 ч. Response Sent
[Info]17:27 ч. Request Sent
[Info]17:27 ч. Response Sent
[Info]17:27 ч. Request Sent
[Info]17:27 ч. Retrieving the renter by Id
[Info]17:27 ч. Response Sent
[Info]17:27 ч. Request Sent
[Info]17:27 ч. Retrieving the renter by Id
[Info]17:27 ч. Response Sent
[Info]17:29 ч. Request Sent
[Info]17:29 ч. Response Sent
[Info]17:29 ч. Request Sent
[Info]17:29 ч. Response Sent
[Info]17:29 ч. Request Sent
[Info]17:29 ч. Response Sent
[Info]17:29 ч. Request Sent
[Info]17:29 ч. Retrieving the renter by Id
[Info]17:29 ч. Response Sent
[Info]17:29 ч. Request Sent
[Info]17:29 ч. Retrieving the renter by Id
[Info]17:29 ч. Response Sent
[Info]17:31 ч. Request Sent
[Info]17:31 ч. Response Sent
[Info]17:31 ч. Request Sent
[Info]17:31 ч. Response Sent
[Info]17:31 ч. Request Sent
[Info]17:31 ч. Response Sent
[Info]17:31 ч. Request Sent
[Info]17:31 ч. Retrieving the renter by Id
[Info]17:31 ч. Response Sent
[Info]17:31 ч. Request Sent
[Info]17:31 ч. Retrieving the renter by Id
[Info]17:31 ч. Response Sent
[Info]17:33 ч. Request Sent
[Info]17:33 ч. Response Sent
[Info]17:33 ч. Request Sent
[Info]17:33 ч. Response Sent
[Info]17:33 ч. Request Sent
[Info]17:33 ч. Response Sent
[Info]17:33 ч. Request Sent
[Info]17:33 ч. Retrieving the renter by Id
[Info]17:33 ч. Response Sent
[Info]17:33 ч. Request Sent
[Info]17:33 ч. Retrieving the renter by Id
[Info]17:33 ч. Response Sent
[Info]17:34 ч. Request Sent
[Info]17:34 ч. Response Sent
[Info]17:34 ч. Request Sent
[Info]17:34 ч. Response Sent
[Info]17:36 ч. Request Sent
[Info]17:36 ч. Response Sent
[Info]17:36 ч. Request Sent
[Info]17:36 ч. Response Sent
[Info]17:36 ч. Request Sent
[Info]17:36 ч. Response Sent
[Info]17:36 ч. Request Sent
[Info]17:36 ч. Retrieving the renter by Id
[Info]17:36 ч. Response Sent
[Info]17:36 ч. Request Sent
[Info]17:36 ч. Retrieving the renter by Id
[Info]17:36 ч. Response Sent
[Info]17:41 ч. Request Sent
[Info]17:41 ч. Response Sent
[Info]17:41 ч. Request Sent
[Info]17:41 ч. Response Sent
[Info]17:42 ч. Request Sent
[Info]17:42 ч. Response Sent
[Info]17:42 ч. Request Sent
[Info]17:42 ч. Retrieving the renter by Id
[Info]17:42 ч. Response Sent
[Info]17:42 ч. Request Sent
[Info]17:42 ч. Retrieving the renter by Id
[Info]17:42 ч. Response Sent
[Info]17:42 ч. Request Sent
[Info]17:42 ч. Response Sent
[Info]17:42 ч. Request Sent
[Info]17:42 ч. Response Sent
[Info]17:43 ч. Request Sent
[Info]17:43 ч. Response Sent
[Info]17:43 ч. Request Sent
[Info]17:43 ч. User logged out the system.
[Info]17:43 ч. Response Sent
[Info]17:44 ч. Request Sent
[Info]17:44 ч. Response Sent
[Info]17:44 ч. Request Sent
[Info]17:44 ч. Response Sent
[Info]19:10 ч. Request Sent
[Info]19:10 ч. Response Sent
[Info]19:10 ч. Request Sent
[Info]19:10 ч. Request Sent
[Info]19:10 ч. Response Sent
[Info]19:10 ч. Request Sent
[Info]19:10 ч. Response Sent
[Info]19:10 ч. Request Sent
[Info]19:10 ч. Retrieving the renter by Id
[Info]19:10 ч. Response Sent
[Info]19:10 ч. Request Sent
[Info]19:10 ч. Retrieving the renter by Id
[Info]19:10 ч. Response Sent
[Info]19:10 ч. Request Sent
[Info]19:10 ч. Response Sent
[Info]19:10 ч. Request Sent
[Info]19:10 ч. Response Sent
[Info]19:13 ч. Request Sent
[Info]19:13 ч. Response Sent
[Info]19:13 ч. Request Sent
[Info]19:13 ч. Response Sent
[Info]19:14 ч. Request Sent
[Info]19:14 ч. Response Sent
[Info]19:14 ч. Request Sent
[Info]19:14 ч. Retrieving the renter by Id
[Info]19:14 ч. Response Sent
[Info]19:14 ч. Request Sent
[Info]19:14 ч. Retrieving the renter by Id
[Info]19:14 ч. Response Sent
[Info]19:14 ч. Request Sent
[Info]19:14 ч. Response Sent
[Info]19:14 ч. Request Sent
[Info]19:14 ч. Response Sent
[Info]19:15 ч. Request Sent
[Info]19:15 ч. Response Sent
[Info]19:15 ч. Request Sent
[Info]19:15 ч. User logged out the system.
[Info]19:15 ч. Response Sent
[Info]19:15 ч. Request Sent
[Info]19:15 ч. Response Sent
[Info]19:15 ч. Request Sent
[Info]19:15 ч. Response Sent
[Info]19:15 ч. Request Sent
[Info]19:15 ч. Response Sent
[Info]19:15 ч. Request Sent
[Info]19:15 ч. Retrieving the renter by Id
[Info]19:15 ч. Response Sent
[Info]19:18 ч. Request Sent
[Info]19:18 ч. Response Sent
[Info]19:18 ч. Request Sent
[Info]19:18 ч. Request Sent
[Info]19:18 ч. Response Sent
[Info]19:18 ч. Request Sent
[Info]19:18 ч. Response Sent
[Info]19:18 ч. Request Sent
[Info]19:18 ч. Retrieving the renter by Id
[Info]19:20 ч. Request Sent
[Info]19:20 ч. Response Sent
[Info]19:20 ч. Request Sent
[Info]19:20 ч. Response Sent
[Info]19:21 ч. Request Sent
[Info]19:21 ч. Response Sent
[Info]19:21 ч. Request Sent
[Info]19:21 ч. Response Sent
[Info]19:21 ч. Request Sent
[Info]19:21 ч. Response Sent
[Info]19:21 ч. Request Sent
[Info]19:21 ч. Retrieving the renter by Id
[Info]19:21 ч. Response Sent
[Info]19:21 ч. Request Sent
[Info]19:21 ч. Response Sent
[Info]19:21 ч. Request Sent
[Info]19:21 ч. Retrieving the renter by Id
[Info]19:22 ч. Response Sent
[Info]19:22 ч. Request Sent
[Info]19:22 ч. Response Sent
[Info]19:22 ч. Request Sent
[Info]19:22 ч. Response Sent
[Info]19:22 ч. Response Sent
[Info]19:22 ч. Request Sent
[Info]19:22 ч. Response Sent
[Info]19:22 ч. Response Sent
[Info]19:22 ч. Response Sent
[Info]19:22 ч. Request Sent
[Info]19:22 ч. Response Sent
[Info]19:22 ч. Request Sent
[Info]19:22 ч. Retrieving the renter by Id
[Info]19:22 ч. Response Sent
[Info]19:22 ч. Request Sent
[Info]19:22 ч. Response Sent
[Info]19:22 ч. Request Sent
[Info]19:22 ч. Retrieving the renter by Id
[Info]19:22 ч. Response Sent
[Info]19:23 ч. Request Sent
[Info]19:23 ч. Response Sent
[Info]19:23 ч. Request Sent
[Info]19:23 ч. Response Sent
[Info]19:24 ч. Request Sent
[Info]19:24 ч. Response Sent
[Info]19:24 ч. Request Sent
[Info]19:24 ч. Response Sent
[Info]19:24 ч. Request Sent
[Info]19:24 ч. Response Sent
[Info]19:24 ч. Request Sent
[Info]19:24 ч. Retrieving the renter by Id
[Info]19:24 ч. Response Sent
[Info]19:24 ч. Request Sent
[Info]19:24 ч. Retrieving the renter by Id
[Info]19:24 ч. Response Sent
[Info]19:24 ч. Request Sent
[Info]19:24 ч. Response Sent
[Info]19:24 ч. Request Sent
[Info]19:24 ч. Response Sent
[Info]19:25 ч. Request Sent
[Info]19:25 ч. Response Sent
[Info]19:25 ч. Request Sent
[Info]19:25 ч. Response Sent
[Info]19:25 ч. Request Sent
[Info]19:25 ч. Response Sent
[Info]19:25 ч. Request Sent
[Info]19:25 ч. Retrieving the renter by Id
[Info]19:25 ч. Response Sent
[Info]19:25 ч. Request Sent
[Info]19:25 ч. Retrieving the renter by Id
[Info]19:25 ч. Response Sent
[Info]19:25 ч. Request Sent
[Info]19:25 ч. Response Sent
[Info]19:25 ч. Request Sent
[Info]19:28 ч. Request Sent
[Info]19:28 ч. Response Sent
[Info]19:28 ч. Request Sent
[Info]19:28 ч. Response Sent
[Info]19:28 ч. Request Sent
[Info]19:28 ч. Response Sent
[Info]19:28 ч. Request Sent
[Info]19:28 ч. Retrieving the renter by Id
[Info]19:28 ч. Response Sent
[Info]19:28 ч. Request Sent
[Info]19:28 ч. Retrieving the renter by Id
[Info]19:28 ч. Response Sent
[Info]19:28 ч. Request Sent
[Info]19:28 ч. Response Sent
[Info]19:28 ч. Request Sent
[Info]19:28 ч. Response Sent
[Info]19:29 ч. Request Sent
[Info]19:29 ч. Response Sent
[Info]19:29 ч. Request Sent
[Info]19:29 ч. Response Sent
[Info]19:29 ч. Request Sent
[Info]19:29 ч. Response Sent
[Info]19:29 ч. Request Sent
[Info]19:29 ч. Retrieving the renter by Id
[Info]19:29 ч. Response Sent
[Info]19:29 ч. Request Sent
[Info]19:29 ч. Retrieving the renter by Id
[Info]19:29 ч. Response Sent
[Info]19:31 ч. Request Sent
[Info]19:31 ч. Response Sent
[Info]19:31 ч. Request Sent
[Info]19:31 ч. Response Sent
[Info]19:31 ч. Request Sent
[Info]19:31 ч. Response Sent
[Info]19:31 ч. Request Sent
[Info]19:31 ч. Retrieving the renter by Id
[Info]19:31 ч. Response Sent
[Info]19:31 ч. Request Sent
[Info]19:31 ч. Retrieving the renter by Id
[Info]19:31 ч. Response Sent
[Info]19:31 ч. Request Sent
[Info]19:31 ч. Response Sent
[Info]19:31 ч. Request Sent
[Info]19:31 ч. Response Sent
[Info]19:36 ч. Request Sent
[Info]19:36 ч. Response Sent
[Info]19:36 ч. Request Sent
[Info]19:36 ч. Response Sent
[Info]19:36 ч. Request Sent
[Info]19:36 ч. Response Sent
[Info]19:36 ч. Request Sent
[Info]19:36 ч. Retrieving the renter by Id
[Info]19:36 ч. Response Sent
[Info]19:36 ч. Request Sent
[Info]19:36 ч. Retrieving the renter by Id
[Info]19:36 ч. Response Sent
[Info]19:36 ч. Request Sent
[Info]19:36 ч. Response Sent
[Info]19:36 ч. Request Sent
[Info]19:36 ч. Response Sent
[Info]19:37 ч. Request Sent
[Info]19:37 ч. Response Sent
[Info]19:37 ч. Request Sent
[Info]19:37 ч. Response Sent
[Info]19:37 ч. Request Sent
[Info]19:37 ч. Response Sent
[Info]19:37 ч. Request Sent
[Info]19:37 ч. Retrieving the renter by Id
[Info]19:37 ч. Response Sent
[Info]19:37 ч. Request Sent
[Info]19:37 ч. Retrieving the renter by Id
[Info]19:37 ч. Response Sent
[Info]19:37 ч. Request Sent
[Info]19:37 ч. Response Sent
[Info]19:37 ч. Request Sent
[Info]19:39 ч. Request Sent
[Info]19:39 ч. Response Sent
[Info]19:39 ч. Request Sent
[Info]19:39 ч. Response Sent
[Info]19:39 ч. Request Sent
[Info]19:39 ч. Response Sent
[Info]19:39 ч. Request Sent
[Info]19:39 ч. Retrieving the renter by Id
[Info]19:39 ч. Response Sent
[Info]19:39 ч. Request Sent
[Info]19:39 ч. Retrieving the renter by Id
[Info]19:39 ч. Response Sent
[Info]19:39 ч. Request Sent
[Info]19:39 ч. Response Sent
[Info]19:39 ч. Request Sent
[Info]19:39 ч. Response Sent
[Info]19:39 ч. Request Sent
[Info]19:39 ч. Retrieving the renter by Id
[Info]19:39 ч. Response Sent
[Info]19:40 ч. Request Sent
[Info]19:40 ч. Response Sent
[Info]19:40 ч. Request Sent
[Info]19:40 ч. Response Sent
[Info]19:40 ч. Request Sent
[Info]19:40 ч. Response Sent
[Info]19:40 ч. Request Sent
[Info]19:40 ч. Retrieving the renter by Id
[Info]19:40 ч. Response Sent
[Info]19:40 ч. Request Sent
[Info]19:40 ч. Retrieving the renter by Id
[Info]19:40 ч. Response Sent
[Info]19:40 ч. Request Sent
[Info]19:40 ч. Response Sent
[Info]19:40 ч. Request Sent
[Info]19:40 ч. Response Sent
[Info]19:40 ч. Request Sent
[Info]19:40 ч. Response Sent
[Info]19:40 ч. Request Sent
[Info]19:40 ч. Retrieving the renter by Id
[Info]19:40 ч. Response Sent
[Info]19:40 ч. Request Sent
[Info]19:40 ч. Response Sent
[Info]19:40 ч. Request Sent
[Info]19:40 ч. Retrieving the list of cars
[Info]19:40 ч. There are 1 cars in the fleet
[Info]19:40 ч. Response Sent
[Info]19:40 ч. Request Sent
[Info]19:40 ч. Response Sent
[Info]19:40 ч. Request Sent
[Info]19:40 ч. Response Sent
[Info]19:40 ч. Request Sent
[Info]19:40 ч. Response Sent
[Info]19:40 ч. Request Sent
[Info]19:40 ч. Response Sent
[Info]19:41 ч. Request Sent
[Info]19:41 ч. Response Sent
[Info]19:41 ч. Request Sent
[Info]19:41 ч. Response Sent
[Info]19:42 ч. Request Sent
[Info]19:42 ч. Retrieving the list of cars
[Info]19:42 ч. There are 15 cars in the fleet
[Info]19:42 ч. Response Sent
[Info]19:43 ч. Request Sent
[Info]19:43 ч. Retrieving the list of cars
[Info]19:43 ч. There are 15 cars in the fleet
[Info]19:43 ч. Response Sent
[Info]19:43 ч. Request Sent
[Info]19:43 ч. Retrieving the list of cars
[Info]19:43 ч. There are 15 cars in the fleet
[Info]19:43 ч. Response Sent
[Info]19:43 ч. Request Sent
[Info]19:43 ч. Request Sent
[Info]19:43 ч. Retrieving the car by Id
[Info]19:43 ч. Retrieving the ratings by carId
[Info]19:43 ч. Response Sent
[Info]19:43 ч. Response Sent
[Info]19:43 ч. Request Sent
[Info]19:43 ч. Response Sent
[Info]19:43 ч. Request Sent
[Info]19:43 ч. Response Sent
[Info]19:57 ч. Request Sent
[Info]19:57 ч. Response Sent
[Info]19:57 ч. Request Sent
[Info]19:57 ч. Response Sent
[Info]20:01 ч. Request Sent
[Info]20:01 ч. Response Sent
[Info]20:01 ч. Request Sent
[Info]20:01 ч. Response Sent
[Info]20:02 ч. Request Sent
[Info]20:02 ч. Response Sent
[Info]20:02 ч. Request Sent
[Info]20:02 ч. Retrieving the list of cars
[Info]20:02 ч. There are 1 cars in the fleet
[Info]20:02 ч. Response Sent
[Info]20:02 ч. Request Sent
[Info]20:02 ч. Response Sent
[Info]20:02 ч. Request Sent
[Info]20:02 ч. Retrieving the list of categories
[Info]20:02 ч. There are 7 categories in the fleet
[Info]20:02 ч. Response Sent
[Info]20:20 ч. Request Sent
[Info]20:20 ч. Response Sent
[Info]20:20 ч. Request Sent
[Info]20:20 ч. Response Sent
[Info]20:20 ч. Request Sent
[Info]20:20 ч. Response Sent
[Info]20:20 ч. Request Sent
[Info]20:20 ч. Retrieving the list of categories
[Info]20:20 ч. There are 7 categories in the fleet
[Info]20:20 ч. Response Sent
[Info]20:42 ч. Request Sent
[Info]20:42 ч. Response Sent
[Info]20:42 ч. Request Sent
[Info]20:42 ч. Response Sent
[Info]20:42 ч. Request Sent
[Info]20:42 ч. Response Sent
[Info]20:42 ч. Request Sent
[Info]20:42 ч. Retrieving the list of cars
[Info]20:42 ч. There are 15 cars in the fleet
[Info]20:42 ч. Response Sent
[Info]20:42 ч. Request Sent
[Info]20:42 ч. Retrieving the list of cars
[Info]20:42 ч. There are 15 cars in the fleet
[Info]20:42 ч. Response Sent
[Info]20:43 ч. Request Sent
[Info]20:43 ч. Response Sent
[Info]20:43 ч. Request Sent
[Info]20:43 ч. Response Sent
[Info]20:43 ч. Request Sent
[Info]20:43 ч. Response Sent
[Info]20:43 ч. Request Sent
[Info]20:43 ч. Retrieving the renter by Id
[Info]20:43 ч. Response Sent
[Info]20:43 ч. Request Sent
[Info]20:43 ч. Response Sent
[Info]20:43 ч. Request Sent
[Info]20:43 ч. Retrieving the list of categories
[Info]20:43 ч. There are 7 categories in the fleet
[Info]20:43 ч. Response Sent
[Info]20:43 ч. Request Sent
[Info]20:43 ч. Response Sent
[Info]20:43 ч. Request Sent
[Info]20:43 ч. Retrieving the list of cars
[Info]20:43 ч. There are 1 cars in the fleet
[Info]20:43 ч. Response Sent
[Info]20:43 ч. Request Sent
[Info]20:43 ч. Response Sent
[Info]20:43 ч. Request Sent
[Info]20:43 ч. Retrieving the list of cars
[Info]20:43 ч. There are 15 cars in the fleet
[Info]20:43 ч. Response Sent
[Info]20:43 ч. Request Sent
[Info]20:43 ч. Response Sent
[Info]20:43 ч. Request Sent
[Info]20:43 ч. Retrieving the ratings by carId
[Info]20:43 ч. Request Sent
[Info]20:43 ч. Retrieving the car by Id
[Info]20:43 ч. Response Sent
[Info]20:43 ч. Response Sent
[Info]20:43 ч. Request Sent
[Info]20:43 ч. Response Sent
[Info]20:43 ч. Request Sent
[Info]20:43 ч. Retrieving the renter by Id
[Info]20:43 ч. Response Sent
[Info]20:47 ч. Request Sent
[Info]20:47 ч. Response Sent
[Info]20:47 ч. Request Sent
[Info]20:47 ч. User logged out the system.
[Info]20:47 ч. Response Sent
[Info]20:48 ч. Request Sent
[Info]20:48 ч. Response Sent
[Info]20:48 ч. Request Sent
[Info]20:48 ч. Response Sent
[Info]20:48 ч. Request Sent
[Info]20:48 ч. Response Sent
[Info]20:48 ч. Request Sent
[Info]20:48 ч. Retrieving the list of cars
[Info]20:48 ч. There are 1 cars in the fleet
[Info]20:48 ч. Response Sent
[Info]22:22 ч. Request Sent
[Info]22:22 ч. Response Sent
[Info]22:22 ч. Request Sent
[Info]22:22 ч. Request Sent
[Info]22:22 ч. Response Sent
[Info]22:22 ч. Request Sent
[Info]22:22 ч. Response Sent
[Info]22:23 ч. Request Sent
[Info]22:23 ч. Response Sent
[Info]22:23 ч. Request Sent
[Info]22:23 ч. Response Sent
[Info]22:37 ч. Request Sent
[Info]22:37 ч. Response Sent
[Info]22:37 ч. Request Sent
[Info]22:37 ч. Response Sent
[Info]22:40 ч. Request Sent
[Info]22:40 ч. Response Sent
[Info]22:40 ч. Request Sent
[Info]22:40 ч. Response Sent
[Info]22:40 ч. Request Sent
[Info]22:40 ч. Response Sent
[Info]22:40 ч. Request Sent
[Info]22:40 ч. Response Sent
[Info]22:40 ч. Request Sent
[Info]22:40 ч. Response Sent
[Info]22:42 ч. Request Sent
[Info]22:42 ч. Response Sent
[Info]22:42 ч. Request Sent
[Info]22:42 ч. Response Sent
[Info]22:44 ч. Request Sent
[Info]22:44 ч. Response Sent
[Info]22:44 ч. Request Sent
[Info]22:44 ч. Response Sent
[Info]22:46 ч. Request Sent
[Info]22:46 ч. Response Sent
[Info]22:46 ч. Request Sent
[Info]22:46 ч. Response Sent
[Info]22:46 ч. Request Sent
[Info]22:46 ч. Retrieving the list of cars
[Info]22:46 ч. There are 15 cars in the fleet
[Info]22:46 ч. Response Sent
[Info]22:46 ч. Request Sent
[Info]22:46 ч. Retrieving the list of cars
[Info]22:46 ч. There are 1 cars in the fleet
[Info]22:46 ч. Response Sent
[Info]22:48 ч. Request Sent
[Info]22:48 ч. Response Sent
[Info]22:48 ч. Request Sent
[Info]22:48 ч. Response Sent
[Info]22:50 ч. Request Sent
[Info]22:50 ч. Response Sent
[Info]22:50 ч. Request Sent
[Info]22:50 ч. Response Sent
[Info]22:51 ч. Request Sent
[Info]22:51 ч. Response Sent
[Info]22:51 ч. Request Sent
[Info]22:51 ч. Response Sent
[Info]22:53 ч. Request Sent
[Info]22:53 ч. Response Sent
[Info]22:53 ч. Request Sent
[Info]22:53 ч. Response Sent
[Info]22:54 ч. Request Sent
[Info]22:54 ч. Response Sent
[Info]22:54 ч. Request Sent
[Info]22:54 ч. Retrieving the renter by Id
[Info]22:54 ч. Response Sent
[Info]22:54 ч. Request Sent
[Info]22:54 ч. Response Sent
[Info]22:54 ч. Request Sent
[Info]22:54 ч. Retrieving the list of categories
[Info]22:54 ч. There are 7 categories in the fleet
[Info]22:54 ч. Response Sent
[Info]22:54 ч. Request Sent
[Info]22:54 ч. Response Sent
[Info]22:54 ч. Request Sent
[Info]22:54 ч. Retrieving the list of cars
[Info]22:54 ч. There are 1 cars in the fleet
[Info]22:54 ч. Response Sent
[Info]22:54 ч. Request Sent
[Info]22:54 ч. Retrieving the list of categories
[Info]22:54 ч. There are 7 categories in the fleet
[Info]22:54 ч. Response Sent
[Info]22:54 ч. Request Sent
[Info]22:54 ч. Response Sent
[Info]22:54 ч. Request Sent
[Info]22:54 ч. Retrieving the list of cars
[Info]22:54 ч. There are 15 cars in the fleet
[Info]22:54 ч. Response Sent
[Info]22:55 ч. Request Sent
[Info]22:55 ч. Response Sent
[Info]22:55 ч. Request Sent
[Info]22:55 ч. Retrieving the list of cars
[Info]22:55 ч. There are 15 cars in the fleet
[Info]22:55 ч. Response Sent
[Info]22:55 ч. Request Sent
[Info]22:55 ч. Retrieving the list of cars
[Info]22:55 ч. There are 15 cars in the fleet
[Info]22:55 ч. Response Sent
[Info]22:55 ч. Request Sent
[Info]22:55 ч. Response Sent
[Info]22:55 ч. Request Sent
[Info]22:55 ч. Retrieving the list of cars
[Info]22:55 ч. There are 1 cars in the fleet
[Info]22:55 ч. Response Sent
[Info]22:55 ч. Request Sent
[Info]22:55 ч. Response Sent
[Info]22:55 ч. Request Sent
[Info]22:55 ч. Retrieving the list of categories
[Info]22:55 ч. There are 7 categories in the fleet
[Info]22:55 ч. Response Sent
[Info]22:55 ч. Request Sent
[Info]22:55 ч. Retrieving the list of categories
[Info]22:55 ч. There are 7 categories in the fleet
[Info]22:55 ч. Response Sent
[Info]22:55 ч. Request Sent
[Info]22:55 ч. Response Sent
[Info]22:55 ч. Request Sent
[Info]22:55 ч. Retrieving the list of cars
[Info]22:55 ч. There are 15 cars in the fleet
[Info]22:55 ч. Response Sent
[Info]22:55 ч. Request Sent
[Info]22:55 ч. Retrieving the list of cars
[Info]22:55 ч. There are 15 cars in the fleet
[Info]22:55 ч. Response Sent
[Info]22:55 ч. Request Sent
[Info]22:55 ч. Response Sent
[Info]22:55 ч. Request Sent
[Info]22:55 ч. User logged out the system.
[Info]22:55 ч. Response Sent
[Info]22:55 ч. Request Sent
[Info]22:55 ч. Response Sent
[Info]22:55 ч. Request Sent
[Info]22:55 ч. Response Sent
[Info]22:57 ч. Request Sent
[Info]22:57 ч. Response Sent
[Info]22:57 ч. Request Sent
[Info]22:57 ч. User logged out the system.
[Info]22:57 ч. Response Sent
[Info]22:57 ч. Request Sent
[Info]22:57 ч. Response Sent
[Info]22:57 ч. Request Sent
[Info]22:57 ч. Response Sent
[Info]22:58 ч. Request Sent
[Info]22:58 ч. Response Sent
[Info]22:58 ч. Request Sent
[Info]22:58 ч. Retrieving the list of bookings
[Info]22:58 ч. There are 1 bookings in the fleet
[Info]22:58 ч. Response Sent
[Info]22:59 ч. Request Sent
[Info]22:59 ч. Response Sent
[Info]22:59 ч. Request Sent
[Info]22:59 ч. Retrieving the list of bookings
[Info]22:59 ч. There are 1 bookings in the fleet
[Info]22:59 ч. Response Sent
[Info]22:59 ч. Request Sent
[Info]22:59 ч. Response Sent
[Info]22:59 ч. Request Sent
[Info]22:59 ч. Retrieving the list of bookings
[Info]22:59 ч. There are 1 bookings in the fleet
[Info]22:59 ч. Response Sent
[Info]22:59 ч. Request Sent
[Info]22:59 ч. Response Sent
[Info]22:59 ч. Request Sent
[Info]22:59 ч. Retrieving the list of bookings
[Info]22:59 ч. There are 1 bookings in the fleet
[Info]22:59 ч. Response Sent
[Info]22:59 ч. Request Sent
[Info]22:59 ч. Response Sent
[Info]22:59 ч. Request Sent
[Info]22:59 ч. Retrieving the list of cars
[Info]22:59 ч. There are 15 cars in the fleet
[Info]22:59 ч. Response Sent
[Info]22:59 ч. Request Sent
[Info]22:59 ч. Request Sent
[Info]22:59 ч. Response Sent
[Info]22:59 ч. Request Sent
[Info]22:59 ч. Request Sent
[Info]22:59 ч. Retrieving the car by Id
[Info]22:59 ч. Retrieving the ratings by carId
[Info]22:59 ч. Response Sent
[Info]22:59 ч. Response Sent
[Info]22:59 ч. Request Sent
[Info]22:59 ч. Response Sent
[Info]22:59 ч. Request Sent
[Info]22:59 ч. Retrieving the renter by Id
[Info]23:00 ч. Response Sent
[Info]23:00 ч. Request Sent
[Info]23:00 ч. Retrieving the renter by Id
[Info]23:00 ч. Response Sent
[Info]23:00 ч. Request Sent
[Info]23:00 ч. Response Sent
[Info]23:00 ч. Request Sent
