[Info]14:44 ч. Request Sent
[Info]14:44 ч. Retrieving the list of cars
[Info]14:44 ч. There are 9 cars in the fleet
[Info]14:44 ч. Response Sent
[Info]14:44 ч. Request Sent
[Info]14:44 ч. Retrieving the ratings by carId
[Info]14:44 ч. Request Sent
[Info]14:44 ч. Retrieving the ratings by carId
[Info]14:44 ч. Request Sent
[Info]14:44 ч. Retrieving the ratings by carId
[Info]14:44 ч. Request Sent
[Info]14:44 ч. Retrieving the ratings by carId
[Info]14:44 ч. Request Sent
[Info]14:44 ч. Retrieving the ratings by carId
[Info]14:44 ч. Response Sent
[Info]14:44 ч. Request Sent
[Info]14:44 ч. Retrieving the ratings by carId
[Info]14:44 ч. Retrieving the ratings by carId
[Info]14:44 ч. Response Sent
[Info]14:44 ч. Request Sent
[Info]14:44 ч. Response Sent
[Info]14:44 ч. Retrieving the ratings by carId
[Info]14:44 ч. Request Sent
[Info]14:44 ч. Retrieving the ratings by carId
[Info]14:44 ч. Response Sent
[Info]14:44 ч. Request Sent
[Info]14:44 ч. Retrieving the ratings by carId
[Info]14:44 ч. Response Sent
[Info]14:44 ч. Response Sent
[Info]14:44 ч. Response Sent
[Info]14:44 ч. Response Sent
[Info]14:44 ч. Request Sent
[Info]14:44 ч. Response Sent
[Info]14:44 ч. Retrieving the ratings by carId
[Info]14:44 ч. Request Sent
[Info]14:44 ч. Retrieving the ratings by carId
[Info]14:44 ч. Response Sent
[Info]14:44 ч. Response Sent
[Info]14:44 ч. Request Sent
[Info]14:44 ч. Request Sent
[Info]14:44 ч. Retrieving the ratings by carId
[Info]14:44 ч. Retrieving the ratings by carId
[Info]14:44 ч. Retrieving the ratings by carId
[Info]14:44 ч. Response Sent
[Info]14:44 ч. Response Sent
[Info]14:44 ч. Request Sent
[Info]14:44 ч. Request Sent
[Info]14:44 ч. Retrieving the ratings by carId
[Info]14:44 ч. Retrieving the ratings by carId
[Info]14:44 ч. Retrieving the ratings by carId
[Info]14:44 ч. Response Sent
[Info]14:44 ч. Response Sent
[Info]14:44 ч. Request Sent
[Info]14:44 ч. Retrieving the list of cars
[Info]14:44 ч. There are 9 cars in the fleet
[Info]14:44 ч. Response Sent
[Info]14:44 ч. Request Sent
[Info]14:44 ч. Retrieving the ratings by carId
[Info]14:44 ч. Request Sent
[Info]14:44 ч. Request Sent
[Info]14:44 ч. Retrieving the ratings by carId
[Info]14:44 ч. Request Sent
[Info]14:44 ч. Retrieving the ratings by carId
[Info]14:44 ч. Request Sent
[Info]14:44 ч. Retrieving the ratings by carId
[Info]14:44 ч. Retrieving the ratings by carId
[Info]14:44 ч. Response Sent
[Info]14:44 ч. Response Sent
[Info]14:44 ч. Request Sent
[Info]14:44 ч. Retrieving the ratings by carId
[Info]14:44 ч. Retrieving the ratings by carId
[Info]14:44 ч. Response Sent
[Info]14:44 ч. Request Sent
[Info]14:44 ч. Response Sent
[Info]14:44 ч. Request Sent
[Info]14:44 ч. Retrieving the ratings by carId
[Info]14:44 ч. Retrieving the ratings by carId
[Info]14:44 ч. Response Sent
[Info]14:44 ч. Request Sent
[Info]14:44 ч. Response Sent
[Info]14:44 ч. Retrieving the ratings by carId
[Info]14:44 ч. Response Sent
[Info]14:44 ч. Response Sent
[Info]14:44 ч. Response Sent
[Info]14:44 ч. Response Sent
[Info]15:03 ч. Request Sent
[Info]15:03 ч. Retrieving the list of cars
[Info]15:03 ч. There are 9 cars in the fleet
[Info]15:03 ч. Response Sent
[Info]15:03 ч. Request Sent
[Info]15:03 ч. Request Sent
[Info]15:03 ч. Request Sent
[Info]15:03 ч. Retrieving the ratings by carId
[Info]15:03 ч. Retrieving the ratings by carId
[Info]15:03 ч. Request Sent
[Info]15:03 ч. Request Sent
[Info]15:03 ч. Retrieving the ratings by carId
[Info]15:03 ч. Retrieving the ratings by carId
[Info]15:03 ч. Request Sent
[Info]15:03 ч. Retrieving the ratings by carId
[Info]15:03 ч. Request Sent
[Info]15:03 ч. Response Sent
[Info]15:03 ч. Retrieving the ratings by carId
[Info]15:03 ч. Request Sent
[Info]15:03 ч. Retrieving the ratings by carId
[Info]15:03 ч. Response Sent
[Info]15:03 ч. Response Sent
[Info]15:03 ч. Response Sent
[Info]15:03 ч. Request Sent
[Info]15:03 ч. Request Sent
[Info]15:03 ч. Retrieving the ratings by carId
[Info]15:03 ч. Retrieving the ratings by carId
[Info]15:03 ч. Retrieving the ratings by carId
[Info]15:03 ч. Retrieving the ratings by carId
[Info]15:03 ч. Response Sent
[Info]15:03 ч. Response Sent
[Info]15:03 ч. Response Sent
[Info]15:03 ч. Response Sent
[Info]15:03 ч. Response Sent
[Info]15:03 ч. Response Sent
[Info]15:03 ч. Request Sent
[Info]15:03 ч. Retrieving the car by Id
[Info]15:03 ч. Response Sent
[Info]15:08 ч. Request Sent
[Info]15:08 ч. Retrieving the car by Id
[Info]15:08 ч. Response Sent
[Info]15:09 ч. Request Sent
[Info]15:09 ч. Retrieving the list of cars
[Info]15:09 ч. There are 9 cars in the fleet
[Info]15:09 ч. Response Sent
[Info]15:09 ч. Request Sent
[Info]15:09 ч. Retrieving the ratings by carId
[Info]15:09 ч. Request Sent
[Info]15:09 ч. Retrieving the ratings by carId
[Info]15:09 ч. Request Sent
[Info]15:09 ч. Retrieving the ratings by carId
[Info]15:09 ч. Request Sent
[Info]15:09 ч. Retrieving the ratings by carId
[Info]15:09 ч. Retrieving the ratings by carId
[Info]15:09 ч. Response Sent
[Info]15:09 ч. Request Sent
[Info]15:09 ч. Retrieving the ratings by carId
[Info]15:09 ч. Request Sent
[Info]15:09 ч. Request Sent
[Info]15:09 ч. Retrieving the ratings by carId
[Info]15:09 ч. Retrieving the ratings by carId
[Info]15:09 ч. Request Sent
[Info]15:09 ч. Retrieving the ratings by carId
[Info]15:09 ч. Request Sent
[Info]15:09 ч. Request Sent
[Info]15:09 ч. Retrieving the ratings by carId
[Info]15:09 ч. Response Sent
[Info]15:09 ч. Response Sent
[Info]15:09 ч. Response Sent
[Info]15:09 ч. Response Sent
[Info]15:09 ч. Response Sent
[Info]15:09 ч. Response Sent
[Info]15:09 ч. Response Sent
[Info]15:09 ч. Response Sent
[Info]15:09 ч. Response Sent
[Info]15:09 ч. Response Sent
[Info]15:10 ч. Request Sent
[Info]15:10 ч. Retrieving the ratings by carId
[Info]15:10 ч. Request Sent
[Info]15:10 ч. Retrieving the ratings by carId
[Info]15:10 ч. Retrieving the ratings by carId
[Info]15:10 ч. Retrieving the ratings by carId
[Info]15:10 ч. Request Sent
[Info]15:10 ч. Retrieving the ratings by carId
[Info]15:10 ч. Retrieving the ratings by carId
[Info]15:10 ч. Response Sent
[Info]15:10 ч. Response Sent
[Info]15:10 ч. Response Sent
[Info]15:10 ч. Response Sent
[Info]15:10 ч. Response Sent
[Info]15:10 ч. Response Sent
[Info]15:10 ч. Request Sent
[Info]15:10 ч. Retrieving the list of cars
[Info]15:10 ч. There are 9 cars in the fleet
[Info]15:10 ч. Response Sent
[Info]15:10 ч. Request Sent
[Info]15:10 ч. Request Sent
[Info]15:10 ч. Retrieving the ratings by carId
[Info]15:10 ч. Retrieving the ratings by carId
[Info]15:10 ч. Request Sent
[Info]15:10 ч. Retrieving the ratings by carId
[Info]15:10 ч. Request Sent
[Info]15:10 ч. Request Sent
[Info]15:10 ч. Request Sent
[Info]15:10 ч. Retrieving the ratings by carId
[Info]15:10 ч. Retrieving the ratings by carId
[Info]15:10 ч. Retrieving the ratings by carId
[Info]15:10 ч. Request Sent
[Info]15:10 ч. Retrieving the ratings by carId
[Info]15:10 ч. Request Sent
[Info]15:10 ч. Retrieving the ratings by carId
[Info]15:10 ч. Request Sent
[Info]15:10 ч. Retrieving the ratings by carId
[Info]15:10 ч. Response Sent
[Info]15:10 ч. Response Sent
[Info]15:10 ч. Retrieving the ratings by carId
[Info]15:10 ч. Response Sent
[Info]15:10 ч. Response Sent
[Info]15:10 ч. Response Sent
[Info]15:10 ч. Response Sent
[Info]15:10 ч. Response Sent
[Info]15:10 ч. Response Sent
[Info]15:10 ч. Response Sent
[Info]15:10 ч. Response Sent
[Info]15:10 ч. Request Sent
[Info]15:10 ч. Request Sent
[Info]15:10 ч. Retrieving the ratings by carId
[Info]15:10 ч. Retrieving the ratings by carId
[Info]15:10 ч. Request Sent
[Info]15:10 ч. Retrieving the ratings by carId
[Info]15:10 ч. Request Sent
[Info]15:10 ч. Retrieving the ratings by carId
[Info]15:10 ч. Request Sent
[Info]15:10 ч. Request Sent
[Info]15:10 ч. Retrieving the ratings by carId
[Info]15:10 ч. Response Sent
[Info]15:10 ч. Response Sent
[Info]15:10 ч. Response Sent
[Info]15:10 ч. Response Sent
[Info]15:10 ч. Request Sent
[Info]15:10 ч. Retrieving the car by Id
[Info]15:10 ч. Response Sent
[Info]15:11 ч. Request Sent
[Info]15:11 ч. Retrieving the car by Id
[Info]15:11 ч. Response Sent
[Info]15:13 ч. Request Sent
[Info]15:13 ч. Retrieving the list of cars
[Info]15:13 ч. There are 9 cars in the fleet
[Info]15:13 ч. Response Sent
[Info]15:13 ч. Request Sent
[Info]15:13 ч. Retrieving the ratings by carId
[Info]15:13 ч. Retrieving the ratings by carId
[Info]15:13 ч. Request Sent
[Info]15:13 ч. Request Sent
[Info]15:13 ч. Retrieving the ratings by carId
[Info]15:13 ч. Retrieving the ratings by carId
[Info]15:13 ч. Request Sent
[Info]15:13 ч. Request Sent
[Info]15:13 ч. Retrieving the ratings by carId
[Info]15:13 ч. Request Sent
[Info]15:13 ч. Retrieving the ratings by carId
[Info]15:13 ч. Request Sent
[Info]15:13 ч. Retrieving the ratings by carId
[Info]15:13 ч. Request Sent
[Info]15:13 ч. Retrieving the ratings by carId
[Info]15:13 ч. Request Sent
[Info]15:13 ч. Retrieving the ratings by carId
[Info]15:13 ч. Request Sent
[Info]15:13 ч. Retrieving the ratings by carId
[Info]15:13 ч. Response Sent
[Info]15:13 ч. Request Sent
[Info]15:13 ч. Retrieving the ratings by carId
[Info]15:13 ч. Response Sent
[Info]15:13 ч. Response Sent
[Info]15:13 ч. Response Sent
[Info]15:13 ч. Response Sent
[Info]15:13 ч. Response Sent
[Info]15:13 ч. Response Sent
[Info]15:13 ч. Request Sent
[Info]15:13 ч. Retrieving the car by Id
[Info]15:13 ч. Response Sent
[Info]15:13 ч. Request Sent
[Info]15:13 ч. Retrieving the list of cars
[Info]15:13 ч. There are 9 cars in the fleet
[Info]15:13 ч. Response Sent
[Info]15:13 ч. Request Sent
[Info]15:13 ч. Retrieving the ratings by carId
[Info]15:13 ч. Request Sent
[Info]15:13 ч. Request Sent
[Info]15:13 ч. Retrieving the ratings by carId
[Info]15:13 ч. Request Sent
[Info]15:13 ч. Retrieving the ratings by carId
[Info]15:13 ч. Request Sent
[Info]15:13 ч. Retrieving the ratings by carId
[Info]15:13 ч. Response Sent
[Info]15:13 ч. Request Sent
[Info]15:13 ч. Retrieving the ratings by carId
[Info]15:13 ч. Retrieving the ratings by carId
[Info]15:13 ч. Request Sent
[Info]15:13 ч. Retrieving the ratings by carId
[Info]15:13 ч. Request Sent
[Info]15:13 ч. Retrieving the ratings by carId
[Info]15:13 ч. Request Sent
[Info]15:13 ч. Retrieving the ratings by carId
[Info]15:13 ч. Response Sent
[Info]15:13 ч. Retrieving the ratings by carId
[Info]15:13 ч. Response Sent
[Info]15:13 ч. Response Sent
[Info]15:13 ч. Response Sent
[Info]15:13 ч. Response Sent
[Info]15:13 ч. Response Sent
[Info]15:13 ч. Response Sent
[Info]15:13 ч. Response Sent
[Info]15:49 ч. Request Sent
[Info]15:49 ч. Retrieving the ratings by carId
[Info]15:49 ч. Request Sent
[Info]15:49 ч. Request Sent
[Info]15:49 ч. Retrieving the ratings by carId
[Info]15:49 ч. Request Sent
[Info]15:49 ч. Retrieving the ratings by carId
[Info]15:49 ч. Request Sent
[Info]15:49 ч. Request Sent
[Info]15:49 ч. Retrieving the ratings by carId
[Info]15:49 ч. Retrieving the ratings by carId
[Info]15:49 ч. Retrieving the ratings by carId
[Info]15:49 ч. Request Sent
[Info]15:49 ч. Retrieving the ratings by carId
[Info]15:49 ч. Response Sent
[Info]15:49 ч. Response Sent
[Info]15:49 ч. Response Sent
[Info]15:49 ч. Response Sent
[Info]15:49 ч. Response Sent
[Info]15:49 ч. Response Sent
[Info]15:49 ч. Response Sent
