[Info]22:21 ч. Request Sent
[Info]22:21 ч. Retrieving the list of cars
[Info]22:21 ч. There are 9 cars in the fleet
[Info]22:21 ч. Response Sent
[Info]22:21 ч. Request Sent
[Info]22:21 ч. Request Sent
[Info]22:21 ч. Request Sent
[Info]22:21 ч. Request Sent
[Info]22:21 ч. Retrieving the ratings by carId
[Info]22:21 ч. Response Sent
[Info]22:21 ч. Response Sent
[Info]22:21 ч. Response Sent
[Info]22:21 ч. Request Sent
[Info]22:21 ч. Retrieving the ratings by carId
[Info]22:21 ч. Request Sent
[Info]22:21 ч. Request Sent
[Info]22:21 ч. Retrieving the ratings by carId
[Info]22:21 ч. Retrieving the ratings by carId
[Info]22:21 ч. Retrieving the ratings by carId
[Info]22:21 ч. Retrieving the ratings by carId
[Info]22:21 ч. Response Sent
[Info]22:21 ч. Response Sent
[Info]22:21 ч. Response Sent
[Info]22:21 ч. Response Sent
[Info]22:21 ч. Response Sent
[Info]22:22 ч. Request Sent
[Info]22:22 ч. Retrieving the list of cars
[Info]22:22 ч. There are 9 cars in the fleet
[Info]22:22 ч. Response Sent
[Info]22:22 ч. Request Sent
[Info]22:22 ч. Request Sent
[Info]22:22 ч. Retrieving the ratings by carId
[Info]22:22 ч. Retrieving the ratings by carId
[Info]22:22 ч. Request Sent
[Info]22:22 ч. Retrieving the ratings by carId
[Info]22:22 ч. Request Sent
[Info]22:22 ч. Response Sent
[Info]22:22 ч. Retrieving the ratings by carId
[Info]22:22 ч. Retrieving the ratings by carId
[Info]22:22 ч. Request Sent
[Info]22:22 ч. Retrieving the ratings by carId
[Info]22:22 ч. Request Sent
[Info]22:22 ч. Request Sent
[Info]22:22 ч. Retrieving the ratings by carId
[Info]22:22 ч. Retrieving the ratings by carId
[Info]22:22 ч. Response Sent
[Info]22:22 ч. Response Sent
[Info]22:22 ч. Response Sent
[Info]22:22 ч. Request Sent
[Info]22:22 ч. Retrieving the ratings by carId
[Info]22:22 ч. Request Sent
[Info]22:22 ч. Request Sent
[Info]22:22 ч. Response Sent
[Info]22:22 ч. Retrieving the ratings by carId
[Info]22:22 ч. Retrieving the ratings by carId
[Info]22:22 ч. Response Sent
[Info]22:22 ч. Response Sent
[Info]22:22 ч. Response Sent
[Info]22:22 ч. Response Sent
[Info]22:22 ч. Request Sent
[Info]22:22 ч. Retrieving the car by Id
[Info]22:22 ч. Response Sent
[Info]22:22 ч. Request Sent
[Info]22:22 ч. Response Sent
[Info]22:22 ч. Request Sent
[Info]22:22 ч. Response Sent
[Info]22:22 ч. Request Sent
[Info]22:22 ч. Retrieving the list of cars
[Info]22:22 ч. There are 9 cars in the fleet
[Info]22:22 ч. Response Sent
[Info]22:22 ч. Request Sent
[Info]22:22 ч. Retrieving the ratings by carId
[Info]22:22 ч. Request Sent
[Info]22:22 ч. Request Sent
[Info]22:22 ч. Retrieving the ratings by carId
[Info]22:22 ч. Retrieving the ratings by carId
[Info]22:22 ч. Request Sent
[Info]22:22 ч. Retrieving the ratings by carId
[Info]22:22 ч. Retrieving the ratings by carId
[Info]22:22 ч. Response Sent
[Info]22:22 ч. Request Sent
[Info]22:22 ч. Retrieving the ratings by carId
[Info]22:22 ч. Response Sent
[Info]22:22 ч. Request Sent
[Info]22:22 ч. Retrieving the ratings by carId
[Info]22:22 ч. Response Sent
[Info]22:22 ч. Response Sent
[Info]22:22 ч. Response Sent
[Info]22:22 ч. Request Sent
[Info]22:22 ч. Retrieving the ratings by carId
[Info]22:22 ч. Retrieving the ratings by carId
[Info]22:22 ч. Request Sent
[Info]22:22 ч. Request Sent
[Info]22:22 ч. Retrieving the ratings by carId
[Info]22:22 ч. Response Sent
[Info]22:22 ч. Response Sent
[Info]22:22 ч. Response Sent
[Info]22:22 ч. Response Sent
[Info]22:22 ч. Response Sent
[Info]22:22 ч. Response Sent
[Info]22:22 ч. Request Sent
[Info]22:22 ч. Retrieving the car by Id
[Info]22:22 ч. Response Sent
[Info]22:23 ч. Request Sent
[Info]22:23 ч. Retrieving the car by Id
[Info]22:23 ч. Response Sent
[Info]22:23 ч. There are 5 locations in the fleet
[Info]22:23 ч. Response Sent
[Info]22:23 ч. Request Sent
[Info]22:23 ч. Retrieving the list of bookings
[Info]22:23 ч. There are 6 bookings in the fleet
[Info]22:23 ч. Response Sent
[Info]22:23 ч. Request Sent
[Info]22:23 ч. Response Sent
[Info]22:23 ч. Request Sent
[Info]22:23 ч. Response Sent
[Info]22:23 ч. Request Sent
[Info]22:23 ч. Retrieving the renter by Id
[Info]22:23 ч. Response Sent
[Info]22:23 ч. Request Sent
[Info]22:23 ч. Retrieving the renter by Id
[Info]22:23 ч. Response Sent
[Info]22:23 ч. Request Sent
[Info]22:23 ч. Response Sent
[Info]22:23 ч. Request Sent
[Info]22:23 ч. User logged out the system.
[Info]22:23 ч. Response Sent
[Info]22:23 ч. Request Sent
[Info]22:23 ч. Response Sent
[Info]22:23 ч. Request Sent
[Info]22:23 ч. Response Sent
[Info]22:23 ч. Request Sent
[Info]22:23 ч. Retrieving the list of categories
[Info]22:23 ч. There are 7 categories in the fleet
[Info]22:23 ч. Response Sent
[Info]22:23 ч. Request Sent
[Info]22:23 ч. Retrieving the list of cars
[Info]22:23 ч. There are 9 cars in the fleet
[Info]22:23 ч. Response Sent
