[Info]12:21 ч. Retrieving the list of cars
[Info]12:21 ч. There are 2 cars in the fleet
[Info]12:21 ч. Retrieving the list of cars
[Info]12:21 ч. There are 2 cars in the fleet
[Info]12:21 ч. Retrieving the ratings by carId
[Info]12:21 ч. Retrieving the ratings by carId
[Info]12:21 ч. Retrieving the ratings by carId
[Info]14:26 ч. Retrieving the list of cars
[Info]14:26 ч. There are 2 cars in the fleet
[Info]14:45 ч. Retrieving the list of cars
[Info]14:45 ч. There are 2 cars in the fleet
[Info]14:45 ч. Retrieving the ratings by carId
[Info]14:45 ч. Retrieving the ratings by carId
[Info]14:45 ч. Retrieving the ratings by carId
[Info]14:45 ч. Retrieving the ratings by carId
[Info]14:46 ч. Retrieving the list of cars
[Info]14:46 ч. Retrieving the list of cars
[Info]14:46 ч. There are 2 cars in the fleet
[Info]14:46 ч. There are 2 cars in the fleet
[Info]14:46 ч. There are 2 cars in the fleet
[Info]14:46 ч. Retrieving the ratings by carId
[Info]14:46 ч. Retrieving the ratings by carId
[Info]14:46 ч. Retrieving the ratings by carId
[Info]14:46 ч. Retrieving the list of cars
[Info]14:46 ч. There are 2 cars in the fleet
[Info]14:46 ч. Retrieving the ratings by carId
[Info]14:46 ч. Retrieving the ratings by carId
[Info]14:46 ч. Retrieving the ratings by carId
[Info]14:46 ч. Retrieving the ratings by carId
[Info]14:46 ч. Retrieving the list of cars
[Info]14:46 ч. There are 2 cars in the fleet
[Info]14:46 ч. There are 2 cars in the fleet
[Info]14:48 ч. Retrieving the list of cars
[Info]14:48 ч. Retrieving the list of cars
[Info]14:48 ч. Retrieving the list of cars
[Info]14:48 ч. There are 2 cars in the fleet
[Info]14:48 ч. There are 2 cars in the fleet
[Info]14:48 ч. There are 2 cars in the fleet
[Info]14:48 ч. Retrieving the ratings by carId
[Info]14:48 ч. Retrieving the ratings by carId
[Info]14:48 ч. Retrieving the ratings by carId
[Info]14:48 ч. Retrieving the ratings by carId
[Info]14:53 ч. Retrieving the list of cars
[Info]14:53 ч. There are 2 cars in the fleet
[Info]14:53 ч. Retrieving the ratings by carId
[Info]14:53 ч. Retrieving the ratings by carId
[Info]14:53 ч. Retrieving the ratings by carId
[Info]14:53 ч. Retrieving the list of cars
[Info]14:53 ч. There are 2 cars in the fleet
[Info]14:53 ч. Retrieving the ratings by carId
[Info]14:53 ч. Retrieving the ratings by carId
[Info]14:53 ч. Retrieving the ratings by carId
[Info]14:53 ч. Retrieving the ratings by carId
[Info]15:03 ч. Retrieving the list of cars
[Info]15:03 ч. There are 2 cars in the fleet
[Info]15:05 ч. Retrieving the list of cars
[Info]15:05 ч. Retrieving the list of cars
[Info]15:05 ч. There are 2 cars in the fleet
[Info]15:05 ч. There are 2 cars in the fleet
[Info]15:06 ч. Retrieving the list of cars
[Info]15:06 ч. Retrieving the list of cars
[Info]15:06 ч. There are 2 cars in the fleet
[Info]15:06 ч. There are 2 cars in the fleet
[Info]15:06 ч. Retrieving the list of cars
[Info]15:06 ч. Retrieving the list of cars
[Info]15:06 ч. There are 2 cars in the fleet
[Info]15:06 ч. There are 2 cars in the fleet
[Info]15:07 ч. Retrieving the list of cars
[Info]15:07 ч. There are 2 cars in the fleet
[Info]15:07 ч. Retrieving the ratings by carId
[Info]15:07 ч. Retrieving the ratings by carId
[Info]15:07 ч. Retrieving the ratings by carId
[Info]15:07 ч. Retrieving the ratings by carId
[Info]15:31 ч. Retrieving the list of cars
[Info]15:31 ч. There are 2 cars in the fleet
[Info]15:31 ч. Retrieving the ratings by carId
[Info]15:31 ч. Retrieving the ratings by carId
[Info]15:31 ч. Retrieving the ratings by carId
[Info]15:34 ч. Retrieving the car by Id
[Info]15:42 ч. Retrieving the list of cars
[Info]15:42 ч. There are 2 cars in the fleet
[Info]15:42 ч. Retrieving the ratings by carId
[Info]15:42 ч. Retrieving the ratings by carId
[Info]15:42 ч. Retrieving the ratings by carId
[Info]15:42 ч. Retrieving the ratings by carId
[Info]15:43 ч. Retrieving the list of cars
[Info]15:43 ч. There are 2 cars in the fleet
[Info]15:43 ч. Retrieving the ratings by carId
[Info]15:43 ч. Retrieving the ratings by carId
[Info]15:43 ч. Retrieving the ratings by carId
[Info]15:52 ч. Retrieving the list of cars
[Info]15:52 ч. There are 2 cars in the fleet
[Info]15:52 ч. Retrieving the ratings by carId
[Info]15:52 ч. Retrieving the ratings by carId
[Info]15:52 ч. Retrieving the ratings by carId
[Info]15:57 ч. Retrieving the car by Id
[Info]15:57 ч. Retrieving the car by Id
[Info]15:57 ч. Retrieving the car by Id
[Info]15:57 ч. Retrieving the car by Id
[Info]15:57 ч. Retrieving the car by Id
[Info]15:57 ч. Retrieving the car by Id
[Info]15:57 ч. Retrieving the car by Id
[Info]15:57 ч. Retrieving the car by Id
[Info]16:01 ч. Retrieving the car by Id
[Info]16:01 ч. Retrieving the car by Id
[Info]16:03 ч. Retrieving the car by Id
[Info]16:03 ч. Retrieving the car by Id
[Info]16:07 ч. Retrieving the car by Id
[Info]16:09 ч. Retrieving the car by Id
[Info]16:09 ч. Retrieving the list of cars
[Info]16:09 ч. There are 2 cars in the fleet
[Info]16:09 ч. Retrieving the ratings by carId
[Info]16:09 ч. Retrieving the list of cars
[Info]16:09 ч. There are 2 cars in the fleet
[Info]16:09 ч. Retrieving the ratings by carId
[Info]16:09 ч. Retrieving the ratings by carId
[Info]16:09 ч. Retrieving the ratings by carId
[Info]16:09 ч. Retrieving the ratings by carId
[Info]16:09 ч. Retrieving the car by Id
[Info]16:11 ч. Retrieving the car by Id
[Info]16:12 ч. Retrieving the list of cars
[Info]16:12 ч. There are 2 cars in the fleet
[Info]16:12 ч. Retrieving the ratings by carId
[Info]16:12 ч. Retrieving the ratings by carId
[Info]16:12 ч. Retrieving the ratings by carId
[Info]16:12 ч. Retrieving the ratings by carId
[Info]16:12 ч. Retrieving the car by Id
[Info]16:13 ч. Retrieving the car by Id
[Info]16:13 ч. Retrieving the car by Id
[Info]16:14 ч. Retrieving the car by Id
[Info]16:15 ч. Retrieving the car by Id
[Info]16:15 ч. Retrieving the car by Id
[Info]16:16 ч. Retrieving the car by Id
[Info]16:16 ч. Retrieving the car by Id
[Info]16:19 ч. Retrieving the car by Id
[Info]16:20 ч. Retrieving the car by Id
[Info]16:20 ч. Retrieving the car by Id
[Info]16:20 ч. Retrieving the car by Id
[Info]16:20 ч. Retrieving the car by Id
[Info]16:27 ч. Retrieving the car by Id
[Info]16:27 ч. Retrieving the car by Id
[Info]16:28 ч. Retrieving the list of cars
[Info]16:28 ч. There are 2 cars in the fleet
[Info]16:28 ч. Retrieving the ratings by carId
[Info]16:28 ч. Retrieving the ratings by carId
[Info]16:28 ч. Retrieving the ratings by carId
[Info]16:28 ч. Retrieving the ratings by carId
[Info]16:28 ч. Retrieving the car by Id
[Info]16:38 ч. Retrieving the car by Id
[Info]16:39 ч. Retrieving the car by Id
[Info]16:39 ч. Retrieving the list of cars
[Info]16:39 ч. There are 2 cars in the fleet
[Info]16:39 ч. Retrieving the ratings by carId
[Info]16:39 ч. Retrieving the ratings by carId
[Info]16:39 ч. Retrieving the ratings by carId
[Info]16:39 ч. Retrieving the ratings by carId
[Info]16:39 ч. Retrieving the car by Id
[Info]16:39 ч. Retrieving the car by Id
[Info]16:39 ч. Retrieving the car by Id
[Info]16:46 ч. Retrieving the car by Id
[Info]16:46 ч. Retrieving the list of cars
[Info]16:46 ч. There are 2 cars in the fleet
[Info]16:46 ч. Retrieving the ratings by carId
[Info]16:46 ч. Retrieving the ratings by carId
[Info]16:46 ч. Retrieving the ratings by carId
[Info]16:46 ч. Retrieving the car by Id
[Info]19:05 ч. Retrieving the list of cars
[Info]19:05 ч. There are 2 cars in the fleet
[Info]19:05 ч. Retrieving the ratings by carId
[Info]19:05 ч. Retrieving the ratings by carId
[Info]19:05 ч. Retrieving the car by Id
[Info]19:12 ч. Retrieving the car by Id
[Info]19:13 ч. Retrieving the car by Id
[Info]19:13 ч. Retrieving the list of cars
[Info]19:13 ч. There are 2 cars in the fleet
[Info]19:13 ч. Retrieving the ratings by carId
[Info]19:13 ч. Retrieving the ratings by carId
[Info]19:13 ч. Retrieving the ratings by carId
[Info]19:13 ч. Retrieving the car by Id
[Info]19:13 ч. Retrieving the list of cars
[Info]19:13 ч. There are 2 cars in the fleet
[Info]19:13 ч. Retrieving the ratings by carId
[Info]19:13 ч. Retrieving the ratings by carId
[Info]19:13 ч. Retrieving the ratings by carId
[Info]19:13 ч. Retrieving the ratings by carId
[Info]19:17 ч. Retrieving the list of cars
[Info]19:17 ч. There are 2 cars in the fleet
[Info]19:17 ч. Retrieving the ratings by carId
[Info]19:17 ч. Retrieving the ratings by carId
[Info]19:17 ч. Retrieving the ratings by carId
[Info]19:17 ч. Retrieving the ratings by carId
[Info]19:27 ч. Retrieving the list of cars
[Info]19:27 ч. There are 2 cars in the fleet
[Info]19:27 ч. Retrieving the ratings by carId
[Info]19:27 ч. Retrieving the ratings by carId
[Info]19:27 ч. Retrieving the ratings by carId
[Info]19:53 ч. Retrieving the list of cars
[Info]19:54 ч. There are 3 cars in the fleet
[Info]19:54 ч. Retrieving the list of cars
[Info]19:54 ч. There are 3 cars in the fleet
[Info]19:59 ч. Retrieving the list of cars
[Info]19:59 ч. There are 3 cars in the fleet
[Info]19:59 ч. Retrieving the list of cars
[Info]19:59 ч. There are 3 cars in the fleet
[Info]20:00 ч. Retrieving the list of cars
[Info]20:00 ч. There are 3 cars in the fleet
[Info]20:00 ч. Retrieving the list of cars
[Info]20:00 ч. There are 3 cars in the fleet
[Info]20:01 ч. Retrieving the list of cars
[Info]20:01 ч. There are 3 cars in the fleet
[Info]20:01 ч. Retrieving the list of cars
[Info]20:01 ч. There are 3 cars in the fleet
[Info]20:06 ч. Retrieving the list of cars
[Info]20:06 ч. There are 3 cars in the fleet
[Info]20:06 ч. Retrieving the list of cars
[Info]20:06 ч. There are 3 cars in the fleet
[Info]20:06 ч. Retrieving the list of cars
[Info]20:06 ч. There are 3 cars in the fleet
[Info]20:06 ч. Retrieving the list of cars
[Info]20:06 ч. There are 3 cars in the fleet
[Info]20:07 ч. Retrieving the list of cars
[Info]20:07 ч. There are 3 cars in the fleet
[Info]20:08 ч. Retrieving the list of cars
[Info]20:08 ч. There are 3 cars in the fleet
[Info]20:08 ч. Retrieving the list of cars
[Info]20:08 ч. There are 3 cars in the fleet
[Info]20:09 ч. Retrieving the list of cars
[Info]20:09 ч. There are 3 cars in the fleet
[Info]20:15 ч. Retrieving the list of cars
[Info]20:15 ч. There are 3 cars in the fleet
[Info]20:16 ч. Retrieving the list of cars
[Info]20:16 ч. There are 3 cars in the fleet
[Info]20:19 ч. Retrieving the list of cars
[Info]20:19 ч. There are 3 cars in the fleet
[Info]20:20 ч. Retrieving the list of cars
[Info]20:20 ч. There are 3 cars in the fleet
[Info]20:20 ч. Retrieving the list of cars
[Info]20:20 ч. There are 3 cars in the fleet
[Info]20:26 ч. Retrieving the list of cars
[Info]20:26 ч. There are 2 cars in the fleet
[Info]20:26 ч. Retrieving the ratings by carId
[Info]20:26 ч. Retrieving the ratings by carId
[Info]20:30 ч. Retrieving the list of cars
[Info]20:30 ч. There are 2 cars in the fleet
[Info]20:31 ч. Retrieving the list of cars
[Info]20:31 ч. There are 2 cars in the fleet
[Info]20:31 ч. Retrieving the list of cars
[Info]20:31 ч. There are 3 cars in the fleet
[Info]20:31 ч. Retrieving the list of cars
[Info]20:31 ч. There are 2 cars in the fleet
[Info]20:31 ч. Retrieving the ratings by carId
[Info]20:31 ч. Retrieving the ratings by carId
[Info]20:31 ч. Retrieving the ratings by carId
[Info]20:31 ч. Retrieving the ratings by carId
[Info]20:31 ч. Retrieving the list of cars
[Info]20:31 ч. There are 3 cars in the fleet
[Info]20:33 ч. Retrieving the list of cars
[Info]20:33 ч. There are 2 cars in the fleet
[Info]20:33 ч. Retrieving the ratings by carId
[Info]20:33 ч. Retrieving the ratings by carId
[Info]20:33 ч. Retrieving the ratings by carId
[Info]20:33 ч. Retrieving the list of cars
[Info]20:33 ч. There are 2 cars in the fleet
[Info]20:33 ч. Retrieving the ratings by carId
[Info]20:33 ч. Retrieving the ratings by carId
[Info]20:33 ч. Retrieving the list of cars
[Info]20:33 ч. There are 2 cars in the fleet
[Info]20:33 ч. Retrieving the car by Id
[Info]20:33 ч. Retrieving the list of cars
[Info]20:33 ч. There are 2 cars in the fleet
[Info]20:33 ч. Retrieving the car by Id
[Info]20:33 ч. Retrieving the booking by Id
[Info]20:56 ч. Retrieving the list of bookings
[Info]20:56 ч. There are 2 bookings in the fleet
[Info]21:03 ч. Retrieving the list of bookings
[Info]21:03 ч. There are 2 bookings in the fleet
[Info]21:03 ч. Retrieving the list of bookings
[Info]21:03 ч. Retrieving the booking by Id
[Info]21:03 ч. Retrieving the booking by Id
[Info]21:03 ч. There are 2 bookings in the fleet
[Info]21:04 ч. Retrieving the list of bookings
[Info]21:04 ч. There are 2 bookings in the fleet
[Info]21:04 ч. Retrieving the list of cars
[Info]21:04 ч. There are 2 cars in the fleet
[Info]21:04 ч. Retrieving the booking by Id
[Info]21:04 ч. Retrieving the booking by Id
[Info]21:04 ч. There are 2 bookings in the fleet
[Info]21:05 ч. Retrieving the list of cars
[Info]21:05 ч. There are 2 cars in the fleet
[Info]21:05 ч. Retrieving the ratings by carId
[Info]21:05 ч. Retrieving the ratings by carId
[Info]22:10 ч. Retrieving the list of bookings
[Info]22:10 ч. There are 2 bookings in the fleet
[Info]22:10 ч. Retrieving the booking by Id
[Info]22:14 ч. Retrieving the list of bookings
[Info]22:14 ч. There are 2 bookings in the fleet
[Info]22:14 ч. Retrieving the list of bookings
[Info]22:14 ч. There are 2 bookings in the fleet
[Info]22:18 ч. Retrieving the list of cars
[Info]22:18 ч. There are 2 cars in the fleet
[Info]22:18 ч. Retrieving the ratings by carId
[Info]22:18 ч. Retrieving the ratings by carId
[Info]22:18 ч. Retrieving the ratings by carId
[Info]22:18 ч. Retrieving the ratings by carId
[Info]22:18 ч. Retrieving the car by Id
[Info]22:18 ч. Retrieving the list of cars
[Info]22:18 ч. There are 2 cars in the fleet
[Info]22:18 ч. Retrieving the ratings by carId
[Info]22:18 ч. Retrieving the ratings by carId
[Info]22:18 ч. Retrieving the ratings by carId
[Info]22:18 ч. Retrieving the car by Id
[Info]22:18 ч. Retrieving the list of cars
[Info]22:18 ч. There are 2 cars in the fleet
[Info]22:18 ч. Retrieving the car by Id
[Info]22:29 ч. Retrieving the car by Id
[Info]22:30 ч. Retrieving the car by Id
[Info]22:30 ч. Retrieving the car by Id
[Info]22:31 ч. Retrieving the list of cars
[Info]22:31 ч. There are 2 cars in the fleet
[Info]22:31 ч. Retrieving the ratings by carId
[Info]22:31 ч. Retrieving the ratings by carId
[Info]22:31 ч. Retrieving the ratings by carId
[Info]22:31 ч. Retrieving the ratings by carId
[Info]22:31 ч. Retrieving the list of cars
[Info]22:31 ч. There are 2 cars in the fleet
[Info]22:31 ч. Retrieving the ratings by carId
[Info]22:31 ч. Retrieving the ratings by carId
[Info]22:31 ч. Retrieving the ratings by carId
[Info]22:31 ч. Retrieving the ratings by carId
[Info]22:31 ч. Retrieving the list of cars
[Info]22:31 ч. There are 2 cars in the fleet
[Info]22:31 ч. Retrieving the list of bookings
[Info]22:31 ч. Retrieving the booking by Id
[Info]22:31 ч. Retrieving the booking by Id
[Info]22:31 ч. There are 2 bookings in the fleet
