[Info]08:28 ч. Request Sent
[Info]08:28 ч. Response Sent
[Info]08:28 ч. Request Sent
[Info]08:28 ч. Request Sent
[Info]08:28 ч. Response Sent
[Info]08:28 ч. Request Sent
[Info]08:28 ч. Response Sent
[Info]08:28 ч. Request Sent
[Info]08:28 ч. Response Sent
[Info]08:28 ч. Request Sent
[Info]08:28 ч. Retrieving the list of cars
[Info]08:28 ч. There are 15 cars in the fleet
[Info]08:28 ч. Response Sent
[Info]08:29 ч. Request Sent
[Info]08:29 ч. Request Sent
[Info]08:29 ч. Response Sent
[Info]08:29 ч. Response Sent
[Info]08:29 ч. Request Sent
[Info]08:29 ч. Retrieving the car by Id
[Info]08:29 ч. Response Sent
[Info]08:29 ч. Response Sent
[Info]08:29 ч. Request Sent
[Info]08:29 ч. Response Sent
[Info]08:29 ч. Request Sent
[Info]08:29 ч. Retrieving the list of locations
[Info]08:29 ч. There are 5 locations in the fleet
[Info]08:29 ч. Response Sent
[Info]08:29 ч. Request Sent
[Info]08:29 ч. Response Sent
[Info]08:29 ч. Request Sent
[Info]08:29 ч. Retrieving the renter by Id
[Info]08:29 ч. Response Sent
[Info]08:29 ч. Request Sent
[Info]08:29 ч. Retrieving the renter by Id
[Info]08:29 ч. Response Sent
[Info]08:34 ч. Request Sent
[Info]08:34 ч. Response Sent
[Info]08:34 ч. Request Sent
[Info]08:34 ч. Retrieving the renter by Id
[Info]08:34 ч. Response Sent
[Info]08:34 ч. Request Sent
[Info]08:34 ч. Retrieving the renter by Id
[Info]08:34 ч. Response Sent
[Info]08:34 ч. Request Sent
[Info]08:34 ч. Response Sent
[Info]08:34 ч. Request Sent
[Info]08:34 ч. Retrieving the renter by Id
[Info]08:34 ч. Response Sent
[Info]08:34 ч. Request Sent
[Info]08:34 ч. Response Sent
[Info]08:34 ч. Request Sent
[Info]08:34 ч. Response Sent
[Info]08:34 ч. Request Sent
[Info]08:34 ч. Response Sent
[Info]08:34 ч. Request Sent
[Info]08:34 ч. Retrieving the renter by Id
[Info]08:34 ч. Response Sent
[Info]08:34 ч. Request Sent
[Info]08:34 ч. Response Sent
[Info]08:34 ч. Request Sent
[Info]08:34 ч. Retrieving the list of bookings
[Info]08:34 ч. There are 1 bookings in the fleet
[Info]08:34 ч. Response Sent
[Info]08:34 ч. Request Sent
[Info]08:34 ч. Response Sent
[Info]08:34 ч. Request Sent
[Info]08:34 ч. Retrieving the renter by Id
[Info]08:34 ч. Response Sent
[Info]08:34 ч. Request Sent
[Info]08:34 ч. Response Sent
[Info]08:34 ч. Request Sent
[Info]08:34 ч. Retrieving the list of cars
[Info]08:34 ч. There are 15 cars in the fleet
[Info]08:34 ч. Response Sent
[Info]08:34 ч. Request Sent
[Info]08:34 ч. Response Sent
[Info]08:34 ч. Request Sent
[Info]08:34 ч. Request Sent
[Info]08:34 ч. Retrieving the car by Id
[Info]08:34 ч. Request Sent
[Info]08:34 ч. Retrieving the ratings by carId
[Info]08:34 ч. Response Sent
[Info]08:34 ч. Response Sent
[Info]08:34 ч. Request Sent
[Info]08:34 ч. Response Sent
[Info]08:34 ч. Request Sent
[Info]08:34 ч. Retrieving the list of locations
[Info]08:34 ч. There are 5 locations in the fleet
[Info]08:34 ч. Response Sent
[Info]08:37 ч. Request Sent
[Info]08:37 ч. Response Sent
[Info]08:37 ч. Request Sent
[Info]08:37 ч. Retrieving the list of locations
[Info]08:37 ч. There are 5 locations in the fleet
[Info]08:37 ч. Response Sent
[Info]08:37 ч. Request Sent
[Info]08:37 ч. Response Sent
[Info]08:37 ч. Request Sent
[Info]08:37 ч. Retrieving the list of locations
[Info]08:37 ч. There are 5 locations in the fleet
[Info]08:37 ч. Response Sent
[Info]08:38 ч. Request Sent
[Info]08:38 ч. Response Sent
[Info]08:38 ч. Request Sent
[Info]08:38 ч. Retrieving the list of locations
[Info]08:38 ч. There are 5 locations in the fleet
[Info]08:38 ч. Response Sent
[Info]08:38 ч. Request Sent
[Info]08:38 ч. Response Sent
[Info]08:38 ч. Request Sent
[Info]08:38 ч. Retrieving the list of locations
[Info]08:38 ч. There are 5 locations in the fleet
[Info]08:38 ч. Response Sent
[Info]08:39 ч. Request Sent
[Info]08:39 ч. Response Sent
[Info]08:39 ч. Request Sent
[Info]08:39 ч. Retrieving the list of locations
[Info]08:39 ч. There are 5 locations in the fleet
[Info]08:39 ч. Response Sent
[Info]08:39 ч. Request Sent
[Info]08:39 ч. Response Sent
[Info]08:39 ч. Request Sent
[Info]08:39 ч. Retrieving the list of locations
[Info]08:39 ч. There are 5 locations in the fleet
[Info]08:39 ч. Response Sent
[Info]08:41 ч. Request Sent
[Info]08:41 ч. Response Sent
[Info]08:41 ч. Request Sent
[Info]08:41 ч. Retrieving the list of locations
[Info]08:41 ч. There are 5 locations in the fleet
[Info]08:41 ч. Response Sent
[Info]08:42 ч. Request Sent
[Info]08:42 ч. Response Sent
[Info]08:42 ч. Request Sent
[Info]08:42 ч. Retrieving the list of locations
[Info]08:42 ч. There are 5 locations in the fleet
[Info]08:42 ч. Response Sent
[Info]08:42 ч. Request Sent
[Info]08:42 ч. Response Sent
[Info]08:42 ч. Request Sent
[Info]08:42 ч. Retrieving the list of locations
[Info]08:42 ч. There are 5 locations in the fleet
[Info]08:42 ч. Response Sent
[Info]08:42 ч. Request Sent
[Info]08:42 ч. Response Sent
[Info]08:42 ч. Request Sent
[Info]08:42 ч. Retrieving the list of locations
[Info]08:42 ч. There are 5 locations in the fleet
[Info]08:42 ч. Response Sent
[Info]08:44 ч. Request Sent
[Info]08:44 ч. Response Sent
[Info]08:44 ч. Request Sent
[Info]08:44 ч. Retrieving the list of locations
[Info]08:44 ч. There are 5 locations in the fleet
[Info]08:44 ч. Response Sent
[Info]08:45 ч. Request Sent
[Info]08:45 ч. Response Sent
[Info]08:45 ч. Request Sent
[Info]08:45 ч. Retrieving the list of locations
[Info]08:45 ч. There are 5 locations in the fleet
[Info]08:45 ч. Response Sent
[Info]08:45 ч. Request Sent
[Info]08:45 ч. Response Sent
[Info]08:45 ч. Request Sent
[Info]08:45 ч. Retrieving the list of locations
[Info]08:45 ч. There are 5 locations in the fleet
[Info]08:45 ч. Response Sent
[Info]08:46 ч. Request Sent
[Info]08:46 ч. Response Sent
[Info]08:46 ч. Request Sent
[Info]08:46 ч. Retrieving the list of locations
[Info]08:46 ч. There are 5 locations in the fleet
[Info]08:46 ч. Response Sent
[Info]08:47 ч. Request Sent
[Info]08:47 ч. Response Sent
[Info]08:47 ч. Request Sent
[Info]08:47 ч. Retrieving the list of cars
[Info]08:47 ч. There are 15 cars in the fleet
[Info]08:47 ч. Response Sent
[Info]08:47 ч. Request Sent
[Info]08:47 ч. Response Sent
[Info]08:47 ч. Request Sent
[Info]08:47 ч. Retrieving the renter by Id
[Info]08:47 ч. Response Sent
[Info]08:48 ч. Request Sent
[Info]08:48 ч. Response Sent
[Info]08:48 ч. Request Sent
[Info]08:48 ч. Retrieving the renter by Id
[Info]08:48 ч. Response Sent
[Info]08:50 ч. Request Sent
[Info]08:50 ч. Response Sent
[Info]08:50 ч. Request Sent
[Info]08:50 ч. Retrieving the renter by Id
[Info]08:50 ч. Response Sent
[Info]08:50 ч. Request Sent
[Info]08:50 ч. Response Sent
[Info]08:50 ч. Request Sent
[Info]08:50 ч. Retrieving the list of cars
[Info]08:50 ч. There are 15 cars in the fleet
[Info]08:50 ч. Response Sent
[Info]08:50 ч. Request Sent
[Info]08:50 ч. Response Sent
[Info]08:50 ч. Request Sent
[Info]08:50 ч. Response Sent
[Info]08:50 ч. Request Sent
[Info]08:50 ч. Retrieving the car by Id
[Info]08:50 ч. Request Sent
[Info]08:50 ч. Retrieving the ratings by carId
[Info]08:50 ч. Response Sent
[Info]08:50 ч. Response Sent
[Info]08:50 ч. Request Sent
[Info]08:50 ч. Response Sent
[Info]08:50 ч. Request Sent
[Info]08:50 ч. Retrieving the renter by Id
[Info]08:50 ч. Response Sent
[Info]08:50 ч. Request Sent
[Info]08:50 ч. Response Sent
[Info]08:50 ч. Request Sent
[Info]08:50 ч. User logged out the system.
[Info]08:50 ч. Response Sent
