[Info]09:07 ч. Retrieving the list of cars
[Info]09:07 ч. There are 2 cars in the fleet
[Info]09:11 ч. Retrieving the list of cars
[Info]09:11 ч. There are 2 cars in the fleet
[Info]09:12 ч. Retrieving the list of cars
[Info]09:12 ч. There are 2 cars in the fleet
[Info]09:13 ч. Retrieving the list of cars
[Info]09:13 ч. There are 2 cars in the fleet
[Info]09:14 ч. Retrieving the list of bookings
[Info]09:14 ч. There are 2 bookings in the fleet
[Info]09:18 ч. Retrieving the list of cars
[Info]09:18 ч. There are 2 cars in the fleet
[Info]09:19 ч. Retrieving the list of cars
[Info]09:19 ч. There are 2 cars in the fleet
[Info]09:23 ч. Retrieving the list of cars
[Info]09:23 ч. There are 2 cars in the fleet
[Info]09:23 ч. Retrieving the list of cars
[Info]09:23 ч. There are 2 cars in the fleet
[Info]09:28 ч. Retrieving the list of bookings
[Info]09:28 ч. There are 2 bookings in the fleet
[Info]09:28 ч. Retrieving the list of bookings
[Info]09:28 ч. Retrieving the list of cars
[Info]09:28 ч. There are 2 bookings in the fleet
[Info]09:28 ч. There are 2 cars in the fleet
[Info]09:32 ч. Retrieving the list of cars
[Info]09:32 ч. There are 2 cars in the fleet
[Info]09:33 ч. Retrieving the list of bookings
[Info]09:33 ч. There are 2 bookings in the fleet
[Info]10:12 ч. Retrieving the list of bookings
[Info]10:12 ч. There are 2 bookings in the fleet
[Info]10:13 ч. Retrieving the list of bookings
[Info]10:13 ч. Retrieving the list of cars
[Info]10:13 ч. There are 2 bookings in the fleet
[Info]10:13 ч. There are 2 cars in the fleet
[Info]10:14 ч. Retrieving the list of bookings
[Info]10:14 ч. There are 2 bookings in the fleet
[Info]10:15 ч. Retrieving the list of cars
[Info]10:15 ч. Retrieving the list of bookings
[Info]10:15 ч. There are 2 bookings in the fleet
[Info]10:15 ч. There are 2 cars in the fleet
[Info]10:17 ч. Retrieving the list of bookings
[Info]10:17 ч. There are 2 bookings in the fleet
[Info]10:20 ч. Retrieving the list of cars
[Info]10:20 ч. There are 2 cars in the fleet
[Info]10:20 ч. There are 2 bookings in the fleet
[Info]10:21 ч. Retrieving the list of bookings
[Info]10:21 ч. Retrieving the list of cars
[Info]10:21 ч. There are 2 bookings in the fleet
[Info]10:21 ч. There are 2 cars in the fleet
[Info]10:24 ч. Retrieving the list of bookings
[Info]10:24 ч. There are 2 bookings in the fleet
[Info]10:24 ч. Retrieving the list of bookings
[Info]10:24 ч. Retrieving the list of cars
[Info]10:24 ч. There are 2 bookings in the fleet
[Info]10:24 ч. There are 2 cars in the fleet
[Info]10:29 ч. Retrieving the list of bookings
[Info]10:29 ч. There are 2 bookings in the fleet
[Info]10:36 ч. Retrieving the list of bookings
[Info]10:37 ч. There are 2 bookings in the fleet
[Info]10:37 ч. Retrieving the list of bookings
[Info]10:37 ч. Retrieving the list of cars
[Info]10:37 ч. There are 2 bookings in the fleet
[Info]10:37 ч. There are 2 cars in the fleet
[Info]10:43 ч. Retrieving the list of cars
[Info]10:43 ч. There are 2 cars in the fleet
[Info]10:43 ч. There are 2 bookings in the fleet
[Info]10:47 ч. Retrieving the list of bookings
[Info]10:47 ч. There are 2 bookings in the fleet
[Info]10:48 ч. Retrieving the list of cars
[Info]10:48 ч. There are 2 cars in the fleet
[Info]10:48 ч. There are 2 bookings in the fleet
[Info]10:56 ч. Retrieving the list of bookings
[Info]10:56 ч. Retrieving the list of cars
[Info]10:56 ч. There are 2 bookings in the fleet
[Info]10:56 ч. There are 2 cars in the fleet
[Info]11:59 ч. Retrieving the ratings by carId
[Info]12:04 ч. Retrieving the ratings by carId
[Info]12:04 ч. Retrieving the ratings by carId
[Info]12:05 ч. Retrieving the list of cars
[Info]12:05 ч. There are 2 cars in the fleet
[Info]12:05 ч. Retrieving the ratings by carId
[Info]12:05 ч. Retrieving the ratings by carId
[Info]12:07 ч. Retrieving the list of cars
[Info]12:07 ч. There are 2 cars in the fleet
[Info]12:07 ч. Retrieving the ratings by carId
[Info]12:26 ч. Retrieving the ratings by carId
[Info]12:26 ч. Retrieving the ratings by carId
[Info]12:26 ч. Retrieving the ratings by carId
[Info]12:59 ч. Retrieving the ratings by carId
[Info]12:59 ч. Retrieving the ratings by carId
[Info]12:59 ч. Retrieving the list of cars
[Info]12:59 ч. There are 2 cars in the fleet
[Info]12:59 ч. Retrieving the ratings by carId
[Info]12:59 ч. Retrieving the ratings by carId
[Info]13:07 ч. Retrieving the ratings by carId
[Info]13:07 ч. Retrieving the ratings by carId
[Info]13:07 ч. Retrieving the list of cars
[Info]13:08 ч. There are 2 cars in the fleet
[Info]13:08 ч. Retrieving the list of cars
[Info]13:08 ч. There are 2 cars in the fleet
[Info]13:08 ч. Retrieving the ratings by carId
[Info]13:08 ч. Retrieving the ratings by carId
[Info]13:10 ч. Retrieving the list of cars
[Info]13:10 ч. There are 2 cars in the fleet
[Info]13:10 ч. Retrieving the ratings by carId
[Info]13:10 ч. Retrieving the list of cars
[Info]13:10 ч. There are 2 cars in the fleet
[Info]13:10 ч. Retrieving the ratings by carId
[Info]13:10 ч. Retrieving the ratings by carId
[Info]13:10 ч. Retrieving the list of cars
[Info]13:10 ч. There are 2 cars in the fleet
[Info]13:10 ч. Retrieving the ratings by carId
[Info]13:16 ч. Retrieving the list of cars
[Info]13:16 ч. There are 2 cars in the fleet
[Info]13:16 ч. Retrieving the ratings by carId
[Info]13:16 ч. Retrieving the ratings by carId
[Info]14:21 ч. Retrieving the list of cars
[Info]14:21 ч. There are 2 cars in the fleet
[Info]14:21 ч. Retrieving the ratings by carId
[Info]14:21 ч. Retrieving the ratings by carId
[Info]14:21 ч. Retrieving the list of cars
[Info]14:21 ч. There are 2 cars in the fleet
[Info]14:21 ч. Retrieving the ratings by carId
[Info]14:47 ч. Retrieving the ratings by carId
[Info]14:48 ч. Retrieving the ratings by carId
[Info]14:48 ч. Retrieving the ratings by carId
[Info]14:48 ч. Retrieving the ratings by carId
[Info]14:48 ч. Retrieving the ratings by carId
[Info]14:48 ч. Retrieving the ratings by carId
[Info]14:54 ч. Retrieving the list of cars
[Info]14:54 ч. There are 2 cars in the fleet
[Info]14:54 ч. Retrieving the ratings by carId
[Info]14:54 ч. Retrieving the ratings by carId
[Info]14:54 ч. Retrieving the list of cars
[Info]14:54 ч. There are 2 cars in the fleet
[Info]14:54 ч. Retrieving the ratings by carId
[Info]14:54 ч. Retrieving the ratings by carId
[Info]16:58 ч. Retrieving the ratings by carId
[Info]16:59 ч. Retrieving the ratings by carId
[Info]16:59 ч. Retrieving the ratings by carId
[Info]17:00 ч. Retrieving the list of cars
[Info]17:00 ч. There are 2 cars in the fleet
[Info]17:00 ч. Retrieving the ratings by carId
[Info]17:00 ч. Retrieving the ratings by carId
[Info]17:01 ч. Retrieving the ratings by carId
[Info]17:01 ч. Retrieving the ratings by carId
[Info]17:01 ч. Retrieving the list of cars
[Info]17:01 ч. There are 2 cars in the fleet
[Info]17:01 ч. Retrieving the ratings by carId
[Info]17:01 ч. Retrieving the ratings by carId
[Info]17:02 ч. Retrieving the ratings by carId
[Info]17:02 ч. Retrieving the ratings by carId
[Info]17:02 ч. Retrieving the ratings by carId
[Info]17:02 ч. Retrieving the ratings by carId
[Info]17:05 ч. Retrieving the ratings by carId
[Info]17:05 ч. Retrieving the ratings by carId
[Info]18:02 ч. Retrieving the ratings by carId
[Info]18:15 ч. Retrieving the ratings by carId
[Info]18:16 ч. Retrieving the ratings by carId
[Info]18:16 ч. Retrieving the ratings by carId
[Info]18:24 ч. Retrieving the ratings by carId
[Info]18:24 ч. Retrieving the ratings by carId
[Info]18:39 ч. Retrieving the list of cars
[Info]18:39 ч. There are 2 cars in the fleet
[Info]18:39 ч. Retrieving the ratings by carId
[Info]18:39 ч. Retrieving the ratings by carId
[Info]18:39 ч. Retrieving the ratings by carId
[Info]18:39 ч. Retrieving the list of cars
[Info]18:39 ч. There are 2 cars in the fleet
[Info]18:39 ч. Retrieving the ratings by carId
[Info]18:39 ч. Retrieving the ratings by carId
[Info]18:40 ч. Retrieving the ratings by carId
[Info]18:40 ч. Retrieving the ratings by carId
[Info]19:55 ч. Retrieving the list of cars
[Info]19:55 ч. There are 2 cars in the fleet
[Info]19:55 ч. Retrieving the ratings by carId
[Info]19:55 ч. Retrieving the ratings by carId
[Info]19:55 ч. Retrieving the list of cars
[Info]19:55 ч. There are 2 cars in the fleet
[Info]19:55 ч. Retrieving the ratings by carId
[Info]19:55 ч. Retrieving the ratings by carId
[Info]19:55 ч. Retrieving the list of cars
[Info]19:55 ч. There are 2 cars in the fleet
[Info]19:55 ч. Retrieving the ratings by carId
[Info]19:55 ч. Retrieving the ratings by carId
[Info]19:56 ч. Retrieving the list of cars
[Info]19:56 ч. There are 2 cars in the fleet
[Info]19:56 ч. Retrieving the ratings by carId
[Info]19:59 ч. Retrieving the list of cars
[Info]19:59 ч. There are 2 cars in the fleet
[Info]19:59 ч. Retrieving the ratings by carId
[Info]19:59 ч. Retrieving the ratings by carId
[Info]20:14 ч. Retrieving the list of bookings
[Info]20:15 ч. There are 2 bookings in the fleet
[Info]20:24 ч. Retrieving the list of cars
[Info]20:24 ч. There are 2 cars in the fleet
[Info]20:25 ч. Retrieving the list of cars
[Info]20:25 ч. There are 2 cars in the fleet
[Info]20:33 ч. Retrieving the list of bookings
[Info]20:33 ч. There are 2 bookings in the fleet
[Info]20:40 ч. Retrieving the list of cars
[Info]20:40 ч. There are 2 cars in the fleet
[Info]20:43 ч. Retrieving the list of cars
[Info]20:43 ч. There are 2 cars in the fleet
[Info]20:55 ч. Retrieving the ratings by carId
[Info]20:55 ч. Retrieving the ratings by carId
[Info]20:55 ч. Retrieving the list of bookings
[Info]20:55 ч. There are 2 bookings in the fleet
[Info]20:55 ч. Retrieving the ratings by carId
[Info]20:55 ч. Retrieving the ratings by carId
[Info]20:55 ч. Retrieving the ratings by carId
