[Info]20:40 ч. Request Sent
[Info]20:40 ч. Retrieving the list of cars
[Info]20:40 ч. There are 9 cars in the fleet
[Info]20:40 ч. Response Sent
[Info]20:40 ч. Request Sent
[Info]20:40 ч. Retrieving the ratings by carId
[Info]20:40 ч. Request Sent
[Info]20:40 ч. Retrieving the ratings by carId
[Info]20:40 ч. Retrieving the ratings by carId
[Info]20:40 ч. Response Sent
[Info]20:40 ч. Request Sent
[Info]20:40 ч. Retrieving the ratings by carId
[Info]20:40 ч. Response Sent
[Info]20:40 ч. Request Sent
[Info]20:40 ч. Retrieving the ratings by carId
[Info]20:40 ч. Retrieving the ratings by carId
[Info]20:40 ч. Response Sent
[Info]20:40 ч. Response Sent
[Info]20:40 ч. Response Sent
[Info]20:49 ч. Request Sent
[Info]20:49 ч. Retrieving the list of cars
[Info]20:49 ч. There are 9 cars in the fleet
[Info]20:49 ч. Response Sent
[Info]20:49 ч. Request Sent
[Info]20:49 ч. Request Sent
[Info]20:49 ч. Request Sent
[Info]20:49 ч. Request Sent
[Info]20:49 ч. Request Sent
[Info]20:49 ч. Request Sent
[Info]20:49 ч. Retrieving the ratings by carId
[Info]20:49 ч. Retrieving the ratings by carId
[Info]20:49 ч. Retrieving the ratings by carId
[Info]20:49 ч. Retrieving the ratings by carId
[Info]20:49 ч. Retrieving the ratings by carId
[Info]20:49 ч. Response Sent
[Info]20:49 ч. Response Sent
[Info]20:49 ч. Response Sent
[Info]20:49 ч. Request Sent
[Info]20:49 ч. Request Sent
[Info]20:49 ч. Request Sent
[Info]20:49 ч. Retrieving the ratings by carId
[Info]20:49 ч. Retrieving the ratings by carId
[Info]20:49 ч. Request Sent
[Info]20:49 ч. Retrieving the ratings by carId
[Info]20:49 ч. Request Sent
[Info]20:49 ч. Request Sent
[Info]20:49 ч. Retrieving the ratings by carId
[Info]20:49 ч. Response Sent
[Info]20:49 ч. Response Sent
[Info]20:49 ч. Response Sent
[Info]20:49 ч. Response Sent
[Info]20:49 ч. Response Sent
[Info]20:49 ч. Response Sent
[Info]21:26 ч. Request Sent
[Info]21:26 ч. Retrieving the list of cars
[Info]21:26 ч. There are 9 cars in the fleet
[Info]21:26 ч. Response Sent
[Info]21:26 ч. Request Sent
[Info]21:26 ч. Request Sent
[Info]21:26 ч. Request Sent
[Info]21:26 ч. Request Sent
[Info]21:26 ч. Retrieving the ratings by carId
[Info]21:26 ч. Retrieving the ratings by carId
[Info]21:26 ч. Response Sent
[Info]21:26 ч. Response Sent
[Info]21:26 ч. Response Sent
[Info]21:26 ч. Request Sent
[Info]21:26 ч. Request Sent
[Info]21:26 ч. Request Sent
[Info]21:26 ч. Retrieving the ratings by carId
[Info]21:26 ч. Retrieving the ratings by carId
[Info]21:26 ч. Request Sent
[Info]21:26 ч. Retrieving the ratings by carId
[Info]21:26 ч. Retrieving the ratings by carId
[Info]21:26 ч. Response Sent
[Info]21:26 ч. Response Sent
[Info]21:26 ч. Response Sent
[Info]21:26 ч. Response Sent
[Info]21:26 ч. Request Sent
[Info]21:26 ч. Request Sent
[Info]21:26 ч. Retrieving the ratings by carId
[Info]21:26 ч. Retrieving the ratings by carId
[Info]21:26 ч. Response Sent
[Info]21:26 ч. Response Sent
[Info]21:26 ч. Request Sent
[Info]21:26 ч. Retrieving the ratings by carId
[Info]21:26 ч. Retrieving the ratings by carId
[Info]21:26 ч. Request Sent
[Info]21:26 ч. Retrieving the ratings by carId
[Info]21:26 ч. Response Sent
[Info]21:26 ч. Response Sent
[Info]21:26 ч. Response Sent
[Info]21:26 ч. Request Sent
[Info]21:26 ч. Retrieving the list of cars
[Info]21:26 ч. There are 9 cars in the fleet
[Info]21:26 ч. Response Sent
[Info]21:26 ч. Request Sent
[Info]21:26 ч. Request Sent
[Info]21:26 ч. Retrieving the ratings by carId
[Info]21:26 ч. Request Sent
[Info]21:26 ч. Request Sent
[Info]21:26 ч. Request Sent
[Info]21:26 ч. Retrieving the ratings by carId
[Info]21:26 ч. Retrieving the ratings by carId
[Info]21:26 ч. Response Sent
[Info]21:26 ч. Request Sent
[Info]21:26 ч. Response Sent
[Info]21:26 ч. Response Sent
[Info]21:26 ч. Request Sent
[Info]21:26 ч. Retrieving the ratings by carId
[Info]21:26 ч. Request Sent
[Info]21:26 ч. Retrieving the ratings by carId
[Info]21:26 ч. Response Sent
[Info]21:26 ч. Response Sent
[Info]21:26 ч. Request Sent
[Info]21:26 ч. Response Sent
[Info]21:26 ч. Retrieving the ratings by carId
[Info]21:26 ч. Request Sent
[Info]21:26 ч. Response Sent
[Info]21:26 ч. Retrieving the ratings by carId
[Info]21:26 ч. Request Sent
[Info]21:26 ч. Response Sent
[Info]21:26 ч. Response Sent
[Info]21:26 ч. Retrieving the ratings by carId
[Info]21:26 ч. Response Sent
[Info]21:26 ч. Response Sent
[Info]21:30 ч. Request Sent
[Info]21:30 ч. Retrieving the list of cars
[Info]21:30 ч. There are 9 cars in the fleet
[Info]21:30 ч. Response Sent
[Info]21:30 ч. Request Sent
[Info]21:30 ч. Request Sent
[Info]21:30 ч. Retrieving the ratings by carId
[Info]21:30 ч. Request Sent
[Info]21:30 ч. Request Sent
[Info]21:30 ч. Response Sent
[Info]21:30 ч. Retrieving the ratings by carId
[Info]21:30 ч. Response Sent
[Info]21:30 ч. Retrieving the ratings by carId
[Info]21:30 ч. Request Sent
[Info]21:30 ч. Response Sent
[Info]21:30 ч. Retrieving the ratings by carId
[Info]21:30 ч. Request Sent
[Info]21:30 ч. Retrieving the ratings by carId
[Info]21:30 ч. Retrieving the ratings by carId
[Info]21:30 ч. Response Sent
[Info]21:30 ч. Response Sent
[Info]21:30 ч. Response Sent
[Info]21:30 ч. Retrieving the ratings by carId
[Info]21:30 ч. Request Sent
[Info]21:30 ч. Response Sent
[Info]21:30 ч. Retrieving the ratings by carId
[Info]21:30 ч. Response Sent
[Info]21:30 ч. Retrieving the ratings by carId
[Info]21:30 ч. Response Sent
[Info]21:30 ч. Response Sent
[Info]21:30 ч. Response Sent
[Info]21:30 ч. Request Sent
[Info]21:30 ч. Request Sent
[Info]21:30 ч. Retrieving the ratings by carId
[Info]21:30 ч. Request Sent
[Info]21:30 ч. Retrieving the ratings by carId
[Info]21:30 ч. Response Sent
[Info]21:30 ч. Response Sent
[Info]21:30 ч. Request Sent
[Info]21:30 ч. Retrieving the ratings by carId
[Info]21:30 ч. Retrieving the ratings by carId
[Info]21:30 ч. Request Sent
[Info]21:30 ч. Response Sent
[Info]21:30 ч. Retrieving the ratings by carId
[Info]21:30 ч. Response Sent
[Info]21:30 ч. Response Sent
[Info]21:30 ч. Response Sent
[Info]21:30 ч. Request Sent
[Info]21:30 ч. Retrieving the ratings by carId
[Info]21:30 ч. Request Sent
[Info]21:30 ч. Retrieving the ratings by carId
[Info]21:30 ч. Request Sent
[Info]21:30 ч. Request Sent
[Info]21:30 ч. Retrieving the ratings by carId
[Info]21:30 ч. Request Sent
[Info]21:30 ч. Retrieving the ratings by carId
[Info]21:30 ч. Retrieving the ratings by carId
[Info]21:30 ч. Response Sent
[Info]21:30 ч. Response Sent
[Info]21:30 ч. Response Sent
[Info]21:30 ч. Response Sent
[Info]21:30 ч. Request Sent
[Info]21:30 ч. Retrieving the ratings by carId
[Info]21:30 ч. Request Sent
[Info]21:30 ч. Request Sent
[Info]21:30 ч. Retrieving the ratings by carId
[Info]21:30 ч. Retrieving the ratings by carId
[Info]21:30 ч. Response Sent
[Info]21:30 ч. Response Sent
[Info]21:30 ч. Retrieving the ratings by carId
[Info]21:30 ч. Response Sent
[Info]21:30 ч. Response Sent
[Info]21:30 ч. Response Sent
[Info]21:30 ч. Request Sent
[Info]21:30 ч. Retrieving the ratings by carId
[Info]21:30 ч. Retrieving the ratings by carId
[Info]21:30 ч. Retrieving the ratings by carId
[Info]21:30 ч. Response Sent
[Info]21:30 ч. Request Sent
[Info]21:30 ч. Retrieving the ratings by carId
[Info]21:30 ч. Response Sent
[Info]21:30 ч. Request Sent
[Info]21:30 ч. Retrieving the ratings by carId
[Info]21:30 ч. Retrieving the ratings by carId
[Info]21:30 ч. Response Sent
[Info]21:30 ч. Response Sent
[Info]21:30 ч. Response Sent
[Info]21:31 ч. Request Sent
[Info]21:31 ч. Retrieving the ratings by carId
[Info]21:31 ч. Request Sent
[Info]21:31 ч. Retrieving the ratings by carId
[Info]21:31 ч. Request Sent
[Info]21:31 ч. Request Sent
[Info]21:31 ч. Request Sent
[Info]21:31 ч. Retrieving the ratings by carId
[Info]21:31 ч. Response Sent
[Info]21:31 ч. Request Sent
[Info]21:31 ч. Retrieving the ratings by carId
[Info]21:31 ч. Response Sent
[Info]21:31 ч. Response Sent
[Info]21:31 ч. Request Sent
[Info]21:31 ч. Response Sent
[Info]21:31 ч. Response Sent
[Info]21:31 ч. Request Sent
[Info]21:31 ч. Request Sent
[Info]21:31 ч. Retrieving the ratings by carId
[Info]21:31 ч. Retrieving the ratings by carId
[Info]21:31 ч. Request Sent
[Info]21:31 ч. Retrieving the ratings by carId
[Info]21:31 ч. Retrieving the ratings by carId
[Info]21:31 ч. Response Sent
[Info]21:31 ч. Response Sent
[Info]21:31 ч. Response Sent
[Info]21:31 ч. Response Sent
[Info]21:31 ч. Request Sent
[Info]21:31 ч. Retrieving the list of cars
[Info]21:31 ч. There are 9 cars in the fleet
[Info]21:31 ч. Response Sent
[Info]21:31 ч. Request Sent
[Info]21:31 ч. Retrieving the ratings by carId
[Info]21:31 ч. Request Sent
[Info]21:31 ч. Request Sent
[Info]21:31 ч. Retrieving the ratings by carId
[Info]21:31 ч. Retrieving the ratings by carId
[Info]21:31 ч. Retrieving the ratings by carId
[Info]21:31 ч. Response Sent
[Info]21:31 ч. Request Sent
[Info]21:31 ч. Retrieving the ratings by carId
[Info]21:31 ч. Response Sent
[Info]21:31 ч. Response Sent
[Info]21:31 ч. Request Sent
[Info]21:31 ч. Retrieving the ratings by carId
[Info]21:31 ч. Request Sent
[Info]21:31 ч. Retrieving the ratings by carId
[Info]21:31 ч. Request Sent
[Info]21:31 ч. Response Sent
[Info]21:31 ч. Request Sent
[Info]21:31 ч. Retrieving the ratings by carId
[Info]21:31 ч. Response Sent
[Info]21:31 ч. Response Sent
[Info]21:31 ч. Response Sent
[Info]21:31 ч. Request Sent
[Info]21:31 ч. Response Sent
[Info]21:31 ч. Response Sent
[Info]21:31 ч. Response Sent
[Info]21:31 ч. Response Sent
[Info]21:38 ч. Request Sent
[Info]21:38 ч. Retrieving the ratings by carId
[Info]21:38 ч. Request Sent
[Info]21:38 ч. Request Sent
[Info]21:38 ч. Retrieving the ratings by carId
[Info]21:38 ч. Retrieving the ratings by carId
[Info]21:38 ч. Retrieving the ratings by carId
[Info]21:38 ч. Response Sent
[Info]21:38 ч. Request Sent
[Info]21:38 ч. Retrieving the ratings by carId
[Info]21:38 ч. Response Sent
[Info]21:38 ч. Response Sent
[Info]21:38 ч. Response Sent
[Info]21:38 ч. Request Sent
[Info]21:38 ч. Response Sent
[Info]21:38 ч. Retrieving the ratings by carId
[Info]21:38 ч. Retrieving the ratings by carId
[Info]21:38 ч. Request Sent
[Info]21:38 ч. Retrieving the ratings by carId
[Info]21:38 ч. Response Sent
[Info]21:38 ч. Response Sent
[Info]21:38 ч. Response Sent
[Info]21:45 ч. Request Sent
[Info]21:45 ч. Response Sent
[Info]21:45 ч. Request Sent
[Info]21:45 ч. Response Sent
[Info]21:46 ч. Request Sent
[Info]21:46 ч. Retrieving the list of cars
[Info]21:46 ч. There are 9 cars in the fleet
[Info]21:46 ч. Response Sent
[Info]21:46 ч. Request Sent
[Info]21:46 ч. Retrieving the ratings by carId
[Info]21:46 ч. Request Sent
[Info]21:46 ч. Request Sent
[Info]21:46 ч. Request Sent
[Info]21:46 ч. Retrieving the ratings by carId
[Info]21:46 ч. Retrieving the ratings by carId
[Info]21:46 ч. Retrieving the ratings by carId
[Info]21:46 ч. Retrieving the ratings by carId
[Info]21:46 ч. Response Sent
[Info]21:46 ч. Request Sent
[Info]21:46 ч. Response Sent
[Info]21:46 ч. Retrieving the ratings by carId
[Info]21:46 ч. Request Sent
[Info]21:46 ч. Retrieving the ratings by carId
[Info]21:46 ч. Response Sent
[Info]21:46 ч. Request Sent
[Info]21:46 ч. Retrieving the ratings by carId
[Info]21:46 ч. Response Sent
[Info]21:46 ч. Response Sent
[Info]21:46 ч. Request Sent
[Info]21:46 ч. Response Sent
[Info]21:46 ч. Retrieving the ratings by carId
[Info]21:46 ч. Response Sent
[Info]21:46 ч. Response Sent
[Info]21:46 ч. Response Sent
[Info]21:46 ч. Request Sent
[Info]21:46 ч. Response Sent
[Info]21:46 ч. Retrieving the ratings by carId
[Info]21:46 ч. Request Sent
[Info]21:46 ч. Retrieving the ratings by carId
[Info]21:46 ч. Response Sent
[Info]21:46 ч. Response Sent
[Info]21:51 ч. Request Sent
[Info]21:51 ч. Retrieving the list of cars
[Info]21:51 ч. There are 9 cars in the fleet
[Info]21:51 ч. Response Sent
[Info]21:52 ч. Request Sent
[Info]21:52 ч. Request Sent
[Info]21:52 ч. Retrieving the ratings by carId
[Info]21:52 ч. Retrieving the ratings by carId
[Info]21:52 ч. Request Sent
[Info]21:52 ч. Request Sent
[Info]21:52 ч. Retrieving the ratings by carId
[Info]21:52 ч. Response Sent
[Info]21:52 ч. Retrieving the ratings by carId
[Info]21:52 ч. Request Sent
[Info]21:52 ч. Retrieving the ratings by carId
[Info]21:52 ч. Request Sent
[Info]21:52 ч. Retrieving the ratings by carId
[Info]21:52 ч. Response Sent
[Info]21:52 ч. Request Sent
[Info]21:52 ч. Response Sent
[Info]21:52 ч. Retrieving the ratings by carId
[Info]21:52 ч. Response Sent
[Info]21:52 ч. Response Sent
[Info]21:52 ч. Response Sent
[Info]21:52 ч. Request Sent
[Info]21:52 ч. Request Sent
[Info]21:52 ч. Response Sent
[Info]21:52 ч. Retrieving the ratings by carId
[Info]21:52 ч. Retrieving the ratings by carId
[Info]21:52 ч. Request Sent
[Info]21:52 ч. Retrieving the ratings by carId
[Info]21:52 ч. Response Sent
[Info]21:52 ч. Response Sent
[Info]21:52 ч. Response Sent
[Info]21:52 ч. Response Sent
[Info]21:52 ч. Request Sent
[Info]21:52 ч. Request Sent
[Info]21:52 ч. Retrieving the ratings by carId
[Info]21:52 ч. Retrieving the ratings by carId
[Info]21:52 ч. Response Sent
[Info]21:52 ч. Response Sent
[Info]21:52 ч. Request Sent
[Info]21:52 ч. Retrieving the ratings by carId
[Info]21:52 ч. Response Sent
[Info]21:52 ч. Request Sent
[Info]21:52 ч. Retrieving the ratings by carId
[Info]21:52 ч. Retrieving the ratings by carId
[Info]21:52 ч. Response Sent
[Info]21:52 ч. Response Sent
[Info]21:52 ч. Request Sent
[Info]21:52 ч. Request Sent
[Info]21:52 ч. Retrieving the ratings by carId
[Info]21:52 ч. Request Sent
[Info]21:52 ч. Request Sent
[Info]21:52 ч. Request Sent
[Info]21:52 ч. Retrieving the ratings by carId
[Info]21:52 ч. Retrieving the ratings by carId
[Info]21:52 ч. Retrieving the ratings by carId
[Info]21:52 ч. Response Sent
[Info]21:52 ч. Request Sent
[Info]21:52 ч. Retrieving the ratings by carId
[Info]21:52 ч. Response Sent
[Info]21:52 ч. Request Sent
[Info]21:52 ч. Retrieving the ratings by carId
[Info]21:52 ч. Response Sent
[Info]21:52 ч. Request Sent
[Info]21:52 ч. Response Sent
[Info]21:52 ч. Request Sent
[Info]21:52 ч. Retrieving the ratings by carId
[Info]21:52 ч. Request Sent
[Info]21:52 ч. Retrieving the ratings by carId
[Info]21:52 ч. Retrieving the ratings by carId
[Info]21:52 ч. Response Sent
[Info]21:52 ч. Response Sent
[Info]21:52 ч. Response Sent
[Info]21:52 ч. Response Sent
[Info]21:52 ч. Request Sent
[Info]21:52 ч. Retrieving the list of cars
[Info]21:52 ч. There are 9 cars in the fleet
[Info]21:52 ч. Response Sent
[Info]21:52 ч. Request Sent
[Info]21:52 ч. Retrieving the ratings by carId
[Info]21:52 ч. Request Sent
[Info]21:52 ч. Request Sent
[Info]21:52 ч. Retrieving the ratings by carId
[Info]21:52 ч. Request Sent
[Info]21:52 ч. Retrieving the ratings by carId
[Info]21:52 ч. Request Sent
[Info]21:52 ч. Request Sent
[Info]21:52 ч. Retrieving the ratings by carId
[Info]21:52 ч. Retrieving the ratings by carId
[Info]21:52 ч. Request Sent
[Info]21:52 ч. Retrieving the ratings by carId
[Info]21:52 ч. Response Sent
[Info]21:52 ч. Response Sent
[Info]21:52 ч. Response Sent
[Info]21:52 ч. Response Sent
[Info]21:52 ч. Response Sent
[Info]21:52 ч. Response Sent
[Info]21:52 ч. Request Sent
[Info]21:52 ч. Request Sent
[Info]21:52 ч. Retrieving the ratings by carId
[Info]21:52 ч. Retrieving the ratings by carId
[Info]21:52 ч. Retrieving the ratings by carId
[Info]21:52 ч. Retrieving the ratings by carId
[Info]21:52 ч. Response Sent
[Info]21:52 ч. Response Sent
[Info]21:52 ч. Response Sent
[Info]21:52 ч. Response Sent
[Info]21:52 ч. Response Sent
[Info]21:53 ч. Request Sent
[Info]21:53 ч. Retrieving the list of cars
[Info]21:53 ч. There are 9 cars in the fleet
[Info]21:53 ч. Response Sent
[Info]21:53 ч. Request Sent
[Info]21:53 ч. Retrieving the ratings by carId
[Info]21:53 ч. Request Sent
[Info]21:53 ч. Request Sent
[Info]21:53 ч. Request Sent
[Info]21:53 ч. Retrieving the ratings by carId
[Info]21:53 ч. Retrieving the ratings by carId
[Info]21:53 ч. Retrieving the ratings by carId
[Info]21:53 ч. Retrieving the ratings by carId
[Info]21:53 ч. Retrieving the ratings by carId
[Info]21:53 ч. Retrieving the ratings by carId
[Info]21:53 ч. Response Sent
[Info]21:53 ч. Response Sent
[Info]21:53 ч. Request Sent
[Info]21:53 ч. Retrieving the ratings by carId
[Info]21:53 ч. Response Sent
[Info]21:53 ч. Response Sent
[Info]21:53 ч. Response Sent
[Info]21:53 ч. Request Sent
[Info]21:53 ч. Request Sent
[Info]21:53 ч. Retrieving the ratings by carId
[Info]21:53 ч. Request Sent
[Info]21:53 ч. Retrieving the ratings by carId
[Info]21:53 ч. Response Sent
[Info]21:53 ч. Retrieving the ratings by carId
[Info]21:53 ч. Response Sent
[Info]21:53 ч. Response Sent
[Info]21:53 ч. Request Sent
[Info]21:53 ч. Retrieving the ratings by carId
[Info]21:53 ч. Request Sent
[Info]21:53 ч. Request Sent
[Info]21:53 ч. Retrieving the ratings by carId
[Info]21:53 ч. Response Sent
[Info]21:53 ч. Response Sent
[Info]21:53 ч. Request Sent
[Info]21:53 ч. Retrieving the ratings by carId
[Info]21:53 ч. Request Sent
[Info]21:53 ч. Retrieving the ratings by carId
[Info]21:53 ч. Response Sent
[Info]21:53 ч. Response Sent
[Info]21:53 ч. Response Sent
[Info]21:56 ч. Request Sent
[Info]21:56 ч. Retrieving the list of cars
[Info]21:56 ч. There are 9 cars in the fleet
[Info]21:56 ч. Response Sent
[Info]21:56 ч. Request Sent
[Info]21:56 ч. Request Sent
[Info]21:56 ч. Retrieving the ratings by carId
[Info]21:56 ч. Retrieving the ratings by carId
[Info]21:56 ч. Retrieving the ratings by carId
[Info]21:56 ч. Retrieving the ratings by carId
[Info]21:56 ч. Retrieving the ratings by carId
[Info]21:56 ч. Retrieving the ratings by carId
[Info]21:56 ч. Response Sent
[Info]21:56 ч. Request Sent
[Info]21:56 ч. Retrieving the ratings by carId
[Info]21:56 ч. Request Sent
[Info]21:56 ч. Retrieving the ratings by carId
[Info]21:56 ч. Request Sent
[Info]21:56 ч. Retrieving the ratings by carId
[Info]21:56 ч. Response Sent
[Info]21:56 ч. Request Sent
[Info]21:56 ч. Retrieving the ratings by carId
[Info]21:56 ч. Retrieving the ratings by carId
[Info]21:56 ч. Response Sent
[Info]21:56 ч. Request Sent
[Info]21:56 ч. Retrieving the ratings by carId
[Info]21:56 ч. Response Sent
[Info]21:56 ч. Response Sent
[Info]21:56 ч. Response Sent
[Info]21:58 ч. Request Sent
[Info]21:58 ч. Retrieving the list of cars
[Info]21:58 ч. There are 9 cars in the fleet
[Info]21:58 ч. Response Sent
[Info]21:58 ч. Request Sent
[Info]21:58 ч. Retrieving the ratings by carId
[Info]21:58 ч. Request Sent
[Info]21:58 ч. Request Sent
[Info]21:58 ч. Retrieving the ratings by carId
[Info]21:58 ч. Retrieving the ratings by carId
[Info]21:58 ч. Request Sent
[Info]21:58 ч. Request Sent
[Info]21:58 ч. Retrieving the ratings by carId
[Info]21:58 ч. Retrieving the ratings by carId
[Info]21:58 ч. Request Sent
[Info]21:58 ч. Response Sent
[Info]21:58 ч. Response Sent
[Info]21:58 ч. Retrieving the ratings by carId
[Info]21:58 ч. Request Sent
[Info]21:58 ч. Retrieving the ratings by carId
[Info]21:58 ч. Request Sent
[Info]21:58 ч. Retrieving the ratings by carId
[Info]21:58 ч. Request Sent
[Info]21:58 ч. Response Sent
[Info]21:58 ч. Request Sent
[Info]21:58 ч. Retrieving the ratings by carId
[Info]21:58 ч. Response Sent
[Info]21:58 ч. Request Sent
[Info]21:58 ч. Request Sent
[Info]21:58 ч. Response Sent
[Info]21:58 ч. Retrieving the ratings by carId
[Info]21:58 ч. Response Sent
[Info]21:58 ч. Response Sent
[Info]21:58 ч. Response Sent
[Info]21:58 ч. Response Sent
[Info]21:58 ч. Response Sent
[Info]21:58 ч. Request Sent
[Info]21:58 ч. Request Sent
[Info]21:58 ч. Retrieving the ratings by carId
[Info]21:58 ч. Retrieving the ratings by carId
[Info]21:58 ч. Retrieving the ratings by carId
[Info]21:58 ч. Response Sent
[Info]21:58 ч. Response Sent
[Info]21:58 ч. Request Sent
[Info]21:58 ч. Retrieving the ratings by carId
[Info]21:58 ч. Request Sent
[Info]21:58 ч. Retrieving the ratings by carId
[Info]21:58 ч. Response Sent
[Info]21:58 ч. Request Sent
[Info]21:58 ч. Retrieving the ratings by carId
[Info]21:58 ч. Response Sent
[Info]21:58 ч. Response Sent
[Info]21:58 ч. Response Sent
[Info]21:58 ч. Request Sent
[Info]21:58 ч. Retrieving the ratings by carId
[Info]21:58 ч. Request Sent
[Info]21:58 ч. Retrieving the ratings by carId
[Info]21:58 ч. Request Sent
[Info]21:58 ч. Request Sent
[Info]21:58 ч. Retrieving the ratings by carId
[Info]21:58 ч. Response Sent
[Info]21:58 ч. Response Sent
[Info]21:58 ч. Request Sent
[Info]21:58 ч. Request Sent
[Info]21:58 ч. Retrieving the ratings by carId
[Info]21:58 ч. Response Sent
[Info]21:58 ч. Request Sent
[Info]21:58 ч. Retrieving the ratings by carId
[Info]21:58 ч. Response Sent
[Info]21:58 ч. Request Sent
[Info]21:58 ч. Retrieving the ratings by carId
[Info]21:58 ч. Retrieving the ratings by carId
[Info]21:58 ч. Request Sent
[Info]21:58 ч. Retrieving the ratings by carId
[Info]21:58 ч. Response Sent
[Info]21:58 ч. Response Sent
[Info]21:58 ч. Response Sent
[Info]21:58 ч. Response Sent
[Info]21:58 ч. Request Sent
[Info]21:58 ч. Retrieving the list of categories
[Info]21:58 ч. There are 7 categories in the fleet
[Info]21:58 ч. Response Sent
[Info]22:01 ч. Request Sent
[Info]22:01 ч. Retrieving the list of categories
[Info]22:01 ч. There are 7 categories in the fleet
[Info]22:01 ч. Response Sent
